[0.139s] Invoking command in '/home/w0x7ce/ws_moveit2/build/moveit_common': CMAKE_PREFIX_PATH=${CMAKE_PREFIX_PATH}:/home/w0x7ce/ws_moveit2/install/moveit_configs_utils:/home/w0x7ce/ws_moveit2/install/launch_param_builder:/opt/ros/humble /usr/bin/cmake --build /home/w0x7ce/ws_moveit2/build/moveit_common -- -j4 -l4
[0.464s] Invoked command in '/home/w0x7ce/ws_moveit2/build/moveit_common' returned '0': CMAKE_PREFIX_PATH=${CMAKE_PREFIX_PATH}:/home/w0x7ce/ws_moveit2/install/moveit_configs_utils:/home/w0x7ce/ws_moveit2/install/launch_param_builder:/opt/ros/humble /usr/bin/cmake --build /home/w0x7ce/ws_moveit2/build/moveit_common -- -j4 -l4
[0.507s] Invoking command in '/home/w0x7ce/ws_moveit2/build/moveit_common': CMAKE_PREFIX_PATH=${CMAKE_PREFIX_PATH}:/home/w0x7ce/ws_moveit2/install/moveit_configs_utils:/home/w0x7ce/ws_moveit2/install/launch_param_builder:/opt/ros/humble /usr/bin/cmake --install /home/w0x7ce/ws_moveit2/build/moveit_common
[0.511s] -- Install configuration: ""
[0.511s] -- Up-to-date: /home/w0x7ce/ws_moveit2/install/moveit_common/share/ament_index/resource_index/package_run_dependencies/moveit_common
[0.511s] -- Up-to-date: /home/w0x7ce/ws_moveit2/install/moveit_common/share/ament_index/resource_index/parent_prefix_path/moveit_common
[0.511s] -- Up-to-date: /home/w0x7ce/ws_moveit2/install/moveit_common/share/moveit_common/environment/ament_prefix_path.sh
[0.511s] -- Up-to-date: /home/w0x7ce/ws_moveit2/install/moveit_common/share/moveit_common/environment/ament_prefix_path.dsv
[0.511s] -- Up-to-date: /home/w0x7ce/ws_moveit2/install/moveit_common/share/moveit_common/environment/path.sh
[0.511s] -- Up-to-date: /home/w0x7ce/ws_moveit2/install/moveit_common/share/moveit_common/environment/path.dsv
[0.511s] -- Up-to-date: /home/w0x7ce/ws_moveit2/install/moveit_common/share/moveit_common/local_setup.bash
[0.511s] -- Up-to-date: /home/w0x7ce/ws_moveit2/install/moveit_common/share/moveit_common/local_setup.sh
[0.511s] -- Up-to-date: /home/w0x7ce/ws_moveit2/install/moveit_common/share/moveit_common/local_setup.zsh
[0.511s] -- Up-to-date: /home/w0x7ce/ws_moveit2/install/moveit_common/share/moveit_common/local_setup.dsv
[0.511s] -- Up-to-date: /home/w0x7ce/ws_moveit2/install/moveit_common/share/moveit_common/package.dsv
[0.511s] -- Up-to-date: /home/w0x7ce/ws_moveit2/install/moveit_common/share/ament_index/resource_index/packages/moveit_common
[0.511s] -- Up-to-date: /home/w0x7ce/ws_moveit2/install/moveit_common/share/moveit_common/cmake/moveit_common-extras.cmake
[0.512s] -- Up-to-date: /home/w0x7ce/ws_moveit2/install/moveit_common/share/moveit_common/cmake/moveit_commonConfig.cmake
[0.512s] -- Up-to-date: /home/w0x7ce/ws_moveit2/install/moveit_common/share/moveit_common/cmake/moveit_commonConfig-version.cmake
[0.512s] -- Up-to-date: /home/w0x7ce/ws_moveit2/install/moveit_common/share/moveit_common/package.xml
[0.512s] -- Up-to-date: /home/w0x7ce/ws_moveit2/install/moveit_common/share/moveit_common/cmake
[0.512s] -- Up-to-date: /home/w0x7ce/ws_moveit2/install/moveit_common/share/moveit_common/cmake/moveit_package.cmake
[0.513s] Invoked command in '/home/w0x7ce/ws_moveit2/build/moveit_common' returned '0': CMAKE_PREFIX_PATH=${CMAKE_PREFIX_PATH}:/home/w0x7ce/ws_moveit2/install/moveit_configs_utils:/home/w0x7ce/ws_moveit2/install/launch_param_builder:/opt/ros/humble /usr/bin/cmake --install /home/w0x7ce/ws_moveit2/build/moveit_common
