[0.048s] Invoking command in '/home/w0x7ce/ws_moveit2/build/srdfdom': CMAKE_PREFIX_PATH=${CMAKE_PREFIX_PATH}:/home/w0x7ce/ws_moveit2/install/moveit_configs_utils:/home/w0x7ce/ws_moveit2/install/launch_param_builder:/opt/ros/humble /usr/bin/cmake --build /home/w0x7ce/ws_moveit2/build/srdfdom -- -j4 -l4
[0.109s] [ 27%] Built target gtest_main
[0.109s] [ 45%] Built target srdfdom
[0.113s] [ 63%] Built target gtest
[0.114s] [ 63%] Built target ament_cmake_python_copy_srdfdom
[0.134s] [ 81%] Built target test_cpp_C
[0.138s] [100%] Built target test_cpp_nl_NL.UTF-8
[0.419s] running egg_info
[0.420s] writing srdfdom.egg-info/PKG-INFO
[0.420s] writing dependency_links to srdfdom.egg-info/dependency_links.txt
[0.420s] writing top-level names to srdfdom.egg-info/top_level.txt
[0.423s] reading manifest file 'srdfdom.egg-info/SOURCES.txt'
[0.424s] writing manifest file 'srdfdom.egg-info/SOURCES.txt'
[0.459s] [100%] Built target ament_cmake_python_build_srdfdom_egg
[0.478s] Invoked command in '/home/w0x7ce/ws_moveit2/build/srdfdom' returned '0': CMAKE_PREFIX_PATH=${CMAKE_PREFIX_PATH}:/home/w0x7ce/ws_moveit2/install/moveit_configs_utils:/home/w0x7ce/ws_moveit2/install/launch_param_builder:/opt/ros/humble /usr/bin/cmake --build /home/w0x7ce/ws_moveit2/build/srdfdom -- -j4 -l4
[0.561s] Invoking command in '/home/w0x7ce/ws_moveit2/build/srdfdom': CMAKE_PREFIX_PATH=${CMAKE_PREFIX_PATH}:/home/w0x7ce/ws_moveit2/install/moveit_configs_utils:/home/w0x7ce/ws_moveit2/install/launch_param_builder:/opt/ros/humble /usr/bin/cmake --install /home/w0x7ce/ws_moveit2/build/srdfdom
[0.568s] -- Install configuration: ""
[0.569s] -- Up-to-date: /home/w0x7ce/ws_moveit2/install/srdfdom/lib/libsrdfdom.so.2.0.4
[0.569s] -- Up-to-date: /home/w0x7ce/ws_moveit2/install/srdfdom/lib/libsrdfdom.so
[0.569s] -- Up-to-date: /home/w0x7ce/ws_moveit2/install/srdfdom/include/srdfdom
[0.569s] -- Up-to-date: /home/w0x7ce/ws_moveit2/install/srdfdom/include/srdfdom/srdf_writer.h
[0.569s] -- Up-to-date: /home/w0x7ce/ws_moveit2/install/srdfdom/include/srdfdom/visibility_control.h
[0.569s] -- Up-to-date: /home/w0x7ce/ws_moveit2/install/srdfdom/include/srdfdom/model.h
[0.569s] -- Up-to-date: /home/w0x7ce/ws_moveit2/install/srdfdom/lib/srdfdom/display_srdf
[0.569s] -- Up-to-date: /home/w0x7ce/ws_moveit2/install/srdfdom/share/srdfdom/environment/pythonpath.sh
[0.569s] -- Up-to-date: /home/w0x7ce/ws_moveit2/install/srdfdom/share/srdfdom/environment/pythonpath.dsv
[0.569s] -- Up-to-date: /home/w0x7ce/ws_moveit2/install/srdfdom/local/lib/python3.10/dist-packages/srdfdom-2.0.4-py3.10.egg-info
[0.569s] -- Installing: /home/w0x7ce/ws_moveit2/install/srdfdom/local/lib/python3.10/dist-packages/srdfdom-2.0.4-py3.10.egg-info/dependency_links.txt
[0.569s] -- Installing: /home/w0x7ce/ws_moveit2/install/srdfdom/local/lib/python3.10/dist-packages/srdfdom-2.0.4-py3.10.egg-info/SOURCES.txt
[0.569s] -- Installing: /home/w0x7ce/ws_moveit2/install/srdfdom/local/lib/python3.10/dist-packages/srdfdom-2.0.4-py3.10.egg-info/top_level.txt
[0.569s] -- Installing: /home/w0x7ce/ws_moveit2/install/srdfdom/local/lib/python3.10/dist-packages/srdfdom-2.0.4-py3.10.egg-info/PKG-INFO
[0.569s] -- Up-to-date: /home/w0x7ce/ws_moveit2/install/srdfdom/local/lib/python3.10/dist-packages/srdfdom
[0.569s] -- Up-to-date: /home/w0x7ce/ws_moveit2/install/srdfdom/local/lib/python3.10/dist-packages/srdfdom/srdf.py
[0.570s] -- Up-to-date: /home/w0x7ce/ws_moveit2/install/srdfdom/local/lib/python3.10/dist-packages/srdfdom/__init__.py
[0.607s] Listing '/home/w0x7ce/ws_moveit2/install/srdfdom/local/lib/python3.10/dist-packages/srdfdom'...
[0.612s] -- Up-to-date: /home/w0x7ce/ws_moveit2/install/srdfdom/share/srdfdom/environment/library_path.sh
[0.613s] -- Up-to-date: /home/w0x7ce/ws_moveit2/install/srdfdom/share/srdfdom/environment/library_path.dsv
[0.613s] -- Up-to-date: /home/w0x7ce/ws_moveit2/install/srdfdom/share/ament_index/resource_index/package_run_dependencies/srdfdom
[0.613s] -- Up-to-date: /home/w0x7ce/ws_moveit2/install/srdfdom/share/ament_index/resource_index/parent_prefix_path/srdfdom
[0.613s] -- Up-to-date: /home/w0x7ce/ws_moveit2/install/srdfdom/share/srdfdom/environment/ament_prefix_path.sh
[0.613s] -- Up-to-date: /home/w0x7ce/ws_moveit2/install/srdfdom/share/srdfdom/environment/ament_prefix_path.dsv
[0.613s] -- Up-to-date: /home/w0x7ce/ws_moveit2/install/srdfdom/share/srdfdom/environment/path.sh
[0.613s] -- Up-to-date: /home/w0x7ce/ws_moveit2/install/srdfdom/share/srdfdom/environment/path.dsv
[0.613s] -- Up-to-date: /home/w0x7ce/ws_moveit2/install/srdfdom/share/srdfdom/local_setup.bash
[0.613s] -- Up-to-date: /home/w0x7ce/ws_moveit2/install/srdfdom/share/srdfdom/local_setup.sh
[0.613s] -- Up-to-date: /home/w0x7ce/ws_moveit2/install/srdfdom/share/srdfdom/local_setup.zsh
[0.613s] -- Up-to-date: /home/w0x7ce/ws_moveit2/install/srdfdom/share/srdfdom/local_setup.dsv
[0.613s] -- Installing: /home/w0x7ce/ws_moveit2/install/srdfdom/share/srdfdom/package.dsv
[0.614s] -- Up-to-date: /home/w0x7ce/ws_moveit2/install/srdfdom/share/ament_index/resource_index/packages/srdfdom
[0.614s] -- Up-to-date: /home/w0x7ce/ws_moveit2/install/srdfdom/share/srdfdom/cmake/srdfdomTargetsExport.cmake
[0.614s] -- Up-to-date: /home/w0x7ce/ws_moveit2/install/srdfdom/share/srdfdom/cmake/srdfdomTargetsExport-noconfig.cmake
[0.614s] -- Up-to-date: /home/w0x7ce/ws_moveit2/install/srdfdom/share/srdfdom/cmake/ament_cmake_export_targets-extras.cmake
[0.614s] -- Up-to-date: /home/w0x7ce/ws_moveit2/install/srdfdom/share/srdfdom/cmake/ament_cmake_export_dependencies-extras.cmake
[0.614s] -- Up-to-date: /home/w0x7ce/ws_moveit2/install/srdfdom/share/srdfdom/cmake/srdfdomConfig.cmake
[0.614s] -- Up-to-date: /home/w0x7ce/ws_moveit2/install/srdfdom/share/srdfdom/cmake/srdfdomConfig-version.cmake
[0.614s] -- Up-to-date: /home/w0x7ce/ws_moveit2/install/srdfdom/share/srdfdom/package.xml
[0.620s] Invoked command in '/home/w0x7ce/ws_moveit2/build/srdfdom' returned '0': CMAKE_PREFIX_PATH=${CMAKE_PREFIX_PATH}:/home/w0x7ce/ws_moveit2/install/moveit_configs_utils:/home/w0x7ce/ws_moveit2/install/launch_param_builder:/opt/ros/humble /usr/bin/cmake --install /home/w0x7ce/ws_moveit2/build/srdfdom
