[0.103s] Invoking command in '/home/w0x7ce/ws_moveit2/build/moveit_resources_prbt_support': CMAKE_PREFIX_PATH=${CMAKE_PREFIX_PATH}:/home/w0x7ce/ws_moveit2/install/moveit_configs_utils:/home/w0x7ce/ws_moveit2/install/launch_param_builder:/opt/ros/humble /usr/bin/cmake --build /home/w0x7ce/ws_moveit2/build/moveit_resources_prbt_support -- -j4 -l4
[0.591s] Invoked command in '/home/w0x7ce/ws_moveit2/build/moveit_resources_prbt_support' returned '0': CMAKE_PREFIX_PATH=${CMAKE_PREFIX_PATH}:/home/w0x7ce/ws_moveit2/install/moveit_configs_utils:/home/w0x7ce/ws_moveit2/install/launch_param_builder:/opt/ros/humble /usr/bin/cmake --build /home/w0x7ce/ws_moveit2/build/moveit_resources_prbt_support -- -j4 -l4
[0.630s] Invoking command in '/home/w0x7ce/ws_moveit2/build/moveit_resources_prbt_support': CMAKE_PREFIX_PATH=${CMAKE_PREFIX_PATH}:/home/w0x7ce/ws_moveit2/install/moveit_configs_utils:/home/w0x7ce/ws_moveit2/install/launch_param_builder:/opt/ros/humble /usr/bin/cmake --install /home/w0x7ce/ws_moveit2/build/moveit_resources_prbt_support
[0.649s] -- Install configuration: ""
[0.650s] -- Up-to-date: /home/w0x7ce/ws_moveit2/install/moveit_resources_prbt_support/share/ament_index/resource_index/package_run_dependencies/moveit_resources_prbt_support
[0.650s] -- Up-to-date: /home/w0x7ce/ws_moveit2/install/moveit_resources_prbt_support/share/ament_index/resource_index/parent_prefix_path/moveit_resources_prbt_support
[0.650s] -- Up-to-date: /home/w0x7ce/ws_moveit2/install/moveit_resources_prbt_support/share/moveit_resources_prbt_support/environment/ament_prefix_path.sh
[0.650s] -- Up-to-date: /home/w0x7ce/ws_moveit2/install/moveit_resources_prbt_support/share/moveit_resources_prbt_support/environment/ament_prefix_path.dsv
[0.650s] -- Up-to-date: /home/w0x7ce/ws_moveit2/install/moveit_resources_prbt_support/share/moveit_resources_prbt_support/environment/path.sh
[0.650s] -- Up-to-date: /home/w0x7ce/ws_moveit2/install/moveit_resources_prbt_support/share/moveit_resources_prbt_support/environment/path.dsv
[0.650s] -- Up-to-date: /home/w0x7ce/ws_moveit2/install/moveit_resources_prbt_support/share/moveit_resources_prbt_support/local_setup.bash
[0.650s] -- Up-to-date: /home/w0x7ce/ws_moveit2/install/moveit_resources_prbt_support/share/moveit_resources_prbt_support/local_setup.sh
[0.651s] -- Up-to-date: /home/w0x7ce/ws_moveit2/install/moveit_resources_prbt_support/share/moveit_resources_prbt_support/local_setup.zsh
[0.651s] -- Up-to-date: /home/w0x7ce/ws_moveit2/install/moveit_resources_prbt_support/share/moveit_resources_prbt_support/local_setup.dsv
[0.651s] -- Up-to-date: /home/w0x7ce/ws_moveit2/install/moveit_resources_prbt_support/share/moveit_resources_prbt_support/package.dsv
[0.651s] -- Up-to-date: /home/w0x7ce/ws_moveit2/install/moveit_resources_prbt_support/share/ament_index/resource_index/packages/moveit_resources_prbt_support
[0.651s] -- Up-to-date: /home/w0x7ce/ws_moveit2/install/moveit_resources_prbt_support/share/moveit_resources_prbt_support/cmake/moveit_resources_prbt_supportConfig.cmake
[0.653s] -- Up-to-date: /home/w0x7ce/ws_moveit2/install/moveit_resources_prbt_support/share/moveit_resources_prbt_support/cmake/moveit_resources_prbt_supportConfig-version.cmake
[0.653s] -- Up-to-date: /home/w0x7ce/ws_moveit2/install/moveit_resources_prbt_support/share/moveit_resources_prbt_support/package.xml
[0.653s] -- Up-to-date: /home/w0x7ce/ws_moveit2/install/moveit_resources_prbt_support/share/moveit_resources_prbt_support/urdf
[0.654s] -- Up-to-date: /home/w0x7ce/ws_moveit2/install/moveit_resources_prbt_support/share/moveit_resources_prbt_support/urdf/prbt.xacro
[0.654s] -- Up-to-date: /home/w0x7ce/ws_moveit2/install/moveit_resources_prbt_support/share/moveit_resources_prbt_support/urdf/prbt.ros2_control.xacro
[0.654s] -- Up-to-date: /home/w0x7ce/ws_moveit2/install/moveit_resources_prbt_support/share/moveit_resources_prbt_support/urdf/prbt_macro.xacro
[0.654s] -- Up-to-date: /home/w0x7ce/ws_moveit2/install/moveit_resources_prbt_support/share/moveit_resources_prbt_support/urdf/simple_gripper_brackets.urdf.xacro
[0.654s] -- Up-to-date: /home/w0x7ce/ws_moveit2/install/moveit_resources_prbt_support/share/moveit_resources_prbt_support/meshes
[0.661s] -- Up-to-date: /home/w0x7ce/ws_moveit2/install/moveit_resources_prbt_support/share/moveit_resources_prbt_support/meshes/link_5.stl
[0.661s] -- Up-to-date: /home/w0x7ce/ws_moveit2/install/moveit_resources_prbt_support/share/moveit_resources_prbt_support/meshes/link_3.dae
[0.661s] -- Up-to-date: /home/w0x7ce/ws_moveit2/install/moveit_resources_prbt_support/share/moveit_resources_prbt_support/meshes/flange.stl
[0.661s] -- Up-to-date: /home/w0x7ce/ws_moveit2/install/moveit_resources_prbt_support/share/moveit_resources_prbt_support/meshes/link_4.stl
[0.661s] -- Up-to-date: /home/w0x7ce/ws_moveit2/install/moveit_resources_prbt_support/share/moveit_resources_prbt_support/meshes/link_4.dae
[0.661s] -- Up-to-date: /home/w0x7ce/ws_moveit2/install/moveit_resources_prbt_support/share/moveit_resources_prbt_support/meshes/flange.dae
[0.661s] -- Up-to-date: /home/w0x7ce/ws_moveit2/install/moveit_resources_prbt_support/share/moveit_resources_prbt_support/meshes/foot.stl
[0.661s] -- Up-to-date: /home/w0x7ce/ws_moveit2/install/moveit_resources_prbt_support/share/moveit_resources_prbt_support/meshes/link_2.stl
[0.661s] -- Up-to-date: /home/w0x7ce/ws_moveit2/install/moveit_resources_prbt_support/share/moveit_resources_prbt_support/meshes/link_1.stl
[0.661s] -- Up-to-date: /home/w0x7ce/ws_moveit2/install/moveit_resources_prbt_support/share/moveit_resources_prbt_support/meshes/link_5.dae
[0.661s] -- Up-to-date: /home/w0x7ce/ws_moveit2/install/moveit_resources_prbt_support/share/moveit_resources_prbt_support/meshes/link_1.dae
[0.661s] -- Up-to-date: /home/w0x7ce/ws_moveit2/install/moveit_resources_prbt_support/share/moveit_resources_prbt_support/meshes/link_2.dae
[0.661s] -- Up-to-date: /home/w0x7ce/ws_moveit2/install/moveit_resources_prbt_support/share/moveit_resources_prbt_support/meshes/link_3.stl
[0.662s] -- Up-to-date: /home/w0x7ce/ws_moveit2/install/moveit_resources_prbt_support/share/moveit_resources_prbt_support/meshes/foot.dae
[0.662s] -- Up-to-date: /home/w0x7ce/ws_moveit2/install/moveit_resources_prbt_support/share/moveit_resources_prbt_support/config
[0.663s] -- Up-to-date: /home/w0x7ce/ws_moveit2/install/moveit_resources_prbt_support/share/moveit_resources_prbt_support/config/prbt_0_1.dcf
[0.664s] -- Up-to-date: /home/w0x7ce/ws_moveit2/install/moveit_resources_prbt_support/share/moveit_resources_prbt_support/config/manipulator_controller.yaml
[0.664s] -- Up-to-date: /home/w0x7ce/ws_moveit2/install/moveit_resources_prbt_support/share/moveit_resources_prbt_support/config/manipulator_driver.yaml
[0.667s] Invoked command in '/home/w0x7ce/ws_moveit2/build/moveit_resources_prbt_support' returned '0': CMAKE_PREFIX_PATH=${CMAKE_PREFIX_PATH}:/home/w0x7ce/ws_moveit2/install/moveit_configs_utils:/home/w0x7ce/ws_moveit2/install/launch_param_builder:/opt/ros/humble /usr/bin/cmake --install /home/w0x7ce/ws_moveit2/build/moveit_resources_prbt_support
