[0.020s] Invoking command in '/home/w0x7ce/ws_moveit2/build/moveit_planners_chomp': AMENT_PREFIX_PATH=/home/w0x7ce/ws_moveit2/install/chomp_motion_planner:/home/w0x7ce/ws_moveit2/install/moveit_core:/home/w0x7ce/ws_moveit2/install/srdfdom:/home/w0x7ce/ws_moveit2/install/moveit_common:${AMENT_PREFIX_PATH} CMAKE_PREFIX_PATH=/home/w0x7ce/ws_moveit2/install/chomp_motion_planner:/home/w0x7ce/ws_moveit2/install/moveit_core:/home/w0x7ce/ws_moveit2/install/srdfdom:/home/w0x7ce/ws_moveit2/install/moveit_common:/opt/ros/humble LD_LIBRARY_PATH=/home/w0x7ce/ws_moveit2/install/chomp_motion_planner/lib:/home/w0x7ce/ws_moveit2/install/moveit_core/lib:/home/w0x7ce/ws_moveit2/install/srdfdom/lib:${LD_LIBRARY_PATH} PATH=/home/w0x7ce/ws_moveit2/install/moveit_core/bin:${PATH} PYTHONPATH=/home/w0x7ce/ws_moveit2/install/srdfdom/local/lib/python3.10/dist-packages:${PYTHONPATH} /usr/bin/cmake /home/w0x7ce/ws_moveit2/src/moveit2/moveit_planners/chomp/chomp_interface -DCMAKE_INSTALL_PREFIX=/home/w0x7ce/ws_moveit2/install/moveit_planners_chomp
[0.081s] -- The C compiler identification is GNU 11.3.0
[0.200s] -- The CXX compiler identification is GNU 11.3.0
[0.211s] -- Detecting C compiler ABI info
[0.342s] -- Detecting C compiler ABI info - done
[0.349s] -- Check for working C compiler: /usr/bin/cc - skipped
[0.355s] -- Detecting C compile features
[0.355s] -- Detecting C compile features - done
[0.359s] -- Detecting CXX compiler ABI info
[0.561s] -- Detecting CXX compiler ABI info - done
[0.573s] -- Check for working CXX compiler: /usr/bin/c++ - skipped
[0.574s] -- Detecting CXX compile features
[0.575s] -- Detecting CXX compile features - done
[0.578s] -- Found moveit_common: 2.5.4 (/home/w0x7ce/ws_moveit2/install/moveit_common/share/moveit_common/cmake)
[0.588s] -- Found ament_cmake: 1.3.3 (/opt/ros/humble/share/ament_cmake/cmake)
[0.940s] -- Found Python3: /usr/bin/python3.10 (found version "3.10.6") found components: Interpreter 
[1.129s] -- Found libdw: /usr/lib/x86_64-linux-gnu/libdw.so  
[1.136s] -- Could NOT find libbfd (missing: LIBBFD_LIBRARY LIBBFD_INCLUDE_DIR) 
[1.136s] -- BACKWARD_HAS_UNWIND=1
[1.136s] -- BACKWARD_HAS_BACKTRACE=0
[1.136s] -- BACKWARD_HAS_BACKTRACE_SYMBOL=0
[1.136s] -- BACKWARD_HAS_DW=1
[1.137s] -- BACKWARD_HAS_BFD=0
[1.138s] -- Found Backward: /opt/ros/humble/share/backward_ros/cmake  
[1.138s] [0mmoveit_planners_chomp: You did not request a specific build type: Choosing 'Release' for maximum performance[0m
[1.139s] -- Found moveit_core: 2.5.4 (/home/w0x7ce/ws_moveit2/install/moveit_core/share/moveit_core/cmake)
[1.307s] -- Found Boost: /usr/lib/x86_64-linux-gnu/cmake/Boost-1.74.0/BoostConfig.cmake (found version "1.74.0") found components: chrono date_time filesystem iostreams program_options regex serialization system thread 
[1.325s] -- Found Boost: /usr/lib/x86_64-linux-gnu/cmake/Boost-1.74.0/BoostConfig.cmake (found version "1.74.0") found components: filesystem 
[1.389s] -- Found rosidl_generator_c: 3.1.4 (/opt/ros/humble/share/rosidl_generator_c/cmake)
[1.395s] -- Found rosidl_adapter: 3.1.4 (/opt/ros/humble/share/rosidl_adapter/cmake)
[1.406s] -- Found rosidl_generator_cpp: 3.1.4 (/opt/ros/humble/share/rosidl_generator_cpp/cmake)
[1.423s] -- Using all available rosidl_typesupport_c: rosidl_typesupport_fastrtps_c;rosidl_typesupport_introspection_c
[1.450s] -- Using all available rosidl_typesupport_cpp: rosidl_typesupport_fastrtps_cpp;rosidl_typesupport_introspection_cpp
[1.683s] -- Found rmw_implementation_cmake: 6.1.1 (/opt/ros/humble/share/rmw_implementation_cmake/cmake)
[1.686s] -- Found rmw_fastrtps_cpp: 6.2.2 (/opt/ros/humble/share/rmw_fastrtps_cpp/cmake)
[1.828s] -- Found OpenSSL: /usr/lib/x86_64-linux-gnu/libcrypto.so (found version "3.0.2")  
[1.857s] -- Found FastRTPS: /opt/ros/humble/include  
[1.912s] -- Using RMW implementation 'rmw_fastrtps_cpp' as default
[1.925s] -- Found Threads: TRUE  
[2.177s] -- library: /usr/lib/x86_64-linux-gnu/libcurl.so
[2.598s] -- Found Eigen3: TRUE (found version "3.4.0") 
[2.598s] -- Ensuring Eigen3 include directory is part of orocos-kdl CMake target
[4.118s] -- Found chomp_motion_planner: 2.5.4 (/home/w0x7ce/ws_moveit2/install/chomp_motion_planner/share/chomp_motion_planner/cmake)
[4.129s] -- Found ament_lint_auto: 0.12.4 (/opt/ros/humble/share/ament_lint_auto/cmake)
[4.144s] -- Added test 'cppcheck' to perform static code analysis on C / C++ code
[4.144s] -- Configured cppcheck include dirs: /home/w0x7ce/ws_moveit2/src/moveit2/moveit_planners/chomp/chomp_interface/include
[4.144s] -- Configured cppcheck exclude dirs and/or files: 
[4.145s] -- Added test 'xmllint' to check XML markup files
[4.147s] -- Configuring done
[4.197s] -- Generating done
[4.200s] -- Build files have been written to: /home/w0x7ce/ws_moveit2/build/moveit_planners_chomp
[4.215s] Invoked command in '/home/w0x7ce/ws_moveit2/build/moveit_planners_chomp' returned '0': AMENT_PREFIX_PATH=/home/w0x7ce/ws_moveit2/install/chomp_motion_planner:/home/w0x7ce/ws_moveit2/install/moveit_core:/home/w0x7ce/ws_moveit2/install/srdfdom:/home/w0x7ce/ws_moveit2/install/moveit_common:${AMENT_PREFIX_PATH} CMAKE_PREFIX_PATH=/home/w0x7ce/ws_moveit2/install/chomp_motion_planner:/home/w0x7ce/ws_moveit2/install/moveit_core:/home/w0x7ce/ws_moveit2/install/srdfdom:/home/w0x7ce/ws_moveit2/install/moveit_common:/opt/ros/humble LD_LIBRARY_PATH=/home/w0x7ce/ws_moveit2/install/chomp_motion_planner/lib:/home/w0x7ce/ws_moveit2/install/moveit_core/lib:/home/w0x7ce/ws_moveit2/install/srdfdom/lib:${LD_LIBRARY_PATH} PATH=/home/w0x7ce/ws_moveit2/install/moveit_core/bin:${PATH} PYTHONPATH=/home/w0x7ce/ws_moveit2/install/srdfdom/local/lib/python3.10/dist-packages:${PYTHONPATH} /usr/bin/cmake /home/w0x7ce/ws_moveit2/src/moveit2/moveit_planners/chomp/chomp_interface -DCMAKE_INSTALL_PREFIX=/home/w0x7ce/ws_moveit2/install/moveit_planners_chomp
[4.217s] Invoking command in '/home/w0x7ce/ws_moveit2/build/moveit_planners_chomp': AMENT_PREFIX_PATH=/home/w0x7ce/ws_moveit2/install/chomp_motion_planner:/home/w0x7ce/ws_moveit2/install/moveit_core:/home/w0x7ce/ws_moveit2/install/srdfdom:/home/w0x7ce/ws_moveit2/install/moveit_common:${AMENT_PREFIX_PATH} CMAKE_PREFIX_PATH=/home/w0x7ce/ws_moveit2/install/chomp_motion_planner:/home/w0x7ce/ws_moveit2/install/moveit_core:/home/w0x7ce/ws_moveit2/install/srdfdom:/home/w0x7ce/ws_moveit2/install/moveit_common:/opt/ros/humble LD_LIBRARY_PATH=/home/w0x7ce/ws_moveit2/install/chomp_motion_planner/lib:/home/w0x7ce/ws_moveit2/install/moveit_core/lib:/home/w0x7ce/ws_moveit2/install/srdfdom/lib:${LD_LIBRARY_PATH} PATH=/home/w0x7ce/ws_moveit2/install/moveit_core/bin:${PATH} PYTHONPATH=/home/w0x7ce/ws_moveit2/install/srdfdom/local/lib/python3.10/dist-packages:${PYTHONPATH} /usr/bin/cmake --build /home/w0x7ce/ws_moveit2/build/moveit_planners_chomp -- -j4 -l4
[4.253s] [ 20%] [32mBuilding CXX object CMakeFiles/moveit_chomp_interface.dir/src/chomp_interface.cpp.o[0m
[12.708s] [ 40%] [32mBuilding CXX object CMakeFiles/moveit_chomp_interface.dir/src/chomp_planning_context.cpp.o[0m
[19.816s] [ 60%] [32m[1mLinking CXX shared library libmoveit_chomp_interface.so[0m
[19.989s] [ 60%] Built target moveit_chomp_interface
[20.001s] [ 80%] [32mBuilding CXX object CMakeFiles/moveit_chomp_planner_plugin.dir/src/chomp_plugin.cpp.o[0m
[30.164s] [100%] [32m[1mLinking CXX shared library libmoveit_chomp_planner_plugin.so[0m
[30.330s] [100%] Built target moveit_chomp_planner_plugin
[30.335s] Invoked command in '/home/w0x7ce/ws_moveit2/build/moveit_planners_chomp' returned '0': AMENT_PREFIX_PATH=/home/w0x7ce/ws_moveit2/install/chomp_motion_planner:/home/w0x7ce/ws_moveit2/install/moveit_core:/home/w0x7ce/ws_moveit2/install/srdfdom:/home/w0x7ce/ws_moveit2/install/moveit_common:${AMENT_PREFIX_PATH} CMAKE_PREFIX_PATH=/home/w0x7ce/ws_moveit2/install/chomp_motion_planner:/home/w0x7ce/ws_moveit2/install/moveit_core:/home/w0x7ce/ws_moveit2/install/srdfdom:/home/w0x7ce/ws_moveit2/install/moveit_common:/opt/ros/humble LD_LIBRARY_PATH=/home/w0x7ce/ws_moveit2/install/chomp_motion_planner/lib:/home/w0x7ce/ws_moveit2/install/moveit_core/lib:/home/w0x7ce/ws_moveit2/install/srdfdom/lib:${LD_LIBRARY_PATH} PATH=/home/w0x7ce/ws_moveit2/install/moveit_core/bin:${PATH} PYTHONPATH=/home/w0x7ce/ws_moveit2/install/srdfdom/local/lib/python3.10/dist-packages:${PYTHONPATH} /usr/bin/cmake --build /home/w0x7ce/ws_moveit2/build/moveit_planners_chomp -- -j4 -l4
[30.358s] Invoking command in '/home/w0x7ce/ws_moveit2/build/moveit_planners_chomp': AMENT_PREFIX_PATH=/home/w0x7ce/ws_moveit2/install/chomp_motion_planner:/home/w0x7ce/ws_moveit2/install/moveit_core:/home/w0x7ce/ws_moveit2/install/srdfdom:/home/w0x7ce/ws_moveit2/install/moveit_common:${AMENT_PREFIX_PATH} CMAKE_PREFIX_PATH=/home/w0x7ce/ws_moveit2/install/chomp_motion_planner:/home/w0x7ce/ws_moveit2/install/moveit_core:/home/w0x7ce/ws_moveit2/install/srdfdom:/home/w0x7ce/ws_moveit2/install/moveit_common:/opt/ros/humble LD_LIBRARY_PATH=/home/w0x7ce/ws_moveit2/install/chomp_motion_planner/lib:/home/w0x7ce/ws_moveit2/install/moveit_core/lib:/home/w0x7ce/ws_moveit2/install/srdfdom/lib:${LD_LIBRARY_PATH} PATH=/home/w0x7ce/ws_moveit2/install/moveit_core/bin:${PATH} PYTHONPATH=/home/w0x7ce/ws_moveit2/install/srdfdom/local/lib/python3.10/dist-packages:${PYTHONPATH} /usr/bin/cmake --install /home/w0x7ce/ws_moveit2/build/moveit_planners_chomp
[30.362s] -- Install configuration: "Release"
[30.362s] -- Installing: /home/w0x7ce/ws_moveit2/install/moveit_planners_chomp/lib/libmoveit_chomp_interface.so.2.5.4
[30.363s] -- Set runtime path of "/home/w0x7ce/ws_moveit2/install/moveit_planners_chomp/lib/libmoveit_chomp_interface.so.2.5.4" to ""
[30.363s] -- Installing: /home/w0x7ce/ws_moveit2/install/moveit_planners_chomp/lib/libmoveit_chomp_interface.so
[30.363s] -- Installing: /home/w0x7ce/ws_moveit2/install/moveit_planners_chomp/lib/libmoveit_chomp_planner_plugin.so
[30.363s] -- Set runtime path of "/home/w0x7ce/ws_moveit2/install/moveit_planners_chomp/lib/libmoveit_chomp_planner_plugin.so" to ""
[30.364s] -- Installing: /home/w0x7ce/ws_moveit2/install/moveit_planners_chomp/share/moveit_planners_chomp/environment/library_path.sh
[30.364s] -- Installing: /home/w0x7ce/ws_moveit2/install/moveit_planners_chomp/share/moveit_planners_chomp/environment/library_path.dsv
[30.364s] -- Installing: /home/w0x7ce/ws_moveit2/install/moveit_planners_chomp/share/moveit_planners_chomp/chomp_interface_plugin_description.xml
[30.364s] -- Installing: /home/w0x7ce/ws_moveit2/install/moveit_planners_chomp/share/ament_index/resource_index/package_run_dependencies/moveit_planners_chomp
[30.364s] -- Installing: /home/w0x7ce/ws_moveit2/install/moveit_planners_chomp/share/ament_index/resource_index/parent_prefix_path/moveit_planners_chomp
[30.364s] -- Installing: /home/w0x7ce/ws_moveit2/install/moveit_planners_chomp/share/moveit_planners_chomp/environment/ament_prefix_path.sh
[30.364s] -- Installing: /home/w0x7ce/ws_moveit2/install/moveit_planners_chomp/share/moveit_planners_chomp/environment/ament_prefix_path.dsv
[30.365s] -- Installing: /home/w0x7ce/ws_moveit2/install/moveit_planners_chomp/share/moveit_planners_chomp/environment/path.sh
[30.365s] -- Installing: /home/w0x7ce/ws_moveit2/install/moveit_planners_chomp/share/moveit_planners_chomp/environment/path.dsv
[30.365s] -- Installing: /home/w0x7ce/ws_moveit2/install/moveit_planners_chomp/share/moveit_planners_chomp/local_setup.bash
[30.365s] -- Installing: /home/w0x7ce/ws_moveit2/install/moveit_planners_chomp/share/moveit_planners_chomp/local_setup.sh
[30.365s] -- Installing: /home/w0x7ce/ws_moveit2/install/moveit_planners_chomp/share/moveit_planners_chomp/local_setup.zsh
[30.365s] -- Installing: /home/w0x7ce/ws_moveit2/install/moveit_planners_chomp/share/moveit_planners_chomp/local_setup.dsv
[30.365s] -- Installing: /home/w0x7ce/ws_moveit2/install/moveit_planners_chomp/share/moveit_planners_chomp/package.dsv
[30.365s] -- Installing: /home/w0x7ce/ws_moveit2/install/moveit_planners_chomp/share/ament_index/resource_index/packages/moveit_planners_chomp
[30.366s] -- Installing: /home/w0x7ce/ws_moveit2/install/moveit_planners_chomp/share/ament_index/resource_index/moveit_core__pluginlib__plugin/moveit_planners_chomp
[30.366s] -- Installing: /home/w0x7ce/ws_moveit2/install/moveit_planners_chomp/share/moveit_planners_chomp/cmake/moveit_planners_chompTargetsExport.cmake
[30.366s] -- Installing: /home/w0x7ce/ws_moveit2/install/moveit_planners_chomp/share/moveit_planners_chomp/cmake/moveit_planners_chompTargetsExport-release.cmake
[30.366s] -- Installing: /home/w0x7ce/ws_moveit2/install/moveit_planners_chomp/share/moveit_planners_chomp/cmake/ament_cmake_export_targets-extras.cmake
[30.366s] -- Installing: /home/w0x7ce/ws_moveit2/install/moveit_planners_chomp/share/moveit_planners_chomp/cmake/ament_cmake_export_dependencies-extras.cmake
[30.366s] -- Installing: /home/w0x7ce/ws_moveit2/install/moveit_planners_chomp/share/moveit_planners_chomp/cmake/moveit_planners_chompConfig.cmake
[30.367s] -- Installing: /home/w0x7ce/ws_moveit2/install/moveit_planners_chomp/share/moveit_planners_chomp/cmake/moveit_planners_chompConfig-version.cmake
[30.367s] -- Installing: /home/w0x7ce/ws_moveit2/install/moveit_planners_chomp/share/moveit_planners_chomp/package.xml
[30.370s] Invoked command in '/home/w0x7ce/ws_moveit2/build/moveit_planners_chomp' returned '0': AMENT_PREFIX_PATH=/home/w0x7ce/ws_moveit2/install/chomp_motion_planner:/home/w0x7ce/ws_moveit2/install/moveit_core:/home/w0x7ce/ws_moveit2/install/srdfdom:/home/w0x7ce/ws_moveit2/install/moveit_common:${AMENT_PREFIX_PATH} CMAKE_PREFIX_PATH=/home/w0x7ce/ws_moveit2/install/chomp_motion_planner:/home/w0x7ce/ws_moveit2/install/moveit_core:/home/w0x7ce/ws_moveit2/install/srdfdom:/home/w0x7ce/ws_moveit2/install/moveit_common:/opt/ros/humble LD_LIBRARY_PATH=/home/w0x7ce/ws_moveit2/install/chomp_motion_planner/lib:/home/w0x7ce/ws_moveit2/install/moveit_core/lib:/home/w0x7ce/ws_moveit2/install/srdfdom/lib:${LD_LIBRARY_PATH} PATH=/home/w0x7ce/ws_moveit2/install/moveit_core/bin:${PATH} PYTHONPATH=/home/w0x7ce/ws_moveit2/install/srdfdom/local/lib/python3.10/dist-packages:${PYTHONPATH} /usr/bin/cmake --install /home/w0x7ce/ws_moveit2/build/moveit_planners_chomp
