[0.125s] Invoking command in '/home/w0x7ce/ws_moveit2/build/moveit_resources': AMENT_PREFIX_PATH=/home/w0x7ce/ws_moveit2/install/moveit_resources_panda_moveit_config:/home/w0x7ce/ws_moveit2/install/moveit_resources_fanuc_moveit_config:/home/w0x7ce/ws_moveit2/install/moveit_resources_pr2_description:/home/w0x7ce/ws_moveit2/install/moveit_resources_panda_description:/home/w0x7ce/ws_moveit2/install/moveit_resources_fanuc_description:${AMENT_PREFIX_PATH} CMAKE_PREFIX_PATH=/home/w0x7ce/ws_moveit2/install/moveit_resources_panda_moveit_config:/home/w0x7ce/ws_moveit2/install/moveit_resources_fanuc_moveit_config:/home/w0x7ce/ws_moveit2/install/moveit_resources_pr2_description:/home/w0x7ce/ws_moveit2/install/moveit_resources_panda_description:/home/w0x7ce/ws_moveit2/install/moveit_resources_fanuc_description:/opt/ros/humble /usr/bin/cmake /home/w0x7ce/ws_moveit2/src/moveit_resources/moveit_resources -DCMAKE_INSTALL_PREFIX=/home/w0x7ce/ws_moveit2/install/moveit_resources
[0.314s] -- The C compiler identification is GNU 11.3.0
[0.519s] -- The CXX compiler identification is GNU 11.3.0
[0.560s] -- Detecting C compiler ABI info
[0.802s] -- Detecting C compiler ABI info - done
[0.814s] -- Check for working C compiler: /usr/bin/cc - skipped
[0.815s] -- Detecting C compile features
[0.815s] -- Detecting C compile features - done
[0.819s] -- Detecting CXX compiler ABI info
[0.974s] -- Detecting CXX compiler ABI info - done
[0.984s] -- Check for working CXX compiler: /usr/bin/c++ - skipped
[0.986s] -- Detecting CXX compile features
[0.987s] -- Detecting CXX compile features - done
[0.995s] -- Found ament_cmake: 1.3.3 (/opt/ros/humble/share/ament_cmake/cmake)
[2.901s] -- Found Python3: /usr/bin/python3.10 (found version "3.10.6") found components: Interpreter 
[3.414s] -- Configuring done
[3.419s] -- Generating done
[3.420s] -- Build files have been written to: /home/w0x7ce/ws_moveit2/build/moveit_resources
[3.430s] Invoked command in '/home/w0x7ce/ws_moveit2/build/moveit_resources' returned '0': AMENT_PREFIX_PATH=/home/w0x7ce/ws_moveit2/install/moveit_resources_panda_moveit_config:/home/w0x7ce/ws_moveit2/install/moveit_resources_fanuc_moveit_config:/home/w0x7ce/ws_moveit2/install/moveit_resources_pr2_description:/home/w0x7ce/ws_moveit2/install/moveit_resources_panda_description:/home/w0x7ce/ws_moveit2/install/moveit_resources_fanuc_description:${AMENT_PREFIX_PATH} CMAKE_PREFIX_PATH=/home/w0x7ce/ws_moveit2/install/moveit_resources_panda_moveit_config:/home/w0x7ce/ws_moveit2/install/moveit_resources_fanuc_moveit_config:/home/w0x7ce/ws_moveit2/install/moveit_resources_pr2_description:/home/w0x7ce/ws_moveit2/install/moveit_resources_panda_description:/home/w0x7ce/ws_moveit2/install/moveit_resources_fanuc_description:/opt/ros/humble /usr/bin/cmake /home/w0x7ce/ws_moveit2/src/moveit_resources/moveit_resources -DCMAKE_INSTALL_PREFIX=/home/w0x7ce/ws_moveit2/install/moveit_resources
[3.430s] Invoking command in '/home/w0x7ce/ws_moveit2/build/moveit_resources': AMENT_PREFIX_PATH=/home/w0x7ce/ws_moveit2/install/moveit_resources_panda_moveit_config:/home/w0x7ce/ws_moveit2/install/moveit_resources_fanuc_moveit_config:/home/w0x7ce/ws_moveit2/install/moveit_resources_pr2_description:/home/w0x7ce/ws_moveit2/install/moveit_resources_panda_description:/home/w0x7ce/ws_moveit2/install/moveit_resources_fanuc_description:${AMENT_PREFIX_PATH} CMAKE_PREFIX_PATH=/home/w0x7ce/ws_moveit2/install/moveit_resources_panda_moveit_config:/home/w0x7ce/ws_moveit2/install/moveit_resources_fanuc_moveit_config:/home/w0x7ce/ws_moveit2/install/moveit_resources_pr2_description:/home/w0x7ce/ws_moveit2/install/moveit_resources_panda_description:/home/w0x7ce/ws_moveit2/install/moveit_resources_fanuc_description:/opt/ros/humble /usr/bin/cmake --build /home/w0x7ce/ws_moveit2/build/moveit_resources -- -j4 -l4
[3.536s] Invoked command in '/home/w0x7ce/ws_moveit2/build/moveit_resources' returned '0': AMENT_PREFIX_PATH=/home/w0x7ce/ws_moveit2/install/moveit_resources_panda_moveit_config:/home/w0x7ce/ws_moveit2/install/moveit_resources_fanuc_moveit_config:/home/w0x7ce/ws_moveit2/install/moveit_resources_pr2_description:/home/w0x7ce/ws_moveit2/install/moveit_resources_panda_description:/home/w0x7ce/ws_moveit2/install/moveit_resources_fanuc_description:${AMENT_PREFIX_PATH} CMAKE_PREFIX_PATH=/home/w0x7ce/ws_moveit2/install/moveit_resources_panda_moveit_config:/home/w0x7ce/ws_moveit2/install/moveit_resources_fanuc_moveit_config:/home/w0x7ce/ws_moveit2/install/moveit_resources_pr2_description:/home/w0x7ce/ws_moveit2/install/moveit_resources_panda_description:/home/w0x7ce/ws_moveit2/install/moveit_resources_fanuc_description:/opt/ros/humble /usr/bin/cmake --build /home/w0x7ce/ws_moveit2/build/moveit_resources -- -j4 -l4
[3.800s] Invoking command in '/home/w0x7ce/ws_moveit2/build/moveit_resources': AMENT_PREFIX_PATH=/home/w0x7ce/ws_moveit2/install/moveit_resources_panda_moveit_config:/home/w0x7ce/ws_moveit2/install/moveit_resources_fanuc_moveit_config:/home/w0x7ce/ws_moveit2/install/moveit_resources_pr2_description:/home/w0x7ce/ws_moveit2/install/moveit_resources_panda_description:/home/w0x7ce/ws_moveit2/install/moveit_resources_fanuc_description:${AMENT_PREFIX_PATH} CMAKE_PREFIX_PATH=/home/w0x7ce/ws_moveit2/install/moveit_resources_panda_moveit_config:/home/w0x7ce/ws_moveit2/install/moveit_resources_fanuc_moveit_config:/home/w0x7ce/ws_moveit2/install/moveit_resources_pr2_description:/home/w0x7ce/ws_moveit2/install/moveit_resources_panda_description:/home/w0x7ce/ws_moveit2/install/moveit_resources_fanuc_description:/opt/ros/humble /usr/bin/cmake --install /home/w0x7ce/ws_moveit2/build/moveit_resources
[3.815s] -- Install configuration: ""
[3.815s] -- Installing: /home/w0x7ce/ws_moveit2/install/moveit_resources/share/ament_index/resource_index/package_run_dependencies/moveit_resources
[3.815s] -- Installing: /home/w0x7ce/ws_moveit2/install/moveit_resources/share/ament_index/resource_index/parent_prefix_path/moveit_resources
[3.815s] -- Installing: /home/w0x7ce/ws_moveit2/install/moveit_resources/share/moveit_resources/environment/ament_prefix_path.sh
[3.815s] -- Installing: /home/w0x7ce/ws_moveit2/install/moveit_resources/share/moveit_resources/environment/ament_prefix_path.dsv
[3.815s] -- Installing: /home/w0x7ce/ws_moveit2/install/moveit_resources/share/moveit_resources/environment/path.sh
[3.815s] -- Installing: /home/w0x7ce/ws_moveit2/install/moveit_resources/share/moveit_resources/environment/path.dsv
[3.815s] -- Installing: /home/w0x7ce/ws_moveit2/install/moveit_resources/share/moveit_resources/local_setup.bash
[3.816s] -- Installing: /home/w0x7ce/ws_moveit2/install/moveit_resources/share/moveit_resources/local_setup.sh
[3.816s] -- Installing: /home/w0x7ce/ws_moveit2/install/moveit_resources/share/moveit_resources/local_setup.zsh
[3.816s] -- Installing: /home/w0x7ce/ws_moveit2/install/moveit_resources/share/moveit_resources/local_setup.dsv
[3.817s] -- Installing: /home/w0x7ce/ws_moveit2/install/moveit_resources/share/moveit_resources/package.dsv
[3.817s] -- Installing: /home/w0x7ce/ws_moveit2/install/moveit_resources/share/ament_index/resource_index/packages/moveit_resources
[3.817s] -- Installing: /home/w0x7ce/ws_moveit2/install/moveit_resources/share/moveit_resources/cmake/moveit_resourcesConfig.cmake
[3.817s] -- Installing: /home/w0x7ce/ws_moveit2/install/moveit_resources/share/moveit_resources/cmake/moveit_resourcesConfig-version.cmake
[3.818s] -- Installing: /home/w0x7ce/ws_moveit2/install/moveit_resources/share/moveit_resources/package.xml
[3.823s] Invoked command in '/home/w0x7ce/ws_moveit2/build/moveit_resources' returned '0': AMENT_PREFIX_PATH=/home/w0x7ce/ws_moveit2/install/moveit_resources_panda_moveit_config:/home/w0x7ce/ws_moveit2/install/moveit_resources_fanuc_moveit_config:/home/w0x7ce/ws_moveit2/install/moveit_resources_pr2_description:/home/w0x7ce/ws_moveit2/install/moveit_resources_panda_description:/home/w0x7ce/ws_moveit2/install/moveit_resources_fanuc_description:${AMENT_PREFIX_PATH} CMAKE_PREFIX_PATH=/home/w0x7ce/ws_moveit2/install/moveit_resources_panda_moveit_config:/home/w0x7ce/ws_moveit2/install/moveit_resources_fanuc_moveit_config:/home/w0x7ce/ws_moveit2/install/moveit_resources_pr2_description:/home/w0x7ce/ws_moveit2/install/moveit_resources_panda_description:/home/w0x7ce/ws_moveit2/install/moveit_resources_fanuc_description:/opt/ros/humble /usr/bin/cmake --install /home/w0x7ce/ws_moveit2/build/moveit_resources
