[0.094s] Invoking command in '/home/w0x7ce/ws_moveit2/build/moveit_common': CMAKE_PREFIX_PATH=/opt/ros/humble /usr/bin/cmake /home/w0x7ce/ws_moveit2/src/moveit2/moveit_common -DCMAKE_INSTALL_PREFIX=/home/w0x7ce/ws_moveit2/install/moveit_common
[0.112s] -- Found ament_cmake: 1.3.3 (/opt/ros/humble/share/ament_cmake/cmake)
[0.303s] -- Found Python3: /usr/bin/python3.10 (found version "3.10.6") found components: Interpreter 
[0.398s] -- Found ament_lint_auto: 0.12.4 (/opt/ros/humble/share/ament_lint_auto/cmake)
[0.541s] -- Added test 'copyright' to check source files copyright and LICENSE
[0.542s] -- Added test 'lint_cmake' to check CMake code style
[0.545s] -- Added test 'xmllint' to check XML markup files
[0.547s] -- Configuring done
[0.550s] -- Generating done
[0.550s] -- Build files have been written to: /home/w0x7ce/ws_moveit2/build/moveit_common
[0.554s] Invoked command in '/home/w0x7ce/ws_moveit2/build/moveit_common' returned '0': CMAKE_PREFIX_PATH=/opt/ros/humble /usr/bin/cmake /home/w0x7ce/ws_moveit2/src/moveit2/moveit_common -DCMAKE_INSTALL_PREFIX=/home/w0x7ce/ws_moveit2/install/moveit_common
[0.554s] Invoking command in '/home/w0x7ce/ws_moveit2/build/moveit_common': CMAKE_PREFIX_PATH=/opt/ros/humble /usr/bin/cmake --build /home/w0x7ce/ws_moveit2/build/moveit_common -- -j4 -l4
[0.588s] Invoked command in '/home/w0x7ce/ws_moveit2/build/moveit_common' returned '0': CMAKE_PREFIX_PATH=/opt/ros/humble /usr/bin/cmake --build /home/w0x7ce/ws_moveit2/build/moveit_common -- -j4 -l4
[0.616s] Invoking command in '/home/w0x7ce/ws_moveit2/build/moveit_common': CMAKE_PREFIX_PATH=/opt/ros/humble /usr/bin/cmake --install /home/w0x7ce/ws_moveit2/build/moveit_common
[0.623s] -- Install configuration: ""
[0.623s] -- Installing: /home/w0x7ce/ws_moveit2/install/moveit_common/share/ament_index/resource_index/package_run_dependencies/moveit_common
[0.623s] -- Installing: /home/w0x7ce/ws_moveit2/install/moveit_common/share/ament_index/resource_index/parent_prefix_path/moveit_common
[0.623s] -- Installing: /home/w0x7ce/ws_moveit2/install/moveit_common/share/moveit_common/environment/ament_prefix_path.sh
[0.623s] -- Installing: /home/w0x7ce/ws_moveit2/install/moveit_common/share/moveit_common/environment/ament_prefix_path.dsv
[0.623s] -- Installing: /home/w0x7ce/ws_moveit2/install/moveit_common/share/moveit_common/environment/path.sh
[0.623s] -- Installing: /home/w0x7ce/ws_moveit2/install/moveit_common/share/moveit_common/environment/path.dsv
[0.623s] -- Installing: /home/w0x7ce/ws_moveit2/install/moveit_common/share/moveit_common/local_setup.bash
[0.623s] -- Installing: /home/w0x7ce/ws_moveit2/install/moveit_common/share/moveit_common/local_setup.sh
[0.623s] -- Installing: /home/w0x7ce/ws_moveit2/install/moveit_common/share/moveit_common/local_setup.zsh
[0.623s] -- Installing: /home/w0x7ce/ws_moveit2/install/moveit_common/share/moveit_common/local_setup.dsv
[0.623s] -- Installing: /home/w0x7ce/ws_moveit2/install/moveit_common/share/moveit_common/package.dsv
[0.623s] -- Installing: /home/w0x7ce/ws_moveit2/install/moveit_common/share/ament_index/resource_index/packages/moveit_common
[0.623s] -- Installing: /home/w0x7ce/ws_moveit2/install/moveit_common/share/moveit_common/cmake/moveit_common-extras.cmake
[0.623s] -- Installing: /home/w0x7ce/ws_moveit2/install/moveit_common/share/moveit_common/cmake/moveit_commonConfig.cmake
[0.624s] -- Installing: /home/w0x7ce/ws_moveit2/install/moveit_common/share/moveit_common/cmake/moveit_commonConfig-version.cmake
[0.624s] -- Installing: /home/w0x7ce/ws_moveit2/install/moveit_common/share/moveit_common/package.xml
[0.624s] -- Up-to-date: /home/w0x7ce/ws_moveit2/install/moveit_common/share/moveit_common/cmake
[0.624s] -- Installing: /home/w0x7ce/ws_moveit2/install/moveit_common/share/moveit_common/cmake/moveit_package.cmake
[0.625s] Invoked command in '/home/w0x7ce/ws_moveit2/build/moveit_common' returned '0': CMAKE_PREFIX_PATH=/opt/ros/humble /usr/bin/cmake --install /home/w0x7ce/ws_moveit2/build/moveit_common
