[0.031s] Invoking command in '/home/w0x7ce/ws_moveit2/build/moveit_ros_planning_interface': AMENT_PREFIX_PATH=/home/w0x7ce/ws_moveit2/install/moveit_ros_move_group:/home/w0x7ce/ws_moveit2/install/moveit_ros_warehouse:/home/w0x7ce/ws_moveit2/install/moveit_planners_ompl:/home/w0x7ce/ws_moveit2/install/moveit_kinematics:/home/w0x7ce/ws_moveit2/install/moveit_ros_planning:/home/w0x7ce/ws_moveit2/install/moveit_simple_controller_manager:/home/w0x7ce/ws_moveit2/install/moveit_ros_occupancy_map_monitor:/home/w0x7ce/ws_moveit2/install/moveit_core:/home/w0x7ce/ws_moveit2/install/moveit_resources_panda_moveit_config:/home/w0x7ce/ws_moveit2/install/moveit_resources_fanuc_moveit_config:/home/w0x7ce/ws_moveit2/install/moveit_configs_utils:/home/w0x7ce/ws_moveit2/install/srdfdom:/home/w0x7ce/ws_moveit2/install/moveit_resources_panda_description:/home/w0x7ce/ws_moveit2/install/moveit_resources_fanuc_description:/home/w0x7ce/ws_moveit2/install/moveit_common:/home/w0x7ce/ws_moveit2/install/launch_param_builder:${AMENT_PREFIX_PATH} CMAKE_PREFIX_PATH=/home/w0x7ce/ws_moveit2/install/moveit_ros_move_group:/home/w0x7ce/ws_moveit2/install/moveit_ros_warehouse:/home/w0x7ce/ws_moveit2/install/moveit_planners_ompl:/home/w0x7ce/ws_moveit2/install/moveit_kinematics:/home/w0x7ce/ws_moveit2/install/moveit_ros_planning:/home/w0x7ce/ws_moveit2/install/moveit_simple_controller_manager:/home/w0x7ce/ws_moveit2/install/moveit_ros_occupancy_map_monitor:/home/w0x7ce/ws_moveit2/install/moveit_core:/home/w0x7ce/ws_moveit2/install/moveit_resources_panda_moveit_config:/home/w0x7ce/ws_moveit2/install/moveit_resources_fanuc_moveit_config:/home/w0x7ce/ws_moveit2/install/srdfdom:/home/w0x7ce/ws_moveit2/install/moveit_resources_panda_description:/home/w0x7ce/ws_moveit2/install/moveit_resources_fanuc_description:/home/w0x7ce/ws_moveit2/install/moveit_common:/opt/ros/humble LD_LIBRARY_PATH=/home/w0x7ce/ws_moveit2/install/moveit_ros_move_group/lib:/home/w0x7ce/ws_moveit2/install/moveit_ros_warehouse/lib:/home/w0x7ce/ws_moveit2/install/moveit_planners_ompl/lib:/home/w0x7ce/ws_moveit2/install/moveit_kinematics/lib:/home/w0x7ce/ws_moveit2/install/moveit_ros_planning/lib:/home/w0x7ce/ws_moveit2/install/moveit_simple_controller_manager/lib:/home/w0x7ce/ws_moveit2/install/moveit_ros_occupancy_map_monitor/lib:/home/w0x7ce/ws_moveit2/install/moveit_core/lib:/home/w0x7ce/ws_moveit2/install/srdfdom/lib:${LD_LIBRARY_PATH} PATH=/home/w0x7ce/ws_moveit2/install/moveit_core/bin:${PATH} PYTHONPATH=/home/w0x7ce/ws_moveit2/install/moveit_configs_utils/lib/python3.10/site-packages:/home/w0x7ce/ws_moveit2/install/srdfdom/local/lib/python3.10/dist-packages:/home/w0x7ce/ws_moveit2/install/launch_param_builder/lib/python3.10/site-packages:${PYTHONPATH} /usr/bin/cmake /home/w0x7ce/ws_moveit2/src/moveit2/moveit_ros/planning_interface -DCMAKE_INSTALL_PREFIX=/home/w0x7ce/ws_moveit2/install/moveit_ros_planning_interface
[0.165s] -- The C compiler identification is GNU 11.3.0
[0.228s] -- The CXX compiler identification is GNU 11.3.0
[0.237s] -- Detecting C compiler ABI info
[0.291s] -- Detecting C compiler ABI info - done
[0.298s] -- Check for working C compiler: /usr/bin/cc - skipped
[0.298s] -- Detecting C compile features
[0.299s] -- Detecting C compile features - done
[0.301s] -- Detecting CXX compiler ABI info
[0.366s] -- Detecting CXX compiler ABI info - done
[0.373s] -- Check for working CXX compiler: /usr/bin/c++ - skipped
[0.374s] -- Detecting CXX compile features
[0.374s] -- Detecting CXX compile features - done
[0.376s] -- Found moveit_common: 2.5.4 (/home/w0x7ce/ws_moveit2/install/moveit_common/share/moveit_common/cmake)
[0.380s] -- Found ament_cmake: 1.3.3 (/opt/ros/humble/share/ament_cmake/cmake)
[0.541s] -- Found Python3: /usr/bin/python3.10 (found version "3.10.6") found components: Interpreter 
[0.717s] -- Found libdw: /usr/lib/x86_64-linux-gnu/libdw.so  
[0.723s] -- Could NOT find libbfd (missing: LIBBFD_LIBRARY LIBBFD_INCLUDE_DIR) 
[0.723s] -- BACKWARD_HAS_UNWIND=1
[0.723s] -- BACKWARD_HAS_BACKTRACE=0
[0.723s] -- BACKWARD_HAS_BACKTRACE_SYMBOL=0
[0.723s] -- BACKWARD_HAS_DW=1
[0.724s] -- BACKWARD_HAS_BFD=0
[0.724s] -- Found Backward: /opt/ros/humble/share/backward_ros/cmake  
[0.724s] [0mmoveit_ros_planning_interface: You did not request a specific build type: Choosing 'Release' for maximum performance[0m
[0.727s] -- Found moveit_msgs: 2.2.1 (/opt/ros/humble/share/moveit_msgs/cmake)
[0.772s] -- Found rosidl_generator_c: 3.1.4 (/opt/ros/humble/share/rosidl_generator_c/cmake)
[0.779s] -- Found rosidl_adapter: 3.1.4 (/opt/ros/humble/share/rosidl_adapter/cmake)
[0.790s] -- Found rosidl_generator_cpp: 3.1.4 (/opt/ros/humble/share/rosidl_generator_cpp/cmake)
[0.808s] -- Using all available rosidl_typesupport_c: rosidl_typesupport_fastrtps_c;rosidl_typesupport_introspection_c
[0.832s] -- Using all available rosidl_typesupport_cpp: rosidl_typesupport_fastrtps_cpp;rosidl_typesupport_introspection_cpp
[1.765s] -- Found moveit_core: 2.5.4 (/home/w0x7ce/ws_moveit2/install/moveit_core/share/moveit_core/cmake)
[1.902s] -- Found Boost: /usr/lib/x86_64-linux-gnu/cmake/Boost-1.74.0/BoostConfig.cmake (found version "1.74.0") found components: chrono date_time filesystem iostreams program_options regex serialization system thread 
[1.920s] -- Found Boost: /usr/lib/x86_64-linux-gnu/cmake/Boost-1.74.0/BoostConfig.cmake (found version "1.74.0") found components: filesystem 
[2.032s] -- Found rmw_implementation_cmake: 6.1.1 (/opt/ros/humble/share/rmw_implementation_cmake/cmake)
[2.037s] -- Found rmw_fastrtps_cpp: 6.2.2 (/opt/ros/humble/share/rmw_fastrtps_cpp/cmake)
[2.141s] -- Found OpenSSL: /usr/lib/x86_64-linux-gnu/libcrypto.so (found version "3.0.2")  
[2.168s] -- Found FastRTPS: /opt/ros/humble/include  
[2.221s] -- Using RMW implementation 'rmw_fastrtps_cpp' as default
[2.235s] -- Found Threads: TRUE  
[2.451s] -- library: /usr/lib/x86_64-linux-gnu/libcurl.so
[2.634s] -- Found Eigen3: TRUE (found version "3.4.0") 
[2.634s] -- Ensuring Eigen3 include directory is part of orocos-kdl CMake target
[3.157s] -- Found moveit_ros_planning: 2.5.4 (/home/w0x7ce/ws_moveit2/install/moveit_ros_planning/share/moveit_ros_planning/cmake)
[3.162s] -- Found Boost: /usr/lib/x86_64-linux-gnu/cmake/Boost-1.74.0/BoostConfig.cmake (found version "1.74.0") found components: system filesystem date_time program_options thread chrono 
[3.628s] -- Found moveit_ros_warehouse: 2.5.4 (/home/w0x7ce/ws_moveit2/install/moveit_ros_warehouse/share/moveit_ros_warehouse/cmake)
[3.634s] -- Found Boost: /usr/lib/x86_64-linux-gnu/cmake/Boost-1.74.0/BoostConfig.cmake (found version "1.74.0") found components: thread system filesystem regex date_time program_options 
[3.876s] -- Found moveit_ros_move_group: 2.5.4 (/home/w0x7ce/ws_moveit2/install/moveit_ros_move_group/share/moveit_ros_move_group/cmake)
[3.881s] -- Found Boost: /usr/lib/x86_64-linux-gnu/cmake/Boost-1.74.0/BoostConfig.cmake (found version "1.74.0") found components: system filesystem date_time program_options thread 
[4.126s] -- Found rclpy: 3.3.5 (/opt/ros/humble/share/rclpy/cmake)
[4.133s] -- Found Boost: /usr/lib/x86_64-linux-gnu/cmake/Boost-1.74.0/BoostConfig.cmake (found version "1.74.0") found components: date_time filesystem program_options system thread 
[4.163s] -- Performing Test COMPILER_HAS_HIDDEN_VISIBILITY
[4.256s] -- Performing Test COMPILER_HAS_HIDDEN_VISIBILITY - Success
[4.257s] -- Performing Test COMPILER_HAS_HIDDEN_INLINE_VISIBILITY
[4.351s] -- Performing Test COMPILER_HAS_HIDDEN_INLINE_VISIBILITY - Success
[4.351s] -- Performing Test COMPILER_HAS_DEPRECATED_ATTR
[4.447s] -- Performing Test COMPILER_HAS_DEPRECATED_ATTR - Success
[4.456s] -- Found ament_cmake_gtest: 1.3.3 (/opt/ros/humble/share/ament_cmake_gtest/cmake)
[4.459s] -- Found ros_testing: 0.4.0 (/opt/ros/humble/share/ros_testing/cmake)
[4.462s] -- Found launch_testing_ament_cmake: 1.0.3 (/opt/ros/humble/share/launch_testing_ament_cmake/cmake)
[4.465s] -- Found python_cmake_module: 0.10.0 (/opt/ros/humble/share/python_cmake_module/cmake)
[4.488s] -- Found PythonInterp: /usr/bin/python3 (found suitable version "3.10.6", minimum required is "3.6") 
[4.493s] -- Found PythonLibs: /usr/lib/x86_64-linux-gnu/libpython3.10.so (found suitable version "3.10.6", minimum required is "3.5") 
[4.494s] -- Using PYTHON_EXECUTABLE: /usr/bin/python3
[4.494s] -- Using PYTHON_INCLUDE_DIRS: /usr/include/python3.10
[4.494s] -- Using PYTHON_LIBRARIES: /usr/lib/x86_64-linux-gnu/libpython3.10.so
[4.516s] -- Found PythonExtra: .so  
[4.521s] -- Found ament_lint_auto: 0.12.4 (/opt/ros/humble/share/ament_lint_auto/cmake)
[4.529s] -- Found Boost: /usr/lib/x86_64-linux-gnu/cmake/Boost-1.74.0/BoostConfig.cmake (found version "1.74.0") found components: thread 
[5.076s] -- Configuring done
[5.149s] -- Generating done
[5.152s] -- Build files have been written to: /home/w0x7ce/ws_moveit2/build/moveit_ros_planning_interface
[5.167s] Invoked command in '/home/w0x7ce/ws_moveit2/build/moveit_ros_planning_interface' returned '0': AMENT_PREFIX_PATH=/home/w0x7ce/ws_moveit2/install/moveit_ros_move_group:/home/w0x7ce/ws_moveit2/install/moveit_ros_warehouse:/home/w0x7ce/ws_moveit2/install/moveit_planners_ompl:/home/w0x7ce/ws_moveit2/install/moveit_kinematics:/home/w0x7ce/ws_moveit2/install/moveit_ros_planning:/home/w0x7ce/ws_moveit2/install/moveit_simple_controller_manager:/home/w0x7ce/ws_moveit2/install/moveit_ros_occupancy_map_monitor:/home/w0x7ce/ws_moveit2/install/moveit_core:/home/w0x7ce/ws_moveit2/install/moveit_resources_panda_moveit_config:/home/w0x7ce/ws_moveit2/install/moveit_resources_fanuc_moveit_config:/home/w0x7ce/ws_moveit2/install/moveit_configs_utils:/home/w0x7ce/ws_moveit2/install/srdfdom:/home/w0x7ce/ws_moveit2/install/moveit_resources_panda_description:/home/w0x7ce/ws_moveit2/install/moveit_resources_fanuc_description:/home/w0x7ce/ws_moveit2/install/moveit_common:/home/w0x7ce/ws_moveit2/install/launch_param_builder:${AMENT_PREFIX_PATH} CMAKE_PREFIX_PATH=/home/w0x7ce/ws_moveit2/install/moveit_ros_move_group:/home/w0x7ce/ws_moveit2/install/moveit_ros_warehouse:/home/w0x7ce/ws_moveit2/install/moveit_planners_ompl:/home/w0x7ce/ws_moveit2/install/moveit_kinematics:/home/w0x7ce/ws_moveit2/install/moveit_ros_planning:/home/w0x7ce/ws_moveit2/install/moveit_simple_controller_manager:/home/w0x7ce/ws_moveit2/install/moveit_ros_occupancy_map_monitor:/home/w0x7ce/ws_moveit2/install/moveit_core:/home/w0x7ce/ws_moveit2/install/moveit_resources_panda_moveit_config:/home/w0x7ce/ws_moveit2/install/moveit_resources_fanuc_moveit_config:/home/w0x7ce/ws_moveit2/install/srdfdom:/home/w0x7ce/ws_moveit2/install/moveit_resources_panda_description:/home/w0x7ce/ws_moveit2/install/moveit_resources_fanuc_description:/home/w0x7ce/ws_moveit2/install/moveit_common:/opt/ros/humble LD_LIBRARY_PATH=/home/w0x7ce/ws_moveit2/install/moveit_ros_move_group/lib:/home/w0x7ce/ws_moveit2/install/moveit_ros_warehouse/lib:/home/w0x7ce/ws_moveit2/install/moveit_planners_ompl/lib:/home/w0x7ce/ws_moveit2/install/moveit_kinematics/lib:/home/w0x7ce/ws_moveit2/install/moveit_ros_planning/lib:/home/w0x7ce/ws_moveit2/install/moveit_simple_controller_manager/lib:/home/w0x7ce/ws_moveit2/install/moveit_ros_occupancy_map_monitor/lib:/home/w0x7ce/ws_moveit2/install/moveit_core/lib:/home/w0x7ce/ws_moveit2/install/srdfdom/lib:${LD_LIBRARY_PATH} PATH=/home/w0x7ce/ws_moveit2/install/moveit_core/bin:${PATH} PYTHONPATH=/home/w0x7ce/ws_moveit2/install/moveit_configs_utils/lib/python3.10/site-packages:/home/w0x7ce/ws_moveit2/install/srdfdom/local/lib/python3.10/dist-packages:/home/w0x7ce/ws_moveit2/install/launch_param_builder/lib/python3.10/site-packages:${PYTHONPATH} /usr/bin/cmake /home/w0x7ce/ws_moveit2/src/moveit2/moveit_ros/planning_interface -DCMAKE_INSTALL_PREFIX=/home/w0x7ce/ws_moveit2/install/moveit_ros_planning_interface
[5.168s] Invoking command in '/home/w0x7ce/ws_moveit2/build/moveit_ros_planning_interface': AMENT_PREFIX_PATH=/home/w0x7ce/ws_moveit2/install/moveit_ros_move_group:/home/w0x7ce/ws_moveit2/install/moveit_ros_warehouse:/home/w0x7ce/ws_moveit2/install/moveit_planners_ompl:/home/w0x7ce/ws_moveit2/install/moveit_kinematics:/home/w0x7ce/ws_moveit2/install/moveit_ros_planning:/home/w0x7ce/ws_moveit2/install/moveit_simple_controller_manager:/home/w0x7ce/ws_moveit2/install/moveit_ros_occupancy_map_monitor:/home/w0x7ce/ws_moveit2/install/moveit_core:/home/w0x7ce/ws_moveit2/install/moveit_resources_panda_moveit_config:/home/w0x7ce/ws_moveit2/install/moveit_resources_fanuc_moveit_config:/home/w0x7ce/ws_moveit2/install/moveit_configs_utils:/home/w0x7ce/ws_moveit2/install/srdfdom:/home/w0x7ce/ws_moveit2/install/moveit_resources_panda_description:/home/w0x7ce/ws_moveit2/install/moveit_resources_fanuc_description:/home/w0x7ce/ws_moveit2/install/moveit_common:/home/w0x7ce/ws_moveit2/install/launch_param_builder:${AMENT_PREFIX_PATH} CMAKE_PREFIX_PATH=/home/w0x7ce/ws_moveit2/install/moveit_ros_move_group:/home/w0x7ce/ws_moveit2/install/moveit_ros_warehouse:/home/w0x7ce/ws_moveit2/install/moveit_planners_ompl:/home/w0x7ce/ws_moveit2/install/moveit_kinematics:/home/w0x7ce/ws_moveit2/install/moveit_ros_planning:/home/w0x7ce/ws_moveit2/install/moveit_simple_controller_manager:/home/w0x7ce/ws_moveit2/install/moveit_ros_occupancy_map_monitor:/home/w0x7ce/ws_moveit2/install/moveit_core:/home/w0x7ce/ws_moveit2/install/moveit_resources_panda_moveit_config:/home/w0x7ce/ws_moveit2/install/moveit_resources_fanuc_moveit_config:/home/w0x7ce/ws_moveit2/install/srdfdom:/home/w0x7ce/ws_moveit2/install/moveit_resources_panda_description:/home/w0x7ce/ws_moveit2/install/moveit_resources_fanuc_description:/home/w0x7ce/ws_moveit2/install/moveit_common:/opt/ros/humble LD_LIBRARY_PATH=/home/w0x7ce/ws_moveit2/install/moveit_ros_move_group/lib:/home/w0x7ce/ws_moveit2/install/moveit_ros_warehouse/lib:/home/w0x7ce/ws_moveit2/install/moveit_planners_ompl/lib:/home/w0x7ce/ws_moveit2/install/moveit_kinematics/lib:/home/w0x7ce/ws_moveit2/install/moveit_ros_planning/lib:/home/w0x7ce/ws_moveit2/install/moveit_simple_controller_manager/lib:/home/w0x7ce/ws_moveit2/install/moveit_ros_occupancy_map_monitor/lib:/home/w0x7ce/ws_moveit2/install/moveit_core/lib:/home/w0x7ce/ws_moveit2/install/srdfdom/lib:${LD_LIBRARY_PATH} PATH=/home/w0x7ce/ws_moveit2/install/moveit_core/bin:${PATH} PYTHONPATH=/home/w0x7ce/ws_moveit2/install/moveit_configs_utils/lib/python3.10/site-packages:/home/w0x7ce/ws_moveit2/install/srdfdom/local/lib/python3.10/dist-packages:/home/w0x7ce/ws_moveit2/install/launch_param_builder/lib/python3.10/site-packages:${PYTHONPATH} /usr/bin/cmake --build /home/w0x7ce/ws_moveit2/build/moveit_ros_planning_interface -- -j4 -l4
[5.198s] [ 16%] [32mBuilding CXX object common_planning_interface_objects/CMakeFiles/moveit_common_planning_interface_objects.dir/src/common_objects.cpp.o[0m
[12.860s] [ 33%] [32m[1mLinking CXX shared library libmoveit_common_planning_interface_objects.so[0m
[13.096s] [ 33%] Built target moveit_common_planning_interface_objects
[13.109s] [ 50%] [32mBuilding CXX object planning_scene_interface/CMakeFiles/moveit_planning_scene_interface.dir/src/planning_scene_interface.cpp.o[0m
[24.191s] [ 66%] [32m[1mLinking CXX shared library libmoveit_planning_scene_interface.so[0m
[24.512s] [ 66%] Built target moveit_planning_scene_interface
[24.525s] [ 83%] [32mBuilding CXX object move_group_interface/CMakeFiles/moveit_move_group_interface.dir/src/move_group_interface.cpp.o[0m
[48.489s] [100%] [32m[1mLinking CXX shared library libmoveit_move_group_interface.so[0m
[48.826s] [100%] Built target moveit_move_group_interface
[48.831s] Invoked command in '/home/w0x7ce/ws_moveit2/build/moveit_ros_planning_interface' returned '0': AMENT_PREFIX_PATH=/home/w0x7ce/ws_moveit2/install/moveit_ros_move_group:/home/w0x7ce/ws_moveit2/install/moveit_ros_warehouse:/home/w0x7ce/ws_moveit2/install/moveit_planners_ompl:/home/w0x7ce/ws_moveit2/install/moveit_kinematics:/home/w0x7ce/ws_moveit2/install/moveit_ros_planning:/home/w0x7ce/ws_moveit2/install/moveit_simple_controller_manager:/home/w0x7ce/ws_moveit2/install/moveit_ros_occupancy_map_monitor:/home/w0x7ce/ws_moveit2/install/moveit_core:/home/w0x7ce/ws_moveit2/install/moveit_resources_panda_moveit_config:/home/w0x7ce/ws_moveit2/install/moveit_resources_fanuc_moveit_config:/home/w0x7ce/ws_moveit2/install/moveit_configs_utils:/home/w0x7ce/ws_moveit2/install/srdfdom:/home/w0x7ce/ws_moveit2/install/moveit_resources_panda_description:/home/w0x7ce/ws_moveit2/install/moveit_resources_fanuc_description:/home/w0x7ce/ws_moveit2/install/moveit_common:/home/w0x7ce/ws_moveit2/install/launch_param_builder:${AMENT_PREFIX_PATH} CMAKE_PREFIX_PATH=/home/w0x7ce/ws_moveit2/install/moveit_ros_move_group:/home/w0x7ce/ws_moveit2/install/moveit_ros_warehouse:/home/w0x7ce/ws_moveit2/install/moveit_planners_ompl:/home/w0x7ce/ws_moveit2/install/moveit_kinematics:/home/w0x7ce/ws_moveit2/install/moveit_ros_planning:/home/w0x7ce/ws_moveit2/install/moveit_simple_controller_manager:/home/w0x7ce/ws_moveit2/install/moveit_ros_occupancy_map_monitor:/home/w0x7ce/ws_moveit2/install/moveit_core:/home/w0x7ce/ws_moveit2/install/moveit_resources_panda_moveit_config:/home/w0x7ce/ws_moveit2/install/moveit_resources_fanuc_moveit_config:/home/w0x7ce/ws_moveit2/install/srdfdom:/home/w0x7ce/ws_moveit2/install/moveit_resources_panda_description:/home/w0x7ce/ws_moveit2/install/moveit_resources_fanuc_description:/home/w0x7ce/ws_moveit2/install/moveit_common:/opt/ros/humble LD_LIBRARY_PATH=/home/w0x7ce/ws_moveit2/install/moveit_ros_move_group/lib:/home/w0x7ce/ws_moveit2/install/moveit_ros_warehouse/lib:/home/w0x7ce/ws_moveit2/install/moveit_planners_ompl/lib:/home/w0x7ce/ws_moveit2/install/moveit_kinematics/lib:/home/w0x7ce/ws_moveit2/install/moveit_ros_planning/lib:/home/w0x7ce/ws_moveit2/install/moveit_simple_controller_manager/lib:/home/w0x7ce/ws_moveit2/install/moveit_ros_occupancy_map_monitor/lib:/home/w0x7ce/ws_moveit2/install/moveit_core/lib:/home/w0x7ce/ws_moveit2/install/srdfdom/lib:${LD_LIBRARY_PATH} PATH=/home/w0x7ce/ws_moveit2/install/moveit_core/bin:${PATH} PYTHONPATH=/home/w0x7ce/ws_moveit2/install/moveit_configs_utils/lib/python3.10/site-packages:/home/w0x7ce/ws_moveit2/install/srdfdom/local/lib/python3.10/dist-packages:/home/w0x7ce/ws_moveit2/install/launch_param_builder/lib/python3.10/site-packages:${PYTHONPATH} /usr/bin/cmake --build /home/w0x7ce/ws_moveit2/build/moveit_ros_planning_interface -- -j4 -l4
[48.849s] Invoking command in '/home/w0x7ce/ws_moveit2/build/moveit_ros_planning_interface': AMENT_PREFIX_PATH=/home/w0x7ce/ws_moveit2/install/moveit_ros_move_group:/home/w0x7ce/ws_moveit2/install/moveit_ros_warehouse:/home/w0x7ce/ws_moveit2/install/moveit_planners_ompl:/home/w0x7ce/ws_moveit2/install/moveit_kinematics:/home/w0x7ce/ws_moveit2/install/moveit_ros_planning:/home/w0x7ce/ws_moveit2/install/moveit_simple_controller_manager:/home/w0x7ce/ws_moveit2/install/moveit_ros_occupancy_map_monitor:/home/w0x7ce/ws_moveit2/install/moveit_core:/home/w0x7ce/ws_moveit2/install/moveit_resources_panda_moveit_config:/home/w0x7ce/ws_moveit2/install/moveit_resources_fanuc_moveit_config:/home/w0x7ce/ws_moveit2/install/moveit_configs_utils:/home/w0x7ce/ws_moveit2/install/srdfdom:/home/w0x7ce/ws_moveit2/install/moveit_resources_panda_description:/home/w0x7ce/ws_moveit2/install/moveit_resources_fanuc_description:/home/w0x7ce/ws_moveit2/install/moveit_common:/home/w0x7ce/ws_moveit2/install/launch_param_builder:${AMENT_PREFIX_PATH} CMAKE_PREFIX_PATH=/home/w0x7ce/ws_moveit2/install/moveit_ros_move_group:/home/w0x7ce/ws_moveit2/install/moveit_ros_warehouse:/home/w0x7ce/ws_moveit2/install/moveit_planners_ompl:/home/w0x7ce/ws_moveit2/install/moveit_kinematics:/home/w0x7ce/ws_moveit2/install/moveit_ros_planning:/home/w0x7ce/ws_moveit2/install/moveit_simple_controller_manager:/home/w0x7ce/ws_moveit2/install/moveit_ros_occupancy_map_monitor:/home/w0x7ce/ws_moveit2/install/moveit_core:/home/w0x7ce/ws_moveit2/install/moveit_resources_panda_moveit_config:/home/w0x7ce/ws_moveit2/install/moveit_resources_fanuc_moveit_config:/home/w0x7ce/ws_moveit2/install/srdfdom:/home/w0x7ce/ws_moveit2/install/moveit_resources_panda_description:/home/w0x7ce/ws_moveit2/install/moveit_resources_fanuc_description:/home/w0x7ce/ws_moveit2/install/moveit_common:/opt/ros/humble LD_LIBRARY_PATH=/home/w0x7ce/ws_moveit2/install/moveit_ros_move_group/lib:/home/w0x7ce/ws_moveit2/install/moveit_ros_warehouse/lib:/home/w0x7ce/ws_moveit2/install/moveit_planners_ompl/lib:/home/w0x7ce/ws_moveit2/install/moveit_kinematics/lib:/home/w0x7ce/ws_moveit2/install/moveit_ros_planning/lib:/home/w0x7ce/ws_moveit2/install/moveit_simple_controller_manager/lib:/home/w0x7ce/ws_moveit2/install/moveit_ros_occupancy_map_monitor/lib:/home/w0x7ce/ws_moveit2/install/moveit_core/lib:/home/w0x7ce/ws_moveit2/install/srdfdom/lib:${LD_LIBRARY_PATH} PATH=/home/w0x7ce/ws_moveit2/install/moveit_core/bin:${PATH} PYTHONPATH=/home/w0x7ce/ws_moveit2/install/moveit_configs_utils/lib/python3.10/site-packages:/home/w0x7ce/ws_moveit2/install/srdfdom/local/lib/python3.10/dist-packages:/home/w0x7ce/ws_moveit2/install/launch_param_builder/lib/python3.10/site-packages:${PYTHONPATH} /usr/bin/cmake --install /home/w0x7ce/ws_moveit2/build/moveit_ros_planning_interface
[48.852s] -- Install configuration: "Release"
[48.852s] -- Installing: /home/w0x7ce/ws_moveit2/install/moveit_ros_planning_interface/include
[48.852s] -- Installing: /home/w0x7ce/ws_moveit2/install/moveit_ros_planning_interface/include/moveit
[48.852s] -- Installing: /home/w0x7ce/ws_moveit2/install/moveit_ros_planning_interface/include/moveit/common_planning_interface_objects
[48.852s] -- Installing: /home/w0x7ce/ws_moveit2/install/moveit_ros_planning_interface/include/moveit/common_planning_interface_objects/common_objects.h
[48.853s] -- Up-to-date: /home/w0x7ce/ws_moveit2/install/moveit_ros_planning_interface/include
[48.853s] -- Up-to-date: /home/w0x7ce/ws_moveit2/install/moveit_ros_planning_interface/include/moveit
[48.853s] -- Installing: /home/w0x7ce/ws_moveit2/install/moveit_ros_planning_interface/include/moveit/planning_scene_interface
[48.853s] -- Installing: /home/w0x7ce/ws_moveit2/install/moveit_ros_planning_interface/include/moveit/planning_scene_interface/planning_scene_interface.h
[48.853s] -- Up-to-date: /home/w0x7ce/ws_moveit2/install/moveit_ros_planning_interface/include
[48.853s] -- Up-to-date: /home/w0x7ce/ws_moveit2/install/moveit_ros_planning_interface/include/moveit
[48.853s] -- Installing: /home/w0x7ce/ws_moveit2/install/moveit_ros_planning_interface/include/moveit/move_group_interface
[48.853s] -- Installing: /home/w0x7ce/ws_moveit2/install/moveit_ros_planning_interface/include/moveit/move_group_interface/move_group_interface.h
[48.853s] -- Installing: /home/w0x7ce/ws_moveit2/install/moveit_ros_planning_interface/include/moveit_move_group_interface_export.h
[48.853s] -- Installing: /home/w0x7ce/ws_moveit2/install/moveit_ros_planning_interface/lib/libmoveit_common_planning_interface_objects.so.2.5.4
[48.854s] -- Set runtime path of "/home/w0x7ce/ws_moveit2/install/moveit_ros_planning_interface/lib/libmoveit_common_planning_interface_objects.so.2.5.4" to ""
[48.854s] -- Installing: /home/w0x7ce/ws_moveit2/install/moveit_ros_planning_interface/lib/libmoveit_common_planning_interface_objects.so
[48.854s] -- Installing: /home/w0x7ce/ws_moveit2/install/moveit_ros_planning_interface/lib/libmoveit_planning_scene_interface.so.2.5.4
[48.855s] -- Set runtime path of "/home/w0x7ce/ws_moveit2/install/moveit_ros_planning_interface/lib/libmoveit_planning_scene_interface.so.2.5.4" to ""
[48.855s] -- Installing: /home/w0x7ce/ws_moveit2/install/moveit_ros_planning_interface/lib/libmoveit_planning_scene_interface.so
[48.855s] -- Installing: /home/w0x7ce/ws_moveit2/install/moveit_ros_planning_interface/lib/libmoveit_move_group_interface.so.2.5.4
[48.857s] -- Set runtime path of "/home/w0x7ce/ws_moveit2/install/moveit_ros_planning_interface/lib/libmoveit_move_group_interface.so.2.5.4" to ""
[48.857s] -- Installing: /home/w0x7ce/ws_moveit2/install/moveit_ros_planning_interface/lib/libmoveit_move_group_interface.so
[48.857s] -- Installing: /home/w0x7ce/ws_moveit2/install/moveit_ros_planning_interface/share/moveit_ros_planning_interface/environment/library_path.sh
[48.857s] -- Installing: /home/w0x7ce/ws_moveit2/install/moveit_ros_planning_interface/share/moveit_ros_planning_interface/environment/library_path.dsv
[48.857s] -- Installing: /home/w0x7ce/ws_moveit2/install/moveit_ros_planning_interface/share/ament_index/resource_index/package_run_dependencies/moveit_ros_planning_interface
[48.857s] -- Installing: /home/w0x7ce/ws_moveit2/install/moveit_ros_planning_interface/share/ament_index/resource_index/parent_prefix_path/moveit_ros_planning_interface
[48.857s] -- Installing: /home/w0x7ce/ws_moveit2/install/moveit_ros_planning_interface/share/moveit_ros_planning_interface/environment/ament_prefix_path.sh
[48.858s] -- Installing: /home/w0x7ce/ws_moveit2/install/moveit_ros_planning_interface/share/moveit_ros_planning_interface/environment/ament_prefix_path.dsv
[48.858s] -- Installing: /home/w0x7ce/ws_moveit2/install/moveit_ros_planning_interface/share/moveit_ros_planning_interface/environment/path.sh
[48.858s] -- Installing: /home/w0x7ce/ws_moveit2/install/moveit_ros_planning_interface/share/moveit_ros_planning_interface/environment/path.dsv
[48.858s] -- Installing: /home/w0x7ce/ws_moveit2/install/moveit_ros_planning_interface/share/moveit_ros_planning_interface/local_setup.bash
[48.858s] -- Installing: /home/w0x7ce/ws_moveit2/install/moveit_ros_planning_interface/share/moveit_ros_planning_interface/local_setup.sh
[48.858s] -- Installing: /home/w0x7ce/ws_moveit2/install/moveit_ros_planning_interface/share/moveit_ros_planning_interface/local_setup.zsh
[48.858s] -- Installing: /home/w0x7ce/ws_moveit2/install/moveit_ros_planning_interface/share/moveit_ros_planning_interface/local_setup.dsv
[48.858s] -- Installing: /home/w0x7ce/ws_moveit2/install/moveit_ros_planning_interface/share/moveit_ros_planning_interface/package.dsv
[48.859s] -- Installing: /home/w0x7ce/ws_moveit2/install/moveit_ros_planning_interface/share/ament_index/resource_index/packages/moveit_ros_planning_interface
[48.859s] -- Installing: /home/w0x7ce/ws_moveit2/install/moveit_ros_planning_interface/share/moveit_ros_planning_interface/cmake/export_moveit_ros_planning_interfaceExport.cmake
[48.859s] -- Installing: /home/w0x7ce/ws_moveit2/install/moveit_ros_planning_interface/share/moveit_ros_planning_interface/cmake/export_moveit_ros_planning_interfaceExport-release.cmake
[48.859s] -- Installing: /home/w0x7ce/ws_moveit2/install/moveit_ros_planning_interface/share/moveit_ros_planning_interface/cmake/ConfigExtras.cmake
[48.859s] -- Installing: /home/w0x7ce/ws_moveit2/install/moveit_ros_planning_interface/share/moveit_ros_planning_interface/cmake/ament_cmake_export_targets-extras.cmake
[48.859s] -- Installing: /home/w0x7ce/ws_moveit2/install/moveit_ros_planning_interface/share/moveit_ros_planning_interface/cmake/ament_cmake_export_dependencies-extras.cmake
[48.859s] -- Installing: /home/w0x7ce/ws_moveit2/install/moveit_ros_planning_interface/share/moveit_ros_planning_interface/cmake/moveit_ros_planning_interfaceConfig.cmake
[48.859s] -- Installing: /home/w0x7ce/ws_moveit2/install/moveit_ros_planning_interface/share/moveit_ros_planning_interface/cmake/moveit_ros_planning_interfaceConfig-version.cmake
[48.859s] -- Installing: /home/w0x7ce/ws_moveit2/install/moveit_ros_planning_interface/share/moveit_ros_planning_interface/package.xml
[48.863s] Invoked command in '/home/w0x7ce/ws_moveit2/build/moveit_ros_planning_interface' returned '0': AMENT_PREFIX_PATH=/home/w0x7ce/ws_moveit2/install/moveit_ros_move_group:/home/w0x7ce/ws_moveit2/install/moveit_ros_warehouse:/home/w0x7ce/ws_moveit2/install/moveit_planners_ompl:/home/w0x7ce/ws_moveit2/install/moveit_kinematics:/home/w0x7ce/ws_moveit2/install/moveit_ros_planning:/home/w0x7ce/ws_moveit2/install/moveit_simple_controller_manager:/home/w0x7ce/ws_moveit2/install/moveit_ros_occupancy_map_monitor:/home/w0x7ce/ws_moveit2/install/moveit_core:/home/w0x7ce/ws_moveit2/install/moveit_resources_panda_moveit_config:/home/w0x7ce/ws_moveit2/install/moveit_resources_fanuc_moveit_config:/home/w0x7ce/ws_moveit2/install/moveit_configs_utils:/home/w0x7ce/ws_moveit2/install/srdfdom:/home/w0x7ce/ws_moveit2/install/moveit_resources_panda_description:/home/w0x7ce/ws_moveit2/install/moveit_resources_fanuc_description:/home/w0x7ce/ws_moveit2/install/moveit_common:/home/w0x7ce/ws_moveit2/install/launch_param_builder:${AMENT_PREFIX_PATH} CMAKE_PREFIX_PATH=/home/w0x7ce/ws_moveit2/install/moveit_ros_move_group:/home/w0x7ce/ws_moveit2/install/moveit_ros_warehouse:/home/w0x7ce/ws_moveit2/install/moveit_planners_ompl:/home/w0x7ce/ws_moveit2/install/moveit_kinematics:/home/w0x7ce/ws_moveit2/install/moveit_ros_planning:/home/w0x7ce/ws_moveit2/install/moveit_simple_controller_manager:/home/w0x7ce/ws_moveit2/install/moveit_ros_occupancy_map_monitor:/home/w0x7ce/ws_moveit2/install/moveit_core:/home/w0x7ce/ws_moveit2/install/moveit_resources_panda_moveit_config:/home/w0x7ce/ws_moveit2/install/moveit_resources_fanuc_moveit_config:/home/w0x7ce/ws_moveit2/install/srdfdom:/home/w0x7ce/ws_moveit2/install/moveit_resources_panda_description:/home/w0x7ce/ws_moveit2/install/moveit_resources_fanuc_description:/home/w0x7ce/ws_moveit2/install/moveit_common:/opt/ros/humble LD_LIBRARY_PATH=/home/w0x7ce/ws_moveit2/install/moveit_ros_move_group/lib:/home/w0x7ce/ws_moveit2/install/moveit_ros_warehouse/lib:/home/w0x7ce/ws_moveit2/install/moveit_planners_ompl/lib:/home/w0x7ce/ws_moveit2/install/moveit_kinematics/lib:/home/w0x7ce/ws_moveit2/install/moveit_ros_planning/lib:/home/w0x7ce/ws_moveit2/install/moveit_simple_controller_manager/lib:/home/w0x7ce/ws_moveit2/install/moveit_ros_occupancy_map_monitor/lib:/home/w0x7ce/ws_moveit2/install/moveit_core/lib:/home/w0x7ce/ws_moveit2/install/srdfdom/lib:${LD_LIBRARY_PATH} PATH=/home/w0x7ce/ws_moveit2/install/moveit_core/bin:${PATH} PYTHONPATH=/home/w0x7ce/ws_moveit2/install/moveit_configs_utils/lib/python3.10/site-packages:/home/w0x7ce/ws_moveit2/install/srdfdom/local/lib/python3.10/dist-packages:/home/w0x7ce/ws_moveit2/install/launch_param_builder/lib/python3.10/site-packages:${PYTHONPATH} /usr/bin/cmake --install /home/w0x7ce/ws_moveit2/build/moveit_ros_planning_interface
