[0.023s] Invoking command in '/home/w0x7ce/ws_moveit2/build/moveit_planners_ompl': AMENT_PREFIX_PATH=/home/w0x7ce/ws_moveit2/install/moveit_ros_planning:/home/w0x7ce/ws_moveit2/install/moveit_ros_occupancy_map_monitor:/home/w0x7ce/ws_moveit2/install/moveit_core:/home/w0x7ce/ws_moveit2/install/moveit_resources_panda_moveit_config:/home/w0x7ce/ws_moveit2/install/moveit_resources_fanuc_moveit_config:/home/w0x7ce/ws_moveit2/install/srdfdom:/home/w0x7ce/ws_moveit2/install/moveit_resources_pr2_description:/home/w0x7ce/ws_moveit2/install/moveit_resources_panda_description:/home/w0x7ce/ws_moveit2/install/moveit_resources_fanuc_description:/home/w0x7ce/ws_moveit2/install/moveit_common:${AMENT_PREFIX_PATH} CMAKE_PREFIX_PATH=/home/w0x7ce/ws_moveit2/install/moveit_ros_planning:/home/w0x7ce/ws_moveit2/install/moveit_ros_occupancy_map_monitor:/home/w0x7ce/ws_moveit2/install/moveit_core:/home/w0x7ce/ws_moveit2/install/moveit_resources_panda_moveit_config:/home/w0x7ce/ws_moveit2/install/moveit_resources_fanuc_moveit_config:/home/w0x7ce/ws_moveit2/install/srdfdom:/home/w0x7ce/ws_moveit2/install/moveit_resources_pr2_description:/home/w0x7ce/ws_moveit2/install/moveit_resources_panda_description:/home/w0x7ce/ws_moveit2/install/moveit_resources_fanuc_description:/home/w0x7ce/ws_moveit2/install/moveit_common:/opt/ros/humble LD_LIBRARY_PATH=/home/w0x7ce/ws_moveit2/install/moveit_ros_planning/lib:/home/w0x7ce/ws_moveit2/install/moveit_ros_occupancy_map_monitor/lib:/home/w0x7ce/ws_moveit2/install/moveit_core/lib:/home/w0x7ce/ws_moveit2/install/srdfdom/lib:${LD_LIBRARY_PATH} PATH=/home/w0x7ce/ws_moveit2/install/moveit_core/bin:${PATH} PYTHONPATH=/home/w0x7ce/ws_moveit2/install/srdfdom/local/lib/python3.10/dist-packages:${PYTHONPATH} /usr/bin/cmake /home/w0x7ce/ws_moveit2/src/moveit2/moveit_planners/ompl -DCMAKE_INSTALL_PREFIX=/home/w0x7ce/ws_moveit2/install/moveit_planners_ompl
[0.111s] -- The C compiler identification is GNU 11.3.0
[0.171s] -- The CXX compiler identification is GNU 11.3.0
[0.180s] -- Detecting C compiler ABI info
[0.256s] -- Detecting C compiler ABI info - done
[0.272s] -- Check for working C compiler: /usr/bin/cc - skipped
[0.274s] -- Detecting C compile features
[0.278s] -- Detecting C compile features - done
[0.281s] -- Detecting CXX compiler ABI info
[0.386s] -- Detecting CXX compiler ABI info - done
[0.388s] -- Check for working CXX compiler: /usr/bin/c++ - skipped
[0.388s] -- Detecting CXX compile features
[0.389s] -- Detecting CXX compile features - done
[0.391s] -- Found moveit_common: 2.5.4 (/home/w0x7ce/ws_moveit2/install/moveit_common/share/moveit_common/cmake)
[0.394s] -- Found ament_cmake: 1.3.3 (/opt/ros/humble/share/ament_cmake/cmake)
[0.563s] -- Found Python3: /usr/bin/python3.10 (found version "3.10.6") found components: Interpreter 
[0.748s] -- Found libdw: /usr/lib/x86_64-linux-gnu/libdw.so  
[0.754s] -- Could NOT find libbfd (missing: LIBBFD_LIBRARY LIBBFD_INCLUDE_DIR) 
[0.755s] -- BACKWARD_HAS_UNWIND=1
[0.755s] -- BACKWARD_HAS_BACKTRACE=0
[0.755s] -- BACKWARD_HAS_BACKTRACE_SYMBOL=0
[0.755s] -- BACKWARD_HAS_DW=1
[0.755s] -- BACKWARD_HAS_BFD=0
[0.755s] -- Found Backward: /opt/ros/humble/share/backward_ros/cmake  
[0.756s] [0mmoveit_planners_ompl: You did not request a specific build type: Choosing 'Release' for maximum performance[0m
[0.900s] -- Found Boost: /usr/lib/x86_64-linux-gnu/cmake/Boost-1.74.0/BoostConfig.cmake (found version "1.74.0") found components: system filesystem date_time thread serialization 
[0.902s] -- Found moveit_core: 2.5.4 (/home/w0x7ce/ws_moveit2/install/moveit_core/share/moveit_core/cmake)
[0.921s] -- Found Boost: /usr/lib/x86_64-linux-gnu/cmake/Boost-1.74.0/BoostConfig.cmake (found version "1.74.0") found components: chrono date_time filesystem iostreams program_options regex serialization system thread 
[0.941s] -- Found Boost: /usr/lib/x86_64-linux-gnu/cmake/Boost-1.74.0/BoostConfig.cmake (found version "1.74.0") found components: filesystem 
[1.016s] -- Found rosidl_generator_c: 3.1.4 (/opt/ros/humble/share/rosidl_generator_c/cmake)
[1.025s] -- Found rosidl_adapter: 3.1.4 (/opt/ros/humble/share/rosidl_adapter/cmake)
[1.036s] -- Found rosidl_generator_cpp: 3.1.4 (/opt/ros/humble/share/rosidl_generator_cpp/cmake)
[1.054s] -- Using all available rosidl_typesupport_c: rosidl_typesupport_fastrtps_c;rosidl_typesupport_introspection_c
[1.082s] -- Using all available rosidl_typesupport_cpp: rosidl_typesupport_fastrtps_cpp;rosidl_typesupport_introspection_cpp
[1.327s] -- Found rmw_implementation_cmake: 6.1.1 (/opt/ros/humble/share/rmw_implementation_cmake/cmake)
[1.331s] -- Found rmw_fastrtps_cpp: 6.2.2 (/opt/ros/humble/share/rmw_fastrtps_cpp/cmake)
[1.439s] -- Found OpenSSL: /usr/lib/x86_64-linux-gnu/libcrypto.so (found version "3.0.2")  
[1.473s] -- Found FastRTPS: /opt/ros/humble/include  
[1.541s] -- Using RMW implementation 'rmw_fastrtps_cpp' as default
[1.555s] -- Found Threads: TRUE  
[1.793s] -- library: /usr/lib/x86_64-linux-gnu/libcurl.so
[2.202s] -- Found Eigen3: TRUE (found version "3.4.0") 
[2.202s] -- Ensuring Eigen3 include directory is part of orocos-kdl CMake target
[3.660s] -- Found moveit_ros_planning: 2.5.4 (/home/w0x7ce/ws_moveit2/install/moveit_ros_planning/share/moveit_ros_planning/cmake)
[3.666s] -- Found Boost: /usr/lib/x86_64-linux-gnu/cmake/Boost-1.74.0/BoostConfig.cmake (found version "1.74.0") found components: system filesystem date_time program_options thread chrono 
[4.204s] -- Found ompl: /opt/ros/humble/include/ompl-1.5;/usr/include;/usr/include/eigen3  
[5.669s] -- Found OpenMP_C: -fopenmp (found version "4.5") 
[6.243s] -- Found OpenMP_CXX: -fopenmp (found version "4.5") 
[6.243s] -- Found OpenMP: TRUE (found version "4.5")  
[6.296s] -- Found ament_cmake_gtest: 1.3.3 (/opt/ros/humble/share/ament_cmake_gtest/cmake)
[6.301s] -- Found gtest sources under '/opt/ros/humble/src/gtest_vendor': C++ tests using 'Google Test' will be built
[6.534s] -- Found ament_lint_auto: 0.12.4 (/opt/ros/humble/share/ament_lint_auto/cmake)
[6.710s] -- Added test 'cppcheck' to perform static code analysis on C / C++ code
[6.710s] -- Configured cppcheck include dirs: /home/w0x7ce/ws_moveit2/src/moveit2/moveit_planners/ompl/ompl_interface/include
[6.710s] -- Configured cppcheck exclude dirs and/or files: 
[6.712s] -- Added test 'lint_cmake' to check CMake code style
[6.722s] -- Added test 'xmllint' to check XML markup files
[6.724s] -- Configuring done
[7.446s] -- Generating done
[7.450s] -- Build files have been written to: /home/w0x7ce/ws_moveit2/build/moveit_planners_ompl
[7.511s] Invoked command in '/home/w0x7ce/ws_moveit2/build/moveit_planners_ompl' returned '0': AMENT_PREFIX_PATH=/home/w0x7ce/ws_moveit2/install/moveit_ros_planning:/home/w0x7ce/ws_moveit2/install/moveit_ros_occupancy_map_monitor:/home/w0x7ce/ws_moveit2/install/moveit_core:/home/w0x7ce/ws_moveit2/install/moveit_resources_panda_moveit_config:/home/w0x7ce/ws_moveit2/install/moveit_resources_fanuc_moveit_config:/home/w0x7ce/ws_moveit2/install/srdfdom:/home/w0x7ce/ws_moveit2/install/moveit_resources_pr2_description:/home/w0x7ce/ws_moveit2/install/moveit_resources_panda_description:/home/w0x7ce/ws_moveit2/install/moveit_resources_fanuc_description:/home/w0x7ce/ws_moveit2/install/moveit_common:${AMENT_PREFIX_PATH} CMAKE_PREFIX_PATH=/home/w0x7ce/ws_moveit2/install/moveit_ros_planning:/home/w0x7ce/ws_moveit2/install/moveit_ros_occupancy_map_monitor:/home/w0x7ce/ws_moveit2/install/moveit_core:/home/w0x7ce/ws_moveit2/install/moveit_resources_panda_moveit_config:/home/w0x7ce/ws_moveit2/install/moveit_resources_fanuc_moveit_config:/home/w0x7ce/ws_moveit2/install/srdfdom:/home/w0x7ce/ws_moveit2/install/moveit_resources_pr2_description:/home/w0x7ce/ws_moveit2/install/moveit_resources_panda_description:/home/w0x7ce/ws_moveit2/install/moveit_resources_fanuc_description:/home/w0x7ce/ws_moveit2/install/moveit_common:/opt/ros/humble LD_LIBRARY_PATH=/home/w0x7ce/ws_moveit2/install/moveit_ros_planning/lib:/home/w0x7ce/ws_moveit2/install/moveit_ros_occupancy_map_monitor/lib:/home/w0x7ce/ws_moveit2/install/moveit_core/lib:/home/w0x7ce/ws_moveit2/install/srdfdom/lib:${LD_LIBRARY_PATH} PATH=/home/w0x7ce/ws_moveit2/install/moveit_core/bin:${PATH} PYTHONPATH=/home/w0x7ce/ws_moveit2/install/srdfdom/local/lib/python3.10/dist-packages:${PYTHONPATH} /usr/bin/cmake /home/w0x7ce/ws_moveit2/src/moveit2/moveit_planners/ompl -DCMAKE_INSTALL_PREFIX=/home/w0x7ce/ws_moveit2/install/moveit_planners_ompl
[7.518s] Invoking command in '/home/w0x7ce/ws_moveit2/build/moveit_planners_ompl': AMENT_PREFIX_PATH=/home/w0x7ce/ws_moveit2/install/moveit_ros_planning:/home/w0x7ce/ws_moveit2/install/moveit_ros_occupancy_map_monitor:/home/w0x7ce/ws_moveit2/install/moveit_core:/home/w0x7ce/ws_moveit2/install/moveit_resources_panda_moveit_config:/home/w0x7ce/ws_moveit2/install/moveit_resources_fanuc_moveit_config:/home/w0x7ce/ws_moveit2/install/srdfdom:/home/w0x7ce/ws_moveit2/install/moveit_resources_pr2_description:/home/w0x7ce/ws_moveit2/install/moveit_resources_panda_description:/home/w0x7ce/ws_moveit2/install/moveit_resources_fanuc_description:/home/w0x7ce/ws_moveit2/install/moveit_common:${AMENT_PREFIX_PATH} CMAKE_PREFIX_PATH=/home/w0x7ce/ws_moveit2/install/moveit_ros_planning:/home/w0x7ce/ws_moveit2/install/moveit_ros_occupancy_map_monitor:/home/w0x7ce/ws_moveit2/install/moveit_core:/home/w0x7ce/ws_moveit2/install/moveit_resources_panda_moveit_config:/home/w0x7ce/ws_moveit2/install/moveit_resources_fanuc_moveit_config:/home/w0x7ce/ws_moveit2/install/srdfdom:/home/w0x7ce/ws_moveit2/install/moveit_resources_pr2_description:/home/w0x7ce/ws_moveit2/install/moveit_resources_panda_description:/home/w0x7ce/ws_moveit2/install/moveit_resources_fanuc_description:/home/w0x7ce/ws_moveit2/install/moveit_common:/opt/ros/humble LD_LIBRARY_PATH=/home/w0x7ce/ws_moveit2/install/moveit_ros_planning/lib:/home/w0x7ce/ws_moveit2/install/moveit_ros_occupancy_map_monitor/lib:/home/w0x7ce/ws_moveit2/install/moveit_core/lib:/home/w0x7ce/ws_moveit2/install/srdfdom/lib:${LD_LIBRARY_PATH} PATH=/home/w0x7ce/ws_moveit2/install/moveit_core/bin:${PATH} PYTHONPATH=/home/w0x7ce/ws_moveit2/install/srdfdom/local/lib/python3.10/dist-packages:${PYTHONPATH} /usr/bin/cmake --build /home/w0x7ce/ws_moveit2/build/moveit_planners_ompl -- -j4 -l4
[7.682s] [  2%] [32mBuilding CXX object ompl_interface/CMakeFiles/moveit_ompl_interface.dir/src/ompl_interface.cpp.o[0m
[7.682s] [  4%] [32mBuilding CXX object ompl_interface/CMakeFiles/moveit_ompl_interface.dir/src/planning_context_manager.cpp.o[0m
[7.684s] [  7%] [32mBuilding CXX object gtest/CMakeFiles/gtest_main.dir/src/gtest_main.cc.o[0m
[11.413s] [  9%] [32m[1mLinking CXX static library libgtest_main.a[0m
[11.655s] [  9%] Built target gtest_main
[45.466s] [ 12%] [32mBuilding CXX object ompl_interface/CMakeFiles/moveit_ompl_interface.dir/src/parameterization/model_based_state_space.cpp.o[0m
[54.668s] [ 14%] [32mBuilding CXX object ompl_interface/CMakeFiles/moveit_ompl_interface.dir/src/parameterization/model_based_state_space_factory.cpp.o[0m
[63.309s] [ 17%] [32mBuilding CXX object ompl_interface/CMakeFiles/moveit_ompl_interface.dir/src/parameterization/joint_space/constrained_planning_state_space.cpp.o[0m
[72.780s] [ 19%] [32mBuilding CXX object ompl_interface/CMakeFiles/moveit_ompl_interface.dir/src/parameterization/joint_space/constrained_planning_state_space_factory.cpp.o[0m
[81.452s] [ 21%] [32mBuilding CXX object ompl_interface/CMakeFiles/moveit_ompl_interface.dir/src/parameterization/joint_space/joint_model_state_space.cpp.o[0m
[89.801s] [ 24%] [32mBuilding CXX object ompl_interface/CMakeFiles/moveit_ompl_interface.dir/src/parameterization/joint_space/joint_model_state_space_factory.cpp.o[0m
[98.440s] [ 26%] [32mBuilding CXX object ompl_interface/CMakeFiles/moveit_ompl_interface.dir/src/parameterization/work_space/pose_model_state_space.cpp.o[0m
[107.953s] [ 29%] [32mBuilding CXX object ompl_interface/CMakeFiles/moveit_ompl_interface.dir/src/parameterization/work_space/pose_model_state_space_factory.cpp.o[0m
[116.828s] [ 31%] [32mBuilding CXX object ompl_interface/CMakeFiles/moveit_ompl_interface.dir/src/detail/ompl_constraints.cpp.o[0m
[128.610s] [ 34%] [32mBuilding CXX object ompl_interface/CMakeFiles/moveit_ompl_interface.dir/src/detail/threadsafe_state_storage.cpp.o[0m
[133.943s] [ 36%] [32mBuilding CXX object ompl_interface/CMakeFiles/moveit_ompl_interface.dir/src/detail/state_validity_checker.cpp.o[0m
[144.036s] [ 39%] [32mBuilding CXX object ompl_interface/CMakeFiles/moveit_ompl_interface.dir/src/detail/projection_evaluators.cpp.o[0m
[154.089s] [ 41%] [32mBuilding CXX object ompl_interface/CMakeFiles/moveit_ompl_interface.dir/src/detail/goal_union.cpp.o[0m
[156.027s] [ 43%] [32mBuilding CXX object ompl_interface/CMakeFiles/moveit_ompl_interface.dir/src/detail/constraints_library.cpp.o[0m
[169.593s] [ 46%] [32mBuilding CXX object ompl_interface/CMakeFiles/moveit_ompl_interface.dir/src/detail/constrained_sampler.cpp.o[0m
[179.370s] [ 48%] [32mBuilding CXX object ompl_interface/CMakeFiles/moveit_ompl_interface.dir/src/detail/constrained_valid_state_sampler.cpp.o[0m
[188.952s] [ 51%] [32mBuilding CXX object ompl_interface/CMakeFiles/moveit_ompl_interface.dir/src/detail/constrained_goal_sampler.cpp.o[0m
[198.502s] [ 53%] [32mBuilding CXX object ompl_interface/CMakeFiles/moveit_ompl_interface.dir/src/model_based_planning_context.cpp.o[0m
[214.359s] [ 56%] [32m[1mLinking CXX shared library libmoveit_ompl_interface.so[0m
[214.902s] [ 56%] Built target moveit_ompl_interface
[214.913s] [ 58%] [32mBuilding CXX object gtest/CMakeFiles/gtest.dir/src/gtest-all.cc.o[0m
[222.645s] [ 60%] [32m[1mLinking CXX static library libgtest.a[0m
[222.702s] [ 60%] Built target gtest
[222.715s] [ 63%] [32mBuilding CXX object ompl_interface/CMakeFiles/moveit_ompl_planner_plugin.dir/src/ompl_planner_manager.cpp.o[0m
[232.910s] [ 65%] [32m[1mLinking CXX shared library libmoveit_ompl_planner_plugin.so[0m
[233.260s] [ 65%] Built target moveit_ompl_planner_plugin
[233.271s] [ 68%] [32mBuilding CXX object ompl_interface/CMakeFiles/test_state_validity_checker.dir/test/test_state_validity_checker.cpp.o[0m
[244.231s] [ 70%] [32m[1mLinking CXX executable test_state_validity_checker[0m
[244.771s] [ 70%] Built target test_state_validity_checker
[244.783s] [ 73%] [32mBuilding CXX object ompl_interface/CMakeFiles/test_planning_context_manager.dir/test/test_planning_context_manager.cpp.o[0m
[246.795s] [ 75%] [32mBuilding CXX object ompl_interface/CMakeFiles/test_constrained_planning_state_space.dir/test/test_constrained_planning_state_space.cpp.o[0m
[248.866s] [ 78%] [32mBuilding CXX object ompl_interface/CMakeFiles/test_state_space.dir/test/test_state_space.cpp.o[0m
[250.937s] [ 80%] [32mBuilding CXX object ompl_interface/CMakeFiles/moveit_generate_state_database.dir/scripts/generate_state_database.cpp.o[0m
[266.839s] [ 82%] [32m[1mLinking CXX executable test_constrained_planning_state_space[0m
[268.290s] [ 82%] Built target test_constrained_planning_state_space
[269.176s] [ 85%] [32m[1mLinking CXX executable test_planning_context_manager[0m
[269.313s] [ 87%] [32m[1mLinking CXX executable test_state_space[0m
[269.991s] [ 87%] Built target test_planning_context_manager
[270.247s] [ 87%] Built target test_state_space
[274.354s] [ 90%] [32m[1mLinking CXX executable generate_state_database[0m
[274.811s] [ 90%] Built target moveit_generate_state_database
[274.823s] [ 92%] [32mBuilding CXX object ompl_interface/CMakeFiles/test_threadsafe_state_storage.dir/test/test_threadsafe_state_storage.cpp.o[0m
[280.489s] [ 95%] [32m[1mLinking CXX executable test_threadsafe_state_storage[0m
[280.919s] [ 95%] Built target test_threadsafe_state_storage
[280.931s] [ 97%] [32mBuilding CXX object ompl_interface/CMakeFiles/test_constrained_state_validity_checker.dir/test/test_constrained_state_validity_checker.cpp.o[0m
[292.069s] [100%] [32m[1mLinking CXX executable test_constrained_state_validity_checker[0m
[292.575s] [100%] Built target test_constrained_state_validity_checker
[292.581s] Invoked command in '/home/w0x7ce/ws_moveit2/build/moveit_planners_ompl' returned '0': AMENT_PREFIX_PATH=/home/w0x7ce/ws_moveit2/install/moveit_ros_planning:/home/w0x7ce/ws_moveit2/install/moveit_ros_occupancy_map_monitor:/home/w0x7ce/ws_moveit2/install/moveit_core:/home/w0x7ce/ws_moveit2/install/moveit_resources_panda_moveit_config:/home/w0x7ce/ws_moveit2/install/moveit_resources_fanuc_moveit_config:/home/w0x7ce/ws_moveit2/install/srdfdom:/home/w0x7ce/ws_moveit2/install/moveit_resources_pr2_description:/home/w0x7ce/ws_moveit2/install/moveit_resources_panda_description:/home/w0x7ce/ws_moveit2/install/moveit_resources_fanuc_description:/home/w0x7ce/ws_moveit2/install/moveit_common:${AMENT_PREFIX_PATH} CMAKE_PREFIX_PATH=/home/w0x7ce/ws_moveit2/install/moveit_ros_planning:/home/w0x7ce/ws_moveit2/install/moveit_ros_occupancy_map_monitor:/home/w0x7ce/ws_moveit2/install/moveit_core:/home/w0x7ce/ws_moveit2/install/moveit_resources_panda_moveit_config:/home/w0x7ce/ws_moveit2/install/moveit_resources_fanuc_moveit_config:/home/w0x7ce/ws_moveit2/install/srdfdom:/home/w0x7ce/ws_moveit2/install/moveit_resources_pr2_description:/home/w0x7ce/ws_moveit2/install/moveit_resources_panda_description:/home/w0x7ce/ws_moveit2/install/moveit_resources_fanuc_description:/home/w0x7ce/ws_moveit2/install/moveit_common:/opt/ros/humble LD_LIBRARY_PATH=/home/w0x7ce/ws_moveit2/install/moveit_ros_planning/lib:/home/w0x7ce/ws_moveit2/install/moveit_ros_occupancy_map_monitor/lib:/home/w0x7ce/ws_moveit2/install/moveit_core/lib:/home/w0x7ce/ws_moveit2/install/srdfdom/lib:${LD_LIBRARY_PATH} PATH=/home/w0x7ce/ws_moveit2/install/moveit_core/bin:${PATH} PYTHONPATH=/home/w0x7ce/ws_moveit2/install/srdfdom/local/lib/python3.10/dist-packages:${PYTHONPATH} /usr/bin/cmake --build /home/w0x7ce/ws_moveit2/build/moveit_planners_ompl -- -j4 -l4
[292.605s] Invoking command in '/home/w0x7ce/ws_moveit2/build/moveit_planners_ompl': AMENT_PREFIX_PATH=/home/w0x7ce/ws_moveit2/install/moveit_ros_planning:/home/w0x7ce/ws_moveit2/install/moveit_ros_occupancy_map_monitor:/home/w0x7ce/ws_moveit2/install/moveit_core:/home/w0x7ce/ws_moveit2/install/moveit_resources_panda_moveit_config:/home/w0x7ce/ws_moveit2/install/moveit_resources_fanuc_moveit_config:/home/w0x7ce/ws_moveit2/install/srdfdom:/home/w0x7ce/ws_moveit2/install/moveit_resources_pr2_description:/home/w0x7ce/ws_moveit2/install/moveit_resources_panda_description:/home/w0x7ce/ws_moveit2/install/moveit_resources_fanuc_description:/home/w0x7ce/ws_moveit2/install/moveit_common:${AMENT_PREFIX_PATH} CMAKE_PREFIX_PATH=/home/w0x7ce/ws_moveit2/install/moveit_ros_planning:/home/w0x7ce/ws_moveit2/install/moveit_ros_occupancy_map_monitor:/home/w0x7ce/ws_moveit2/install/moveit_core:/home/w0x7ce/ws_moveit2/install/moveit_resources_panda_moveit_config:/home/w0x7ce/ws_moveit2/install/moveit_resources_fanuc_moveit_config:/home/w0x7ce/ws_moveit2/install/srdfdom:/home/w0x7ce/ws_moveit2/install/moveit_resources_pr2_description:/home/w0x7ce/ws_moveit2/install/moveit_resources_panda_description:/home/w0x7ce/ws_moveit2/install/moveit_resources_fanuc_description:/home/w0x7ce/ws_moveit2/install/moveit_common:/opt/ros/humble LD_LIBRARY_PATH=/home/w0x7ce/ws_moveit2/install/moveit_ros_planning/lib:/home/w0x7ce/ws_moveit2/install/moveit_ros_occupancy_map_monitor/lib:/home/w0x7ce/ws_moveit2/install/moveit_core/lib:/home/w0x7ce/ws_moveit2/install/srdfdom/lib:${LD_LIBRARY_PATH} PATH=/home/w0x7ce/ws_moveit2/install/moveit_core/bin:${PATH} PYTHONPATH=/home/w0x7ce/ws_moveit2/install/srdfdom/local/lib/python3.10/dist-packages:${PYTHONPATH} /usr/bin/cmake --install /home/w0x7ce/ws_moveit2/build/moveit_planners_ompl
[292.608s] -- Install configuration: "Release"
[292.608s] -- Installing: /home/w0x7ce/ws_moveit2/install/moveit_planners_ompl/lib/moveit_planners_ompl/generate_state_database
[292.609s] -- Set runtime path of "/home/w0x7ce/ws_moveit2/install/moveit_planners_ompl/lib/moveit_planners_ompl/generate_state_database" to ""
[292.609s] -- Installing: /home/w0x7ce/ws_moveit2/install/moveit_planners_ompl/include
[292.609s] -- Installing: /home/w0x7ce/ws_moveit2/install/moveit_planners_ompl/include/moveit
[292.609s] -- Installing: /home/w0x7ce/ws_moveit2/install/moveit_planners_ompl/include/moveit/ompl_interface
[292.609s] -- Installing: /home/w0x7ce/ws_moveit2/install/moveit_planners_ompl/include/moveit/ompl_interface/planning_context_manager.h
[292.609s] -- Installing: /home/w0x7ce/ws_moveit2/install/moveit_planners_ompl/include/moveit/ompl_interface/model_based_planning_context.h
[292.609s] -- Installing: /home/w0x7ce/ws_moveit2/install/moveit_planners_ompl/include/moveit/ompl_interface/parameterization
[292.609s] -- Installing: /home/w0x7ce/ws_moveit2/install/moveit_planners_ompl/include/moveit/ompl_interface/parameterization/model_based_state_space_factory.h
[292.610s] -- Installing: /home/w0x7ce/ws_moveit2/install/moveit_planners_ompl/include/moveit/ompl_interface/parameterization/model_based_state_space.h
[292.610s] -- Installing: /home/w0x7ce/ws_moveit2/install/moveit_planners_ompl/include/moveit/ompl_interface/parameterization/joint_space
[292.610s] -- Installing: /home/w0x7ce/ws_moveit2/install/moveit_planners_ompl/include/moveit/ompl_interface/parameterization/joint_space/joint_model_state_space.h
[292.610s] -- Installing: /home/w0x7ce/ws_moveit2/install/moveit_planners_ompl/include/moveit/ompl_interface/parameterization/joint_space/joint_model_state_space_factory.h
[292.610s] -- Installing: /home/w0x7ce/ws_moveit2/install/moveit_planners_ompl/include/moveit/ompl_interface/parameterization/joint_space/constrained_planning_state_space.h
[292.610s] -- Installing: /home/w0x7ce/ws_moveit2/install/moveit_planners_ompl/include/moveit/ompl_interface/parameterization/joint_space/constrained_planning_state_space_factory.h
[292.610s] -- Installing: /home/w0x7ce/ws_moveit2/install/moveit_planners_ompl/include/moveit/ompl_interface/parameterization/work_space
[292.610s] -- Installing: /home/w0x7ce/ws_moveit2/install/moveit_planners_ompl/include/moveit/ompl_interface/parameterization/work_space/pose_model_state_space_factory.h
[292.610s] -- Installing: /home/w0x7ce/ws_moveit2/install/moveit_planners_ompl/include/moveit/ompl_interface/parameterization/work_space/pose_model_state_space.h
[292.610s] -- Installing: /home/w0x7ce/ws_moveit2/install/moveit_planners_ompl/include/moveit/ompl_interface/ompl_interface.h
[292.611s] -- Installing: /home/w0x7ce/ws_moveit2/install/moveit_planners_ompl/include/moveit/ompl_interface/detail
[292.611s] -- Installing: /home/w0x7ce/ws_moveit2/install/moveit_planners_ompl/include/moveit/ompl_interface/detail/ompl_constraints.h
[292.611s] -- Installing: /home/w0x7ce/ws_moveit2/install/moveit_planners_ompl/include/moveit/ompl_interface/detail/state_validity_checker.h
[292.611s] -- Installing: /home/w0x7ce/ws_moveit2/install/moveit_planners_ompl/include/moveit/ompl_interface/detail/constraints_library.h
[292.611s] -- Installing: /home/w0x7ce/ws_moveit2/install/moveit_planners_ompl/include/moveit/ompl_interface/detail/constrained_goal_sampler.h
[292.611s] -- Installing: /home/w0x7ce/ws_moveit2/install/moveit_planners_ompl/include/moveit/ompl_interface/detail/goal_union.h
[292.611s] -- Installing: /home/w0x7ce/ws_moveit2/install/moveit_planners_ompl/include/moveit/ompl_interface/detail/constrained_valid_state_sampler.h
[292.611s] -- Installing: /home/w0x7ce/ws_moveit2/install/moveit_planners_ompl/include/moveit/ompl_interface/detail/constrained_sampler.h
[292.611s] -- Installing: /home/w0x7ce/ws_moveit2/install/moveit_planners_ompl/include/moveit/ompl_interface/detail/projection_evaluators.h
[292.611s] -- Installing: /home/w0x7ce/ws_moveit2/install/moveit_planners_ompl/include/moveit/ompl_interface/detail/threadsafe_state_storage.h
[292.612s] -- Installing: /home/w0x7ce/ws_moveit2/install/moveit_planners_ompl/include/moveit/ompl_interface/detail/constraint_approximations.h
[292.612s] -- Installing: /home/w0x7ce/ws_moveit2/install/moveit_planners_ompl/lib/libmoveit_ompl_interface.so.2.5.4
[292.614s] -- Set runtime path of "/home/w0x7ce/ws_moveit2/install/moveit_planners_ompl/lib/libmoveit_ompl_interface.so.2.5.4" to ""
[292.614s] -- Installing: /home/w0x7ce/ws_moveit2/install/moveit_planners_ompl/lib/libmoveit_ompl_interface.so
[292.614s] -- Installing: /home/w0x7ce/ws_moveit2/install/moveit_planners_ompl/lib/libmoveit_ompl_planner_plugin.so.2.5.4
[292.615s] -- Set runtime path of "/home/w0x7ce/ws_moveit2/install/moveit_planners_ompl/lib/libmoveit_ompl_planner_plugin.so.2.5.4" to ""
[292.615s] -- Installing: /home/w0x7ce/ws_moveit2/install/moveit_planners_ompl/lib/libmoveit_ompl_planner_plugin.so
[292.615s] -- Installing: /home/w0x7ce/ws_moveit2/install/moveit_planners_ompl/share/moveit_planners_ompl/environment/library_path.sh
[292.615s] -- Installing: /home/w0x7ce/ws_moveit2/install/moveit_planners_ompl/share/moveit_planners_ompl/environment/library_path.dsv
[292.615s] -- Installing: /home/w0x7ce/ws_moveit2/install/moveit_planners_ompl/share/moveit_planners_ompl/ompl_interface_plugin_description.xml
[292.629s] -- Installing: /home/w0x7ce/ws_moveit2/install/moveit_planners_ompl/share/ament_index/resource_index/package_run_dependencies/moveit_planners_ompl
[292.629s] -- Installing: /home/w0x7ce/ws_moveit2/install/moveit_planners_ompl/share/ament_index/resource_index/parent_prefix_path/moveit_planners_ompl
[292.629s] -- Installing: /home/w0x7ce/ws_moveit2/install/moveit_planners_ompl/share/moveit_planners_ompl/environment/ament_prefix_path.sh
[292.629s] -- Installing: /home/w0x7ce/ws_moveit2/install/moveit_planners_ompl/share/moveit_planners_ompl/environment/ament_prefix_path.dsv
[292.629s] -- Installing: /home/w0x7ce/ws_moveit2/install/moveit_planners_ompl/share/moveit_planners_ompl/environment/path.sh
[292.630s] -- Installing: /home/w0x7ce/ws_moveit2/install/moveit_planners_ompl/share/moveit_planners_ompl/environment/path.dsv
[292.630s] -- Installing: /home/w0x7ce/ws_moveit2/install/moveit_planners_ompl/share/moveit_planners_ompl/local_setup.bash
[292.630s] -- Installing: /home/w0x7ce/ws_moveit2/install/moveit_planners_ompl/share/moveit_planners_ompl/local_setup.sh
[292.630s] -- Installing: /home/w0x7ce/ws_moveit2/install/moveit_planners_ompl/share/moveit_planners_ompl/local_setup.zsh
[292.630s] -- Installing: /home/w0x7ce/ws_moveit2/install/moveit_planners_ompl/share/moveit_planners_ompl/local_setup.dsv
[292.630s] -- Installing: /home/w0x7ce/ws_moveit2/install/moveit_planners_ompl/share/moveit_planners_ompl/package.dsv
[292.630s] -- Installing: /home/w0x7ce/ws_moveit2/install/moveit_planners_ompl/share/ament_index/resource_index/packages/moveit_planners_ompl
[292.630s] -- Installing: /home/w0x7ce/ws_moveit2/install/moveit_planners_ompl/share/ament_index/resource_index/moveit_core__pluginlib__plugin/moveit_planners_ompl
[292.631s] -- Installing: /home/w0x7ce/ws_moveit2/install/moveit_planners_ompl/share/moveit_planners_ompl/cmake/export_moveit_planners_omplExport.cmake
[292.631s] -- Installing: /home/w0x7ce/ws_moveit2/install/moveit_planners_ompl/share/moveit_planners_ompl/cmake/export_moveit_planners_omplExport-release.cmake
[292.631s] -- Installing: /home/w0x7ce/ws_moveit2/install/moveit_planners_ompl/share/moveit_planners_ompl/cmake/ament_cmake_export_targets-extras.cmake
[292.631s] -- Installing: /home/w0x7ce/ws_moveit2/install/moveit_planners_ompl/share/moveit_planners_ompl/cmake/ament_cmake_export_dependencies-extras.cmake
[292.631s] -- Installing: /home/w0x7ce/ws_moveit2/install/moveit_planners_ompl/share/moveit_planners_ompl/cmake/moveit_planners_omplConfig.cmake
[292.631s] -- Installing: /home/w0x7ce/ws_moveit2/install/moveit_planners_ompl/share/moveit_planners_ompl/cmake/moveit_planners_omplConfig-version.cmake
[292.631s] -- Installing: /home/w0x7ce/ws_moveit2/install/moveit_planners_ompl/share/moveit_planners_ompl/package.xml
[292.635s] Invoked command in '/home/w0x7ce/ws_moveit2/build/moveit_planners_ompl' returned '0': AMENT_PREFIX_PATH=/home/w0x7ce/ws_moveit2/install/moveit_ros_planning:/home/w0x7ce/ws_moveit2/install/moveit_ros_occupancy_map_monitor:/home/w0x7ce/ws_moveit2/install/moveit_core:/home/w0x7ce/ws_moveit2/install/moveit_resources_panda_moveit_config:/home/w0x7ce/ws_moveit2/install/moveit_resources_fanuc_moveit_config:/home/w0x7ce/ws_moveit2/install/srdfdom:/home/w0x7ce/ws_moveit2/install/moveit_resources_pr2_description:/home/w0x7ce/ws_moveit2/install/moveit_resources_panda_description:/home/w0x7ce/ws_moveit2/install/moveit_resources_fanuc_description:/home/w0x7ce/ws_moveit2/install/moveit_common:${AMENT_PREFIX_PATH} CMAKE_PREFIX_PATH=/home/w0x7ce/ws_moveit2/install/moveit_ros_planning:/home/w0x7ce/ws_moveit2/install/moveit_ros_occupancy_map_monitor:/home/w0x7ce/ws_moveit2/install/moveit_core:/home/w0x7ce/ws_moveit2/install/moveit_resources_panda_moveit_config:/home/w0x7ce/ws_moveit2/install/moveit_resources_fanuc_moveit_config:/home/w0x7ce/ws_moveit2/install/srdfdom:/home/w0x7ce/ws_moveit2/install/moveit_resources_pr2_description:/home/w0x7ce/ws_moveit2/install/moveit_resources_panda_description:/home/w0x7ce/ws_moveit2/install/moveit_resources_fanuc_description:/home/w0x7ce/ws_moveit2/install/moveit_common:/opt/ros/humble LD_LIBRARY_PATH=/home/w0x7ce/ws_moveit2/install/moveit_ros_planning/lib:/home/w0x7ce/ws_moveit2/install/moveit_ros_occupancy_map_monitor/lib:/home/w0x7ce/ws_moveit2/install/moveit_core/lib:/home/w0x7ce/ws_moveit2/install/srdfdom/lib:${LD_LIBRARY_PATH} PATH=/home/w0x7ce/ws_moveit2/install/moveit_core/bin:${PATH} PYTHONPATH=/home/w0x7ce/ws_moveit2/install/srdfdom/local/lib/python3.10/dist-packages:${PYTHONPATH} /usr/bin/cmake --install /home/w0x7ce/ws_moveit2/build/moveit_planners_ompl
