[  0%] Built target ament_cmake_python_copy_srdfdom
[ 27%] Built target gtest
[ 36%] Built target gtest_main
running egg_info
writing srdfdom.egg-info/PKG-INFO
writing dependency_links to srdfdom.egg-info/dependency_links.txt
writing top-level names to srdfdom.egg-info/top_level.txt
reading manifest file 'srdfdom.egg-info/SOURCES.txt'
writing manifest file 'srdfdom.egg-info/SOURCES.txt'
[ 36%] Built target ament_cmake_python_build_srdfdom_egg
[ 63%] Built target srdfdom
[ 81%] Built target test_cpp_nl_NL.UTF-8
[100%] Built target test_cpp_C
-- Install configuration: ""
-- Up-to-date: /home/w0x7ce/ws_moveit2/install/srdfdom/lib/libsrdfdom.so.2.0.4
-- Up-to-date: /home/w0x7ce/ws_moveit2/install/srdfdom/lib/libsrdfdom.so
-- Up-to-date: /home/w0x7ce/ws_moveit2/install/srdfdom/include/srdfdom
-- Up-to-date: /home/w0x7ce/ws_moveit2/install/srdfdom/include/srdfdom/srdf_writer.h
-- Up-to-date: /home/w0x7ce/ws_moveit2/install/srdfdom/include/srdfdom/visibility_control.h
-- Up-to-date: /home/w0x7ce/ws_moveit2/install/srdfdom/include/srdfdom/model.h
-- Up-to-date: /home/w0x7ce/ws_moveit2/install/srdfdom/lib/srdfdom/display_srdf
-- Up-to-date: /home/w0x7ce/ws_moveit2/install/srdfdom/share/srdfdom/environment/pythonpath.sh
-- Up-to-date: /home/w0x7ce/ws_moveit2/install/srdfdom/share/srdfdom/environment/pythonpath.dsv
-- Up-to-date: /home/w0x7ce/ws_moveit2/install/srdfdom/local/lib/python3.10/dist-packages/srdfdom-2.0.4-py3.10.egg-info
-- Installing: /home/w0x7ce/ws_moveit2/install/srdfdom/local/lib/python3.10/dist-packages/srdfdom-2.0.4-py3.10.egg-info/dependency_links.txt
-- Installing: /home/w0x7ce/ws_moveit2/install/srdfdom/local/lib/python3.10/dist-packages/srdfdom-2.0.4-py3.10.egg-info/SOURCES.txt
-- Installing: /home/w0x7ce/ws_moveit2/install/srdfdom/local/lib/python3.10/dist-packages/srdfdom-2.0.4-py3.10.egg-info/top_level.txt
-- Installing: /home/w0x7ce/ws_moveit2/install/srdfdom/local/lib/python3.10/dist-packages/srdfdom-2.0.4-py3.10.egg-info/PKG-INFO
-- Up-to-date: /home/w0x7ce/ws_moveit2/install/srdfdom/local/lib/python3.10/dist-packages/srdfdom
-- Up-to-date: /home/w0x7ce/ws_moveit2/install/srdfdom/local/lib/python3.10/dist-packages/srdfdom/srdf.py
-- Up-to-date: /home/w0x7ce/ws_moveit2/install/srdfdom/local/lib/python3.10/dist-packages/srdfdom/__init__.py
Listing '/home/w0x7ce/ws_moveit2/install/srdfdom/local/lib/python3.10/dist-packages/srdfdom'...
-- Up-to-date: /home/w0x7ce/ws_moveit2/install/srdfdom/share/srdfdom/environment/library_path.sh
-- Up-to-date: /home/w0x7ce/ws_moveit2/install/srdfdom/share/srdfdom/environment/library_path.dsv
-- Up-to-date: /home/w0x7ce/ws_moveit2/install/srdfdom/share/ament_index/resource_index/package_run_dependencies/srdfdom
-- Up-to-date: /home/w0x7ce/ws_moveit2/install/srdfdom/share/ament_index/resource_index/parent_prefix_path/srdfdom
-- Up-to-date: /home/w0x7ce/ws_moveit2/install/srdfdom/share/srdfdom/environment/ament_prefix_path.sh
-- Up-to-date: /home/w0x7ce/ws_moveit2/install/srdfdom/share/srdfdom/environment/ament_prefix_path.dsv
-- Up-to-date: /home/w0x7ce/ws_moveit2/install/srdfdom/share/srdfdom/environment/path.sh
-- Up-to-date: /home/w0x7ce/ws_moveit2/install/srdfdom/share/srdfdom/environment/path.dsv
-- Up-to-date: /home/w0x7ce/ws_moveit2/install/srdfdom/share/srdfdom/local_setup.bash
-- Up-to-date: /home/w0x7ce/ws_moveit2/install/srdfdom/share/srdfdom/local_setup.sh
-- Up-to-date: /home/w0x7ce/ws_moveit2/install/srdfdom/share/srdfdom/local_setup.zsh
-- Up-to-date: /home/w0x7ce/ws_moveit2/install/srdfdom/share/srdfdom/local_setup.dsv
-- Installing: /home/w0x7ce/ws_moveit2/install/srdfdom/share/srdfdom/package.dsv
-- Up-to-date: /home/w0x7ce/ws_moveit2/install/srdfdom/share/ament_index/resource_index/packages/srdfdom
-- Up-to-date: /home/w0x7ce/ws_moveit2/install/srdfdom/share/srdfdom/cmake/srdfdomTargetsExport.cmake
-- Up-to-date: /home/w0x7ce/ws_moveit2/install/srdfdom/share/srdfdom/cmake/srdfdomTargetsExport-noconfig.cmake
-- Up-to-date: /home/w0x7ce/ws_moveit2/install/srdfdom/share/srdfdom/cmake/ament_cmake_export_targets-extras.cmake
-- Up-to-date: /home/w0x7ce/ws_moveit2/install/srdfdom/share/srdfdom/cmake/ament_cmake_export_dependencies-extras.cmake
-- Up-to-date: /home/w0x7ce/ws_moveit2/install/srdfdom/share/srdfdom/cmake/srdfdomConfig.cmake
-- Up-to-date: /home/w0x7ce/ws_moveit2/install/srdfdom/share/srdfdom/cmake/srdfdomConfig-version.cmake
-- Up-to-date: /home/w0x7ce/ws_moveit2/install/srdfdom/share/srdfdom/package.xml
