[0.337s] Invoking command in '/home/w0x7ce/ws_moveit2/build/srdfdom': CMAKE_PREFIX_PATH=${CMAKE_PREFIX_PATH}:/home/w0x7ce/ws_moveit2/install/moveit_configs_utils:/home/w0x7ce/ws_moveit2/install/launch_param_builder:/opt/ros/humble /usr/bin/cmake --build /home/w0x7ce/ws_moveit2/build/srdfdom -- -j4 -l4
[2.127s] [  0%] Built target ament_cmake_python_copy_srdfdom
[2.308s] [ 27%] Built target gtest
[2.308s] [ 36%] Built target gtest_main
[2.933s] running egg_info
[2.935s] writing srdfdom.egg-info/PKG-INFO
[2.936s] writing dependency_links to srdfdom.egg-info/dependency_links.txt
[2.936s] writing top-level names to srdfdom.egg-info/top_level.txt
[3.009s] reading manifest file 'srdfdom.egg-info/SOURCES.txt'
[3.038s] writing manifest file 'srdfdom.egg-info/SOURCES.txt'
[3.066s] [ 36%] Built target ament_cmake_python_build_srdfdom_egg
[3.938s] [ 63%] Built target srdfdom
[4.303s] [ 81%] Built target test_cpp_nl_NL.UTF-8
[4.303s] [100%] Built target test_cpp_C
[4.315s] Invoked command in '/home/w0x7ce/ws_moveit2/build/srdfdom' returned '0': CMAKE_PREFIX_PATH=${CMAKE_PREFIX_PATH}:/home/w0x7ce/ws_moveit2/install/moveit_configs_utils:/home/w0x7ce/ws_moveit2/install/launch_param_builder:/opt/ros/humble /usr/bin/cmake --build /home/w0x7ce/ws_moveit2/build/srdfdom -- -j4 -l4
[4.515s] Invoking command in '/home/w0x7ce/ws_moveit2/build/srdfdom': CMAKE_PREFIX_PATH=${CMAKE_PREFIX_PATH}:/home/w0x7ce/ws_moveit2/install/moveit_configs_utils:/home/w0x7ce/ws_moveit2/install/launch_param_builder:/opt/ros/humble /usr/bin/cmake --install /home/w0x7ce/ws_moveit2/build/srdfdom
[4.563s] -- Install configuration: ""
[4.666s] -- Up-to-date: /home/w0x7ce/ws_moveit2/install/srdfdom/lib/libsrdfdom.so.2.0.4
[4.666s] -- Up-to-date: /home/w0x7ce/ws_moveit2/install/srdfdom/lib/libsrdfdom.so
[4.737s] -- Up-to-date: /home/w0x7ce/ws_moveit2/install/srdfdom/include/srdfdom
[4.741s] -- Up-to-date: /home/w0x7ce/ws_moveit2/install/srdfdom/include/srdfdom/srdf_writer.h
[4.742s] -- Up-to-date: /home/w0x7ce/ws_moveit2/install/srdfdom/include/srdfdom/visibility_control.h
[4.742s] -- Up-to-date: /home/w0x7ce/ws_moveit2/install/srdfdom/include/srdfdom/model.h
[4.780s] -- Up-to-date: /home/w0x7ce/ws_moveit2/install/srdfdom/lib/srdfdom/display_srdf
[4.788s] -- Up-to-date: /home/w0x7ce/ws_moveit2/install/srdfdom/share/srdfdom/environment/pythonpath.sh
[4.788s] -- Up-to-date: /home/w0x7ce/ws_moveit2/install/srdfdom/share/srdfdom/environment/pythonpath.dsv
[4.789s] -- Up-to-date: /home/w0x7ce/ws_moveit2/install/srdfdom/local/lib/python3.10/dist-packages/srdfdom-2.0.4-py3.10.egg-info
[4.819s] -- Installing: /home/w0x7ce/ws_moveit2/install/srdfdom/local/lib/python3.10/dist-packages/srdfdom-2.0.4-py3.10.egg-info/dependency_links.txt
[4.936s] -- Installing: /home/w0x7ce/ws_moveit2/install/srdfdom/local/lib/python3.10/dist-packages/srdfdom-2.0.4-py3.10.egg-info/SOURCES.txt
[4.936s] -- Installing: /home/w0x7ce/ws_moveit2/install/srdfdom/local/lib/python3.10/dist-packages/srdfdom-2.0.4-py3.10.egg-info/top_level.txt
[4.971s] -- Installing: /home/w0x7ce/ws_moveit2/install/srdfdom/local/lib/python3.10/dist-packages/srdfdom-2.0.4-py3.10.egg-info/PKG-INFO
[4.972s] -- Up-to-date: /home/w0x7ce/ws_moveit2/install/srdfdom/local/lib/python3.10/dist-packages/srdfdom
[4.972s] -- Up-to-date: /home/w0x7ce/ws_moveit2/install/srdfdom/local/lib/python3.10/dist-packages/srdfdom/srdf.py
[4.973s] -- Up-to-date: /home/w0x7ce/ws_moveit2/install/srdfdom/local/lib/python3.10/dist-packages/srdfdom/__init__.py
[5.154s] Listing '/home/w0x7ce/ws_moveit2/install/srdfdom/local/lib/python3.10/dist-packages/srdfdom'...
[5.169s] -- Up-to-date: /home/w0x7ce/ws_moveit2/install/srdfdom/share/srdfdom/environment/library_path.sh
[5.169s] -- Up-to-date: /home/w0x7ce/ws_moveit2/install/srdfdom/share/srdfdom/environment/library_path.dsv
[5.170s] -- Up-to-date: /home/w0x7ce/ws_moveit2/install/srdfdom/share/ament_index/resource_index/package_run_dependencies/srdfdom
[5.241s] -- Up-to-date: /home/w0x7ce/ws_moveit2/install/srdfdom/share/ament_index/resource_index/parent_prefix_path/srdfdom
[5.241s] -- Up-to-date: /home/w0x7ce/ws_moveit2/install/srdfdom/share/srdfdom/environment/ament_prefix_path.sh
[5.242s] -- Up-to-date: /home/w0x7ce/ws_moveit2/install/srdfdom/share/srdfdom/environment/ament_prefix_path.dsv
[5.242s] -- Up-to-date: /home/w0x7ce/ws_moveit2/install/srdfdom/share/srdfdom/environment/path.sh
[5.243s] -- Up-to-date: /home/w0x7ce/ws_moveit2/install/srdfdom/share/srdfdom/environment/path.dsv
[5.255s] -- Up-to-date: /home/w0x7ce/ws_moveit2/install/srdfdom/share/srdfdom/local_setup.bash
[5.256s] -- Up-to-date: /home/w0x7ce/ws_moveit2/install/srdfdom/share/srdfdom/local_setup.sh
[5.256s] -- Up-to-date: /home/w0x7ce/ws_moveit2/install/srdfdom/share/srdfdom/local_setup.zsh
[5.256s] -- Up-to-date: /home/w0x7ce/ws_moveit2/install/srdfdom/share/srdfdom/local_setup.dsv
[5.256s] -- Installing: /home/w0x7ce/ws_moveit2/install/srdfdom/share/srdfdom/package.dsv
[5.405s] -- Up-to-date: /home/w0x7ce/ws_moveit2/install/srdfdom/share/ament_index/resource_index/packages/srdfdom
[5.486s] -- Up-to-date: /home/w0x7ce/ws_moveit2/install/srdfdom/share/srdfdom/cmake/srdfdomTargetsExport.cmake
[5.487s] -- Up-to-date: /home/w0x7ce/ws_moveit2/install/srdfdom/share/srdfdom/cmake/srdfdomTargetsExport-noconfig.cmake
[5.487s] -- Up-to-date: /home/w0x7ce/ws_moveit2/install/srdfdom/share/srdfdom/cmake/ament_cmake_export_targets-extras.cmake
[5.488s] -- Up-to-date: /home/w0x7ce/ws_moveit2/install/srdfdom/share/srdfdom/cmake/ament_cmake_export_dependencies-extras.cmake
[5.489s] -- Up-to-date: /home/w0x7ce/ws_moveit2/install/srdfdom/share/srdfdom/cmake/srdfdomConfig.cmake
[5.489s] -- Up-to-date: /home/w0x7ce/ws_moveit2/install/srdfdom/share/srdfdom/cmake/srdfdomConfig-version.cmake
[5.491s] -- Up-to-date: /home/w0x7ce/ws_moveit2/install/srdfdom/share/srdfdom/package.xml
[5.513s] Invoked command in '/home/w0x7ce/ws_moveit2/build/srdfdom' returned '0': CMAKE_PREFIX_PATH=${CMAKE_PREFIX_PATH}:/home/w0x7ce/ws_moveit2/install/moveit_configs_utils:/home/w0x7ce/ws_moveit2/install/launch_param_builder:/opt/ros/humble /usr/bin/cmake --install /home/w0x7ce/ws_moveit2/build/srdfdom
