[0.147s] Invoking command in '/home/w0x7ce/ws_moveit2/build/rviz_marker_tools': CMAKE_PREFIX_PATH=${CMAKE_PREFIX_PATH}:/home/w0x7ce/ws_moveit2/install/moveit_configs_utils:/home/w0x7ce/ws_moveit2/install/launch_param_builder:/opt/ros/humble /usr/bin/cmake --build /home/w0x7ce/ws_moveit2/build/rviz_marker_tools -- -j4 -l4
[0.742s] [100%] Built target rviz_marker_tools
[0.754s] Invoked command in '/home/w0x7ce/ws_moveit2/build/rviz_marker_tools' returned '0': CMAKE_PREFIX_PATH=${CMAKE_PREFIX_PATH}:/home/w0x7ce/ws_moveit2/install/moveit_configs_utils:/home/w0x7ce/ws_moveit2/install/launch_param_builder:/opt/ros/humble /usr/bin/cmake --build /home/w0x7ce/ws_moveit2/build/rviz_marker_tools -- -j4 -l4
[0.800s] Invoking command in '/home/w0x7ce/ws_moveit2/build/rviz_marker_tools': CMAKE_PREFIX_PATH=${CMAKE_PREFIX_PATH}:/home/w0x7ce/ws_moveit2/install/moveit_configs_utils:/home/w0x7ce/ws_moveit2/install/launch_param_builder:/opt/ros/humble /usr/bin/cmake --install /home/w0x7ce/ws_moveit2/build/rviz_marker_tools
[0.813s] -- Install configuration: ""
[0.814s] -- Up-to-date: /home/w0x7ce/ws_moveit2/install/rviz_marker_tools/include
[0.814s] -- Up-to-date: /home/w0x7ce/ws_moveit2/install/rviz_marker_tools/include/rviz_marker_tools
[0.815s] -- Up-to-date: /home/w0x7ce/ws_moveit2/install/rviz_marker_tools/include/rviz_marker_tools/marker_creation.h
[0.815s] -- Up-to-date: /home/w0x7ce/ws_moveit2/install/rviz_marker_tools/lib/librviz_marker_tools.so
[0.816s] -- Up-to-date: /home/w0x7ce/ws_moveit2/install/rviz_marker_tools/share/rviz_marker_tools/environment/library_path.sh
[0.816s] -- Up-to-date: /home/w0x7ce/ws_moveit2/install/rviz_marker_tools/share/rviz_marker_tools/environment/library_path.dsv
[0.817s] -- Up-to-date: /home/w0x7ce/ws_moveit2/install/rviz_marker_tools/share/ament_index/resource_index/package_run_dependencies/rviz_marker_tools
[0.817s] -- Up-to-date: /home/w0x7ce/ws_moveit2/install/rviz_marker_tools/share/ament_index/resource_index/parent_prefix_path/rviz_marker_tools
[0.817s] -- Up-to-date: /home/w0x7ce/ws_moveit2/install/rviz_marker_tools/share/rviz_marker_tools/environment/ament_prefix_path.sh
[0.818s] -- Up-to-date: /home/w0x7ce/ws_moveit2/install/rviz_marker_tools/share/rviz_marker_tools/environment/ament_prefix_path.dsv
[0.818s] -- Up-to-date: /home/w0x7ce/ws_moveit2/install/rviz_marker_tools/share/rviz_marker_tools/environment/path.sh
[0.818s] -- Up-to-date: /home/w0x7ce/ws_moveit2/install/rviz_marker_tools/share/rviz_marker_tools/environment/path.dsv
[0.818s] -- Up-to-date: /home/w0x7ce/ws_moveit2/install/rviz_marker_tools/share/rviz_marker_tools/local_setup.bash
[0.818s] -- Up-to-date: /home/w0x7ce/ws_moveit2/install/rviz_marker_tools/share/rviz_marker_tools/local_setup.sh
[0.819s] -- Up-to-date: /home/w0x7ce/ws_moveit2/install/rviz_marker_tools/share/rviz_marker_tools/local_setup.zsh
[0.819s] -- Up-to-date: /home/w0x7ce/ws_moveit2/install/rviz_marker_tools/share/rviz_marker_tools/local_setup.dsv
[0.819s] -- Installing: /home/w0x7ce/ws_moveit2/install/rviz_marker_tools/share/rviz_marker_tools/package.dsv
[0.957s] -- Up-to-date: /home/w0x7ce/ws_moveit2/install/rviz_marker_tools/share/ament_index/resource_index/packages/rviz_marker_tools
[1.021s] -- Up-to-date: /home/w0x7ce/ws_moveit2/install/rviz_marker_tools/share/rviz_marker_tools/cmake/rviz_marker_toolsTargetsExport.cmake
[1.021s] -- Up-to-date: /home/w0x7ce/ws_moveit2/install/rviz_marker_tools/share/rviz_marker_tools/cmake/rviz_marker_toolsTargetsExport-noconfig.cmake
[1.022s] -- Up-to-date: /home/w0x7ce/ws_moveit2/install/rviz_marker_tools/share/rviz_marker_tools/cmake/ament_cmake_export_targets-extras.cmake
[1.022s] -- Up-to-date: /home/w0x7ce/ws_moveit2/install/rviz_marker_tools/share/rviz_marker_tools/cmake/ament_cmake_export_dependencies-extras.cmake
[1.022s] -- Up-to-date: /home/w0x7ce/ws_moveit2/install/rviz_marker_tools/share/rviz_marker_tools/cmake/rviz_marker_toolsConfig.cmake
[1.022s] -- Up-to-date: /home/w0x7ce/ws_moveit2/install/rviz_marker_tools/share/rviz_marker_tools/cmake/rviz_marker_toolsConfig-version.cmake
[1.022s] -- Up-to-date: /home/w0x7ce/ws_moveit2/install/rviz_marker_tools/share/rviz_marker_tools/package.xml
[1.027s] Invoked command in '/home/w0x7ce/ws_moveit2/build/rviz_marker_tools' returned '0': CMAKE_PREFIX_PATH=${CMAKE_PREFIX_PATH}:/home/w0x7ce/ws_moveit2/install/moveit_configs_utils:/home/w0x7ce/ws_moveit2/install/launch_param_builder:/opt/ros/humble /usr/bin/cmake --install /home/w0x7ce/ws_moveit2/build/rviz_marker_tools
