[0.054s] Invoking command in '/home/w0x7ce/ws_moveit2/build/moveit_ros_planning': CMAKE_PREFIX_PATH=/home/w0x7ce/ws_moveit2/install/moveit_ros_occupancy_map_monitor:/home/w0x7ce/ws_moveit2/install/moveit_core:/home/w0x7ce/ws_moveit2/install/moveit_resources_panda_moveit_config:/home/w0x7ce/ws_moveit2/install/srdfdom:/home/w0x7ce/ws_moveit2/install/moveit_resources_panda_description:/home/w0x7ce/ws_moveit2/install/moveit_common:/home/w0x7ce/ws_moveit2/install/pilz_industrial_motion_planner_testutils:/home/w0x7ce/ws_moveit2/install/moveit_runtime:/home/w0x7ce/ws_moveit2/install/moveit2_tutorials:/home/w0x7ce/ws_moveit2/install/moveit:/home/w0x7ce/ws_moveit2/install/moveit_planners:/home/w0x7ce/ws_moveit2/install/pilz_industrial_motion_planner:/home/w0x7ce/ws_moveit2/install/moveit_visual_tools:/home/w0x7ce/ws_moveit2/install/moveit_task_constructor_visualization:/home/w0x7ce/ws_moveit2/install/moveit_task_constructor_demo:/home/w0x7ce/ws_moveit2/install/moveit_task_constructor_capabilities:/home/w0x7ce/ws_moveit2/install/moveit_task_constructor_core:/home/w0x7ce/ws_moveit2/install/moveit_ros_control_interface:/home/w0x7ce/ws_moveit2/install/moveit_plugins:/home/w0x7ce/ws_moveit2/install/moveit_simple_controller_manager:/home/w0x7ce/ws_moveit2/install/moveit_setup_assistant:/home/w0x7ce/ws_moveit2/install/moveit_setup_srdf_plugins:/home/w0x7ce/ws_moveit2/install/moveit_setup_core_plugins:/home/w0x7ce/ws_moveit2/install/moveit_setup_controllers:/home/w0x7ce/ws_moveit2/install/moveit_setup_app_plugins:/home/w0x7ce/ws_moveit2/install/moveit_setup_framework:/home/w0x7ce/ws_moveit2/install/moveit_servo:/home/w0x7ce/ws_moveit2/install/moveit_ros:/home/w0x7ce/ws_moveit2/install/moveit_ros_visualization:/home/w0x7ce/ws_moveit2/install/moveit_hybrid_planning:/home/w0x7ce/ws_moveit2/install/moveit_ros_planning_interface:/home/w0x7ce/ws_moveit2/install/moveit_ros_benchmarks:/home/w0x7ce/ws_moveit2/install/moveit_ros_warehouse:/home/w0x7ce/ws_moveit2/install/moveit_ros_robot_interaction:/home/w0x7ce/ws_moveit2/install/moveit_ros_perception:/home/w0x7ce/ws_moveit2/install/moveit_resources_prbt_pg70_support:/home/w0x7ce/ws_moveit2/install/moveit_resources_prbt_moveit_config:/home/w0x7ce/ws_moveit2/install/moveit_ros_move_group:/home/w0x7ce/ws_moveit2/install/moveit_planners_ompl:/home/w0x7ce/ws_moveit2/install/moveit_ros_planning:/home/w0x7ce/ws_moveit2/install/moveit_resources_prbt_ikfast_manipulator_plugin:/home/w0x7ce/ws_moveit2/install/moveit_planners_chomp:/home/w0x7ce/ws_moveit2/install/moveit_kinematics:/home/w0x7ce/ws_moveit2/install/moveit_chomp_optimizer_adapter:/home/w0x7ce/ws_moveit2/install/chomp_motion_planner:/home/w0x7ce/ws_moveit2/install/rviz_marker_tools:/home/w0x7ce/ws_moveit2/install/rosparam_shortcuts:/home/w0x7ce/ws_moveit2/install/moveit_task_constructor_msgs:/home/w0x7ce/ws_moveit2/install/moveit_resources_prbt_support:/home/w0x7ce/ws_moveit2/install/moveit_resources:/home/w0x7ce/ws_moveit2/install/moveit_resources_pr2_description:/home/w0x7ce/ws_moveit2/install/moveit_resources_fanuc_moveit_config:/home/w0x7ce/ws_moveit2/install/moveit_resources_fanuc_description:/home/w0x7ce/ws_moveit2/install/moveit_configs_utils:/home/w0x7ce/ws_moveit2/install/launch_param_builder:/opt/ros/humble LD_LIBRARY_PATH=/home/w0x7ce/ws_moveit2/install/moveit_ros_occupancy_map_monitor/lib:/home/w0x7ce/ws_moveit2/install/moveit_core/lib:/home/w0x7ce/ws_moveit2/install/srdfdom/lib:/home/w0x7ce/ws_moveit2/install/pilz_industrial_motion_planner_testutils/lib:/home/w0x7ce/ws_moveit2/install/pilz_industrial_motion_planner/lib:/home/w0x7ce/ws_moveit2/install/moveit_visual_tools/lib:/home/w0x7ce/ws_moveit2/install/moveit_task_constructor_visualization/lib:/home/w0x7ce/ws_moveit2/install/moveit_task_constructor_demo/lib:/home/w0x7ce/ws_moveit2/install/moveit_task_constructor_capabilities/lib:/home/w0x7ce/ws_moveit2/install/moveit_task_constructor_core/lib:/home/w0x7ce/ws_moveit2/install/moveit_ros_control_interface/lib:/home/w0x7ce/ws_moveit2/install/moveit_simple_controller_manager/lib:/home/w0x7ce/ws_moveit2/install/moveit_setup_assistant/lib:/home/w0x7ce/ws_moveit2/install/moveit_setup_srdf_plugins/lib:/home/w0x7ce/ws_moveit2/install/moveit_setup_core_plugins/lib:/home/w0x7ce/ws_moveit2/install/moveit_setup_controllers/lib:/home/w0x7ce/ws_moveit2/install/moveit_setup_app_plugins/lib:/home/w0x7ce/ws_moveit2/install/moveit_setup_framework/lib:/home/w0x7ce/ws_moveit2/install/moveit_servo/lib:/home/w0x7ce/ws_moveit2/install/moveit_ros_visualization/lib:/home/w0x7ce/ws_moveit2/install/moveit_hybrid_planning/lib:/home/w0x7ce/ws_moveit2/install/moveit_ros_planning_interface/lib:/home/w0x7ce/ws_moveit2/install/moveit_ros_benchmarks/lib:/home/w0x7ce/ws_moveit2/install/moveit_ros_warehouse/lib:/home/w0x7ce/ws_moveit2/install/moveit_ros_robot_interaction/lib:/home/w0x7ce/ws_moveit2/install/moveit_ros_perception/lib:/home/w0x7ce/ws_moveit2/install/moveit_ros_move_group/lib:/home/w0x7ce/ws_moveit2/install/moveit_planners_ompl/lib:/home/w0x7ce/ws_moveit2/install/moveit_ros_planning/lib:/home/w0x7ce/ws_moveit2/install/moveit_resources_prbt_ikfast_manipulator_plugin/lib:/home/w0x7ce/ws_moveit2/install/moveit_planners_chomp/lib:/home/w0x7ce/ws_moveit2/install/moveit_kinematics/lib:/home/w0x7ce/ws_moveit2/install/moveit_chomp_optimizer_adapter/lib:/home/w0x7ce/ws_moveit2/install/chomp_motion_planner/lib:/home/w0x7ce/ws_moveit2/install/rviz_marker_tools/lib:/home/w0x7ce/ws_moveit2/install/rosparam_shortcuts/lib:/home/w0x7ce/ws_moveit2/install/moveit_task_constructor_msgs/lib:/usr/lib/x86_64-linux-gnu/gazebo-11/plugins:/opt/ros/humble/opt/rviz_ogre_vendor/lib:/opt/ros/humble/lib/x86_64-linux-gnu:/opt/ros/humble/lib /usr/bin/cmake --build /home/w0x7ce/ws_moveit2/build/moveit_ros_planning -- -j4 -l4
[0.182s] [  3%] Built target moveit_planning_pipeline
[0.183s] [  8%] Built target moveit_rdf_loader
[0.198s] [ 11%] Built target moveit_collision_plugin_loader
[0.377s] [ 14%] Built target gmock_main
[0.392s] [ 17%] Built target moveit_list_request_adapter_plugins
[0.403s] [ 22%] Built target gmock
[0.442s] [ 25%] Built target moveit_kinematics_plugin_loader
[0.465s] [ 43%] Built target moveit_default_planning_request_adapter_plugins
[0.486s] [ 46%] Built target moveit_robot_model_loader
[0.487s] [ 50%] Built target moveit_constraint_sampler_manager_loader
[0.573s] [ 53%] Built target moveit_print_planning_model_info
[0.617s] [ 62%] Built target moveit_planning_scene_monitor
[0.690s] [ 66%] Built target trajectory_monitor_tests
[0.696s] [ 69%] Built target demo_scene
[0.698s] [ 72%] Built target moveit_print_planning_scene_info
[0.705s] [ 75%] Built target current_state_monitor_tests
[0.751s] [ 79%] Built target moveit_display_random_state
[0.763s] [ 82%] Built target moveit_visualize_robot_collision_volume
[0.805s] [ 85%] Built target moveit_publish_scene_from_text
[0.805s] [ 88%] Built target moveit_evaluate_collision_checking_speed
[0.806s] [ 91%] Built target moveit_trajectory_execution_manager
[0.869s] [ 95%] Built target moveit_plan_execution
[0.888s] [100%] Built target moveit_cpp
[0.900s] Invoked command in '/home/w0x7ce/ws_moveit2/build/moveit_ros_planning' returned '0': CMAKE_PREFIX_PATH=/home/w0x7ce/ws_moveit2/install/moveit_ros_occupancy_map_monitor:/home/w0x7ce/ws_moveit2/install/moveit_core:/home/w0x7ce/ws_moveit2/install/moveit_resources_panda_moveit_config:/home/w0x7ce/ws_moveit2/install/srdfdom:/home/w0x7ce/ws_moveit2/install/moveit_resources_panda_description:/home/w0x7ce/ws_moveit2/install/moveit_common:/home/w0x7ce/ws_moveit2/install/pilz_industrial_motion_planner_testutils:/home/w0x7ce/ws_moveit2/install/moveit_runtime:/home/w0x7ce/ws_moveit2/install/moveit2_tutorials:/home/w0x7ce/ws_moveit2/install/moveit:/home/w0x7ce/ws_moveit2/install/moveit_planners:/home/w0x7ce/ws_moveit2/install/pilz_industrial_motion_planner:/home/w0x7ce/ws_moveit2/install/moveit_visual_tools:/home/w0x7ce/ws_moveit2/install/moveit_task_constructor_visualization:/home/w0x7ce/ws_moveit2/install/moveit_task_constructor_demo:/home/w0x7ce/ws_moveit2/install/moveit_task_constructor_capabilities:/home/w0x7ce/ws_moveit2/install/moveit_task_constructor_core:/home/w0x7ce/ws_moveit2/install/moveit_ros_control_interface:/home/w0x7ce/ws_moveit2/install/moveit_plugins:/home/w0x7ce/ws_moveit2/install/moveit_simple_controller_manager:/home/w0x7ce/ws_moveit2/install/moveit_setup_assistant:/home/w0x7ce/ws_moveit2/install/moveit_setup_srdf_plugins:/home/w0x7ce/ws_moveit2/install/moveit_setup_core_plugins:/home/w0x7ce/ws_moveit2/install/moveit_setup_controllers:/home/w0x7ce/ws_moveit2/install/moveit_setup_app_plugins:/home/w0x7ce/ws_moveit2/install/moveit_setup_framework:/home/w0x7ce/ws_moveit2/install/moveit_servo:/home/w0x7ce/ws_moveit2/install/moveit_ros:/home/w0x7ce/ws_moveit2/install/moveit_ros_visualization:/home/w0x7ce/ws_moveit2/install/moveit_hybrid_planning:/home/w0x7ce/ws_moveit2/install/moveit_ros_planning_interface:/home/w0x7ce/ws_moveit2/install/moveit_ros_benchmarks:/home/w0x7ce/ws_moveit2/install/moveit_ros_warehouse:/home/w0x7ce/ws_moveit2/install/moveit_ros_robot_interaction:/home/w0x7ce/ws_moveit2/install/moveit_ros_perception:/home/w0x7ce/ws_moveit2/install/moveit_resources_prbt_pg70_support:/home/w0x7ce/ws_moveit2/install/moveit_resources_prbt_moveit_config:/home/w0x7ce/ws_moveit2/install/moveit_ros_move_group:/home/w0x7ce/ws_moveit2/install/moveit_planners_ompl:/home/w0x7ce/ws_moveit2/install/moveit_ros_planning:/home/w0x7ce/ws_moveit2/install/moveit_resources_prbt_ikfast_manipulator_plugin:/home/w0x7ce/ws_moveit2/install/moveit_planners_chomp:/home/w0x7ce/ws_moveit2/install/moveit_kinematics:/home/w0x7ce/ws_moveit2/install/moveit_chomp_optimizer_adapter:/home/w0x7ce/ws_moveit2/install/chomp_motion_planner:/home/w0x7ce/ws_moveit2/install/rviz_marker_tools:/home/w0x7ce/ws_moveit2/install/rosparam_shortcuts:/home/w0x7ce/ws_moveit2/install/moveit_task_constructor_msgs:/home/w0x7ce/ws_moveit2/install/moveit_resources_prbt_support:/home/w0x7ce/ws_moveit2/install/moveit_resources:/home/w0x7ce/ws_moveit2/install/moveit_resources_pr2_description:/home/w0x7ce/ws_moveit2/install/moveit_resources_fanuc_moveit_config:/home/w0x7ce/ws_moveit2/install/moveit_resources_fanuc_description:/home/w0x7ce/ws_moveit2/install/moveit_configs_utils:/home/w0x7ce/ws_moveit2/install/launch_param_builder:/opt/ros/humble LD_LIBRARY_PATH=/home/w0x7ce/ws_moveit2/install/moveit_ros_occupancy_map_monitor/lib:/home/w0x7ce/ws_moveit2/install/moveit_core/lib:/home/w0x7ce/ws_moveit2/install/srdfdom/lib:/home/w0x7ce/ws_moveit2/install/pilz_industrial_motion_planner_testutils/lib:/home/w0x7ce/ws_moveit2/install/pilz_industrial_motion_planner/lib:/home/w0x7ce/ws_moveit2/install/moveit_visual_tools/lib:/home/w0x7ce/ws_moveit2/install/moveit_task_constructor_visualization/lib:/home/w0x7ce/ws_moveit2/install/moveit_task_constructor_demo/lib:/home/w0x7ce/ws_moveit2/install/moveit_task_constructor_capabilities/lib:/home/w0x7ce/ws_moveit2/install/moveit_task_constructor_core/lib:/home/w0x7ce/ws_moveit2/install/moveit_ros_control_interface/lib:/home/w0x7ce/ws_moveit2/install/moveit_simple_controller_manager/lib:/home/w0x7ce/ws_moveit2/install/moveit_setup_assistant/lib:/home/w0x7ce/ws_moveit2/install/moveit_setup_srdf_plugins/lib:/home/w0x7ce/ws_moveit2/install/moveit_setup_core_plugins/lib:/home/w0x7ce/ws_moveit2/install/moveit_setup_controllers/lib:/home/w0x7ce/ws_moveit2/install/moveit_setup_app_plugins/lib:/home/w0x7ce/ws_moveit2/install/moveit_setup_framework/lib:/home/w0x7ce/ws_moveit2/install/moveit_servo/lib:/home/w0x7ce/ws_moveit2/install/moveit_ros_visualization/lib:/home/w0x7ce/ws_moveit2/install/moveit_hybrid_planning/lib:/home/w0x7ce/ws_moveit2/install/moveit_ros_planning_interface/lib:/home/w0x7ce/ws_moveit2/install/moveit_ros_benchmarks/lib:/home/w0x7ce/ws_moveit2/install/moveit_ros_warehouse/lib:/home/w0x7ce/ws_moveit2/install/moveit_ros_robot_interaction/lib:/home/w0x7ce/ws_moveit2/install/moveit_ros_perception/lib:/home/w0x7ce/ws_moveit2/install/moveit_ros_move_group/lib:/home/w0x7ce/ws_moveit2/install/moveit_planners_ompl/lib:/home/w0x7ce/ws_moveit2/install/moveit_ros_planning/lib:/home/w0x7ce/ws_moveit2/install/moveit_resources_prbt_ikfast_manipulator_plugin/lib:/home/w0x7ce/ws_moveit2/install/moveit_planners_chomp/lib:/home/w0x7ce/ws_moveit2/install/moveit_kinematics/lib:/home/w0x7ce/ws_moveit2/install/moveit_chomp_optimizer_adapter/lib:/home/w0x7ce/ws_moveit2/install/chomp_motion_planner/lib:/home/w0x7ce/ws_moveit2/install/rviz_marker_tools/lib:/home/w0x7ce/ws_moveit2/install/rosparam_shortcuts/lib:/home/w0x7ce/ws_moveit2/install/moveit_task_constructor_msgs/lib:/usr/lib/x86_64-linux-gnu/gazebo-11/plugins:/opt/ros/humble/opt/rviz_ogre_vendor/lib:/opt/ros/humble/lib/x86_64-linux-gnu:/opt/ros/humble/lib /usr/bin/cmake --build /home/w0x7ce/ws_moveit2/build/moveit_ros_planning -- -j4 -l4
[0.993s] Invoking command in '/home/w0x7ce/ws_moveit2/build/moveit_ros_planning': CMAKE_PREFIX_PATH=/home/w0x7ce/ws_moveit2/install/moveit_ros_occupancy_map_monitor:/home/w0x7ce/ws_moveit2/install/moveit_core:/home/w0x7ce/ws_moveit2/install/moveit_resources_panda_moveit_config:/home/w0x7ce/ws_moveit2/install/srdfdom:/home/w0x7ce/ws_moveit2/install/moveit_resources_panda_description:/home/w0x7ce/ws_moveit2/install/moveit_common:/home/w0x7ce/ws_moveit2/install/pilz_industrial_motion_planner_testutils:/home/w0x7ce/ws_moveit2/install/moveit_runtime:/home/w0x7ce/ws_moveit2/install/moveit2_tutorials:/home/w0x7ce/ws_moveit2/install/moveit:/home/w0x7ce/ws_moveit2/install/moveit_planners:/home/w0x7ce/ws_moveit2/install/pilz_industrial_motion_planner:/home/w0x7ce/ws_moveit2/install/moveit_visual_tools:/home/w0x7ce/ws_moveit2/install/moveit_task_constructor_visualization:/home/w0x7ce/ws_moveit2/install/moveit_task_constructor_demo:/home/w0x7ce/ws_moveit2/install/moveit_task_constructor_capabilities:/home/w0x7ce/ws_moveit2/install/moveit_task_constructor_core:/home/w0x7ce/ws_moveit2/install/moveit_ros_control_interface:/home/w0x7ce/ws_moveit2/install/moveit_plugins:/home/w0x7ce/ws_moveit2/install/moveit_simple_controller_manager:/home/w0x7ce/ws_moveit2/install/moveit_setup_assistant:/home/w0x7ce/ws_moveit2/install/moveit_setup_srdf_plugins:/home/w0x7ce/ws_moveit2/install/moveit_setup_core_plugins:/home/w0x7ce/ws_moveit2/install/moveit_setup_controllers:/home/w0x7ce/ws_moveit2/install/moveit_setup_app_plugins:/home/w0x7ce/ws_moveit2/install/moveit_setup_framework:/home/w0x7ce/ws_moveit2/install/moveit_servo:/home/w0x7ce/ws_moveit2/install/moveit_ros:/home/w0x7ce/ws_moveit2/install/moveit_ros_visualization:/home/w0x7ce/ws_moveit2/install/moveit_hybrid_planning:/home/w0x7ce/ws_moveit2/install/moveit_ros_planning_interface:/home/w0x7ce/ws_moveit2/install/moveit_ros_benchmarks:/home/w0x7ce/ws_moveit2/install/moveit_ros_warehouse:/home/w0x7ce/ws_moveit2/install/moveit_ros_robot_interaction:/home/w0x7ce/ws_moveit2/install/moveit_ros_perception:/home/w0x7ce/ws_moveit2/install/moveit_resources_prbt_pg70_support:/home/w0x7ce/ws_moveit2/install/moveit_resources_prbt_moveit_config:/home/w0x7ce/ws_moveit2/install/moveit_ros_move_group:/home/w0x7ce/ws_moveit2/install/moveit_planners_ompl:/home/w0x7ce/ws_moveit2/install/moveit_ros_planning:/home/w0x7ce/ws_moveit2/install/moveit_resources_prbt_ikfast_manipulator_plugin:/home/w0x7ce/ws_moveit2/install/moveit_planners_chomp:/home/w0x7ce/ws_moveit2/install/moveit_kinematics:/home/w0x7ce/ws_moveit2/install/moveit_chomp_optimizer_adapter:/home/w0x7ce/ws_moveit2/install/chomp_motion_planner:/home/w0x7ce/ws_moveit2/install/rviz_marker_tools:/home/w0x7ce/ws_moveit2/install/rosparam_shortcuts:/home/w0x7ce/ws_moveit2/install/moveit_task_constructor_msgs:/home/w0x7ce/ws_moveit2/install/moveit_resources_prbt_support:/home/w0x7ce/ws_moveit2/install/moveit_resources:/home/w0x7ce/ws_moveit2/install/moveit_resources_pr2_description:/home/w0x7ce/ws_moveit2/install/moveit_resources_fanuc_moveit_config:/home/w0x7ce/ws_moveit2/install/moveit_resources_fanuc_description:/home/w0x7ce/ws_moveit2/install/moveit_configs_utils:/home/w0x7ce/ws_moveit2/install/launch_param_builder:/opt/ros/humble LD_LIBRARY_PATH=/home/w0x7ce/ws_moveit2/install/moveit_ros_occupancy_map_monitor/lib:/home/w0x7ce/ws_moveit2/install/moveit_core/lib:/home/w0x7ce/ws_moveit2/install/srdfdom/lib:/home/w0x7ce/ws_moveit2/install/pilz_industrial_motion_planner_testutils/lib:/home/w0x7ce/ws_moveit2/install/pilz_industrial_motion_planner/lib:/home/w0x7ce/ws_moveit2/install/moveit_visual_tools/lib:/home/w0x7ce/ws_moveit2/install/moveit_task_constructor_visualization/lib:/home/w0x7ce/ws_moveit2/install/moveit_task_constructor_demo/lib:/home/w0x7ce/ws_moveit2/install/moveit_task_constructor_capabilities/lib:/home/w0x7ce/ws_moveit2/install/moveit_task_constructor_core/lib:/home/w0x7ce/ws_moveit2/install/moveit_ros_control_interface/lib:/home/w0x7ce/ws_moveit2/install/moveit_simple_controller_manager/lib:/home/w0x7ce/ws_moveit2/install/moveit_setup_assistant/lib:/home/w0x7ce/ws_moveit2/install/moveit_setup_srdf_plugins/lib:/home/w0x7ce/ws_moveit2/install/moveit_setup_core_plugins/lib:/home/w0x7ce/ws_moveit2/install/moveit_setup_controllers/lib:/home/w0x7ce/ws_moveit2/install/moveit_setup_app_plugins/lib:/home/w0x7ce/ws_moveit2/install/moveit_setup_framework/lib:/home/w0x7ce/ws_moveit2/install/moveit_servo/lib:/home/w0x7ce/ws_moveit2/install/moveit_ros_visualization/lib:/home/w0x7ce/ws_moveit2/install/moveit_hybrid_planning/lib:/home/w0x7ce/ws_moveit2/install/moveit_ros_planning_interface/lib:/home/w0x7ce/ws_moveit2/install/moveit_ros_benchmarks/lib:/home/w0x7ce/ws_moveit2/install/moveit_ros_warehouse/lib:/home/w0x7ce/ws_moveit2/install/moveit_ros_robot_interaction/lib:/home/w0x7ce/ws_moveit2/install/moveit_ros_perception/lib:/home/w0x7ce/ws_moveit2/install/moveit_ros_move_group/lib:/home/w0x7ce/ws_moveit2/install/moveit_planners_ompl/lib:/home/w0x7ce/ws_moveit2/install/moveit_ros_planning/lib:/home/w0x7ce/ws_moveit2/install/moveit_resources_prbt_ikfast_manipulator_plugin/lib:/home/w0x7ce/ws_moveit2/install/moveit_planners_chomp/lib:/home/w0x7ce/ws_moveit2/install/moveit_kinematics/lib:/home/w0x7ce/ws_moveit2/install/moveit_chomp_optimizer_adapter/lib:/home/w0x7ce/ws_moveit2/install/chomp_motion_planner/lib:/home/w0x7ce/ws_moveit2/install/rviz_marker_tools/lib:/home/w0x7ce/ws_moveit2/install/rosparam_shortcuts/lib:/home/w0x7ce/ws_moveit2/install/moveit_task_constructor_msgs/lib:/usr/lib/x86_64-linux-gnu/gazebo-11/plugins:/opt/ros/humble/opt/rviz_ogre_vendor/lib:/opt/ros/humble/lib/x86_64-linux-gnu:/opt/ros/humble/lib /usr/bin/cmake --install /home/w0x7ce/ws_moveit2/build/moveit_ros_planning
[0.998s] -- Install configuration: "Release"
[0.998s] -- Up-to-date: /home/w0x7ce/ws_moveit2/install/moveit_ros_planning/include
[0.999s] -- Up-to-date: /home/w0x7ce/ws_moveit2/install/moveit_ros_planning/include/moveit
[0.999s] -- Up-to-date: /home/w0x7ce/ws_moveit2/install/moveit_ros_planning/include/moveit/rdf_loader
[0.999s] -- Up-to-date: /home/w0x7ce/ws_moveit2/install/moveit_ros_planning/include/moveit/rdf_loader/rdf_loader.h
[0.999s] -- Up-to-date: /home/w0x7ce/ws_moveit2/install/moveit_ros_planning/include/moveit/rdf_loader/synchronized_string_parameter.h
[0.999s] -- Up-to-date: /home/w0x7ce/ws_moveit2/install/moveit_ros_planning/share/moveit_ros_planning/rdf_loader/test/data
[0.999s] -- Up-to-date: /home/w0x7ce/ws_moveit2/install/moveit_ros_planning/share/moveit_ros_planning/rdf_loader/test/data/gonzo.urdf
[0.999s] -- Up-to-date: /home/w0x7ce/ws_moveit2/install/moveit_ros_planning/share/moveit_ros_planning/rdf_loader/test/data/robin.srdf.xacro
[0.999s] -- Up-to-date: /home/w0x7ce/ws_moveit2/install/moveit_ros_planning/share/moveit_ros_planning/rdf_loader/test/data/kermit.srdf
[0.999s] -- Up-to-date: /home/w0x7ce/ws_moveit2/install/moveit_ros_planning/share/moveit_ros_planning/rdf_loader/test/data/gonzo.srdf
[0.999s] -- Up-to-date: /home/w0x7ce/ws_moveit2/install/moveit_ros_planning/share/moveit_ros_planning/rdf_loader/test/data/kermit.urdf
[0.999s] -- Up-to-date: /home/w0x7ce/ws_moveit2/install/moveit_ros_planning/share/moveit_ros_planning/rdf_loader/test/launch
[0.999s] -- Up-to-date: /home/w0x7ce/ws_moveit2/install/moveit_ros_planning/share/moveit_ros_planning/rdf_loader/test/launch/test_rdf_integration.test.py
[0.999s] -- Up-to-date: /home/w0x7ce/ws_moveit2/install/moveit_ros_planning/include
[1.026s] -- Up-to-date: /home/w0x7ce/ws_moveit2/install/moveit_ros_planning/include/moveit
[1.026s] -- Up-to-date: /home/w0x7ce/ws_moveit2/install/moveit_ros_planning/include/moveit/collision_plugin_loader
[1.026s] -- Up-to-date: /home/w0x7ce/ws_moveit2/install/moveit_ros_planning/include/moveit/collision_plugin_loader/collision_plugin_loader.h
[1.026s] -- Up-to-date: /home/w0x7ce/ws_moveit2/install/moveit_ros_planning/include
[1.026s] -- Up-to-date: /home/w0x7ce/ws_moveit2/install/moveit_ros_planning/include/moveit
[1.026s] -- Up-to-date: /home/w0x7ce/ws_moveit2/install/moveit_ros_planning/include/moveit/kinematics_plugin_loader
[1.026s] -- Up-to-date: /home/w0x7ce/ws_moveit2/install/moveit_ros_planning/include/moveit/kinematics_plugin_loader/kinematics_plugin_loader.h
[1.027s] -- Up-to-date: /home/w0x7ce/ws_moveit2/install/moveit_ros_planning/include
[1.041s] -- Up-to-date: /home/w0x7ce/ws_moveit2/install/moveit_ros_planning/include/moveit
[1.041s] -- Up-to-date: /home/w0x7ce/ws_moveit2/install/moveit_ros_planning/include/moveit/robot_model_loader
[1.041s] -- Up-to-date: /home/w0x7ce/ws_moveit2/install/moveit_ros_planning/include/moveit/robot_model_loader/robot_model_loader.h
[1.041s] -- Up-to-date: /home/w0x7ce/ws_moveit2/install/moveit_ros_planning/include
[1.041s] -- Up-to-date: /home/w0x7ce/ws_moveit2/install/moveit_ros_planning/include/moveit
[1.052s] -- Up-to-date: /home/w0x7ce/ws_moveit2/install/moveit_ros_planning/include/moveit/constraint_sampler_manager_loader
[1.052s] -- Up-to-date: /home/w0x7ce/ws_moveit2/install/moveit_ros_planning/include/moveit/constraint_sampler_manager_loader/constraint_sampler_manager_loader.h
[1.052s] -- Up-to-date: /home/w0x7ce/ws_moveit2/install/moveit_ros_planning/include
[1.052s] -- Up-to-date: /home/w0x7ce/ws_moveit2/install/moveit_ros_planning/include/moveit
[1.052s] -- Up-to-date: /home/w0x7ce/ws_moveit2/install/moveit_ros_planning/include/moveit/planning_pipeline
[1.052s] -- Up-to-date: /home/w0x7ce/ws_moveit2/install/moveit_ros_planning/include/moveit/planning_pipeline/planning_pipeline.h
[1.052s] -- Up-to-date: /home/w0x7ce/ws_moveit2/install/moveit_ros_planning/include/moveit_planning_pipeline_export.h
[1.053s] -- Up-to-date: /home/w0x7ce/ws_moveit2/install/moveit_ros_planning/lib/moveit_ros_planning/moveit_list_request_adapter_plugins
[1.054s] -- Up-to-date: /home/w0x7ce/ws_moveit2/install/moveit_ros_planning/lib/moveit_ros_planning/demo_scene
[1.054s] -- Up-to-date: /home/w0x7ce/ws_moveit2/install/moveit_ros_planning/include
[1.055s] -- Up-to-date: /home/w0x7ce/ws_moveit2/install/moveit_ros_planning/include/moveit
[1.055s] -- Up-to-date: /home/w0x7ce/ws_moveit2/install/moveit_ros_planning/include/moveit/planning_scene_monitor
[1.055s] -- Up-to-date: /home/w0x7ce/ws_moveit2/install/moveit_ros_planning/include/moveit/planning_scene_monitor/planning_scene_monitor.h
[1.055s] -- Up-to-date: /home/w0x7ce/ws_moveit2/install/moveit_ros_planning/include/moveit/planning_scene_monitor/current_state_monitor.h
[1.055s] -- Up-to-date: /home/w0x7ce/ws_moveit2/install/moveit_ros_planning/include/moveit/planning_scene_monitor/current_state_monitor_middleware_handle.hpp
[1.055s] -- Up-to-date: /home/w0x7ce/ws_moveit2/install/moveit_ros_planning/include/moveit/planning_scene_monitor/trajectory_monitor_middleware_handle.hpp
[1.055s] -- Up-to-date: /home/w0x7ce/ws_moveit2/install/moveit_ros_planning/include/moveit/planning_scene_monitor/trajectory_monitor.h
[1.055s] -- Up-to-date: /home/w0x7ce/ws_moveit2/install/moveit_ros_planning/include/moveit_planning_scene_monitor_export.h
[1.099s] -- Up-to-date: /home/w0x7ce/ws_moveit2/install/moveit_ros_planning/lib/moveit_ros_planning/moveit_print_planning_model_info
[1.100s] -- Up-to-date: /home/w0x7ce/ws_moveit2/install/moveit_ros_planning/lib/moveit_ros_planning/moveit_print_planning_scene_info
[1.101s] -- Up-to-date: /home/w0x7ce/ws_moveit2/install/moveit_ros_planning/lib/moveit_ros_planning/moveit_display_random_state
[1.102s] -- Up-to-date: /home/w0x7ce/ws_moveit2/install/moveit_ros_planning/lib/moveit_ros_planning/moveit_visualize_robot_collision_volume
[1.103s] -- Up-to-date: /home/w0x7ce/ws_moveit2/install/moveit_ros_planning/lib/moveit_ros_planning/moveit_evaluate_collision_checking_speed
[1.104s] -- Up-to-date: /home/w0x7ce/ws_moveit2/install/moveit_ros_planning/lib/moveit_ros_planning/moveit_publish_scene_from_text
[1.122s] -- Up-to-date: /home/w0x7ce/ws_moveit2/install/moveit_ros_planning/include
[1.124s] -- Up-to-date: /home/w0x7ce/ws_moveit2/install/moveit_ros_planning/include/moveit
[1.124s] -- Up-to-date: /home/w0x7ce/ws_moveit2/install/moveit_ros_planning/include/moveit/trajectory_execution_manager
[1.125s] -- Up-to-date: /home/w0x7ce/ws_moveit2/install/moveit_ros_planning/include/moveit/trajectory_execution_manager/trajectory_execution_manager.h
[1.125s] -- Up-to-date: /home/w0x7ce/ws_moveit2/install/moveit_ros_planning/include/moveit_trajectory_execution_manager_export.h
[1.125s] -- Up-to-date: /home/w0x7ce/ws_moveit2/install/moveit_ros_planning/include
[1.125s] -- Up-to-date: /home/w0x7ce/ws_moveit2/install/moveit_ros_planning/include/moveit
[1.126s] -- Up-to-date: /home/w0x7ce/ws_moveit2/install/moveit_ros_planning/include/moveit/plan_execution
[1.126s] -- Up-to-date: /home/w0x7ce/ws_moveit2/install/moveit_ros_planning/include/moveit/plan_execution/plan_representation.h
[1.126s] -- Up-to-date: /home/w0x7ce/ws_moveit2/install/moveit_ros_planning/include/moveit/plan_execution/plan_execution.h
[1.142s] -- Up-to-date: /home/w0x7ce/ws_moveit2/install/moveit_ros_planning/include
[1.143s] -- Up-to-date: /home/w0x7ce/ws_moveit2/install/moveit_ros_planning/include/moveit
[1.143s] -- Up-to-date: /home/w0x7ce/ws_moveit2/install/moveit_ros_planning/include/moveit/moveit_cpp
[1.146s] -- Up-to-date: /home/w0x7ce/ws_moveit2/install/moveit_ros_planning/include/moveit/moveit_cpp/planning_component.h
[1.146s] -- Up-to-date: /home/w0x7ce/ws_moveit2/install/moveit_ros_planning/include/moveit/moveit_cpp/moveit_cpp.h
[1.147s] -- Up-to-date: /home/w0x7ce/ws_moveit2/install/moveit_ros_planning/lib/libmoveit_rdf_loader.so.2.5.4
[1.148s] -- Up-to-date: /home/w0x7ce/ws_moveit2/install/moveit_ros_planning/lib/libmoveit_rdf_loader.so
[1.148s] -- Up-to-date: /home/w0x7ce/ws_moveit2/install/moveit_ros_planning/lib/libmoveit_kinematics_plugin_loader.so.2.5.4
[1.149s] -- Up-to-date: /home/w0x7ce/ws_moveit2/install/moveit_ros_planning/lib/libmoveit_kinematics_plugin_loader.so
[1.149s] -- Up-to-date: /home/w0x7ce/ws_moveit2/install/moveit_ros_planning/lib/libmoveit_robot_model_loader.so.2.5.4
[1.150s] -- Up-to-date: /home/w0x7ce/ws_moveit2/install/moveit_ros_planning/lib/libmoveit_robot_model_loader.so
[1.151s] -- Up-to-date: /home/w0x7ce/ws_moveit2/install/moveit_ros_planning/lib/libmoveit_constraint_sampler_manager_loader.so.2.5.4
[1.152s] -- Up-to-date: /home/w0x7ce/ws_moveit2/install/moveit_ros_planning/lib/libmoveit_constraint_sampler_manager_loader.so
[1.152s] -- Up-to-date: /home/w0x7ce/ws_moveit2/install/moveit_ros_planning/lib/libmoveit_planning_pipeline.so.2.5.4
[1.153s] -- Up-to-date: /home/w0x7ce/ws_moveit2/install/moveit_ros_planning/lib/libmoveit_planning_pipeline.so
[1.154s] -- Up-to-date: /home/w0x7ce/ws_moveit2/install/moveit_ros_planning/lib/libmoveit_trajectory_execution_manager.so.2.5.4
[1.154s] -- Up-to-date: /home/w0x7ce/ws_moveit2/install/moveit_ros_planning/lib/libmoveit_trajectory_execution_manager.so
[1.155s] -- Up-to-date: /home/w0x7ce/ws_moveit2/install/moveit_ros_planning/lib/libmoveit_plan_execution.so.2.5.4
[1.155s] -- Up-to-date: /home/w0x7ce/ws_moveit2/install/moveit_ros_planning/lib/libmoveit_plan_execution.so
[1.156s] -- Up-to-date: /home/w0x7ce/ws_moveit2/install/moveit_ros_planning/lib/libmoveit_planning_scene_monitor.so.2.5.4
[1.157s] -- Up-to-date: /home/w0x7ce/ws_moveit2/install/moveit_ros_planning/lib/libmoveit_planning_scene_monitor.so
[1.157s] -- Up-to-date: /home/w0x7ce/ws_moveit2/install/moveit_ros_planning/lib/libmoveit_collision_plugin_loader.so.2.5.4
[1.158s] -- Up-to-date: /home/w0x7ce/ws_moveit2/install/moveit_ros_planning/lib/libmoveit_collision_plugin_loader.so
[1.159s] -- Up-to-date: /home/w0x7ce/ws_moveit2/install/moveit_ros_planning/lib/libmoveit_default_planning_request_adapter_plugins.so.2.5.4
[1.159s] -- Up-to-date: /home/w0x7ce/ws_moveit2/install/moveit_ros_planning/lib/libmoveit_default_planning_request_adapter_plugins.so
[1.160s] -- Up-to-date: /home/w0x7ce/ws_moveit2/install/moveit_ros_planning/lib/libmoveit_cpp.so.2.5.4
[1.161s] -- Up-to-date: /home/w0x7ce/ws_moveit2/install/moveit_ros_planning/lib/libmoveit_cpp.so
[1.161s] -- Up-to-date: /home/w0x7ce/ws_moveit2/install/moveit_ros_planning/share/moveit_ros_planning/environment/library_path.sh
[1.162s] -- Up-to-date: /home/w0x7ce/ws_moveit2/install/moveit_ros_planning/share/moveit_ros_planning/environment/library_path.dsv
[1.162s] -- Up-to-date: /home/w0x7ce/ws_moveit2/install/moveit_ros_planning/share/moveit_ros_planning/planning_request_adapters_plugin_description.xml
[1.162s] -- Up-to-date: /home/w0x7ce/ws_moveit2/install/moveit_ros_planning/share/ament_index/resource_index/package_run_dependencies/moveit_ros_planning
[1.162s] -- Up-to-date: /home/w0x7ce/ws_moveit2/install/moveit_ros_planning/share/ament_index/resource_index/parent_prefix_path/moveit_ros_planning
[1.162s] -- Up-to-date: /home/w0x7ce/ws_moveit2/install/moveit_ros_planning/share/moveit_ros_planning/environment/ament_prefix_path.sh
[1.163s] -- Up-to-date: /home/w0x7ce/ws_moveit2/install/moveit_ros_planning/share/moveit_ros_planning/environment/ament_prefix_path.dsv
[1.163s] -- Up-to-date: /home/w0x7ce/ws_moveit2/install/moveit_ros_planning/share/moveit_ros_planning/environment/path.sh
[1.163s] -- Up-to-date: /home/w0x7ce/ws_moveit2/install/moveit_ros_planning/share/moveit_ros_planning/environment/path.dsv
[1.163s] -- Up-to-date: /home/w0x7ce/ws_moveit2/install/moveit_ros_planning/share/moveit_ros_planning/local_setup.bash
[1.163s] -- Up-to-date: /home/w0x7ce/ws_moveit2/install/moveit_ros_planning/share/moveit_ros_planning/local_setup.sh
[1.163s] -- Up-to-date: /home/w0x7ce/ws_moveit2/install/moveit_ros_planning/share/moveit_ros_planning/local_setup.zsh
[1.164s] -- Up-to-date: /home/w0x7ce/ws_moveit2/install/moveit_ros_planning/share/moveit_ros_planning/local_setup.dsv
[1.164s] -- Installing: /home/w0x7ce/ws_moveit2/install/moveit_ros_planning/share/moveit_ros_planning/package.dsv
[1.181s] -- Up-to-date: /home/w0x7ce/ws_moveit2/install/moveit_ros_planning/share/ament_index/resource_index/packages/moveit_ros_planning
[1.182s] -- Up-to-date: /home/w0x7ce/ws_moveit2/install/moveit_ros_planning/share/ament_index/resource_index/moveit_core__pluginlib__plugin/moveit_ros_planning
[1.183s] -- Up-to-date: /home/w0x7ce/ws_moveit2/install/moveit_ros_planning/share/moveit_ros_planning/cmake/export_moveit_ros_planningExport.cmake
[1.183s] -- Up-to-date: /home/w0x7ce/ws_moveit2/install/moveit_ros_planning/share/moveit_ros_planning/cmake/export_moveit_ros_planningExport-release.cmake
[1.183s] -- Up-to-date: /home/w0x7ce/ws_moveit2/install/moveit_ros_planning/share/moveit_ros_planning/cmake/ConfigExtras.cmake
[1.184s] -- Up-to-date: /home/w0x7ce/ws_moveit2/install/moveit_ros_planning/share/moveit_ros_planning/cmake/ament_cmake_export_targets-extras.cmake
[1.184s] -- Up-to-date: /home/w0x7ce/ws_moveit2/install/moveit_ros_planning/share/moveit_ros_planning/cmake/ament_cmake_export_dependencies-extras.cmake
[1.185s] -- Up-to-date: /home/w0x7ce/ws_moveit2/install/moveit_ros_planning/share/moveit_ros_planning/cmake/moveit_ros_planningConfig.cmake
[1.185s] -- Up-to-date: /home/w0x7ce/ws_moveit2/install/moveit_ros_planning/share/moveit_ros_planning/cmake/moveit_ros_planningConfig-version.cmake
[1.185s] -- Up-to-date: /home/w0x7ce/ws_moveit2/install/moveit_ros_planning/share/moveit_ros_planning/package.xml
[1.223s] Invoked command in '/home/w0x7ce/ws_moveit2/build/moveit_ros_planning' returned '0': CMAKE_PREFIX_PATH=/home/w0x7ce/ws_moveit2/install/moveit_ros_occupancy_map_monitor:/home/w0x7ce/ws_moveit2/install/moveit_core:/home/w0x7ce/ws_moveit2/install/moveit_resources_panda_moveit_config:/home/w0x7ce/ws_moveit2/install/srdfdom:/home/w0x7ce/ws_moveit2/install/moveit_resources_panda_description:/home/w0x7ce/ws_moveit2/install/moveit_common:/home/w0x7ce/ws_moveit2/install/pilz_industrial_motion_planner_testutils:/home/w0x7ce/ws_moveit2/install/moveit_runtime:/home/w0x7ce/ws_moveit2/install/moveit2_tutorials:/home/w0x7ce/ws_moveit2/install/moveit:/home/w0x7ce/ws_moveit2/install/moveit_planners:/home/w0x7ce/ws_moveit2/install/pilz_industrial_motion_planner:/home/w0x7ce/ws_moveit2/install/moveit_visual_tools:/home/w0x7ce/ws_moveit2/install/moveit_task_constructor_visualization:/home/w0x7ce/ws_moveit2/install/moveit_task_constructor_demo:/home/w0x7ce/ws_moveit2/install/moveit_task_constructor_capabilities:/home/w0x7ce/ws_moveit2/install/moveit_task_constructor_core:/home/w0x7ce/ws_moveit2/install/moveit_ros_control_interface:/home/w0x7ce/ws_moveit2/install/moveit_plugins:/home/w0x7ce/ws_moveit2/install/moveit_simple_controller_manager:/home/w0x7ce/ws_moveit2/install/moveit_setup_assistant:/home/w0x7ce/ws_moveit2/install/moveit_setup_srdf_plugins:/home/w0x7ce/ws_moveit2/install/moveit_setup_core_plugins:/home/w0x7ce/ws_moveit2/install/moveit_setup_controllers:/home/w0x7ce/ws_moveit2/install/moveit_setup_app_plugins:/home/w0x7ce/ws_moveit2/install/moveit_setup_framework:/home/w0x7ce/ws_moveit2/install/moveit_servo:/home/w0x7ce/ws_moveit2/install/moveit_ros:/home/w0x7ce/ws_moveit2/install/moveit_ros_visualization:/home/w0x7ce/ws_moveit2/install/moveit_hybrid_planning:/home/w0x7ce/ws_moveit2/install/moveit_ros_planning_interface:/home/w0x7ce/ws_moveit2/install/moveit_ros_benchmarks:/home/w0x7ce/ws_moveit2/install/moveit_ros_warehouse:/home/w0x7ce/ws_moveit2/install/moveit_ros_robot_interaction:/home/w0x7ce/ws_moveit2/install/moveit_ros_perception:/home/w0x7ce/ws_moveit2/install/moveit_resources_prbt_pg70_support:/home/w0x7ce/ws_moveit2/install/moveit_resources_prbt_moveit_config:/home/w0x7ce/ws_moveit2/install/moveit_ros_move_group:/home/w0x7ce/ws_moveit2/install/moveit_planners_ompl:/home/w0x7ce/ws_moveit2/install/moveit_ros_planning:/home/w0x7ce/ws_moveit2/install/moveit_resources_prbt_ikfast_manipulator_plugin:/home/w0x7ce/ws_moveit2/install/moveit_planners_chomp:/home/w0x7ce/ws_moveit2/install/moveit_kinematics:/home/w0x7ce/ws_moveit2/install/moveit_chomp_optimizer_adapter:/home/w0x7ce/ws_moveit2/install/chomp_motion_planner:/home/w0x7ce/ws_moveit2/install/rviz_marker_tools:/home/w0x7ce/ws_moveit2/install/rosparam_shortcuts:/home/w0x7ce/ws_moveit2/install/moveit_task_constructor_msgs:/home/w0x7ce/ws_moveit2/install/moveit_resources_prbt_support:/home/w0x7ce/ws_moveit2/install/moveit_resources:/home/w0x7ce/ws_moveit2/install/moveit_resources_pr2_description:/home/w0x7ce/ws_moveit2/install/moveit_resources_fanuc_moveit_config:/home/w0x7ce/ws_moveit2/install/moveit_resources_fanuc_description:/home/w0x7ce/ws_moveit2/install/moveit_configs_utils:/home/w0x7ce/ws_moveit2/install/launch_param_builder:/opt/ros/humble LD_LIBRARY_PATH=/home/w0x7ce/ws_moveit2/install/moveit_ros_occupancy_map_monitor/lib:/home/w0x7ce/ws_moveit2/install/moveit_core/lib:/home/w0x7ce/ws_moveit2/install/srdfdom/lib:/home/w0x7ce/ws_moveit2/install/pilz_industrial_motion_planner_testutils/lib:/home/w0x7ce/ws_moveit2/install/pilz_industrial_motion_planner/lib:/home/w0x7ce/ws_moveit2/install/moveit_visual_tools/lib:/home/w0x7ce/ws_moveit2/install/moveit_task_constructor_visualization/lib:/home/w0x7ce/ws_moveit2/install/moveit_task_constructor_demo/lib:/home/w0x7ce/ws_moveit2/install/moveit_task_constructor_capabilities/lib:/home/w0x7ce/ws_moveit2/install/moveit_task_constructor_core/lib:/home/w0x7ce/ws_moveit2/install/moveit_ros_control_interface/lib:/home/w0x7ce/ws_moveit2/install/moveit_simple_controller_manager/lib:/home/w0x7ce/ws_moveit2/install/moveit_setup_assistant/lib:/home/w0x7ce/ws_moveit2/install/moveit_setup_srdf_plugins/lib:/home/w0x7ce/ws_moveit2/install/moveit_setup_core_plugins/lib:/home/w0x7ce/ws_moveit2/install/moveit_setup_controllers/lib:/home/w0x7ce/ws_moveit2/install/moveit_setup_app_plugins/lib:/home/w0x7ce/ws_moveit2/install/moveit_setup_framework/lib:/home/w0x7ce/ws_moveit2/install/moveit_servo/lib:/home/w0x7ce/ws_moveit2/install/moveit_ros_visualization/lib:/home/w0x7ce/ws_moveit2/install/moveit_hybrid_planning/lib:/home/w0x7ce/ws_moveit2/install/moveit_ros_planning_interface/lib:/home/w0x7ce/ws_moveit2/install/moveit_ros_benchmarks/lib:/home/w0x7ce/ws_moveit2/install/moveit_ros_warehouse/lib:/home/w0x7ce/ws_moveit2/install/moveit_ros_robot_interaction/lib:/home/w0x7ce/ws_moveit2/install/moveit_ros_perception/lib:/home/w0x7ce/ws_moveit2/install/moveit_ros_move_group/lib:/home/w0x7ce/ws_moveit2/install/moveit_planners_ompl/lib:/home/w0x7ce/ws_moveit2/install/moveit_ros_planning/lib:/home/w0x7ce/ws_moveit2/install/moveit_resources_prbt_ikfast_manipulator_plugin/lib:/home/w0x7ce/ws_moveit2/install/moveit_planners_chomp/lib:/home/w0x7ce/ws_moveit2/install/moveit_kinematics/lib:/home/w0x7ce/ws_moveit2/install/moveit_chomp_optimizer_adapter/lib:/home/w0x7ce/ws_moveit2/install/chomp_motion_planner/lib:/home/w0x7ce/ws_moveit2/install/rviz_marker_tools/lib:/home/w0x7ce/ws_moveit2/install/rosparam_shortcuts/lib:/home/w0x7ce/ws_moveit2/install/moveit_task_constructor_msgs/lib:/usr/lib/x86_64-linux-gnu/gazebo-11/plugins:/opt/ros/humble/opt/rviz_ogre_vendor/lib:/opt/ros/humble/lib/x86_64-linux-gnu:/opt/ros/humble/lib /usr/bin/cmake --install /home/w0x7ce/ws_moveit2/build/moveit_ros_planning
