[0.358s] Invoking command in '/home/w0x7ce/ws_moveit2/build/moveit_common': CMAKE_PREFIX_PATH=${CMAKE_PREFIX_PATH}:/home/w0x7ce/ws_moveit2/install/moveit_configs_utils:/home/w0x7ce/ws_moveit2/install/launch_param_builder:/opt/ros/humble /usr/bin/cmake --build /home/w0x7ce/ws_moveit2/build/moveit_common -- -j4 -l4
[1.559s] Invoked command in '/home/w0x7ce/ws_moveit2/build/moveit_common' returned '0': CMAKE_PREFIX_PATH=${CMAKE_PREFIX_PATH}:/home/w0x7ce/ws_moveit2/install/moveit_configs_utils:/home/w0x7ce/ws_moveit2/install/launch_param_builder:/opt/ros/humble /usr/bin/cmake --build /home/w0x7ce/ws_moveit2/build/moveit_common -- -j4 -l4
[1.616s] Invoking command in '/home/w0x7ce/ws_moveit2/build/moveit_common': CMAKE_PREFIX_PATH=${CMAKE_PREFIX_PATH}:/home/w0x7ce/ws_moveit2/install/moveit_configs_utils:/home/w0x7ce/ws_moveit2/install/launch_param_builder:/opt/ros/humble /usr/bin/cmake --install /home/w0x7ce/ws_moveit2/build/moveit_common
[1.722s] -- Install configuration: ""
[1.776s] -- Up-to-date: /home/w0x7ce/ws_moveit2/install/moveit_common/share/ament_index/resource_index/package_run_dependencies/moveit_common
[1.940s] -- Up-to-date: /home/w0x7ce/ws_moveit2/install/moveit_common/share/ament_index/resource_index/parent_prefix_path/moveit_common
[1.962s] -- Up-to-date: /home/w0x7ce/ws_moveit2/install/moveit_common/share/moveit_common/environment/ament_prefix_path.sh
[1.963s] -- Up-to-date: /home/w0x7ce/ws_moveit2/install/moveit_common/share/moveit_common/environment/ament_prefix_path.dsv
[1.963s] -- Up-to-date: /home/w0x7ce/ws_moveit2/install/moveit_common/share/moveit_common/environment/path.sh
[1.963s] -- Up-to-date: /home/w0x7ce/ws_moveit2/install/moveit_common/share/moveit_common/environment/path.dsv
[2.068s] -- Up-to-date: /home/w0x7ce/ws_moveit2/install/moveit_common/share/moveit_common/local_setup.bash
[2.068s] -- Up-to-date: /home/w0x7ce/ws_moveit2/install/moveit_common/share/moveit_common/local_setup.sh
[2.069s] -- Up-to-date: /home/w0x7ce/ws_moveit2/install/moveit_common/share/moveit_common/local_setup.zsh
[2.069s] -- Up-to-date: /home/w0x7ce/ws_moveit2/install/moveit_common/share/moveit_common/local_setup.dsv
[2.069s] -- Installing: /home/w0x7ce/ws_moveit2/install/moveit_common/share/moveit_common/package.dsv
[2.364s] -- Up-to-date: /home/w0x7ce/ws_moveit2/install/moveit_common/share/ament_index/resource_index/packages/moveit_common
[2.368s] -- Up-to-date: /home/w0x7ce/ws_moveit2/install/moveit_common/share/moveit_common/cmake/moveit_common-extras.cmake
[2.369s] -- Up-to-date: /home/w0x7ce/ws_moveit2/install/moveit_common/share/moveit_common/cmake/moveit_commonConfig.cmake
[2.369s] -- Up-to-date: /home/w0x7ce/ws_moveit2/install/moveit_common/share/moveit_common/cmake/moveit_commonConfig-version.cmake
[2.369s] -- Up-to-date: /home/w0x7ce/ws_moveit2/install/moveit_common/share/moveit_common/package.xml
[2.370s] -- Up-to-date: /home/w0x7ce/ws_moveit2/install/moveit_common/share/moveit_common/cmake
[2.452s] -- Up-to-date: /home/w0x7ce/ws_moveit2/install/moveit_common/share/moveit_common/cmake/moveit_package.cmake
[2.652s] Invoked command in '/home/w0x7ce/ws_moveit2/build/moveit_common' returned '0': CMAKE_PREFIX_PATH=${CMAKE_PREFIX_PATH}:/home/w0x7ce/ws_moveit2/install/moveit_configs_utils:/home/w0x7ce/ws_moveit2/install/launch_param_builder:/opt/ros/humble /usr/bin/cmake --install /home/w0x7ce/ws_moveit2/build/moveit_common
