[0.117s] Invoking command in '/home/w0x7ce/ws_moveit2/build/moveit_core': CMAKE_PREFIX_PATH=/home/w0x7ce/ws_moveit2/install/moveit_resources_panda_moveit_config:/home/w0x7ce/ws_moveit2/install/srdfdom:/home/w0x7ce/ws_moveit2/install/moveit_resources_pr2_description:/home/w0x7ce/ws_moveit2/install/moveit_resources_panda_description:/home/w0x7ce/ws_moveit2/install/moveit_common:/home/w0x7ce/ws_moveit2/install/pilz_industrial_motion_planner_testutils:/home/w0x7ce/ws_moveit2/install/moveit_runtime:/home/w0x7ce/ws_moveit2/install/moveit2_tutorials:/home/w0x7ce/ws_moveit2/install/moveit:/home/w0x7ce/ws_moveit2/install/moveit_planners:/home/w0x7ce/ws_moveit2/install/pilz_industrial_motion_planner:/home/w0x7ce/ws_moveit2/install/moveit_visual_tools:/home/w0x7ce/ws_moveit2/install/moveit_task_constructor_visualization:/home/w0x7ce/ws_moveit2/install/moveit_task_constructor_demo:/home/w0x7ce/ws_moveit2/install/moveit_task_constructor_capabilities:/home/w0x7ce/ws_moveit2/install/moveit_task_constructor_core:/home/w0x7ce/ws_moveit2/install/moveit_ros_control_interface:/home/w0x7ce/ws_moveit2/install/moveit_plugins:/home/w0x7ce/ws_moveit2/install/moveit_simple_controller_manager:/home/w0x7ce/ws_moveit2/install/moveit_setup_assistant:/home/w0x7ce/ws_moveit2/install/moveit_setup_srdf_plugins:/home/w0x7ce/ws_moveit2/install/moveit_setup_core_plugins:/home/w0x7ce/ws_moveit2/install/moveit_setup_controllers:/home/w0x7ce/ws_moveit2/install/moveit_setup_app_plugins:/home/w0x7ce/ws_moveit2/install/moveit_setup_framework:/home/w0x7ce/ws_moveit2/install/moveit_servo:/home/w0x7ce/ws_moveit2/install/moveit_ros:/home/w0x7ce/ws_moveit2/install/moveit_ros_visualization:/home/w0x7ce/ws_moveit2/install/moveit_hybrid_planning:/home/w0x7ce/ws_moveit2/install/moveit_ros_planning_interface:/home/w0x7ce/ws_moveit2/install/moveit_ros_benchmarks:/home/w0x7ce/ws_moveit2/install/moveit_ros_warehouse:/home/w0x7ce/ws_moveit2/install/moveit_ros_robot_interaction:/home/w0x7ce/ws_moveit2/install/moveit_ros_perception:/home/w0x7ce/ws_moveit2/install/moveit_resources_prbt_pg70_support:/home/w0x7ce/ws_moveit2/install/moveit_resources_prbt_moveit_config:/home/w0x7ce/ws_moveit2/install/moveit_ros_move_group:/home/w0x7ce/ws_moveit2/install/moveit_planners_ompl:/home/w0x7ce/ws_moveit2/install/moveit_ros_planning:/home/w0x7ce/ws_moveit2/install/moveit_ros_occupancy_map_monitor:/home/w0x7ce/ws_moveit2/install/moveit_resources_prbt_ikfast_manipulator_plugin:/home/w0x7ce/ws_moveit2/install/moveit_planners_chomp:/home/w0x7ce/ws_moveit2/install/moveit_kinematics:/home/w0x7ce/ws_moveit2/install/moveit_chomp_optimizer_adapter:/home/w0x7ce/ws_moveit2/install/chomp_motion_planner:/home/w0x7ce/ws_moveit2/install/moveit_core:/home/w0x7ce/ws_moveit2/install/rviz_marker_tools:/home/w0x7ce/ws_moveit2/install/rosparam_shortcuts:/home/w0x7ce/ws_moveit2/install/moveit_task_constructor_msgs:/home/w0x7ce/ws_moveit2/install/moveit_resources_prbt_support:/home/w0x7ce/ws_moveit2/install/moveit_resources:/home/w0x7ce/ws_moveit2/install/moveit_resources_fanuc_moveit_config:/home/w0x7ce/ws_moveit2/install/moveit_resources_fanuc_description:/home/w0x7ce/ws_moveit2/install/moveit_configs_utils:/home/w0x7ce/ws_moveit2/install/launch_param_builder:/opt/ros/humble LD_LIBRARY_PATH=/home/w0x7ce/ws_moveit2/install/srdfdom/lib:/home/w0x7ce/ws_moveit2/install/pilz_industrial_motion_planner_testutils/lib:/home/w0x7ce/ws_moveit2/install/pilz_industrial_motion_planner/lib:/home/w0x7ce/ws_moveit2/install/moveit_visual_tools/lib:/home/w0x7ce/ws_moveit2/install/moveit_task_constructor_visualization/lib:/home/w0x7ce/ws_moveit2/install/moveit_task_constructor_demo/lib:/home/w0x7ce/ws_moveit2/install/moveit_task_constructor_capabilities/lib:/home/w0x7ce/ws_moveit2/install/moveit_task_constructor_core/lib:/home/w0x7ce/ws_moveit2/install/moveit_ros_control_interface/lib:/home/w0x7ce/ws_moveit2/install/moveit_simple_controller_manager/lib:/home/w0x7ce/ws_moveit2/install/moveit_setup_assistant/lib:/home/w0x7ce/ws_moveit2/install/moveit_setup_srdf_plugins/lib:/home/w0x7ce/ws_moveit2/install/moveit_setup_core_plugins/lib:/home/w0x7ce/ws_moveit2/install/moveit_setup_controllers/lib:/home/w0x7ce/ws_moveit2/install/moveit_setup_app_plugins/lib:/home/w0x7ce/ws_moveit2/install/moveit_setup_framework/lib:/home/w0x7ce/ws_moveit2/install/moveit_servo/lib:/home/w0x7ce/ws_moveit2/install/moveit_ros_visualization/lib:/home/w0x7ce/ws_moveit2/install/moveit_hybrid_planning/lib:/home/w0x7ce/ws_moveit2/install/moveit_ros_planning_interface/lib:/home/w0x7ce/ws_moveit2/install/moveit_ros_benchmarks/lib:/home/w0x7ce/ws_moveit2/install/moveit_ros_warehouse/lib:/home/w0x7ce/ws_moveit2/install/moveit_ros_robot_interaction/lib:/home/w0x7ce/ws_moveit2/install/moveit_ros_perception/lib:/home/w0x7ce/ws_moveit2/install/moveit_ros_move_group/lib:/home/w0x7ce/ws_moveit2/install/moveit_planners_ompl/lib:/home/w0x7ce/ws_moveit2/install/moveit_ros_planning/lib:/home/w0x7ce/ws_moveit2/install/moveit_ros_occupancy_map_monitor/lib:/home/w0x7ce/ws_moveit2/install/moveit_resources_prbt_ikfast_manipulator_plugin/lib:/home/w0x7ce/ws_moveit2/install/moveit_planners_chomp/lib:/home/w0x7ce/ws_moveit2/install/moveit_kinematics/lib:/home/w0x7ce/ws_moveit2/install/moveit_chomp_optimizer_adapter/lib:/home/w0x7ce/ws_moveit2/install/chomp_motion_planner/lib:/home/w0x7ce/ws_moveit2/install/moveit_core/lib:/home/w0x7ce/ws_moveit2/install/rviz_marker_tools/lib:/home/w0x7ce/ws_moveit2/install/rosparam_shortcuts/lib:/home/w0x7ce/ws_moveit2/install/moveit_task_constructor_msgs/lib:/usr/lib/x86_64-linux-gnu/gazebo-11/plugins:/opt/ros/humble/opt/rviz_ogre_vendor/lib:/opt/ros/humble/lib/x86_64-linux-gnu:/opt/ros/humble/lib /usr/bin/cmake --build /home/w0x7ce/ws_moveit2/build/moveit_core -- -j4 -l4
[0.396s] [  1%] Built target moveit_exceptions
[0.416s] [  2%] Built target moveit_kinematics_base
[0.420s] [  3%] Built target moveit_transforms
[0.466s] [  5%] Built target moveit_utils
[0.469s] [  7%] Built target moveit_distance_field
[0.477s] [  8%] Built target gtest_main
[0.481s] [  9%] Built target gtest
[0.519s] [ 10%] Built target moveit_version
[0.533s] [ 11%] Built target gmock_main
[0.540s] [ 12%] Built target moveit_smoothing_base
[0.543s] [ 14%] Built target gmock
[0.608s] [ 15%] Built target test_voxel_grid
[0.617s] [ 16%] Built target test_transforms
[0.618s] [ 17%] Built target test_distance_field
[0.702s] [ 23%] Built target moveit_robot_model
[0.768s] [ 24%] Built target moveit_butterworth_filter
[0.792s] [ 25%] Built target moveit_test_utils
[0.831s] [ 27%] Built target test_butterworth_filter
[0.854s] [ 28%] Built target test_robot_model
[0.883s] [ 31%] Built target moveit_robot_state
[0.980s] [ 32%] Built target moveit_dynamics_solver
[0.985s] [ 34%] Built target moveit_kinematics_metrics
[1.001s] [ 36%] Built target moveit_robot_trajectory
[1.052s] [ 37%] Built target test_robot_state_benchmark
[1.056s] [ 39%] Built target test_robot_state_complex
[1.056s] [ 40%] Built target test_robot_state
[1.109s] [ 41%] Built target test_robot_trajectory
[1.143s] [ 43%] Built target test_aabb
[1.147s] [ 44%] Built target test_cartesian_interpolator
[1.178s] [ 50%] Built target moveit_collision_detection
[1.284s] [ 51%] Built target test_world
[1.300s] [ 55%] Built target moveit_trajectory_processing
[1.305s] [ 57%] Built target moveit_collision_detection_fcl
[1.315s] [ 58%] Built target moveit_planning_interface
[1.370s] [ 60%] Built target test_world_diff
[1.389s] [ 61%] Built target test_all_valid
[1.406s] [ 63%] Built target test_fcl_collision_env
[1.430s] [ 64%] Built target test_fcl_collision_detection
[1.462s] [ 65%] Built target test_fcl_collision_detection_panda
[1.690s] [ 66%] Built target test_time_parameterization
[1.698s] [ 68%] Built target moveit_kinematic_constraints
[1.700s] [ 70%] Built target test_time_optimal_trajectory_generation
[1.736s] [ 75%] Built target moveit_collision_detection_bullet
[1.755s] [ 76%] Built target test_ruckig_traj_smoothing
[1.793s] [ 77%] Built target test_orientation_constraints
[1.796s] [ 78%] Built target test_constraints
[1.805s] [ 79%] Built target moveit_planning_scene
[1.862s] [ 80%] Built target test_bullet_collision_detection_panda
[1.870s] [ 81%] Built target test_bullet_collision_detection
[1.870s] [ 82%] Built target test_bullet_continuous_collision_checking
[1.965s] [ 84%] Built target moveit_planning_request_adapter
[1.999s] [ 85%] Built target test_planning_scene
[2.086s] [ 89%] Built target moveit_constraint_samplers
[2.138s] [ 92%] Built target moveit_collision_distance_field
[2.150s] [ 93%] Built target test_collision_objects
[2.155s] [ 94%] Built target test_multi_threaded
[2.202s] [ 95%] Built target collision_detector_bullet_plugin
[2.209s] [ 96%] Built target collision_detector_fcl_plugin
[2.244s] [ 97%] Built target test_collision_distance_field
[2.288s] [100%] Built target test_constraint_samplers
[2.296s] Invoked command in '/home/w0x7ce/ws_moveit2/build/moveit_core' returned '0': CMAKE_PREFIX_PATH=/home/w0x7ce/ws_moveit2/install/moveit_resources_panda_moveit_config:/home/w0x7ce/ws_moveit2/install/srdfdom:/home/w0x7ce/ws_moveit2/install/moveit_resources_pr2_description:/home/w0x7ce/ws_moveit2/install/moveit_resources_panda_description:/home/w0x7ce/ws_moveit2/install/moveit_common:/home/w0x7ce/ws_moveit2/install/pilz_industrial_motion_planner_testutils:/home/w0x7ce/ws_moveit2/install/moveit_runtime:/home/w0x7ce/ws_moveit2/install/moveit2_tutorials:/home/w0x7ce/ws_moveit2/install/moveit:/home/w0x7ce/ws_moveit2/install/moveit_planners:/home/w0x7ce/ws_moveit2/install/pilz_industrial_motion_planner:/home/w0x7ce/ws_moveit2/install/moveit_visual_tools:/home/w0x7ce/ws_moveit2/install/moveit_task_constructor_visualization:/home/w0x7ce/ws_moveit2/install/moveit_task_constructor_demo:/home/w0x7ce/ws_moveit2/install/moveit_task_constructor_capabilities:/home/w0x7ce/ws_moveit2/install/moveit_task_constructor_core:/home/w0x7ce/ws_moveit2/install/moveit_ros_control_interface:/home/w0x7ce/ws_moveit2/install/moveit_plugins:/home/w0x7ce/ws_moveit2/install/moveit_simple_controller_manager:/home/w0x7ce/ws_moveit2/install/moveit_setup_assistant:/home/w0x7ce/ws_moveit2/install/moveit_setup_srdf_plugins:/home/w0x7ce/ws_moveit2/install/moveit_setup_core_plugins:/home/w0x7ce/ws_moveit2/install/moveit_setup_controllers:/home/w0x7ce/ws_moveit2/install/moveit_setup_app_plugins:/home/w0x7ce/ws_moveit2/install/moveit_setup_framework:/home/w0x7ce/ws_moveit2/install/moveit_servo:/home/w0x7ce/ws_moveit2/install/moveit_ros:/home/w0x7ce/ws_moveit2/install/moveit_ros_visualization:/home/w0x7ce/ws_moveit2/install/moveit_hybrid_planning:/home/w0x7ce/ws_moveit2/install/moveit_ros_planning_interface:/home/w0x7ce/ws_moveit2/install/moveit_ros_benchmarks:/home/w0x7ce/ws_moveit2/install/moveit_ros_warehouse:/home/w0x7ce/ws_moveit2/install/moveit_ros_robot_interaction:/home/w0x7ce/ws_moveit2/install/moveit_ros_perception:/home/w0x7ce/ws_moveit2/install/moveit_resources_prbt_pg70_support:/home/w0x7ce/ws_moveit2/install/moveit_resources_prbt_moveit_config:/home/w0x7ce/ws_moveit2/install/moveit_ros_move_group:/home/w0x7ce/ws_moveit2/install/moveit_planners_ompl:/home/w0x7ce/ws_moveit2/install/moveit_ros_planning:/home/w0x7ce/ws_moveit2/install/moveit_ros_occupancy_map_monitor:/home/w0x7ce/ws_moveit2/install/moveit_resources_prbt_ikfast_manipulator_plugin:/home/w0x7ce/ws_moveit2/install/moveit_planners_chomp:/home/w0x7ce/ws_moveit2/install/moveit_kinematics:/home/w0x7ce/ws_moveit2/install/moveit_chomp_optimizer_adapter:/home/w0x7ce/ws_moveit2/install/chomp_motion_planner:/home/w0x7ce/ws_moveit2/install/moveit_core:/home/w0x7ce/ws_moveit2/install/rviz_marker_tools:/home/w0x7ce/ws_moveit2/install/rosparam_shortcuts:/home/w0x7ce/ws_moveit2/install/moveit_task_constructor_msgs:/home/w0x7ce/ws_moveit2/install/moveit_resources_prbt_support:/home/w0x7ce/ws_moveit2/install/moveit_resources:/home/w0x7ce/ws_moveit2/install/moveit_resources_fanuc_moveit_config:/home/w0x7ce/ws_moveit2/install/moveit_resources_fanuc_description:/home/w0x7ce/ws_moveit2/install/moveit_configs_utils:/home/w0x7ce/ws_moveit2/install/launch_param_builder:/opt/ros/humble LD_LIBRARY_PATH=/home/w0x7ce/ws_moveit2/install/srdfdom/lib:/home/w0x7ce/ws_moveit2/install/pilz_industrial_motion_planner_testutils/lib:/home/w0x7ce/ws_moveit2/install/pilz_industrial_motion_planner/lib:/home/w0x7ce/ws_moveit2/install/moveit_visual_tools/lib:/home/w0x7ce/ws_moveit2/install/moveit_task_constructor_visualization/lib:/home/w0x7ce/ws_moveit2/install/moveit_task_constructor_demo/lib:/home/w0x7ce/ws_moveit2/install/moveit_task_constructor_capabilities/lib:/home/w0x7ce/ws_moveit2/install/moveit_task_constructor_core/lib:/home/w0x7ce/ws_moveit2/install/moveit_ros_control_interface/lib:/home/w0x7ce/ws_moveit2/install/moveit_simple_controller_manager/lib:/home/w0x7ce/ws_moveit2/install/moveit_setup_assistant/lib:/home/w0x7ce/ws_moveit2/install/moveit_setup_srdf_plugins/lib:/home/w0x7ce/ws_moveit2/install/moveit_setup_core_plugins/lib:/home/w0x7ce/ws_moveit2/install/moveit_setup_controllers/lib:/home/w0x7ce/ws_moveit2/install/moveit_setup_app_plugins/lib:/home/w0x7ce/ws_moveit2/install/moveit_setup_framework/lib:/home/w0x7ce/ws_moveit2/install/moveit_servo/lib:/home/w0x7ce/ws_moveit2/install/moveit_ros_visualization/lib:/home/w0x7ce/ws_moveit2/install/moveit_hybrid_planning/lib:/home/w0x7ce/ws_moveit2/install/moveit_ros_planning_interface/lib:/home/w0x7ce/ws_moveit2/install/moveit_ros_benchmarks/lib:/home/w0x7ce/ws_moveit2/install/moveit_ros_warehouse/lib:/home/w0x7ce/ws_moveit2/install/moveit_ros_robot_interaction/lib:/home/w0x7ce/ws_moveit2/install/moveit_ros_perception/lib:/home/w0x7ce/ws_moveit2/install/moveit_ros_move_group/lib:/home/w0x7ce/ws_moveit2/install/moveit_planners_ompl/lib:/home/w0x7ce/ws_moveit2/install/moveit_ros_planning/lib:/home/w0x7ce/ws_moveit2/install/moveit_ros_occupancy_map_monitor/lib:/home/w0x7ce/ws_moveit2/install/moveit_resources_prbt_ikfast_manipulator_plugin/lib:/home/w0x7ce/ws_moveit2/install/moveit_planners_chomp/lib:/home/w0x7ce/ws_moveit2/install/moveit_kinematics/lib:/home/w0x7ce/ws_moveit2/install/moveit_chomp_optimizer_adapter/lib:/home/w0x7ce/ws_moveit2/install/chomp_motion_planner/lib:/home/w0x7ce/ws_moveit2/install/moveit_core/lib:/home/w0x7ce/ws_moveit2/install/rviz_marker_tools/lib:/home/w0x7ce/ws_moveit2/install/rosparam_shortcuts/lib:/home/w0x7ce/ws_moveit2/install/moveit_task_constructor_msgs/lib:/usr/lib/x86_64-linux-gnu/gazebo-11/plugins:/opt/ros/humble/opt/rviz_ogre_vendor/lib:/opt/ros/humble/lib/x86_64-linux-gnu:/opt/ros/humble/lib /usr/bin/cmake --build /home/w0x7ce/ws_moveit2/build/moveit_core -- -j4 -l4
[2.440s] Invoking command in '/home/w0x7ce/ws_moveit2/build/moveit_core': CMAKE_PREFIX_PATH=/home/w0x7ce/ws_moveit2/install/moveit_resources_panda_moveit_config:/home/w0x7ce/ws_moveit2/install/srdfdom:/home/w0x7ce/ws_moveit2/install/moveit_resources_pr2_description:/home/w0x7ce/ws_moveit2/install/moveit_resources_panda_description:/home/w0x7ce/ws_moveit2/install/moveit_common:/home/w0x7ce/ws_moveit2/install/pilz_industrial_motion_planner_testutils:/home/w0x7ce/ws_moveit2/install/moveit_runtime:/home/w0x7ce/ws_moveit2/install/moveit2_tutorials:/home/w0x7ce/ws_moveit2/install/moveit:/home/w0x7ce/ws_moveit2/install/moveit_planners:/home/w0x7ce/ws_moveit2/install/pilz_industrial_motion_planner:/home/w0x7ce/ws_moveit2/install/moveit_visual_tools:/home/w0x7ce/ws_moveit2/install/moveit_task_constructor_visualization:/home/w0x7ce/ws_moveit2/install/moveit_task_constructor_demo:/home/w0x7ce/ws_moveit2/install/moveit_task_constructor_capabilities:/home/w0x7ce/ws_moveit2/install/moveit_task_constructor_core:/home/w0x7ce/ws_moveit2/install/moveit_ros_control_interface:/home/w0x7ce/ws_moveit2/install/moveit_plugins:/home/w0x7ce/ws_moveit2/install/moveit_simple_controller_manager:/home/w0x7ce/ws_moveit2/install/moveit_setup_assistant:/home/w0x7ce/ws_moveit2/install/moveit_setup_srdf_plugins:/home/w0x7ce/ws_moveit2/install/moveit_setup_core_plugins:/home/w0x7ce/ws_moveit2/install/moveit_setup_controllers:/home/w0x7ce/ws_moveit2/install/moveit_setup_app_plugins:/home/w0x7ce/ws_moveit2/install/moveit_setup_framework:/home/w0x7ce/ws_moveit2/install/moveit_servo:/home/w0x7ce/ws_moveit2/install/moveit_ros:/home/w0x7ce/ws_moveit2/install/moveit_ros_visualization:/home/w0x7ce/ws_moveit2/install/moveit_hybrid_planning:/home/w0x7ce/ws_moveit2/install/moveit_ros_planning_interface:/home/w0x7ce/ws_moveit2/install/moveit_ros_benchmarks:/home/w0x7ce/ws_moveit2/install/moveit_ros_warehouse:/home/w0x7ce/ws_moveit2/install/moveit_ros_robot_interaction:/home/w0x7ce/ws_moveit2/install/moveit_ros_perception:/home/w0x7ce/ws_moveit2/install/moveit_resources_prbt_pg70_support:/home/w0x7ce/ws_moveit2/install/moveit_resources_prbt_moveit_config:/home/w0x7ce/ws_moveit2/install/moveit_ros_move_group:/home/w0x7ce/ws_moveit2/install/moveit_planners_ompl:/home/w0x7ce/ws_moveit2/install/moveit_ros_planning:/home/w0x7ce/ws_moveit2/install/moveit_ros_occupancy_map_monitor:/home/w0x7ce/ws_moveit2/install/moveit_resources_prbt_ikfast_manipulator_plugin:/home/w0x7ce/ws_moveit2/install/moveit_planners_chomp:/home/w0x7ce/ws_moveit2/install/moveit_kinematics:/home/w0x7ce/ws_moveit2/install/moveit_chomp_optimizer_adapter:/home/w0x7ce/ws_moveit2/install/chomp_motion_planner:/home/w0x7ce/ws_moveit2/install/moveit_core:/home/w0x7ce/ws_moveit2/install/rviz_marker_tools:/home/w0x7ce/ws_moveit2/install/rosparam_shortcuts:/home/w0x7ce/ws_moveit2/install/moveit_task_constructor_msgs:/home/w0x7ce/ws_moveit2/install/moveit_resources_prbt_support:/home/w0x7ce/ws_moveit2/install/moveit_resources:/home/w0x7ce/ws_moveit2/install/moveit_resources_fanuc_moveit_config:/home/w0x7ce/ws_moveit2/install/moveit_resources_fanuc_description:/home/w0x7ce/ws_moveit2/install/moveit_configs_utils:/home/w0x7ce/ws_moveit2/install/launch_param_builder:/opt/ros/humble LD_LIBRARY_PATH=/home/w0x7ce/ws_moveit2/install/srdfdom/lib:/home/w0x7ce/ws_moveit2/install/pilz_industrial_motion_planner_testutils/lib:/home/w0x7ce/ws_moveit2/install/pilz_industrial_motion_planner/lib:/home/w0x7ce/ws_moveit2/install/moveit_visual_tools/lib:/home/w0x7ce/ws_moveit2/install/moveit_task_constructor_visualization/lib:/home/w0x7ce/ws_moveit2/install/moveit_task_constructor_demo/lib:/home/w0x7ce/ws_moveit2/install/moveit_task_constructor_capabilities/lib:/home/w0x7ce/ws_moveit2/install/moveit_task_constructor_core/lib:/home/w0x7ce/ws_moveit2/install/moveit_ros_control_interface/lib:/home/w0x7ce/ws_moveit2/install/moveit_simple_controller_manager/lib:/home/w0x7ce/ws_moveit2/install/moveit_setup_assistant/lib:/home/w0x7ce/ws_moveit2/install/moveit_setup_srdf_plugins/lib:/home/w0x7ce/ws_moveit2/install/moveit_setup_core_plugins/lib:/home/w0x7ce/ws_moveit2/install/moveit_setup_controllers/lib:/home/w0x7ce/ws_moveit2/install/moveit_setup_app_plugins/lib:/home/w0x7ce/ws_moveit2/install/moveit_setup_framework/lib:/home/w0x7ce/ws_moveit2/install/moveit_servo/lib:/home/w0x7ce/ws_moveit2/install/moveit_ros_visualization/lib:/home/w0x7ce/ws_moveit2/install/moveit_hybrid_planning/lib:/home/w0x7ce/ws_moveit2/install/moveit_ros_planning_interface/lib:/home/w0x7ce/ws_moveit2/install/moveit_ros_benchmarks/lib:/home/w0x7ce/ws_moveit2/install/moveit_ros_warehouse/lib:/home/w0x7ce/ws_moveit2/install/moveit_ros_robot_interaction/lib:/home/w0x7ce/ws_moveit2/install/moveit_ros_perception/lib:/home/w0x7ce/ws_moveit2/install/moveit_ros_move_group/lib:/home/w0x7ce/ws_moveit2/install/moveit_planners_ompl/lib:/home/w0x7ce/ws_moveit2/install/moveit_ros_planning/lib:/home/w0x7ce/ws_moveit2/install/moveit_ros_occupancy_map_monitor/lib:/home/w0x7ce/ws_moveit2/install/moveit_resources_prbt_ikfast_manipulator_plugin/lib:/home/w0x7ce/ws_moveit2/install/moveit_planners_chomp/lib:/home/w0x7ce/ws_moveit2/install/moveit_kinematics/lib:/home/w0x7ce/ws_moveit2/install/moveit_chomp_optimizer_adapter/lib:/home/w0x7ce/ws_moveit2/install/chomp_motion_planner/lib:/home/w0x7ce/ws_moveit2/install/moveit_core/lib:/home/w0x7ce/ws_moveit2/install/rviz_marker_tools/lib:/home/w0x7ce/ws_moveit2/install/rosparam_shortcuts/lib:/home/w0x7ce/ws_moveit2/install/moveit_task_constructor_msgs/lib:/usr/lib/x86_64-linux-gnu/gazebo-11/plugins:/opt/ros/humble/opt/rviz_ogre_vendor/lib:/opt/ros/humble/lib/x86_64-linux-gnu:/opt/ros/humble/lib /usr/bin/cmake --install /home/w0x7ce/ws_moveit2/build/moveit_core
[2.499s] -- Install configuration: "Release"
[2.499s] -- Up-to-date: /home/w0x7ce/ws_moveit2/install/moveit_core/include/moveit/version.h
[2.531s] -- Up-to-date: /home/w0x7ce/ws_moveit2/install/moveit_core/include
[2.531s] -- Up-to-date: /home/w0x7ce/ws_moveit2/install/moveit_core/include/moveit
[2.532s] -- Up-to-date: /home/w0x7ce/ws_moveit2/install/moveit_core/include/moveit/collision_distance_field
[2.532s] -- Up-to-date: /home/w0x7ce/ws_moveit2/install/moveit_core/include/moveit/collision_distance_field/collision_distance_field_types.h
[2.532s] -- Up-to-date: /home/w0x7ce/ws_moveit2/install/moveit_core/include/moveit/collision_distance_field/collision_common_distance_field.h
[2.532s] -- Up-to-date: /home/w0x7ce/ws_moveit2/install/moveit_core/include/moveit/collision_distance_field/collision_env_hybrid.h
[2.533s] -- Up-to-date: /home/w0x7ce/ws_moveit2/install/moveit_core/include/moveit/collision_distance_field/collision_detector_allocator_distance_field.h
[2.533s] -- Up-to-date: /home/w0x7ce/ws_moveit2/install/moveit_core/include/moveit/collision_distance_field/collision_detector_allocator_hybrid.h
[2.533s] -- Up-to-date: /home/w0x7ce/ws_moveit2/install/moveit_core/include/moveit/collision_distance_field/collision_env_distance_field.h
[2.533s] -- Up-to-date: /home/w0x7ce/ws_moveit2/install/moveit_core/include/moveit_collision_distance_field_export.h
[2.577s] -- Up-to-date: /home/w0x7ce/ws_moveit2/install/moveit_core/include
[2.578s] -- Up-to-date: /home/w0x7ce/ws_moveit2/install/moveit_core/include/moveit
[2.578s] -- Up-to-date: /home/w0x7ce/ws_moveit2/install/moveit_core/include/moveit/constraint_samplers
[2.578s] -- Up-to-date: /home/w0x7ce/ws_moveit2/install/moveit_core/include/moveit/constraint_samplers/constraint_sampler_manager.h
[2.579s] -- Up-to-date: /home/w0x7ce/ws_moveit2/install/moveit_core/include/moveit/constraint_samplers/union_constraint_sampler.h
[2.579s] -- Up-to-date: /home/w0x7ce/ws_moveit2/install/moveit_core/include/moveit/constraint_samplers/constraint_sampler_tools.h
[2.579s] -- Up-to-date: /home/w0x7ce/ws_moveit2/install/moveit_core/include/moveit/constraint_samplers/constraint_sampler_allocator.h
[2.579s] -- Up-to-date: /home/w0x7ce/ws_moveit2/install/moveit_core/include/moveit/constraint_samplers/default_constraint_samplers.h
[2.579s] -- Up-to-date: /home/w0x7ce/ws_moveit2/install/moveit_core/include/moveit/constraint_samplers/constraint_sampler.h
[2.608s] -- Up-to-date: /home/w0x7ce/ws_moveit2/install/moveit_core/include
[2.608s] -- Up-to-date: /home/w0x7ce/ws_moveit2/install/moveit_core/include/moveit
[2.608s] -- Up-to-date: /home/w0x7ce/ws_moveit2/install/moveit_core/include/moveit/controller_manager
[2.608s] -- Up-to-date: /home/w0x7ce/ws_moveit2/install/moveit_core/include/moveit/controller_manager/controller_manager.h
[2.646s] -- Up-to-date: /home/w0x7ce/ws_moveit2/install/moveit_core/include
[2.646s] -- Up-to-date: /home/w0x7ce/ws_moveit2/install/moveit_core/include/moveit
[2.646s] -- Up-to-date: /home/w0x7ce/ws_moveit2/install/moveit_core/include/moveit/distance_field
[2.646s] -- Up-to-date: /home/w0x7ce/ws_moveit2/install/moveit_core/include/moveit/distance_field/voxel_grid.h
[2.647s] -- Up-to-date: /home/w0x7ce/ws_moveit2/install/moveit_core/include/moveit/distance_field/distance_field.h
[2.647s] -- Up-to-date: /home/w0x7ce/ws_moveit2/install/moveit_core/include/moveit/distance_field/find_internal_points.h
[2.647s] -- Up-to-date: /home/w0x7ce/ws_moveit2/install/moveit_core/include/moveit/distance_field/propagation_distance_field.h
[2.663s] -- Up-to-date: /home/w0x7ce/ws_moveit2/install/moveit_core/include
[2.664s] -- Up-to-date: /home/w0x7ce/ws_moveit2/install/moveit_core/include/moveit
[2.665s] -- Up-to-date: /home/w0x7ce/ws_moveit2/install/moveit_core/include/moveit/dynamics_solver
[2.665s] -- Up-to-date: /home/w0x7ce/ws_moveit2/install/moveit_core/include/moveit/dynamics_solver/dynamics_solver.h
[2.666s] -- Up-to-date: /home/w0x7ce/ws_moveit2/install/moveit_core/include
[2.666s] -- Up-to-date: /home/w0x7ce/ws_moveit2/install/moveit_core/include/moveit
[2.666s] -- Up-to-date: /home/w0x7ce/ws_moveit2/install/moveit_core/include/moveit/exceptions
[2.667s] -- Up-to-date: /home/w0x7ce/ws_moveit2/install/moveit_core/include/moveit/exceptions/exceptions.h
[2.667s] -- Up-to-date: /home/w0x7ce/ws_moveit2/install/moveit_core/include
[2.667s] -- Up-to-date: /home/w0x7ce/ws_moveit2/install/moveit_core/include/moveit
[2.667s] -- Up-to-date: /home/w0x7ce/ws_moveit2/install/moveit_core/include/moveit/kinematics_base
[2.668s] -- Up-to-date: /home/w0x7ce/ws_moveit2/install/moveit_core/include/moveit/kinematics_base/kinematics_base.h
[2.668s] -- Up-to-date: /home/w0x7ce/ws_moveit2/install/moveit_core/include/moveit_kinematics_base_export.h
[2.668s] -- Up-to-date: /home/w0x7ce/ws_moveit2/install/moveit_core/include
[2.668s] -- Up-to-date: /home/w0x7ce/ws_moveit2/install/moveit_core/include/moveit
[2.669s] -- Up-to-date: /home/w0x7ce/ws_moveit2/install/moveit_core/include/moveit/kinematic_constraints
[2.669s] -- Up-to-date: /home/w0x7ce/ws_moveit2/install/moveit_core/include/moveit/kinematic_constraints/utils.h
[2.669s] -- Up-to-date: /home/w0x7ce/ws_moveit2/install/moveit_core/include/moveit/kinematic_constraints/kinematic_constraint.h
[2.670s] -- Up-to-date: /home/w0x7ce/ws_moveit2/install/moveit_core/include
[2.670s] -- Up-to-date: /home/w0x7ce/ws_moveit2/install/moveit_core/include/moveit
[2.670s] -- Up-to-date: /home/w0x7ce/ws_moveit2/install/moveit_core/include/moveit/kinematics_metrics
[2.670s] -- Up-to-date: /home/w0x7ce/ws_moveit2/install/moveit_core/include/moveit/kinematics_metrics/kinematics_metrics.h
[2.671s] -- Up-to-date: /home/w0x7ce/ws_moveit2/install/moveit_core/include
[2.671s] -- Up-to-date: /home/w0x7ce/ws_moveit2/install/moveit_core/include/moveit
[2.671s] -- Up-to-date: /home/w0x7ce/ws_moveit2/install/moveit_core/include/moveit/macros
[2.671s] -- Up-to-date: /home/w0x7ce/ws_moveit2/install/moveit_core/include/moveit/macros/declare_ptr.h
[2.672s] -- Up-to-date: /home/w0x7ce/ws_moveit2/install/moveit_core/include/moveit/macros/console_colors.h
[2.672s] -- Up-to-date: /home/w0x7ce/ws_moveit2/install/moveit_core/include/moveit/macros/deprecation.h
[2.672s] -- Up-to-date: /home/w0x7ce/ws_moveit2/install/moveit_core/include/moveit/macros/class_forward.h
[2.672s] -- Up-to-date: /home/w0x7ce/ws_moveit2/install/moveit_core/include
[2.672s] -- Up-to-date: /home/w0x7ce/ws_moveit2/install/moveit_core/include/moveit
[2.673s] -- Up-to-date: /home/w0x7ce/ws_moveit2/install/moveit_core/include/moveit/online_signal_smoothing
[2.673s] -- Up-to-date: /home/w0x7ce/ws_moveit2/install/moveit_core/include/moveit/online_signal_smoothing/butterworth_filter.h
[2.673s] -- Up-to-date: /home/w0x7ce/ws_moveit2/install/moveit_core/include/moveit/online_signal_smoothing/smoothing_base_class.h
[2.673s] -- Up-to-date: /home/w0x7ce/ws_moveit2/install/moveit_core/include/moveit_smoothing_base_export.h
[2.673s] -- Up-to-date: /home/w0x7ce/ws_moveit2/install/moveit_core/include/moveit_butterworth_filter_export.h
[2.696s] -- Up-to-date: /home/w0x7ce/ws_moveit2/install/moveit_core/include
[2.696s] -- Up-to-date: /home/w0x7ce/ws_moveit2/install/moveit_core/include/moveit
[2.696s] -- Up-to-date: /home/w0x7ce/ws_moveit2/install/moveit_core/include/moveit/planning_interface
[2.696s] -- Up-to-date: /home/w0x7ce/ws_moveit2/install/moveit_core/include/moveit/planning_interface/planning_request.h
[2.697s] -- Up-to-date: /home/w0x7ce/ws_moveit2/install/moveit_core/include/moveit/planning_interface/planning_response.h
[2.697s] -- Up-to-date: /home/w0x7ce/ws_moveit2/install/moveit_core/include/moveit/planning_interface/planning_interface.h
[2.715s] -- Up-to-date: /home/w0x7ce/ws_moveit2/install/moveit_core/include
[2.715s] -- Up-to-date: /home/w0x7ce/ws_moveit2/install/moveit_core/include/moveit
[2.715s] -- Up-to-date: /home/w0x7ce/ws_moveit2/install/moveit_core/include/moveit/planning_request_adapter
[2.715s] -- Up-to-date: /home/w0x7ce/ws_moveit2/install/moveit_core/include/moveit/planning_request_adapter/planning_request_adapter.h
[2.739s] -- Up-to-date: /home/w0x7ce/ws_moveit2/install/moveit_core/include
[2.739s] -- Up-to-date: /home/w0x7ce/ws_moveit2/install/moveit_core/include/moveit
[2.739s] -- Up-to-date: /home/w0x7ce/ws_moveit2/install/moveit_core/include/moveit/planning_scene
[2.740s] -- Up-to-date: /home/w0x7ce/ws_moveit2/install/moveit_core/include/moveit/planning_scene/planning_scene.h
[2.740s] -- Up-to-date: /home/w0x7ce/ws_moveit2/install/moveit_core/include/moveit_planning_scene_export.h
[2.743s] -- Up-to-date: /home/w0x7ce/ws_moveit2/install/moveit_core/include
[2.744s] -- Up-to-date: /home/w0x7ce/ws_moveit2/install/moveit_core/include/moveit
[2.744s] -- Up-to-date: /home/w0x7ce/ws_moveit2/install/moveit_core/include/moveit/robot_model
[2.744s] -- Up-to-date: /home/w0x7ce/ws_moveit2/install/moveit_core/include/moveit/robot_model/floating_joint_model.h
[2.745s] -- Up-to-date: /home/w0x7ce/ws_moveit2/install/moveit_core/include/moveit/robot_model/planar_joint_model.h
[2.745s] -- Up-to-date: /home/w0x7ce/ws_moveit2/install/moveit_core/include/moveit/robot_model/aabb.h
[2.745s] -- Up-to-date: /home/w0x7ce/ws_moveit2/install/moveit_core/include/moveit/robot_model/robot_model.h
[2.745s] -- Up-to-date: /home/w0x7ce/ws_moveit2/install/moveit_core/include/moveit/robot_model/joint_model_group.h
[2.745s] -- Up-to-date: /home/w0x7ce/ws_moveit2/install/moveit_core/include/moveit/robot_model/link_model.h
[2.745s] -- Up-to-date: /home/w0x7ce/ws_moveit2/install/moveit_core/include/moveit/robot_model/fixed_joint_model.h
[2.746s] -- Up-to-date: /home/w0x7ce/ws_moveit2/install/moveit_core/include/moveit/robot_model/joint_model.h
[2.746s] -- Up-to-date: /home/w0x7ce/ws_moveit2/install/moveit_core/include/moveit/robot_model/revolute_joint_model.h
[2.746s] -- Up-to-date: /home/w0x7ce/ws_moveit2/install/moveit_core/include/moveit/robot_model/prismatic_joint_model.h
[2.764s] -- Up-to-date: /home/w0x7ce/ws_moveit2/install/moveit_core/include
[2.765s] -- Up-to-date: /home/w0x7ce/ws_moveit2/install/moveit_core/include/moveit
[2.765s] -- Up-to-date: /home/w0x7ce/ws_moveit2/install/moveit_core/include/moveit/robot_state
[2.765s] -- Up-to-date: /home/w0x7ce/ws_moveit2/install/moveit_core/include/moveit/robot_state/attached_body.h
[2.766s] -- Up-to-date: /home/w0x7ce/ws_moveit2/install/moveit_core/include/moveit/robot_state/robot_state.h
[2.766s] -- Up-to-date: /home/w0x7ce/ws_moveit2/install/moveit_core/include/moveit/robot_state/conversions.h
[2.766s] -- Up-to-date: /home/w0x7ce/ws_moveit2/install/moveit_core/include/moveit/robot_state/cartesian_interpolator.h
[2.766s] -- Up-to-date: /home/w0x7ce/ws_moveit2/install/moveit_core/include
[2.767s] -- Up-to-date: /home/w0x7ce/ws_moveit2/install/moveit_core/include/moveit
[2.767s] -- Up-to-date: /home/w0x7ce/ws_moveit2/install/moveit_core/include/moveit/robot_trajectory
[2.767s] -- Up-to-date: /home/w0x7ce/ws_moveit2/install/moveit_core/include/moveit/robot_trajectory/robot_trajectory.h
[2.768s] -- Up-to-date: /home/w0x7ce/ws_moveit2/install/moveit_core/include
[2.768s] -- Up-to-date: /home/w0x7ce/ws_moveit2/install/moveit_core/include/moveit
[2.768s] -- Up-to-date: /home/w0x7ce/ws_moveit2/install/moveit_core/include/moveit/sensor_manager
[2.768s] -- Up-to-date: /home/w0x7ce/ws_moveit2/install/moveit_core/include/moveit/sensor_manager/sensor_manager.h
[2.769s] -- Up-to-date: /home/w0x7ce/ws_moveit2/install/moveit_core/include
[2.769s] -- Up-to-date: /home/w0x7ce/ws_moveit2/install/moveit_core/include/moveit
[2.769s] -- Up-to-date: /home/w0x7ce/ws_moveit2/install/moveit_core/include/moveit/trajectory_processing
[2.769s] -- Up-to-date: /home/w0x7ce/ws_moveit2/install/moveit_core/include/moveit/trajectory_processing/iterative_spline_parameterization.h
[2.769s] -- Up-to-date: /home/w0x7ce/ws_moveit2/install/moveit_core/include/moveit/trajectory_processing/trajectory_tools.h
[2.769s] -- Up-to-date: /home/w0x7ce/ws_moveit2/install/moveit_core/include/moveit/trajectory_processing/ruckig_traj_smoothing.h
[2.770s] -- Up-to-date: /home/w0x7ce/ws_moveit2/install/moveit_core/include/moveit/trajectory_processing/time_parameterization.h
[2.770s] -- Up-to-date: /home/w0x7ce/ws_moveit2/install/moveit_core/include/moveit/trajectory_processing/iterative_time_parameterization.h
[2.770s] -- Up-to-date: /home/w0x7ce/ws_moveit2/install/moveit_core/include/moveit/trajectory_processing/time_optimal_trajectory_generation.h
[2.770s] -- Up-to-date: /home/w0x7ce/ws_moveit2/install/moveit_core/include
[2.770s] -- Up-to-date: /home/w0x7ce/ws_moveit2/install/moveit_core/include/moveit
[2.771s] -- Up-to-date: /home/w0x7ce/ws_moveit2/install/moveit_core/include/moveit/transforms
[2.771s] -- Up-to-date: /home/w0x7ce/ws_moveit2/install/moveit_core/include/moveit/transforms/transforms.h
[2.789s] -- Up-to-date: /home/w0x7ce/ws_moveit2/install/moveit_core/include
[2.789s] -- Up-to-date: /home/w0x7ce/ws_moveit2/install/moveit_core/include/moveit
[2.789s] -- Up-to-date: /home/w0x7ce/ws_moveit2/install/moveit_core/include/moveit/utils
[2.789s] -- Up-to-date: /home/w0x7ce/ws_moveit2/install/moveit_core/include/moveit/utils/rclcpp_utils.h
[2.790s] -- Up-to-date: /home/w0x7ce/ws_moveit2/install/moveit_core/include/moveit/utils/robot_model_test_utils.h
[2.790s] -- Up-to-date: /home/w0x7ce/ws_moveit2/install/moveit_core/include/moveit/utils/message_checks.h
[2.790s] -- Up-to-date: /home/w0x7ce/ws_moveit2/install/moveit_core/include/moveit/utils/lexical_casts.h
[2.790s] -- Up-to-date: /home/w0x7ce/ws_moveit2/install/moveit_core/include/moveit/utils/moveit_error_code.h
[2.829s] -- Up-to-date: /home/w0x7ce/ws_moveit2/install/moveit_core/bin/moveit_version
[2.830s] -- Up-to-date: /home/w0x7ce/ws_moveit2/install/moveit_core/include
[2.830s] -- Up-to-date: /home/w0x7ce/ws_moveit2/install/moveit_core/include/moveit
[2.830s] -- Up-to-date: /home/w0x7ce/ws_moveit2/install/moveit_core/include/moveit/collision_detection
[2.830s] -- Up-to-date: /home/w0x7ce/ws_moveit2/install/moveit_core/include/moveit/collision_detection/test_collision_common_pr2.h
[2.830s] -- Up-to-date: /home/w0x7ce/ws_moveit2/install/moveit_core/include/moveit/collision_detection/world.h
[2.830s] -- Up-to-date: /home/w0x7ce/ws_moveit2/install/moveit_core/include/moveit/collision_detection/world_diff.h
[2.831s] -- Up-to-date: /home/w0x7ce/ws_moveit2/install/moveit_core/include/moveit/collision_detection/collision_matrix.h
[2.831s] -- Up-to-date: /home/w0x7ce/ws_moveit2/install/moveit_core/include/moveit/collision_detection/collision_tools.h
[2.831s] -- Up-to-date: /home/w0x7ce/ws_moveit2/install/moveit_core/include/moveit/collision_detection/collision_detector_allocator.h
[2.831s] -- Up-to-date: /home/w0x7ce/ws_moveit2/install/moveit_core/include/moveit/collision_detection/allvalid
[2.831s] -- Up-to-date: /home/w0x7ce/ws_moveit2/install/moveit_core/include/moveit/collision_detection/allvalid/collision_env_allvalid.h
[2.831s] -- Up-to-date: /home/w0x7ce/ws_moveit2/install/moveit_core/include/moveit/collision_detection/allvalid/collision_detector_allocator_allvalid.h
[2.832s] -- Up-to-date: /home/w0x7ce/ws_moveit2/install/moveit_core/include/moveit/collision_detection/collision_common.h
[2.832s] -- Up-to-date: /home/w0x7ce/ws_moveit2/install/moveit_core/include/moveit/collision_detection/test_collision_common_panda.h
[2.832s] -- Up-to-date: /home/w0x7ce/ws_moveit2/install/moveit_core/include/moveit/collision_detection/occupancy_map.h
[2.832s] -- Up-to-date: /home/w0x7ce/ws_moveit2/install/moveit_core/include/moveit/collision_detection/collision_plugin_cache.h
[2.832s] -- Up-to-date: /home/w0x7ce/ws_moveit2/install/moveit_core/include/moveit/collision_detection/collision_plugin.h
[2.832s] -- Up-to-date: /home/w0x7ce/ws_moveit2/install/moveit_core/include/moveit/collision_detection/collision_env.h
[2.832s] -- Up-to-date: /home/w0x7ce/ws_moveit2/install/moveit_core/include/moveit/collision_detection/collision_octomap_filter.h
[2.832s] -- Up-to-date: /home/w0x7ce/ws_moveit2/install/moveit_core/include/moveit_collision_detection_export.h
[2.832s] -- Up-to-date: /home/w0x7ce/ws_moveit2/install/moveit_core/include
[2.833s] -- Up-to-date: /home/w0x7ce/ws_moveit2/install/moveit_core/include/moveit
[2.833s] -- Up-to-date: /home/w0x7ce/ws_moveit2/install/moveit_core/include/moveit/collision_detection_bullet
[2.833s] -- Up-to-date: /home/w0x7ce/ws_moveit2/install/moveit_core/include/moveit/collision_detection_bullet/collision_detector_bullet_plugin_loader.h
[2.833s] -- Up-to-date: /home/w0x7ce/ws_moveit2/install/moveit_core/include/moveit/collision_detection_bullet/collision_detector_allocator_bullet.h
[2.833s] -- Up-to-date: /home/w0x7ce/ws_moveit2/install/moveit_core/include/moveit/collision_detection_bullet/bullet_integration
[2.833s] -- Up-to-date: /home/w0x7ce/ws_moveit2/install/moveit_core/include/moveit/collision_detection_bullet/bullet_integration/ros_bullet_utils.h
[2.833s] -- Up-to-date: /home/w0x7ce/ws_moveit2/install/moveit_core/include/moveit/collision_detection_bullet/bullet_integration/bullet_utils.h
[2.834s] -- Up-to-date: /home/w0x7ce/ws_moveit2/install/moveit_core/include/moveit/collision_detection_bullet/bullet_integration/contact_checker_common.h
[2.834s] -- Up-to-date: /home/w0x7ce/ws_moveit2/install/moveit_core/include/moveit/collision_detection_bullet/bullet_integration/bullet_discrete_bvh_manager.h
[2.834s] -- Up-to-date: /home/w0x7ce/ws_moveit2/install/moveit_core/include/moveit/collision_detection_bullet/bullet_integration/bullet_bvh_manager.h
[2.834s] -- Up-to-date: /home/w0x7ce/ws_moveit2/install/moveit_core/include/moveit/collision_detection_bullet/bullet_integration/bullet_cast_bvh_manager.h
[2.834s] -- Up-to-date: /home/w0x7ce/ws_moveit2/install/moveit_core/include/moveit/collision_detection_bullet/bullet_integration/basic_types.h
[2.834s] -- Up-to-date: /home/w0x7ce/ws_moveit2/install/moveit_core/include/moveit/collision_detection_bullet/collision_env_bullet.h
[2.834s] -- Up-to-date: /home/w0x7ce/ws_moveit2/install/moveit_core/include/moveit_collision_detection_bullet_export.h
[2.834s] -- Up-to-date: /home/w0x7ce/ws_moveit2/install/moveit_core/lib/libmoveit_collision_detection_bullet.so.2.5.4
[2.834s] -- Up-to-date: /home/w0x7ce/ws_moveit2/install/moveit_core/lib/libmoveit_collision_detection_bullet.so
[2.834s] -- Up-to-date: /home/w0x7ce/ws_moveit2/install/moveit_core/lib/libcollision_detector_bullet_plugin.so.2.5.4
[2.835s] -- Up-to-date: /home/w0x7ce/ws_moveit2/install/moveit_core/lib/libcollision_detector_bullet_plugin.so
[2.835s] -- Up-to-date: /home/w0x7ce/ws_moveit2/install/moveit_core/share/moveit_core/environment/library_path.sh
[2.835s] -- Up-to-date: /home/w0x7ce/ws_moveit2/install/moveit_core/share/moveit_core/environment/library_path.dsv
[2.835s] -- Up-to-date: /home/w0x7ce/ws_moveit2/install/moveit_core/include
[2.835s] -- Up-to-date: /home/w0x7ce/ws_moveit2/install/moveit_core/include/moveit
[2.835s] -- Up-to-date: /home/w0x7ce/ws_moveit2/install/moveit_core/include/moveit/collision_detection_fcl
[2.835s] -- Up-to-date: /home/w0x7ce/ws_moveit2/install/moveit_core/include/moveit/collision_detection_fcl/collision_env_fcl.h
[2.835s] -- Up-to-date: /home/w0x7ce/ws_moveit2/install/moveit_core/include/moveit/collision_detection_fcl/fcl_compat.h
[2.835s] -- Up-to-date: /home/w0x7ce/ws_moveit2/install/moveit_core/include/moveit/collision_detection_fcl/collision_common.h
[2.835s] -- Up-to-date: /home/w0x7ce/ws_moveit2/install/moveit_core/include/moveit/collision_detection_fcl/collision_detector_fcl_plugin_loader.h
[2.836s] -- Up-to-date: /home/w0x7ce/ws_moveit2/install/moveit_core/include/moveit/collision_detection_fcl/collision_detector_allocator_fcl.h
[2.836s] -- Up-to-date: /home/w0x7ce/ws_moveit2/install/moveit_core/include/moveit_collision_detection_fcl_export.h
[2.836s] -- Up-to-date: /home/w0x7ce/ws_moveit2/install/moveit_core/lib/libmoveit_butterworth_filter.so.2.5.4
[2.836s] -- Up-to-date: /home/w0x7ce/ws_moveit2/install/moveit_core/lib/libmoveit_butterworth_filter.so
[2.836s] -- Up-to-date: /home/w0x7ce/ws_moveit2/install/moveit_core/lib/libmoveit_collision_distance_field.so.2.5.4
[2.836s] -- Up-to-date: /home/w0x7ce/ws_moveit2/install/moveit_core/lib/libmoveit_collision_distance_field.so
[2.836s] -- Up-to-date: /home/w0x7ce/ws_moveit2/install/moveit_core/lib/libmoveit_collision_detection.so.2.5.4
[2.836s] -- Up-to-date: /home/w0x7ce/ws_moveit2/install/moveit_core/lib/libmoveit_collision_detection.so
[2.836s] -- Up-to-date: /home/w0x7ce/ws_moveit2/install/moveit_core/lib/libmoveit_collision_detection_fcl.so.2.5.4
[2.837s] -- Up-to-date: /home/w0x7ce/ws_moveit2/install/moveit_core/lib/libmoveit_collision_detection_fcl.so
[2.837s] -- Up-to-date: /home/w0x7ce/ws_moveit2/install/moveit_core/lib/libmoveit_collision_detection_bullet.so.2.5.4
[2.837s] -- Up-to-date: /home/w0x7ce/ws_moveit2/install/moveit_core/lib/libmoveit_collision_detection_bullet.so
[2.837s] -- Up-to-date: /home/w0x7ce/ws_moveit2/install/moveit_core/lib/libmoveit_dynamics_solver.so.2.5.4
[2.838s] -- Up-to-date: /home/w0x7ce/ws_moveit2/install/moveit_core/lib/libmoveit_dynamics_solver.so
[2.840s] -- Up-to-date: /home/w0x7ce/ws_moveit2/install/moveit_core/lib/libmoveit_constraint_samplers.so.2.5.4
[2.840s] -- Up-to-date: /home/w0x7ce/ws_moveit2/install/moveit_core/lib/libmoveit_constraint_samplers.so
[2.840s] -- Up-to-date: /home/w0x7ce/ws_moveit2/install/moveit_core/lib/libmoveit_distance_field.so.2.5.4
[2.841s] -- Up-to-date: /home/w0x7ce/ws_moveit2/install/moveit_core/lib/libmoveit_distance_field.so
[2.841s] -- Up-to-date: /home/w0x7ce/ws_moveit2/install/moveit_core/lib/libmoveit_exceptions.so.2.5.4
[2.841s] -- Up-to-date: /home/w0x7ce/ws_moveit2/install/moveit_core/lib/libmoveit_exceptions.so
[2.841s] -- Up-to-date: /home/w0x7ce/ws_moveit2/install/moveit_core/lib/libmoveit_kinematics_base.so
[2.841s] -- Up-to-date: /home/w0x7ce/ws_moveit2/install/moveit_core/lib/libmoveit_kinematic_constraints.so.2.5.4
[2.841s] -- Up-to-date: /home/w0x7ce/ws_moveit2/install/moveit_core/lib/libmoveit_kinematic_constraints.so
[2.841s] -- Up-to-date: /home/w0x7ce/ws_moveit2/install/moveit_core/lib/libmoveit_kinematics_metrics.so.2.5.4
[2.841s] -- Up-to-date: /home/w0x7ce/ws_moveit2/install/moveit_core/lib/libmoveit_kinematics_metrics.so
[2.842s] -- Up-to-date: /home/w0x7ce/ws_moveit2/install/moveit_core/lib/libmoveit_planning_interface.so.2.5.4
[2.842s] -- Up-to-date: /home/w0x7ce/ws_moveit2/install/moveit_core/lib/libmoveit_planning_interface.so
[2.842s] -- Up-to-date: /home/w0x7ce/ws_moveit2/install/moveit_core/lib/libmoveit_planning_scene.so.2.5.4
[2.842s] -- Up-to-date: /home/w0x7ce/ws_moveit2/install/moveit_core/lib/libmoveit_planning_scene.so
[2.842s] -- Up-to-date: /home/w0x7ce/ws_moveit2/install/moveit_core/lib/libmoveit_planning_request_adapter.so.2.5.4
[2.843s] -- Up-to-date: /home/w0x7ce/ws_moveit2/install/moveit_core/lib/libmoveit_planning_request_adapter.so
[2.843s] -- Up-to-date: /home/w0x7ce/ws_moveit2/install/moveit_core/lib/libmoveit_robot_model.so.2.5.4
[2.843s] -- Up-to-date: /home/w0x7ce/ws_moveit2/install/moveit_core/lib/libmoveit_robot_model.so
[2.843s] -- Up-to-date: /home/w0x7ce/ws_moveit2/install/moveit_core/lib/libmoveit_robot_state.so.2.5.4
[2.844s] -- Up-to-date: /home/w0x7ce/ws_moveit2/install/moveit_core/lib/libmoveit_robot_state.so
[2.844s] -- Up-to-date: /home/w0x7ce/ws_moveit2/install/moveit_core/lib/libmoveit_robot_trajectory.so.2.5.4
[2.844s] -- Up-to-date: /home/w0x7ce/ws_moveit2/install/moveit_core/lib/libmoveit_robot_trajectory.so
[2.844s] -- Up-to-date: /home/w0x7ce/ws_moveit2/install/moveit_core/lib/libmoveit_smoothing_base.so.2.5.4
[2.845s] -- Up-to-date: /home/w0x7ce/ws_moveit2/install/moveit_core/lib/libmoveit_smoothing_base.so
[2.845s] -- Up-to-date: /home/w0x7ce/ws_moveit2/install/moveit_core/lib/libmoveit_test_utils.so.2.5.4
[2.845s] -- Up-to-date: /home/w0x7ce/ws_moveit2/install/moveit_core/lib/libmoveit_test_utils.so
[2.845s] -- Up-to-date: /home/w0x7ce/ws_moveit2/install/moveit_core/lib/libmoveit_trajectory_processing.so.2.5.4
[2.846s] -- Up-to-date: /home/w0x7ce/ws_moveit2/install/moveit_core/lib/libmoveit_trajectory_processing.so
[2.846s] -- Up-to-date: /home/w0x7ce/ws_moveit2/install/moveit_core/lib/libmoveit_transforms.so.2.5.4
[2.846s] -- Up-to-date: /home/w0x7ce/ws_moveit2/install/moveit_core/lib/libmoveit_transforms.so
[2.846s] -- Up-to-date: /home/w0x7ce/ws_moveit2/install/moveit_core/lib/libmoveit_utils.so.2.5.4
[2.846s] -- Up-to-date: /home/w0x7ce/ws_moveit2/install/moveit_core/lib/libmoveit_utils.so
[2.847s] -- Up-to-date: /home/w0x7ce/ws_moveit2/install/moveit_core/share/moveit_core/environment/library_path.sh
[2.847s] -- Up-to-date: /home/w0x7ce/ws_moveit2/install/moveit_core/share/moveit_core/environment/library_path.dsv
[2.847s] -- Up-to-date: /home/w0x7ce/ws_moveit2/install/moveit_core/share/moveit_core/collision_detector_fcl_description.xml
[2.847s] -- Up-to-date: /home/w0x7ce/ws_moveit2/install/moveit_core/share/moveit_core/collision_detector_bullet_description.xml
[2.847s] -- Up-to-date: /home/w0x7ce/ws_moveit2/install/moveit_core/share/moveit_core/filter_plugin_butterworth.xml
[2.847s] -- Up-to-date: /home/w0x7ce/ws_moveit2/install/moveit_core/share/ament_index/resource_index/package_run_dependencies/moveit_core
[2.847s] -- Up-to-date: /home/w0x7ce/ws_moveit2/install/moveit_core/share/ament_index/resource_index/parent_prefix_path/moveit_core
[2.847s] -- Up-to-date: /home/w0x7ce/ws_moveit2/install/moveit_core/share/moveit_core/environment/ament_prefix_path.sh
[2.847s] -- Up-to-date: /home/w0x7ce/ws_moveit2/install/moveit_core/share/moveit_core/environment/ament_prefix_path.dsv
[2.847s] -- Up-to-date: /home/w0x7ce/ws_moveit2/install/moveit_core/share/moveit_core/environment/path.sh
[2.848s] -- Up-to-date: /home/w0x7ce/ws_moveit2/install/moveit_core/share/moveit_core/environment/path.dsv
[2.848s] -- Up-to-date: /home/w0x7ce/ws_moveit2/install/moveit_core/share/moveit_core/local_setup.bash
[2.848s] -- Up-to-date: /home/w0x7ce/ws_moveit2/install/moveit_core/share/moveit_core/local_setup.sh
[2.848s] -- Up-to-date: /home/w0x7ce/ws_moveit2/install/moveit_core/share/moveit_core/local_setup.zsh
[2.848s] -- Up-to-date: /home/w0x7ce/ws_moveit2/install/moveit_core/share/moveit_core/local_setup.dsv
[2.848s] -- Installing: /home/w0x7ce/ws_moveit2/install/moveit_core/share/moveit_core/package.dsv
[2.848s] -- Up-to-date: /home/w0x7ce/ws_moveit2/install/moveit_core/share/ament_index/resource_index/packages/moveit_core
[2.848s] -- Up-to-date: /home/w0x7ce/ws_moveit2/install/moveit_core/share/ament_index/resource_index/moveit_core__pluginlib__plugin/moveit_core
[2.868s] -- Up-to-date: /home/w0x7ce/ws_moveit2/install/moveit_core/share/moveit_core/cmake/export_moveit_coreExport.cmake
[2.868s] -- Up-to-date: /home/w0x7ce/ws_moveit2/install/moveit_core/share/moveit_core/cmake/export_moveit_coreExport-release.cmake
[2.868s] -- Up-to-date: /home/w0x7ce/ws_moveit2/install/moveit_core/share/moveit_core/cmake/ConfigExtras.cmake
[2.868s] -- Up-to-date: /home/w0x7ce/ws_moveit2/install/moveit_core/share/moveit_core/cmake/ament_cmake_export_targets-extras.cmake
[2.868s] -- Up-to-date: /home/w0x7ce/ws_moveit2/install/moveit_core/share/moveit_core/cmake/ament_cmake_export_dependencies-extras.cmake
[2.868s] -- Up-to-date: /home/w0x7ce/ws_moveit2/install/moveit_core/share/moveit_core/cmake/moveit_coreConfig.cmake
[2.869s] -- Up-to-date: /home/w0x7ce/ws_moveit2/install/moveit_core/share/moveit_core/cmake/moveit_coreConfig-version.cmake
[2.869s] -- Up-to-date: /home/w0x7ce/ws_moveit2/install/moveit_core/share/moveit_core/package.xml
[2.872s] Invoked command in '/home/w0x7ce/ws_moveit2/build/moveit_core' returned '0': CMAKE_PREFIX_PATH=/home/w0x7ce/ws_moveit2/install/moveit_resources_panda_moveit_config:/home/w0x7ce/ws_moveit2/install/srdfdom:/home/w0x7ce/ws_moveit2/install/moveit_resources_pr2_description:/home/w0x7ce/ws_moveit2/install/moveit_resources_panda_description:/home/w0x7ce/ws_moveit2/install/moveit_common:/home/w0x7ce/ws_moveit2/install/pilz_industrial_motion_planner_testutils:/home/w0x7ce/ws_moveit2/install/moveit_runtime:/home/w0x7ce/ws_moveit2/install/moveit2_tutorials:/home/w0x7ce/ws_moveit2/install/moveit:/home/w0x7ce/ws_moveit2/install/moveit_planners:/home/w0x7ce/ws_moveit2/install/pilz_industrial_motion_planner:/home/w0x7ce/ws_moveit2/install/moveit_visual_tools:/home/w0x7ce/ws_moveit2/install/moveit_task_constructor_visualization:/home/w0x7ce/ws_moveit2/install/moveit_task_constructor_demo:/home/w0x7ce/ws_moveit2/install/moveit_task_constructor_capabilities:/home/w0x7ce/ws_moveit2/install/moveit_task_constructor_core:/home/w0x7ce/ws_moveit2/install/moveit_ros_control_interface:/home/w0x7ce/ws_moveit2/install/moveit_plugins:/home/w0x7ce/ws_moveit2/install/moveit_simple_controller_manager:/home/w0x7ce/ws_moveit2/install/moveit_setup_assistant:/home/w0x7ce/ws_moveit2/install/moveit_setup_srdf_plugins:/home/w0x7ce/ws_moveit2/install/moveit_setup_core_plugins:/home/w0x7ce/ws_moveit2/install/moveit_setup_controllers:/home/w0x7ce/ws_moveit2/install/moveit_setup_app_plugins:/home/w0x7ce/ws_moveit2/install/moveit_setup_framework:/home/w0x7ce/ws_moveit2/install/moveit_servo:/home/w0x7ce/ws_moveit2/install/moveit_ros:/home/w0x7ce/ws_moveit2/install/moveit_ros_visualization:/home/w0x7ce/ws_moveit2/install/moveit_hybrid_planning:/home/w0x7ce/ws_moveit2/install/moveit_ros_planning_interface:/home/w0x7ce/ws_moveit2/install/moveit_ros_benchmarks:/home/w0x7ce/ws_moveit2/install/moveit_ros_warehouse:/home/w0x7ce/ws_moveit2/install/moveit_ros_robot_interaction:/home/w0x7ce/ws_moveit2/install/moveit_ros_perception:/home/w0x7ce/ws_moveit2/install/moveit_resources_prbt_pg70_support:/home/w0x7ce/ws_moveit2/install/moveit_resources_prbt_moveit_config:/home/w0x7ce/ws_moveit2/install/moveit_ros_move_group:/home/w0x7ce/ws_moveit2/install/moveit_planners_ompl:/home/w0x7ce/ws_moveit2/install/moveit_ros_planning:/home/w0x7ce/ws_moveit2/install/moveit_ros_occupancy_map_monitor:/home/w0x7ce/ws_moveit2/install/moveit_resources_prbt_ikfast_manipulator_plugin:/home/w0x7ce/ws_moveit2/install/moveit_planners_chomp:/home/w0x7ce/ws_moveit2/install/moveit_kinematics:/home/w0x7ce/ws_moveit2/install/moveit_chomp_optimizer_adapter:/home/w0x7ce/ws_moveit2/install/chomp_motion_planner:/home/w0x7ce/ws_moveit2/install/moveit_core:/home/w0x7ce/ws_moveit2/install/rviz_marker_tools:/home/w0x7ce/ws_moveit2/install/rosparam_shortcuts:/home/w0x7ce/ws_moveit2/install/moveit_task_constructor_msgs:/home/w0x7ce/ws_moveit2/install/moveit_resources_prbt_support:/home/w0x7ce/ws_moveit2/install/moveit_resources:/home/w0x7ce/ws_moveit2/install/moveit_resources_fanuc_moveit_config:/home/w0x7ce/ws_moveit2/install/moveit_resources_fanuc_description:/home/w0x7ce/ws_moveit2/install/moveit_configs_utils:/home/w0x7ce/ws_moveit2/install/launch_param_builder:/opt/ros/humble LD_LIBRARY_PATH=/home/w0x7ce/ws_moveit2/install/srdfdom/lib:/home/w0x7ce/ws_moveit2/install/pilz_industrial_motion_planner_testutils/lib:/home/w0x7ce/ws_moveit2/install/pilz_industrial_motion_planner/lib:/home/w0x7ce/ws_moveit2/install/moveit_visual_tools/lib:/home/w0x7ce/ws_moveit2/install/moveit_task_constructor_visualization/lib:/home/w0x7ce/ws_moveit2/install/moveit_task_constructor_demo/lib:/home/w0x7ce/ws_moveit2/install/moveit_task_constructor_capabilities/lib:/home/w0x7ce/ws_moveit2/install/moveit_task_constructor_core/lib:/home/w0x7ce/ws_moveit2/install/moveit_ros_control_interface/lib:/home/w0x7ce/ws_moveit2/install/moveit_simple_controller_manager/lib:/home/w0x7ce/ws_moveit2/install/moveit_setup_assistant/lib:/home/w0x7ce/ws_moveit2/install/moveit_setup_srdf_plugins/lib:/home/w0x7ce/ws_moveit2/install/moveit_setup_core_plugins/lib:/home/w0x7ce/ws_moveit2/install/moveit_setup_controllers/lib:/home/w0x7ce/ws_moveit2/install/moveit_setup_app_plugins/lib:/home/w0x7ce/ws_moveit2/install/moveit_setup_framework/lib:/home/w0x7ce/ws_moveit2/install/moveit_servo/lib:/home/w0x7ce/ws_moveit2/install/moveit_ros_visualization/lib:/home/w0x7ce/ws_moveit2/install/moveit_hybrid_planning/lib:/home/w0x7ce/ws_moveit2/install/moveit_ros_planning_interface/lib:/home/w0x7ce/ws_moveit2/install/moveit_ros_benchmarks/lib:/home/w0x7ce/ws_moveit2/install/moveit_ros_warehouse/lib:/home/w0x7ce/ws_moveit2/install/moveit_ros_robot_interaction/lib:/home/w0x7ce/ws_moveit2/install/moveit_ros_perception/lib:/home/w0x7ce/ws_moveit2/install/moveit_ros_move_group/lib:/home/w0x7ce/ws_moveit2/install/moveit_planners_ompl/lib:/home/w0x7ce/ws_moveit2/install/moveit_ros_planning/lib:/home/w0x7ce/ws_moveit2/install/moveit_ros_occupancy_map_monitor/lib:/home/w0x7ce/ws_moveit2/install/moveit_resources_prbt_ikfast_manipulator_plugin/lib:/home/w0x7ce/ws_moveit2/install/moveit_planners_chomp/lib:/home/w0x7ce/ws_moveit2/install/moveit_kinematics/lib:/home/w0x7ce/ws_moveit2/install/moveit_chomp_optimizer_adapter/lib:/home/w0x7ce/ws_moveit2/install/chomp_motion_planner/lib:/home/w0x7ce/ws_moveit2/install/moveit_core/lib:/home/w0x7ce/ws_moveit2/install/rviz_marker_tools/lib:/home/w0x7ce/ws_moveit2/install/rosparam_shortcuts/lib:/home/w0x7ce/ws_moveit2/install/moveit_task_constructor_msgs/lib:/usr/lib/x86_64-linux-gnu/gazebo-11/plugins:/opt/ros/humble/opt/rviz_ogre_vendor/lib:/opt/ros/humble/lib/x86_64-linux-gnu:/opt/ros/humble/lib /usr/bin/cmake --install /home/w0x7ce/ws_moveit2/build/moveit_core
