[0.151s] Invoking command in '/home/w0x7ce/ws_moveit2/build/moveit_ros_planning': CMAKE_PREFIX_PATH=/home/w0x7ce/ws_moveit2/install/moveit_ros_occupancy_map_monitor:/home/w0x7ce/ws_moveit2/install/moveit_core:/home/w0x7ce/ws_moveit2/install/moveit_resources_panda_moveit_config:/home/w0x7ce/ws_moveit2/install/srdfdom:/home/w0x7ce/ws_moveit2/install/moveit_resources_panda_description:/home/w0x7ce/ws_moveit2/install/moveit_common:/home/w0x7ce/ws_moveit2/install/pilz_industrial_motion_planner_testutils:/home/w0x7ce/ws_moveit2/install/moveit_runtime:/home/w0x7ce/ws_moveit2/install/moveit2_tutorials:/home/w0x7ce/ws_moveit2/install/moveit:/home/w0x7ce/ws_moveit2/install/moveit_planners:/home/w0x7ce/ws_moveit2/install/pilz_industrial_motion_planner:/home/w0x7ce/ws_moveit2/install/moveit_visual_tools:/home/w0x7ce/ws_moveit2/install/moveit_task_constructor_visualization:/home/w0x7ce/ws_moveit2/install/moveit_task_constructor_demo:/home/w0x7ce/ws_moveit2/install/moveit_task_constructor_capabilities:/home/w0x7ce/ws_moveit2/install/moveit_task_constructor_core:/home/w0x7ce/ws_moveit2/install/moveit_ros_control_interface:/home/w0x7ce/ws_moveit2/install/moveit_plugins:/home/w0x7ce/ws_moveit2/install/moveit_simple_controller_manager:/home/w0x7ce/ws_moveit2/install/moveit_setup_assistant:/home/w0x7ce/ws_moveit2/install/moveit_setup_srdf_plugins:/home/w0x7ce/ws_moveit2/install/moveit_setup_core_plugins:/home/w0x7ce/ws_moveit2/install/moveit_setup_controllers:/home/w0x7ce/ws_moveit2/install/moveit_setup_app_plugins:/home/w0x7ce/ws_moveit2/install/moveit_setup_framework:/home/w0x7ce/ws_moveit2/install/moveit_servo:/home/w0x7ce/ws_moveit2/install/moveit_ros:/home/w0x7ce/ws_moveit2/install/moveit_ros_visualization:/home/w0x7ce/ws_moveit2/install/moveit_hybrid_planning:/home/w0x7ce/ws_moveit2/install/moveit_ros_planning_interface:/home/w0x7ce/ws_moveit2/install/moveit_ros_benchmarks:/home/w0x7ce/ws_moveit2/install/moveit_ros_warehouse:/home/w0x7ce/ws_moveit2/install/moveit_ros_robot_interaction:/home/w0x7ce/ws_moveit2/install/moveit_ros_perception:/home/w0x7ce/ws_moveit2/install/moveit_resources_prbt_pg70_support:/home/w0x7ce/ws_moveit2/install/moveit_resources_prbt_moveit_config:/home/w0x7ce/ws_moveit2/install/moveit_ros_move_group:/home/w0x7ce/ws_moveit2/install/moveit_planners_ompl:/home/w0x7ce/ws_moveit2/install/moveit_ros_planning:/home/w0x7ce/ws_moveit2/install/moveit_resources_prbt_ikfast_manipulator_plugin:/home/w0x7ce/ws_moveit2/install/moveit_planners_chomp:/home/w0x7ce/ws_moveit2/install/moveit_kinematics:/home/w0x7ce/ws_moveit2/install/moveit_chomp_optimizer_adapter:/home/w0x7ce/ws_moveit2/install/chomp_motion_planner:/home/w0x7ce/ws_moveit2/install/rviz_marker_tools:/home/w0x7ce/ws_moveit2/install/rosparam_shortcuts:/home/w0x7ce/ws_moveit2/install/moveit_task_constructor_msgs:/home/w0x7ce/ws_moveit2/install/moveit_resources_prbt_support:/home/w0x7ce/ws_moveit2/install/moveit_resources:/home/w0x7ce/ws_moveit2/install/moveit_resources_pr2_description:/home/w0x7ce/ws_moveit2/install/moveit_resources_fanuc_moveit_config:/home/w0x7ce/ws_moveit2/install/moveit_resources_fanuc_description:/home/w0x7ce/ws_moveit2/install/moveit_configs_utils:/home/w0x7ce/ws_moveit2/install/launch_param_builder:/opt/ros/humble LD_LIBRARY_PATH=/home/w0x7ce/ws_moveit2/install/moveit_ros_occupancy_map_monitor/lib:/home/w0x7ce/ws_moveit2/install/moveit_core/lib:/home/w0x7ce/ws_moveit2/install/srdfdom/lib:/home/w0x7ce/ws_moveit2/install/pilz_industrial_motion_planner_testutils/lib:/home/w0x7ce/ws_moveit2/install/pilz_industrial_motion_planner/lib:/home/w0x7ce/ws_moveit2/install/moveit_visual_tools/lib:/home/w0x7ce/ws_moveit2/install/moveit_task_constructor_visualization/lib:/home/w0x7ce/ws_moveit2/install/moveit_task_constructor_demo/lib:/home/w0x7ce/ws_moveit2/install/moveit_task_constructor_capabilities/lib:/home/w0x7ce/ws_moveit2/install/moveit_task_constructor_core/lib:/home/w0x7ce/ws_moveit2/install/moveit_ros_control_interface/lib:/home/w0x7ce/ws_moveit2/install/moveit_simple_controller_manager/lib:/home/w0x7ce/ws_moveit2/install/moveit_setup_assistant/lib:/home/w0x7ce/ws_moveit2/install/moveit_setup_srdf_plugins/lib:/home/w0x7ce/ws_moveit2/install/moveit_setup_core_plugins/lib:/home/w0x7ce/ws_moveit2/install/moveit_setup_controllers/lib:/home/w0x7ce/ws_moveit2/install/moveit_setup_app_plugins/lib:/home/w0x7ce/ws_moveit2/install/moveit_setup_framework/lib:/home/w0x7ce/ws_moveit2/install/moveit_servo/lib:/home/w0x7ce/ws_moveit2/install/moveit_ros_visualization/lib:/home/w0x7ce/ws_moveit2/install/moveit_hybrid_planning/lib:/home/w0x7ce/ws_moveit2/install/moveit_ros_planning_interface/lib:/home/w0x7ce/ws_moveit2/install/moveit_ros_benchmarks/lib:/home/w0x7ce/ws_moveit2/install/moveit_ros_warehouse/lib:/home/w0x7ce/ws_moveit2/install/moveit_ros_robot_interaction/lib:/home/w0x7ce/ws_moveit2/install/moveit_ros_perception/lib:/home/w0x7ce/ws_moveit2/install/moveit_ros_move_group/lib:/home/w0x7ce/ws_moveit2/install/moveit_planners_ompl/lib:/home/w0x7ce/ws_moveit2/install/moveit_ros_planning/lib:/home/w0x7ce/ws_moveit2/install/moveit_resources_prbt_ikfast_manipulator_plugin/lib:/home/w0x7ce/ws_moveit2/install/moveit_planners_chomp/lib:/home/w0x7ce/ws_moveit2/install/moveit_kinematics/lib:/home/w0x7ce/ws_moveit2/install/moveit_chomp_optimizer_adapter/lib:/home/w0x7ce/ws_moveit2/install/chomp_motion_planner/lib:/home/w0x7ce/ws_moveit2/install/rviz_marker_tools/lib:/home/w0x7ce/ws_moveit2/install/rosparam_shortcuts/lib:/home/w0x7ce/ws_moveit2/install/moveit_task_constructor_msgs/lib:/usr/lib/x86_64-linux-gnu/gazebo-11/plugins:/opt/ros/humble/opt/rviz_ogre_vendor/lib:/opt/ros/humble/lib/x86_64-linux-gnu:/opt/ros/humble/lib /usr/bin/cmake --build /home/w0x7ce/ws_moveit2/build/moveit_ros_planning -- -j4 -l4
[0.631s] [  4%] Built target moveit_rdf_loader
[0.670s] [  8%] Built target moveit_collision_plugin_loader
[0.680s] [ 11%] Built target moveit_planning_pipeline
[0.746s] [ 14%] Built target gmock_main
[0.781s] [ 17%] Built target moveit_list_request_adapter_plugins
[0.848s] [ 22%] Built target gmock
[0.927s] [ 40%] Built target moveit_default_planning_request_adapter_plugins
[0.991s] [ 43%] Built target moveit_kinematics_plugin_loader
[1.055s] [ 46%] Built target moveit_constraint_sampler_manager_loader
[1.286s] [ 50%] Built target moveit_robot_model_loader
[1.638s] [ 53%] Built target moveit_print_planning_model_info
[1.765s] [ 62%] Built target moveit_planning_scene_monitor
[1.875s] [ 66%] Built target demo_scene
[1.887s] [ 69%] Built target moveit_print_planning_scene_info
[1.975s] [ 72%] Built target current_state_monitor_tests
[1.984s] [ 75%] Built target trajectory_monitor_tests
[2.039s] [ 79%] Built target moveit_visualize_robot_collision_volume
[2.042s] [ 82%] Built target moveit_display_random_state
[2.076s] [ 85%] Built target moveit_publish_scene_from_text
[2.084s] [ 88%] Built target moveit_evaluate_collision_checking_speed
[2.106s] [ 91%] Built target moveit_trajectory_execution_manager
[2.186s] [ 95%] Built target moveit_plan_execution
[2.238s] [100%] Built target moveit_cpp
[2.261s] Invoked command in '/home/w0x7ce/ws_moveit2/build/moveit_ros_planning' returned '0': CMAKE_PREFIX_PATH=/home/w0x7ce/ws_moveit2/install/moveit_ros_occupancy_map_monitor:/home/w0x7ce/ws_moveit2/install/moveit_core:/home/w0x7ce/ws_moveit2/install/moveit_resources_panda_moveit_config:/home/w0x7ce/ws_moveit2/install/srdfdom:/home/w0x7ce/ws_moveit2/install/moveit_resources_panda_description:/home/w0x7ce/ws_moveit2/install/moveit_common:/home/w0x7ce/ws_moveit2/install/pilz_industrial_motion_planner_testutils:/home/w0x7ce/ws_moveit2/install/moveit_runtime:/home/w0x7ce/ws_moveit2/install/moveit2_tutorials:/home/w0x7ce/ws_moveit2/install/moveit:/home/w0x7ce/ws_moveit2/install/moveit_planners:/home/w0x7ce/ws_moveit2/install/pilz_industrial_motion_planner:/home/w0x7ce/ws_moveit2/install/moveit_visual_tools:/home/w0x7ce/ws_moveit2/install/moveit_task_constructor_visualization:/home/w0x7ce/ws_moveit2/install/moveit_task_constructor_demo:/home/w0x7ce/ws_moveit2/install/moveit_task_constructor_capabilities:/home/w0x7ce/ws_moveit2/install/moveit_task_constructor_core:/home/w0x7ce/ws_moveit2/install/moveit_ros_control_interface:/home/w0x7ce/ws_moveit2/install/moveit_plugins:/home/w0x7ce/ws_moveit2/install/moveit_simple_controller_manager:/home/w0x7ce/ws_moveit2/install/moveit_setup_assistant:/home/w0x7ce/ws_moveit2/install/moveit_setup_srdf_plugins:/home/w0x7ce/ws_moveit2/install/moveit_setup_core_plugins:/home/w0x7ce/ws_moveit2/install/moveit_setup_controllers:/home/w0x7ce/ws_moveit2/install/moveit_setup_app_plugins:/home/w0x7ce/ws_moveit2/install/moveit_setup_framework:/home/w0x7ce/ws_moveit2/install/moveit_servo:/home/w0x7ce/ws_moveit2/install/moveit_ros:/home/w0x7ce/ws_moveit2/install/moveit_ros_visualization:/home/w0x7ce/ws_moveit2/install/moveit_hybrid_planning:/home/w0x7ce/ws_moveit2/install/moveit_ros_planning_interface:/home/w0x7ce/ws_moveit2/install/moveit_ros_benchmarks:/home/w0x7ce/ws_moveit2/install/moveit_ros_warehouse:/home/w0x7ce/ws_moveit2/install/moveit_ros_robot_interaction:/home/w0x7ce/ws_moveit2/install/moveit_ros_perception:/home/w0x7ce/ws_moveit2/install/moveit_resources_prbt_pg70_support:/home/w0x7ce/ws_moveit2/install/moveit_resources_prbt_moveit_config:/home/w0x7ce/ws_moveit2/install/moveit_ros_move_group:/home/w0x7ce/ws_moveit2/install/moveit_planners_ompl:/home/w0x7ce/ws_moveit2/install/moveit_ros_planning:/home/w0x7ce/ws_moveit2/install/moveit_resources_prbt_ikfast_manipulator_plugin:/home/w0x7ce/ws_moveit2/install/moveit_planners_chomp:/home/w0x7ce/ws_moveit2/install/moveit_kinematics:/home/w0x7ce/ws_moveit2/install/moveit_chomp_optimizer_adapter:/home/w0x7ce/ws_moveit2/install/chomp_motion_planner:/home/w0x7ce/ws_moveit2/install/rviz_marker_tools:/home/w0x7ce/ws_moveit2/install/rosparam_shortcuts:/home/w0x7ce/ws_moveit2/install/moveit_task_constructor_msgs:/home/w0x7ce/ws_moveit2/install/moveit_resources_prbt_support:/home/w0x7ce/ws_moveit2/install/moveit_resources:/home/w0x7ce/ws_moveit2/install/moveit_resources_pr2_description:/home/w0x7ce/ws_moveit2/install/moveit_resources_fanuc_moveit_config:/home/w0x7ce/ws_moveit2/install/moveit_resources_fanuc_description:/home/w0x7ce/ws_moveit2/install/moveit_configs_utils:/home/w0x7ce/ws_moveit2/install/launch_param_builder:/opt/ros/humble LD_LIBRARY_PATH=/home/w0x7ce/ws_moveit2/install/moveit_ros_occupancy_map_monitor/lib:/home/w0x7ce/ws_moveit2/install/moveit_core/lib:/home/w0x7ce/ws_moveit2/install/srdfdom/lib:/home/w0x7ce/ws_moveit2/install/pilz_industrial_motion_planner_testutils/lib:/home/w0x7ce/ws_moveit2/install/pilz_industrial_motion_planner/lib:/home/w0x7ce/ws_moveit2/install/moveit_visual_tools/lib:/home/w0x7ce/ws_moveit2/install/moveit_task_constructor_visualization/lib:/home/w0x7ce/ws_moveit2/install/moveit_task_constructor_demo/lib:/home/w0x7ce/ws_moveit2/install/moveit_task_constructor_capabilities/lib:/home/w0x7ce/ws_moveit2/install/moveit_task_constructor_core/lib:/home/w0x7ce/ws_moveit2/install/moveit_ros_control_interface/lib:/home/w0x7ce/ws_moveit2/install/moveit_simple_controller_manager/lib:/home/w0x7ce/ws_moveit2/install/moveit_setup_assistant/lib:/home/w0x7ce/ws_moveit2/install/moveit_setup_srdf_plugins/lib:/home/w0x7ce/ws_moveit2/install/moveit_setup_core_plugins/lib:/home/w0x7ce/ws_moveit2/install/moveit_setup_controllers/lib:/home/w0x7ce/ws_moveit2/install/moveit_setup_app_plugins/lib:/home/w0x7ce/ws_moveit2/install/moveit_setup_framework/lib:/home/w0x7ce/ws_moveit2/install/moveit_servo/lib:/home/w0x7ce/ws_moveit2/install/moveit_ros_visualization/lib:/home/w0x7ce/ws_moveit2/install/moveit_hybrid_planning/lib:/home/w0x7ce/ws_moveit2/install/moveit_ros_planning_interface/lib:/home/w0x7ce/ws_moveit2/install/moveit_ros_benchmarks/lib:/home/w0x7ce/ws_moveit2/install/moveit_ros_warehouse/lib:/home/w0x7ce/ws_moveit2/install/moveit_ros_robot_interaction/lib:/home/w0x7ce/ws_moveit2/install/moveit_ros_perception/lib:/home/w0x7ce/ws_moveit2/install/moveit_ros_move_group/lib:/home/w0x7ce/ws_moveit2/install/moveit_planners_ompl/lib:/home/w0x7ce/ws_moveit2/install/moveit_ros_planning/lib:/home/w0x7ce/ws_moveit2/install/moveit_resources_prbt_ikfast_manipulator_plugin/lib:/home/w0x7ce/ws_moveit2/install/moveit_planners_chomp/lib:/home/w0x7ce/ws_moveit2/install/moveit_kinematics/lib:/home/w0x7ce/ws_moveit2/install/moveit_chomp_optimizer_adapter/lib:/home/w0x7ce/ws_moveit2/install/chomp_motion_planner/lib:/home/w0x7ce/ws_moveit2/install/rviz_marker_tools/lib:/home/w0x7ce/ws_moveit2/install/rosparam_shortcuts/lib:/home/w0x7ce/ws_moveit2/install/moveit_task_constructor_msgs/lib:/usr/lib/x86_64-linux-gnu/gazebo-11/plugins:/opt/ros/humble/opt/rviz_ogre_vendor/lib:/opt/ros/humble/lib/x86_64-linux-gnu:/opt/ros/humble/lib /usr/bin/cmake --build /home/w0x7ce/ws_moveit2/build/moveit_ros_planning -- -j4 -l4
[2.568s] Invoking command in '/home/w0x7ce/ws_moveit2/build/moveit_ros_planning': CMAKE_PREFIX_PATH=/home/w0x7ce/ws_moveit2/install/moveit_ros_occupancy_map_monitor:/home/w0x7ce/ws_moveit2/install/moveit_core:/home/w0x7ce/ws_moveit2/install/moveit_resources_panda_moveit_config:/home/w0x7ce/ws_moveit2/install/srdfdom:/home/w0x7ce/ws_moveit2/install/moveit_resources_panda_description:/home/w0x7ce/ws_moveit2/install/moveit_common:/home/w0x7ce/ws_moveit2/install/pilz_industrial_motion_planner_testutils:/home/w0x7ce/ws_moveit2/install/moveit_runtime:/home/w0x7ce/ws_moveit2/install/moveit2_tutorials:/home/w0x7ce/ws_moveit2/install/moveit:/home/w0x7ce/ws_moveit2/install/moveit_planners:/home/w0x7ce/ws_moveit2/install/pilz_industrial_motion_planner:/home/w0x7ce/ws_moveit2/install/moveit_visual_tools:/home/w0x7ce/ws_moveit2/install/moveit_task_constructor_visualization:/home/w0x7ce/ws_moveit2/install/moveit_task_constructor_demo:/home/w0x7ce/ws_moveit2/install/moveit_task_constructor_capabilities:/home/w0x7ce/ws_moveit2/install/moveit_task_constructor_core:/home/w0x7ce/ws_moveit2/install/moveit_ros_control_interface:/home/w0x7ce/ws_moveit2/install/moveit_plugins:/home/w0x7ce/ws_moveit2/install/moveit_simple_controller_manager:/home/w0x7ce/ws_moveit2/install/moveit_setup_assistant:/home/w0x7ce/ws_moveit2/install/moveit_setup_srdf_plugins:/home/w0x7ce/ws_moveit2/install/moveit_setup_core_plugins:/home/w0x7ce/ws_moveit2/install/moveit_setup_controllers:/home/w0x7ce/ws_moveit2/install/moveit_setup_app_plugins:/home/w0x7ce/ws_moveit2/install/moveit_setup_framework:/home/w0x7ce/ws_moveit2/install/moveit_servo:/home/w0x7ce/ws_moveit2/install/moveit_ros:/home/w0x7ce/ws_moveit2/install/moveit_ros_visualization:/home/w0x7ce/ws_moveit2/install/moveit_hybrid_planning:/home/w0x7ce/ws_moveit2/install/moveit_ros_planning_interface:/home/w0x7ce/ws_moveit2/install/moveit_ros_benchmarks:/home/w0x7ce/ws_moveit2/install/moveit_ros_warehouse:/home/w0x7ce/ws_moveit2/install/moveit_ros_robot_interaction:/home/w0x7ce/ws_moveit2/install/moveit_ros_perception:/home/w0x7ce/ws_moveit2/install/moveit_resources_prbt_pg70_support:/home/w0x7ce/ws_moveit2/install/moveit_resources_prbt_moveit_config:/home/w0x7ce/ws_moveit2/install/moveit_ros_move_group:/home/w0x7ce/ws_moveit2/install/moveit_planners_ompl:/home/w0x7ce/ws_moveit2/install/moveit_ros_planning:/home/w0x7ce/ws_moveit2/install/moveit_resources_prbt_ikfast_manipulator_plugin:/home/w0x7ce/ws_moveit2/install/moveit_planners_chomp:/home/w0x7ce/ws_moveit2/install/moveit_kinematics:/home/w0x7ce/ws_moveit2/install/moveit_chomp_optimizer_adapter:/home/w0x7ce/ws_moveit2/install/chomp_motion_planner:/home/w0x7ce/ws_moveit2/install/rviz_marker_tools:/home/w0x7ce/ws_moveit2/install/rosparam_shortcuts:/home/w0x7ce/ws_moveit2/install/moveit_task_constructor_msgs:/home/w0x7ce/ws_moveit2/install/moveit_resources_prbt_support:/home/w0x7ce/ws_moveit2/install/moveit_resources:/home/w0x7ce/ws_moveit2/install/moveit_resources_pr2_description:/home/w0x7ce/ws_moveit2/install/moveit_resources_fanuc_moveit_config:/home/w0x7ce/ws_moveit2/install/moveit_resources_fanuc_description:/home/w0x7ce/ws_moveit2/install/moveit_configs_utils:/home/w0x7ce/ws_moveit2/install/launch_param_builder:/opt/ros/humble LD_LIBRARY_PATH=/home/w0x7ce/ws_moveit2/install/moveit_ros_occupancy_map_monitor/lib:/home/w0x7ce/ws_moveit2/install/moveit_core/lib:/home/w0x7ce/ws_moveit2/install/srdfdom/lib:/home/w0x7ce/ws_moveit2/install/pilz_industrial_motion_planner_testutils/lib:/home/w0x7ce/ws_moveit2/install/pilz_industrial_motion_planner/lib:/home/w0x7ce/ws_moveit2/install/moveit_visual_tools/lib:/home/w0x7ce/ws_moveit2/install/moveit_task_constructor_visualization/lib:/home/w0x7ce/ws_moveit2/install/moveit_task_constructor_demo/lib:/home/w0x7ce/ws_moveit2/install/moveit_task_constructor_capabilities/lib:/home/w0x7ce/ws_moveit2/install/moveit_task_constructor_core/lib:/home/w0x7ce/ws_moveit2/install/moveit_ros_control_interface/lib:/home/w0x7ce/ws_moveit2/install/moveit_simple_controller_manager/lib:/home/w0x7ce/ws_moveit2/install/moveit_setup_assistant/lib:/home/w0x7ce/ws_moveit2/install/moveit_setup_srdf_plugins/lib:/home/w0x7ce/ws_moveit2/install/moveit_setup_core_plugins/lib:/home/w0x7ce/ws_moveit2/install/moveit_setup_controllers/lib:/home/w0x7ce/ws_moveit2/install/moveit_setup_app_plugins/lib:/home/w0x7ce/ws_moveit2/install/moveit_setup_framework/lib:/home/w0x7ce/ws_moveit2/install/moveit_servo/lib:/home/w0x7ce/ws_moveit2/install/moveit_ros_visualization/lib:/home/w0x7ce/ws_moveit2/install/moveit_hybrid_planning/lib:/home/w0x7ce/ws_moveit2/install/moveit_ros_planning_interface/lib:/home/w0x7ce/ws_moveit2/install/moveit_ros_benchmarks/lib:/home/w0x7ce/ws_moveit2/install/moveit_ros_warehouse/lib:/home/w0x7ce/ws_moveit2/install/moveit_ros_robot_interaction/lib:/home/w0x7ce/ws_moveit2/install/moveit_ros_perception/lib:/home/w0x7ce/ws_moveit2/install/moveit_ros_move_group/lib:/home/w0x7ce/ws_moveit2/install/moveit_planners_ompl/lib:/home/w0x7ce/ws_moveit2/install/moveit_ros_planning/lib:/home/w0x7ce/ws_moveit2/install/moveit_resources_prbt_ikfast_manipulator_plugin/lib:/home/w0x7ce/ws_moveit2/install/moveit_planners_chomp/lib:/home/w0x7ce/ws_moveit2/install/moveit_kinematics/lib:/home/w0x7ce/ws_moveit2/install/moveit_chomp_optimizer_adapter/lib:/home/w0x7ce/ws_moveit2/install/chomp_motion_planner/lib:/home/w0x7ce/ws_moveit2/install/rviz_marker_tools/lib:/home/w0x7ce/ws_moveit2/install/rosparam_shortcuts/lib:/home/w0x7ce/ws_moveit2/install/moveit_task_constructor_msgs/lib:/usr/lib/x86_64-linux-gnu/gazebo-11/plugins:/opt/ros/humble/opt/rviz_ogre_vendor/lib:/opt/ros/humble/lib/x86_64-linux-gnu:/opt/ros/humble/lib /usr/bin/cmake --install /home/w0x7ce/ws_moveit2/build/moveit_ros_planning
[2.604s] -- Install configuration: "Release"
[2.605s] -- Up-to-date: /home/w0x7ce/ws_moveit2/install/moveit_ros_planning/include
[2.613s] -- Up-to-date: /home/w0x7ce/ws_moveit2/install/moveit_ros_planning/include/moveit
[2.614s] -- Up-to-date: /home/w0x7ce/ws_moveit2/install/moveit_ros_planning/include/moveit/rdf_loader
[2.614s] -- Up-to-date: /home/w0x7ce/ws_moveit2/install/moveit_ros_planning/include/moveit/rdf_loader/rdf_loader.h
[2.614s] -- Up-to-date: /home/w0x7ce/ws_moveit2/install/moveit_ros_planning/include/moveit/rdf_loader/synchronized_string_parameter.h
[2.637s] -- Up-to-date: /home/w0x7ce/ws_moveit2/install/moveit_ros_planning/share/moveit_ros_planning/rdf_loader/test/data
[2.637s] -- Up-to-date: /home/w0x7ce/ws_moveit2/install/moveit_ros_planning/share/moveit_ros_planning/rdf_loader/test/data/gonzo.urdf
[2.638s] -- Up-to-date: /home/w0x7ce/ws_moveit2/install/moveit_ros_planning/share/moveit_ros_planning/rdf_loader/test/data/robin.srdf.xacro
[2.638s] -- Up-to-date: /home/w0x7ce/ws_moveit2/install/moveit_ros_planning/share/moveit_ros_planning/rdf_loader/test/data/kermit.srdf
[2.639s] -- Up-to-date: /home/w0x7ce/ws_moveit2/install/moveit_ros_planning/share/moveit_ros_planning/rdf_loader/test/data/gonzo.srdf
[2.639s] -- Up-to-date: /home/w0x7ce/ws_moveit2/install/moveit_ros_planning/share/moveit_ros_planning/rdf_loader/test/data/kermit.urdf
[2.639s] -- Up-to-date: /home/w0x7ce/ws_moveit2/install/moveit_ros_planning/share/moveit_ros_planning/rdf_loader/test/launch
[2.640s] -- Up-to-date: /home/w0x7ce/ws_moveit2/install/moveit_ros_planning/share/moveit_ros_planning/rdf_loader/test/launch/test_rdf_integration.test.py
[2.640s] -- Up-to-date: /home/w0x7ce/ws_moveit2/install/moveit_ros_planning/include
[2.641s] -- Up-to-date: /home/w0x7ce/ws_moveit2/install/moveit_ros_planning/include/moveit
[2.641s] -- Up-to-date: /home/w0x7ce/ws_moveit2/install/moveit_ros_planning/include/moveit/collision_plugin_loader
[2.641s] -- Up-to-date: /home/w0x7ce/ws_moveit2/install/moveit_ros_planning/include/moveit/collision_plugin_loader/collision_plugin_loader.h
[2.642s] -- Up-to-date: /home/w0x7ce/ws_moveit2/install/moveit_ros_planning/include
[2.642s] -- Up-to-date: /home/w0x7ce/ws_moveit2/install/moveit_ros_planning/include/moveit
[2.642s] -- Up-to-date: /home/w0x7ce/ws_moveit2/install/moveit_ros_planning/include/moveit/kinematics_plugin_loader
[2.643s] -- Up-to-date: /home/w0x7ce/ws_moveit2/install/moveit_ros_planning/include/moveit/kinematics_plugin_loader/kinematics_plugin_loader.h
[2.643s] -- Up-to-date: /home/w0x7ce/ws_moveit2/install/moveit_ros_planning/include
[2.643s] -- Up-to-date: /home/w0x7ce/ws_moveit2/install/moveit_ros_planning/include/moveit
[2.643s] -- Up-to-date: /home/w0x7ce/ws_moveit2/install/moveit_ros_planning/include/moveit/robot_model_loader
[2.644s] -- Up-to-date: /home/w0x7ce/ws_moveit2/install/moveit_ros_planning/include/moveit/robot_model_loader/robot_model_loader.h
[2.644s] -- Up-to-date: /home/w0x7ce/ws_moveit2/install/moveit_ros_planning/include
[2.644s] -- Up-to-date: /home/w0x7ce/ws_moveit2/install/moveit_ros_planning/include/moveit
[2.645s] -- Up-to-date: /home/w0x7ce/ws_moveit2/install/moveit_ros_planning/include/moveit/constraint_sampler_manager_loader
[2.645s] -- Up-to-date: /home/w0x7ce/ws_moveit2/install/moveit_ros_planning/include/moveit/constraint_sampler_manager_loader/constraint_sampler_manager_loader.h
[2.645s] -- Up-to-date: /home/w0x7ce/ws_moveit2/install/moveit_ros_planning/include
[2.645s] -- Up-to-date: /home/w0x7ce/ws_moveit2/install/moveit_ros_planning/include/moveit
[2.645s] -- Up-to-date: /home/w0x7ce/ws_moveit2/install/moveit_ros_planning/include/moveit/planning_pipeline
[2.646s] -- Up-to-date: /home/w0x7ce/ws_moveit2/install/moveit_ros_planning/include/moveit/planning_pipeline/planning_pipeline.h
[2.646s] -- Up-to-date: /home/w0x7ce/ws_moveit2/install/moveit_ros_planning/include/moveit_planning_pipeline_export.h
[2.670s] -- Up-to-date: /home/w0x7ce/ws_moveit2/install/moveit_ros_planning/lib/moveit_ros_planning/moveit_list_request_adapter_plugins
[2.673s] -- Up-to-date: /home/w0x7ce/ws_moveit2/install/moveit_ros_planning/lib/moveit_ros_planning/demo_scene
[2.674s] -- Up-to-date: /home/w0x7ce/ws_moveit2/install/moveit_ros_planning/include
[2.675s] -- Up-to-date: /home/w0x7ce/ws_moveit2/install/moveit_ros_planning/include/moveit
[2.675s] -- Up-to-date: /home/w0x7ce/ws_moveit2/install/moveit_ros_planning/include/moveit/planning_scene_monitor
[2.675s] -- Up-to-date: /home/w0x7ce/ws_moveit2/install/moveit_ros_planning/include/moveit/planning_scene_monitor/planning_scene_monitor.h
[2.676s] -- Up-to-date: /home/w0x7ce/ws_moveit2/install/moveit_ros_planning/include/moveit/planning_scene_monitor/current_state_monitor.h
[2.676s] -- Up-to-date: /home/w0x7ce/ws_moveit2/install/moveit_ros_planning/include/moveit/planning_scene_monitor/current_state_monitor_middleware_handle.hpp
[2.676s] -- Up-to-date: /home/w0x7ce/ws_moveit2/install/moveit_ros_planning/include/moveit/planning_scene_monitor/trajectory_monitor_middleware_handle.hpp
[2.676s] -- Up-to-date: /home/w0x7ce/ws_moveit2/install/moveit_ros_planning/include/moveit/planning_scene_monitor/trajectory_monitor.h
[2.677s] -- Up-to-date: /home/w0x7ce/ws_moveit2/install/moveit_ros_planning/include/moveit_planning_scene_monitor_export.h
[2.690s] -- Up-to-date: /home/w0x7ce/ws_moveit2/install/moveit_ros_planning/lib/moveit_ros_planning/moveit_print_planning_model_info
[2.692s] -- Up-to-date: /home/w0x7ce/ws_moveit2/install/moveit_ros_planning/lib/moveit_ros_planning/moveit_print_planning_scene_info
[2.694s] -- Up-to-date: /home/w0x7ce/ws_moveit2/install/moveit_ros_planning/lib/moveit_ros_planning/moveit_display_random_state
[2.696s] -- Up-to-date: /home/w0x7ce/ws_moveit2/install/moveit_ros_planning/lib/moveit_ros_planning/moveit_visualize_robot_collision_volume
[2.698s] -- Up-to-date: /home/w0x7ce/ws_moveit2/install/moveit_ros_planning/lib/moveit_ros_planning/moveit_evaluate_collision_checking_speed
[2.702s] -- Up-to-date: /home/w0x7ce/ws_moveit2/install/moveit_ros_planning/lib/moveit_ros_planning/moveit_publish_scene_from_text
[2.704s] -- Up-to-date: /home/w0x7ce/ws_moveit2/install/moveit_ros_planning/include
[2.704s] -- Up-to-date: /home/w0x7ce/ws_moveit2/install/moveit_ros_planning/include/moveit
[2.706s] -- Up-to-date: /home/w0x7ce/ws_moveit2/install/moveit_ros_planning/include/moveit/trajectory_execution_manager
[2.706s] -- Up-to-date: /home/w0x7ce/ws_moveit2/install/moveit_ros_planning/include/moveit/trajectory_execution_manager/trajectory_execution_manager.h
[2.706s] -- Up-to-date: /home/w0x7ce/ws_moveit2/install/moveit_ros_planning/include/moveit_trajectory_execution_manager_export.h
[2.707s] -- Up-to-date: /home/w0x7ce/ws_moveit2/install/moveit_ros_planning/include
[2.707s] -- Up-to-date: /home/w0x7ce/ws_moveit2/install/moveit_ros_planning/include/moveit
[2.708s] -- Up-to-date: /home/w0x7ce/ws_moveit2/install/moveit_ros_planning/include/moveit/plan_execution
[2.708s] -- Up-to-date: /home/w0x7ce/ws_moveit2/install/moveit_ros_planning/include/moveit/plan_execution/plan_representation.h
[2.708s] -- Up-to-date: /home/w0x7ce/ws_moveit2/install/moveit_ros_planning/include/moveit/plan_execution/plan_execution.h
[2.708s] -- Up-to-date: /home/w0x7ce/ws_moveit2/install/moveit_ros_planning/include
[2.709s] -- Up-to-date: /home/w0x7ce/ws_moveit2/install/moveit_ros_planning/include/moveit
[2.709s] -- Up-to-date: /home/w0x7ce/ws_moveit2/install/moveit_ros_planning/include/moveit/moveit_cpp
[2.709s] -- Up-to-date: /home/w0x7ce/ws_moveit2/install/moveit_ros_planning/include/moveit/moveit_cpp/planning_component.h
[2.709s] -- Up-to-date: /home/w0x7ce/ws_moveit2/install/moveit_ros_planning/include/moveit/moveit_cpp/moveit_cpp.h
[2.710s] -- Up-to-date: /home/w0x7ce/ws_moveit2/install/moveit_ros_planning/lib/libmoveit_rdf_loader.so.2.5.4
[2.710s] -- Up-to-date: /home/w0x7ce/ws_moveit2/install/moveit_ros_planning/lib/libmoveit_rdf_loader.so
[2.711s] -- Up-to-date: /home/w0x7ce/ws_moveit2/install/moveit_ros_planning/lib/libmoveit_kinematics_plugin_loader.so.2.5.4
[2.712s] -- Up-to-date: /home/w0x7ce/ws_moveit2/install/moveit_ros_planning/lib/libmoveit_kinematics_plugin_loader.so
[2.713s] -- Up-to-date: /home/w0x7ce/ws_moveit2/install/moveit_ros_planning/lib/libmoveit_robot_model_loader.so.2.5.4
[2.713s] -- Up-to-date: /home/w0x7ce/ws_moveit2/install/moveit_ros_planning/lib/libmoveit_robot_model_loader.so
[2.714s] -- Up-to-date: /home/w0x7ce/ws_moveit2/install/moveit_ros_planning/lib/libmoveit_constraint_sampler_manager_loader.so.2.5.4
[2.715s] -- Up-to-date: /home/w0x7ce/ws_moveit2/install/moveit_ros_planning/lib/libmoveit_constraint_sampler_manager_loader.so
[2.716s] -- Up-to-date: /home/w0x7ce/ws_moveit2/install/moveit_ros_planning/lib/libmoveit_planning_pipeline.so.2.5.4
[2.717s] -- Up-to-date: /home/w0x7ce/ws_moveit2/install/moveit_ros_planning/lib/libmoveit_planning_pipeline.so
[2.727s] -- Up-to-date: /home/w0x7ce/ws_moveit2/install/moveit_ros_planning/lib/libmoveit_trajectory_execution_manager.so.2.5.4
[2.728s] -- Up-to-date: /home/w0x7ce/ws_moveit2/install/moveit_ros_planning/lib/libmoveit_trajectory_execution_manager.so
[2.728s] -- Up-to-date: /home/w0x7ce/ws_moveit2/install/moveit_ros_planning/lib/libmoveit_plan_execution.so.2.5.4
[2.729s] -- Up-to-date: /home/w0x7ce/ws_moveit2/install/moveit_ros_planning/lib/libmoveit_plan_execution.so
[2.740s] -- Up-to-date: /home/w0x7ce/ws_moveit2/install/moveit_ros_planning/lib/libmoveit_planning_scene_monitor.so.2.5.4
[2.741s] -- Up-to-date: /home/w0x7ce/ws_moveit2/install/moveit_ros_planning/lib/libmoveit_planning_scene_monitor.so
[2.742s] -- Up-to-date: /home/w0x7ce/ws_moveit2/install/moveit_ros_planning/lib/libmoveit_collision_plugin_loader.so.2.5.4
[2.743s] -- Up-to-date: /home/w0x7ce/ws_moveit2/install/moveit_ros_planning/lib/libmoveit_collision_plugin_loader.so
[2.744s] -- Up-to-date: /home/w0x7ce/ws_moveit2/install/moveit_ros_planning/lib/libmoveit_default_planning_request_adapter_plugins.so.2.5.4
[2.744s] -- Up-to-date: /home/w0x7ce/ws_moveit2/install/moveit_ros_planning/lib/libmoveit_default_planning_request_adapter_plugins.so
[2.745s] -- Up-to-date: /home/w0x7ce/ws_moveit2/install/moveit_ros_planning/lib/libmoveit_cpp.so.2.5.4
[2.746s] -- Up-to-date: /home/w0x7ce/ws_moveit2/install/moveit_ros_planning/lib/libmoveit_cpp.so
[2.755s] -- Up-to-date: /home/w0x7ce/ws_moveit2/install/moveit_ros_planning/share/moveit_ros_planning/environment/library_path.sh
[2.755s] -- Up-to-date: /home/w0x7ce/ws_moveit2/install/moveit_ros_planning/share/moveit_ros_planning/environment/library_path.dsv
[2.756s] -- Up-to-date: /home/w0x7ce/ws_moveit2/install/moveit_ros_planning/share/moveit_ros_planning/planning_request_adapters_plugin_description.xml
[2.757s] -- Up-to-date: /home/w0x7ce/ws_moveit2/install/moveit_ros_planning/share/ament_index/resource_index/package_run_dependencies/moveit_ros_planning
[2.757s] -- Up-to-date: /home/w0x7ce/ws_moveit2/install/moveit_ros_planning/share/ament_index/resource_index/parent_prefix_path/moveit_ros_planning
[2.757s] -- Up-to-date: /home/w0x7ce/ws_moveit2/install/moveit_ros_planning/share/moveit_ros_planning/environment/ament_prefix_path.sh
[2.758s] -- Up-to-date: /home/w0x7ce/ws_moveit2/install/moveit_ros_planning/share/moveit_ros_planning/environment/ament_prefix_path.dsv
[2.758s] -- Up-to-date: /home/w0x7ce/ws_moveit2/install/moveit_ros_planning/share/moveit_ros_planning/environment/path.sh
[2.758s] -- Up-to-date: /home/w0x7ce/ws_moveit2/install/moveit_ros_planning/share/moveit_ros_planning/environment/path.dsv
[2.758s] -- Up-to-date: /home/w0x7ce/ws_moveit2/install/moveit_ros_planning/share/moveit_ros_planning/local_setup.bash
[2.759s] -- Up-to-date: /home/w0x7ce/ws_moveit2/install/moveit_ros_planning/share/moveit_ros_planning/local_setup.sh
[2.759s] -- Up-to-date: /home/w0x7ce/ws_moveit2/install/moveit_ros_planning/share/moveit_ros_planning/local_setup.zsh
[2.759s] -- Up-to-date: /home/w0x7ce/ws_moveit2/install/moveit_ros_planning/share/moveit_ros_planning/local_setup.dsv
[2.759s] -- Installing: /home/w0x7ce/ws_moveit2/install/moveit_ros_planning/share/moveit_ros_planning/package.dsv
[2.769s] -- Up-to-date: /home/w0x7ce/ws_moveit2/install/moveit_ros_planning/share/ament_index/resource_index/packages/moveit_ros_planning
[2.769s] -- Up-to-date: /home/w0x7ce/ws_moveit2/install/moveit_ros_planning/share/ament_index/resource_index/moveit_core__pluginlib__plugin/moveit_ros_planning
[2.779s] -- Up-to-date: /home/w0x7ce/ws_moveit2/install/moveit_ros_planning/share/moveit_ros_planning/cmake/export_moveit_ros_planningExport.cmake
[2.780s] -- Up-to-date: /home/w0x7ce/ws_moveit2/install/moveit_ros_planning/share/moveit_ros_planning/cmake/export_moveit_ros_planningExport-release.cmake
[2.780s] -- Up-to-date: /home/w0x7ce/ws_moveit2/install/moveit_ros_planning/share/moveit_ros_planning/cmake/ConfigExtras.cmake
[2.781s] -- Up-to-date: /home/w0x7ce/ws_moveit2/install/moveit_ros_planning/share/moveit_ros_planning/cmake/ament_cmake_export_targets-extras.cmake
[2.781s] -- Up-to-date: /home/w0x7ce/ws_moveit2/install/moveit_ros_planning/share/moveit_ros_planning/cmake/ament_cmake_export_dependencies-extras.cmake
[2.781s] -- Up-to-date: /home/w0x7ce/ws_moveit2/install/moveit_ros_planning/share/moveit_ros_planning/cmake/moveit_ros_planningConfig.cmake
[2.781s] -- Up-to-date: /home/w0x7ce/ws_moveit2/install/moveit_ros_planning/share/moveit_ros_planning/cmake/moveit_ros_planningConfig-version.cmake
[2.782s] -- Up-to-date: /home/w0x7ce/ws_moveit2/install/moveit_ros_planning/share/moveit_ros_planning/package.xml
[2.792s] Invoked command in '/home/w0x7ce/ws_moveit2/build/moveit_ros_planning' returned '0': CMAKE_PREFIX_PATH=/home/w0x7ce/ws_moveit2/install/moveit_ros_occupancy_map_monitor:/home/w0x7ce/ws_moveit2/install/moveit_core:/home/w0x7ce/ws_moveit2/install/moveit_resources_panda_moveit_config:/home/w0x7ce/ws_moveit2/install/srdfdom:/home/w0x7ce/ws_moveit2/install/moveit_resources_panda_description:/home/w0x7ce/ws_moveit2/install/moveit_common:/home/w0x7ce/ws_moveit2/install/pilz_industrial_motion_planner_testutils:/home/w0x7ce/ws_moveit2/install/moveit_runtime:/home/w0x7ce/ws_moveit2/install/moveit2_tutorials:/home/w0x7ce/ws_moveit2/install/moveit:/home/w0x7ce/ws_moveit2/install/moveit_planners:/home/w0x7ce/ws_moveit2/install/pilz_industrial_motion_planner:/home/w0x7ce/ws_moveit2/install/moveit_visual_tools:/home/w0x7ce/ws_moveit2/install/moveit_task_constructor_visualization:/home/w0x7ce/ws_moveit2/install/moveit_task_constructor_demo:/home/w0x7ce/ws_moveit2/install/moveit_task_constructor_capabilities:/home/w0x7ce/ws_moveit2/install/moveit_task_constructor_core:/home/w0x7ce/ws_moveit2/install/moveit_ros_control_interface:/home/w0x7ce/ws_moveit2/install/moveit_plugins:/home/w0x7ce/ws_moveit2/install/moveit_simple_controller_manager:/home/w0x7ce/ws_moveit2/install/moveit_setup_assistant:/home/w0x7ce/ws_moveit2/install/moveit_setup_srdf_plugins:/home/w0x7ce/ws_moveit2/install/moveit_setup_core_plugins:/home/w0x7ce/ws_moveit2/install/moveit_setup_controllers:/home/w0x7ce/ws_moveit2/install/moveit_setup_app_plugins:/home/w0x7ce/ws_moveit2/install/moveit_setup_framework:/home/w0x7ce/ws_moveit2/install/moveit_servo:/home/w0x7ce/ws_moveit2/install/moveit_ros:/home/w0x7ce/ws_moveit2/install/moveit_ros_visualization:/home/w0x7ce/ws_moveit2/install/moveit_hybrid_planning:/home/w0x7ce/ws_moveit2/install/moveit_ros_planning_interface:/home/w0x7ce/ws_moveit2/install/moveit_ros_benchmarks:/home/w0x7ce/ws_moveit2/install/moveit_ros_warehouse:/home/w0x7ce/ws_moveit2/install/moveit_ros_robot_interaction:/home/w0x7ce/ws_moveit2/install/moveit_ros_perception:/home/w0x7ce/ws_moveit2/install/moveit_resources_prbt_pg70_support:/home/w0x7ce/ws_moveit2/install/moveit_resources_prbt_moveit_config:/home/w0x7ce/ws_moveit2/install/moveit_ros_move_group:/home/w0x7ce/ws_moveit2/install/moveit_planners_ompl:/home/w0x7ce/ws_moveit2/install/moveit_ros_planning:/home/w0x7ce/ws_moveit2/install/moveit_resources_prbt_ikfast_manipulator_plugin:/home/w0x7ce/ws_moveit2/install/moveit_planners_chomp:/home/w0x7ce/ws_moveit2/install/moveit_kinematics:/home/w0x7ce/ws_moveit2/install/moveit_chomp_optimizer_adapter:/home/w0x7ce/ws_moveit2/install/chomp_motion_planner:/home/w0x7ce/ws_moveit2/install/rviz_marker_tools:/home/w0x7ce/ws_moveit2/install/rosparam_shortcuts:/home/w0x7ce/ws_moveit2/install/moveit_task_constructor_msgs:/home/w0x7ce/ws_moveit2/install/moveit_resources_prbt_support:/home/w0x7ce/ws_moveit2/install/moveit_resources:/home/w0x7ce/ws_moveit2/install/moveit_resources_pr2_description:/home/w0x7ce/ws_moveit2/install/moveit_resources_fanuc_moveit_config:/home/w0x7ce/ws_moveit2/install/moveit_resources_fanuc_description:/home/w0x7ce/ws_moveit2/install/moveit_configs_utils:/home/w0x7ce/ws_moveit2/install/launch_param_builder:/opt/ros/humble LD_LIBRARY_PATH=/home/w0x7ce/ws_moveit2/install/moveit_ros_occupancy_map_monitor/lib:/home/w0x7ce/ws_moveit2/install/moveit_core/lib:/home/w0x7ce/ws_moveit2/install/srdfdom/lib:/home/w0x7ce/ws_moveit2/install/pilz_industrial_motion_planner_testutils/lib:/home/w0x7ce/ws_moveit2/install/pilz_industrial_motion_planner/lib:/home/w0x7ce/ws_moveit2/install/moveit_visual_tools/lib:/home/w0x7ce/ws_moveit2/install/moveit_task_constructor_visualization/lib:/home/w0x7ce/ws_moveit2/install/moveit_task_constructor_demo/lib:/home/w0x7ce/ws_moveit2/install/moveit_task_constructor_capabilities/lib:/home/w0x7ce/ws_moveit2/install/moveit_task_constructor_core/lib:/home/w0x7ce/ws_moveit2/install/moveit_ros_control_interface/lib:/home/w0x7ce/ws_moveit2/install/moveit_simple_controller_manager/lib:/home/w0x7ce/ws_moveit2/install/moveit_setup_assistant/lib:/home/w0x7ce/ws_moveit2/install/moveit_setup_srdf_plugins/lib:/home/w0x7ce/ws_moveit2/install/moveit_setup_core_plugins/lib:/home/w0x7ce/ws_moveit2/install/moveit_setup_controllers/lib:/home/w0x7ce/ws_moveit2/install/moveit_setup_app_plugins/lib:/home/w0x7ce/ws_moveit2/install/moveit_setup_framework/lib:/home/w0x7ce/ws_moveit2/install/moveit_servo/lib:/home/w0x7ce/ws_moveit2/install/moveit_ros_visualization/lib:/home/w0x7ce/ws_moveit2/install/moveit_hybrid_planning/lib:/home/w0x7ce/ws_moveit2/install/moveit_ros_planning_interface/lib:/home/w0x7ce/ws_moveit2/install/moveit_ros_benchmarks/lib:/home/w0x7ce/ws_moveit2/install/moveit_ros_warehouse/lib:/home/w0x7ce/ws_moveit2/install/moveit_ros_robot_interaction/lib:/home/w0x7ce/ws_moveit2/install/moveit_ros_perception/lib:/home/w0x7ce/ws_moveit2/install/moveit_ros_move_group/lib:/home/w0x7ce/ws_moveit2/install/moveit_planners_ompl/lib:/home/w0x7ce/ws_moveit2/install/moveit_ros_planning/lib:/home/w0x7ce/ws_moveit2/install/moveit_resources_prbt_ikfast_manipulator_plugin/lib:/home/w0x7ce/ws_moveit2/install/moveit_planners_chomp/lib:/home/w0x7ce/ws_moveit2/install/moveit_kinematics/lib:/home/w0x7ce/ws_moveit2/install/moveit_chomp_optimizer_adapter/lib:/home/w0x7ce/ws_moveit2/install/chomp_motion_planner/lib:/home/w0x7ce/ws_moveit2/install/rviz_marker_tools/lib:/home/w0x7ce/ws_moveit2/install/rosparam_shortcuts/lib:/home/w0x7ce/ws_moveit2/install/moveit_task_constructor_msgs/lib:/usr/lib/x86_64-linux-gnu/gazebo-11/plugins:/opt/ros/humble/opt/rviz_ogre_vendor/lib:/opt/ros/humble/lib/x86_64-linux-gnu:/opt/ros/humble/lib /usr/bin/cmake --install /home/w0x7ce/ws_moveit2/build/moveit_ros_planning
