[0.025s] Invoking command in '/home/w0x7ce/ws_moveit2/build/moveit_ros_perception': AMENT_PREFIX_PATH=/home/w0x7ce/ws_moveit2/install/moveit_ros_planning:/home/w0x7ce/ws_moveit2/install/moveit_ros_occupancy_map_monitor:/home/w0x7ce/ws_moveit2/install/moveit_core:/home/w0x7ce/ws_moveit2/install/srdfdom:/home/w0x7ce/ws_moveit2/install/moveit_common:${AMENT_PREFIX_PATH} CMAKE_PREFIX_PATH=/home/w0x7ce/ws_moveit2/install/moveit_ros_planning:/home/w0x7ce/ws_moveit2/install/moveit_ros_occupancy_map_monitor:/home/w0x7ce/ws_moveit2/install/moveit_core:/home/w0x7ce/ws_moveit2/install/srdfdom:/home/w0x7ce/ws_moveit2/install/moveit_common:/opt/ros/humble LD_LIBRARY_PATH=/home/w0x7ce/ws_moveit2/install/moveit_ros_planning/lib:/home/w0x7ce/ws_moveit2/install/moveit_ros_occupancy_map_monitor/lib:/home/w0x7ce/ws_moveit2/install/moveit_core/lib:/home/w0x7ce/ws_moveit2/install/srdfdom/lib:${LD_LIBRARY_PATH} PATH=/home/w0x7ce/ws_moveit2/install/moveit_core/bin:${PATH} PYTHONPATH=/home/w0x7ce/ws_moveit2/install/srdfdom/local/lib/python3.10/dist-packages:${PYTHONPATH} /usr/bin/cmake /home/w0x7ce/ws_moveit2/src/moveit2/moveit_ros/perception -DCMAKE_INSTALL_PREFIX=/home/w0x7ce/ws_moveit2/install/moveit_ros_perception
[0.121s] -- The C compiler identification is GNU 11.3.0
[0.192s] -- The CXX compiler identification is GNU 11.3.0
[0.203s] -- Detecting C compiler ABI info
[0.277s] -- Detecting C compiler ABI info - done
[0.288s] -- Check for working C compiler: /usr/bin/cc - skipped
[0.288s] -- Detecting C compile features
[0.289s] -- Detecting C compile features - done
[0.293s] -- Detecting CXX compiler ABI info
[0.383s] -- Detecting CXX compiler ABI info - done
[0.392s] -- Check for working CXX compiler: /usr/bin/c++ - skipped
[0.393s] -- Detecting CXX compile features
[0.394s] -- Detecting CXX compile features - done
[0.397s] -- Found moveit_common: 2.5.4 (/home/w0x7ce/ws_moveit2/install/moveit_common/share/moveit_common/cmake)
[0.400s] -- Found ament_cmake: 1.3.3 (/opt/ros/humble/share/ament_cmake/cmake)
[0.615s] -- Found Python3: /usr/bin/python3.10 (found version "3.10.6") found components: Interpreter 
[0.841s] -- Found libdw: /usr/lib/x86_64-linux-gnu/libdw.so  
[0.849s] -- Could NOT find libbfd (missing: LIBBFD_LIBRARY LIBBFD_INCLUDE_DIR) 
[0.849s] -- BACKWARD_HAS_UNWIND=1
[0.849s] -- BACKWARD_HAS_BACKTRACE=0
[0.849s] -- BACKWARD_HAS_BACKTRACE_SYMBOL=0
[0.849s] -- BACKWARD_HAS_DW=1
[0.849s] -- BACKWARD_HAS_BFD=0
[0.850s] -- Found Backward: /opt/ros/humble/share/backward_ros/cmake  
[0.850s] [0mmoveit_ros_perception: You did not request a specific build type: Choosing 'Release' for maximum performance[0m
[0.914s] -- Found OpenGL: /usr/lib/x86_64-linux-gnu/libOpenGL.so   
[0.992s] -- Found GLEW: /usr/include (found version "2.2.0") 
[1.007s] -- Found GLUT: /usr/lib/x86_64-linux-gnu/libglut.so  
[1.030s] -- Found cv_bridge: 3.2.1 (/opt/ros/humble/share/cv_bridge/cmake)
[1.128s] -- Found rosidl_generator_c: 3.1.4 (/opt/ros/humble/share/rosidl_generator_c/cmake)
[1.137s] -- Found rosidl_adapter: 3.1.4 (/opt/ros/humble/share/rosidl_adapter/cmake)
[1.150s] -- Found rosidl_generator_cpp: 3.1.4 (/opt/ros/humble/share/rosidl_generator_cpp/cmake)
[1.170s] -- Using all available rosidl_typesupport_c: rosidl_typesupport_fastrtps_c;rosidl_typesupport_introspection_c
[1.198s] -- Using all available rosidl_typesupport_cpp: rosidl_typesupport_fastrtps_cpp;rosidl_typesupport_introspection_cpp
[1.506s] -- Found moveit_core: 2.5.4 (/home/w0x7ce/ws_moveit2/install/moveit_core/share/moveit_core/cmake)
[1.675s] -- Found Boost: /usr/lib/x86_64-linux-gnu/cmake/Boost-1.74.0/BoostConfig.cmake (found version "1.74.0") found components: chrono date_time filesystem iostreams program_options regex serialization system thread 
[1.697s] -- Found Boost: /usr/lib/x86_64-linux-gnu/cmake/Boost-1.74.0/BoostConfig.cmake (found version "1.74.0") found components: filesystem 
[1.818s] -- Found rmw_implementation_cmake: 6.1.1 (/opt/ros/humble/share/rmw_implementation_cmake/cmake)
[1.824s] -- Found rmw_fastrtps_cpp: 6.2.2 (/opt/ros/humble/share/rmw_fastrtps_cpp/cmake)
[1.951s] -- Found OpenSSL: /usr/lib/x86_64-linux-gnu/libcrypto.so (found version "3.0.2")  
[1.985s] -- Found FastRTPS: /opt/ros/humble/include  
[2.049s] -- Using RMW implementation 'rmw_fastrtps_cpp' as default
[2.065s] -- Found Threads: TRUE  
[2.353s] -- library: /usr/lib/x86_64-linux-gnu/libcurl.so
[2.681s] -- Found Eigen3: TRUE (found version "3.4.0") 
[2.681s] -- Ensuring Eigen3 include directory is part of orocos-kdl CMake target
[4.244s] -- Found image_transport: 3.1.5 (/opt/ros/humble/share/image_transport/cmake)
[4.264s] -- Found moveit_ros_occupancy_map_monitor: 2.5.4 (/home/w0x7ce/ws_moveit2/install/moveit_ros_occupancy_map_monitor/share/moveit_ros_occupancy_map_monitor/cmake)
[4.887s] -- Found OpenMP_C: -fopenmp (found version "4.5") 
[5.020s] -- Found OpenMP_CXX: -fopenmp (found version "4.5") 
[5.020s] -- Found OpenMP: TRUE (found version "4.5")  
[5.025s] -- Found OpenCV: /usr (found version "4.5.4") 
[5.031s] -- Found Boost: /usr/lib/x86_64-linux-gnu/cmake/Boost-1.74.0/BoostConfig.cmake (found version "1.74.0") found components: thread 
[5.096s] -- Performing Test COMPILER_HAS_HIDDEN_VISIBILITY
[5.224s] -- Performing Test COMPILER_HAS_HIDDEN_VISIBILITY - Success
[5.224s] -- Performing Test COMPILER_HAS_HIDDEN_INLINE_VISIBILITY
[5.349s] -- Performing Test COMPILER_HAS_HIDDEN_INLINE_VISIBILITY - Success
[5.349s] -- Performing Test COMPILER_HAS_DEPRECATED_ATTR
[5.478s] -- Performing Test COMPILER_HAS_DEPRECATED_ATTR - Success
[5.507s] -- Found ament_lint_auto: 0.12.4 (/opt/ros/humble/share/ament_lint_auto/cmake)
[5.536s] -- Added test 'cppcheck' to perform static code analysis on C / C++ code
[5.537s] -- Configured cppcheck include dirs: /home/w0x7ce/ws_moveit2/src/moveit2/moveit_ros/perception/depth_image_octomap_updater/include;/home/w0x7ce/ws_moveit2/src/moveit2/moveit_ros/perception/lazy_free_space_updater/include;/home/w0x7ce/ws_moveit2/src/moveit2/moveit_ros/perception/mesh_filter/include;/home/w0x7ce/ws_moveit2/src/moveit2/moveit_ros/perception/point_containment_filter/include;/home/w0x7ce/ws_moveit2/src/moveit2/moveit_ros/perception/pointcloud_octomap_updater/include;/home/w0x7ce/ws_moveit2/src/moveit2/moveit_ros/perception/semantic_world/include
[5.537s] -- Configured cppcheck exclude dirs and/or files: 
[5.540s] -- Added test 'lint_cmake' to check CMake code style
[5.542s] -- Added test 'xmllint' to check XML markup files
[5.545s] -- Configuring done
[5.818s] -- Generating done
[5.824s] -- Build files have been written to: /home/w0x7ce/ws_moveit2/build/moveit_ros_perception
[5.854s] Invoked command in '/home/w0x7ce/ws_moveit2/build/moveit_ros_perception' returned '0': AMENT_PREFIX_PATH=/home/w0x7ce/ws_moveit2/install/moveit_ros_planning:/home/w0x7ce/ws_moveit2/install/moveit_ros_occupancy_map_monitor:/home/w0x7ce/ws_moveit2/install/moveit_core:/home/w0x7ce/ws_moveit2/install/srdfdom:/home/w0x7ce/ws_moveit2/install/moveit_common:${AMENT_PREFIX_PATH} CMAKE_PREFIX_PATH=/home/w0x7ce/ws_moveit2/install/moveit_ros_planning:/home/w0x7ce/ws_moveit2/install/moveit_ros_occupancy_map_monitor:/home/w0x7ce/ws_moveit2/install/moveit_core:/home/w0x7ce/ws_moveit2/install/srdfdom:/home/w0x7ce/ws_moveit2/install/moveit_common:/opt/ros/humble LD_LIBRARY_PATH=/home/w0x7ce/ws_moveit2/install/moveit_ros_planning/lib:/home/w0x7ce/ws_moveit2/install/moveit_ros_occupancy_map_monitor/lib:/home/w0x7ce/ws_moveit2/install/moveit_core/lib:/home/w0x7ce/ws_moveit2/install/srdfdom/lib:${LD_LIBRARY_PATH} PATH=/home/w0x7ce/ws_moveit2/install/moveit_core/bin:${PATH} PYTHONPATH=/home/w0x7ce/ws_moveit2/install/srdfdom/local/lib/python3.10/dist-packages:${PYTHONPATH} /usr/bin/cmake /home/w0x7ce/ws_moveit2/src/moveit2/moveit_ros/perception -DCMAKE_INSTALL_PREFIX=/home/w0x7ce/ws_moveit2/install/moveit_ros_perception
[5.854s] Invoking command in '/home/w0x7ce/ws_moveit2/build/moveit_ros_perception': AMENT_PREFIX_PATH=/home/w0x7ce/ws_moveit2/install/moveit_ros_planning:/home/w0x7ce/ws_moveit2/install/moveit_ros_occupancy_map_monitor:/home/w0x7ce/ws_moveit2/install/moveit_core:/home/w0x7ce/ws_moveit2/install/srdfdom:/home/w0x7ce/ws_moveit2/install/moveit_common:${AMENT_PREFIX_PATH} CMAKE_PREFIX_PATH=/home/w0x7ce/ws_moveit2/install/moveit_ros_planning:/home/w0x7ce/ws_moveit2/install/moveit_ros_occupancy_map_monitor:/home/w0x7ce/ws_moveit2/install/moveit_core:/home/w0x7ce/ws_moveit2/install/srdfdom:/home/w0x7ce/ws_moveit2/install/moveit_common:/opt/ros/humble LD_LIBRARY_PATH=/home/w0x7ce/ws_moveit2/install/moveit_ros_planning/lib:/home/w0x7ce/ws_moveit2/install/moveit_ros_occupancy_map_monitor/lib:/home/w0x7ce/ws_moveit2/install/moveit_core/lib:/home/w0x7ce/ws_moveit2/install/srdfdom/lib:${LD_LIBRARY_PATH} PATH=/home/w0x7ce/ws_moveit2/install/moveit_core/bin:${PATH} PYTHONPATH=/home/w0x7ce/ws_moveit2/install/srdfdom/local/lib/python3.10/dist-packages:${PYTHONPATH} /usr/bin/cmake --build /home/w0x7ce/ws_moveit2/build/moveit_ros_perception -- -j4 -l4
[5.892s] [  5%] [32mBuilding CXX object lazy_free_space_updater/CMakeFiles/moveit_lazy_free_space_updater.dir/src/lazy_free_space_updater.cpp.o[0m
[8.342s] [ 10%] [32m[1mLinking CXX shared library libmoveit_lazy_free_space_updater.so[0m
[8.584s] [ 10%] Built target moveit_lazy_free_space_updater
[8.597s] [ 15%] [32mBuilding CXX object semantic_world/CMakeFiles/moveit_semantic_world.dir/src/semantic_world.cpp.o[0m
[31.059s] [ 20%] [32m[1mLinking CXX shared library libmoveit_semantic_world.so[0m
[31.810s] [ 20%] Built target moveit_semantic_world
[31.823s] [ 25%] [32mBuilding CXX object mesh_filter/CMakeFiles/moveit_mesh_filter.dir/src/mesh_filter_base.cpp.o[0m
[36.005s] [ 30%] [32mBuilding CXX object mesh_filter/CMakeFiles/moveit_mesh_filter.dir/src/stereo_camera_model.cpp.o[0m
[37.419s] [ 35%] [32mBuilding CXX object mesh_filter/CMakeFiles/moveit_mesh_filter.dir/src/gl_renderer.cpp.o[0m
[38.854s] [ 40%] [32mBuilding CXX object mesh_filter/CMakeFiles/moveit_mesh_filter.dir/src/gl_mesh.cpp.o[0m
[40.623s] [ 45%] [32mBuilding CXX object mesh_filter/CMakeFiles/moveit_mesh_filter.dir/src/sensor_model.cpp.o[0m
[41.919s] [ 50%] [32m[1mLinking CXX shared library libmoveit_mesh_filter.so[0m
[42.282s] [ 50%] Built target moveit_mesh_filter
[42.294s] [ 55%] [32mBuilding CXX object point_containment_filter/CMakeFiles/moveit_point_containment_filter.dir/src/shape_mask.cpp.o[0m
[45.791s] [ 60%] [32m[1mLinking CXX shared library libmoveit_point_containment_filter.so[0m
[45.935s] [ 60%] Built target moveit_point_containment_filter
[45.948s] [ 65%] [32mBuilding CXX object depth_image_octomap_updater/CMakeFiles/moveit_depth_image_octomap_updater_core.dir/src/depth_image_octomap_updater.cpp.o[0m
[53.879s] [ 70%] [32m[1mLinking CXX shared library libmoveit_depth_image_octomap_updater_core.so[0m
[54.107s] [ 70%] Built target moveit_depth_image_octomap_updater_core
[54.121s] [ 75%] [32mBuilding CXX object pointcloud_octomap_updater/CMakeFiles/moveit_pointcloud_octomap_updater_core.dir/src/pointcloud_octomap_updater.cpp.o[0m
[71.296s] [ 80%] [32m[1mLinking CXX shared library libmoveit_pointcloud_octomap_updater_core.so[0m
[71.608s] [ 80%] Built target moveit_pointcloud_octomap_updater_core
[71.625s] [ 85%] [32mBuilding CXX object depth_image_octomap_updater/CMakeFiles/moveit_depth_image_octomap_updater.dir/src/updater_plugin.cpp.o[0m
[76.831s] [ 90%] [32m[1mLinking CXX shared library libmoveit_depth_image_octomap_updater.so[0m
[77.000s] [ 90%] Built target moveit_depth_image_octomap_updater
[77.014s] [ 95%] [32mBuilding CXX object pointcloud_octomap_updater/CMakeFiles/moveit_pointcloud_octomap_updater.dir/src/plugin_init.cpp.o[0m
[82.253s] [100%] [32m[1mLinking CXX shared library libmoveit_pointcloud_octomap_updater.so[0m
[82.437s] [100%] Built target moveit_pointcloud_octomap_updater
[82.444s] Invoked command in '/home/w0x7ce/ws_moveit2/build/moveit_ros_perception' returned '0': AMENT_PREFIX_PATH=/home/w0x7ce/ws_moveit2/install/moveit_ros_planning:/home/w0x7ce/ws_moveit2/install/moveit_ros_occupancy_map_monitor:/home/w0x7ce/ws_moveit2/install/moveit_core:/home/w0x7ce/ws_moveit2/install/srdfdom:/home/w0x7ce/ws_moveit2/install/moveit_common:${AMENT_PREFIX_PATH} CMAKE_PREFIX_PATH=/home/w0x7ce/ws_moveit2/install/moveit_ros_planning:/home/w0x7ce/ws_moveit2/install/moveit_ros_occupancy_map_monitor:/home/w0x7ce/ws_moveit2/install/moveit_core:/home/w0x7ce/ws_moveit2/install/srdfdom:/home/w0x7ce/ws_moveit2/install/moveit_common:/opt/ros/humble LD_LIBRARY_PATH=/home/w0x7ce/ws_moveit2/install/moveit_ros_planning/lib:/home/w0x7ce/ws_moveit2/install/moveit_ros_occupancy_map_monitor/lib:/home/w0x7ce/ws_moveit2/install/moveit_core/lib:/home/w0x7ce/ws_moveit2/install/srdfdom/lib:${LD_LIBRARY_PATH} PATH=/home/w0x7ce/ws_moveit2/install/moveit_core/bin:${PATH} PYTHONPATH=/home/w0x7ce/ws_moveit2/install/srdfdom/local/lib/python3.10/dist-packages:${PYTHONPATH} /usr/bin/cmake --build /home/w0x7ce/ws_moveit2/build/moveit_ros_perception -- -j4 -l4
[82.473s] Invoking command in '/home/w0x7ce/ws_moveit2/build/moveit_ros_perception': AMENT_PREFIX_PATH=/home/w0x7ce/ws_moveit2/install/moveit_ros_planning:/home/w0x7ce/ws_moveit2/install/moveit_ros_occupancy_map_monitor:/home/w0x7ce/ws_moveit2/install/moveit_core:/home/w0x7ce/ws_moveit2/install/srdfdom:/home/w0x7ce/ws_moveit2/install/moveit_common:${AMENT_PREFIX_PATH} CMAKE_PREFIX_PATH=/home/w0x7ce/ws_moveit2/install/moveit_ros_planning:/home/w0x7ce/ws_moveit2/install/moveit_ros_occupancy_map_monitor:/home/w0x7ce/ws_moveit2/install/moveit_core:/home/w0x7ce/ws_moveit2/install/srdfdom:/home/w0x7ce/ws_moveit2/install/moveit_common:/opt/ros/humble LD_LIBRARY_PATH=/home/w0x7ce/ws_moveit2/install/moveit_ros_planning/lib:/home/w0x7ce/ws_moveit2/install/moveit_ros_occupancy_map_monitor/lib:/home/w0x7ce/ws_moveit2/install/moveit_core/lib:/home/w0x7ce/ws_moveit2/install/srdfdom/lib:${LD_LIBRARY_PATH} PATH=/home/w0x7ce/ws_moveit2/install/moveit_core/bin:${PATH} PYTHONPATH=/home/w0x7ce/ws_moveit2/install/srdfdom/local/lib/python3.10/dist-packages:${PYTHONPATH} /usr/bin/cmake --install /home/w0x7ce/ws_moveit2/build/moveit_ros_perception
[82.479s] -- Install configuration: "Release"
[82.479s] -- Installing: /home/w0x7ce/ws_moveit2/install/moveit_ros_perception/include
[82.479s] -- Installing: /home/w0x7ce/ws_moveit2/install/moveit_ros_perception/include/moveit
[82.479s] -- Installing: /home/w0x7ce/ws_moveit2/install/moveit_ros_perception/include/moveit/lazy_free_space_updater
[82.479s] -- Installing: /home/w0x7ce/ws_moveit2/install/moveit_ros_perception/include/moveit/lazy_free_space_updater/lazy_free_space_updater.h
[82.479s] -- Up-to-date: /home/w0x7ce/ws_moveit2/install/moveit_ros_perception/include
[82.479s] -- Up-to-date: /home/w0x7ce/ws_moveit2/install/moveit_ros_perception/include/moveit
[82.480s] -- Installing: /home/w0x7ce/ws_moveit2/install/moveit_ros_perception/include/moveit/point_containment_filter
[82.480s] -- Installing: /home/w0x7ce/ws_moveit2/install/moveit_ros_perception/include/moveit/point_containment_filter/shape_mask.h
[82.480s] -- Up-to-date: /home/w0x7ce/ws_moveit2/install/moveit_ros_perception/include
[82.480s] -- Up-to-date: /home/w0x7ce/ws_moveit2/install/moveit_ros_perception/include/moveit
[82.480s] -- Installing: /home/w0x7ce/ws_moveit2/install/moveit_ros_perception/include/moveit/pointcloud_octomap_updater
[82.480s] -- Installing: /home/w0x7ce/ws_moveit2/install/moveit_ros_perception/include/moveit/pointcloud_octomap_updater/pointcloud_octomap_updater.h
[82.480s] -- Up-to-date: /home/w0x7ce/ws_moveit2/install/moveit_ros_perception/include
[82.480s] -- Up-to-date: /home/w0x7ce/ws_moveit2/install/moveit_ros_perception/include/moveit
[82.480s] -- Installing: /home/w0x7ce/ws_moveit2/install/moveit_ros_perception/include/moveit/mesh_filter
[82.480s] -- Installing: /home/w0x7ce/ws_moveit2/install/moveit_ros_perception/include/moveit/mesh_filter/gl_mesh.h
[82.480s] -- Installing: /home/w0x7ce/ws_moveit2/install/moveit_ros_perception/include/moveit/mesh_filter/depth_self_filter_nodelet.h
[82.497s] -- Installing: /home/w0x7ce/ws_moveit2/install/moveit_ros_perception/include/moveit/mesh_filter/transform_provider.h
[82.505s] -- Installing: /home/w0x7ce/ws_moveit2/install/moveit_ros_perception/include/moveit/mesh_filter/sensor_model.h
[82.505s] -- Installing: /home/w0x7ce/ws_moveit2/install/moveit_ros_perception/include/moveit/mesh_filter/mesh_filter_base.h
[82.505s] -- Installing: /home/w0x7ce/ws_moveit2/install/moveit_ros_perception/include/moveit/mesh_filter/filter_job.h
[82.505s] -- Installing: /home/w0x7ce/ws_moveit2/install/moveit_ros_perception/include/moveit/mesh_filter/gl_renderer.h
[82.505s] -- Installing: /home/w0x7ce/ws_moveit2/install/moveit_ros_perception/include/moveit/mesh_filter/stereo_camera_model.h
[82.505s] -- Installing: /home/w0x7ce/ws_moveit2/install/moveit_ros_perception/include/moveit/mesh_filter/mesh_filter.h
[82.505s] -- Installing: /home/w0x7ce/ws_moveit2/install/moveit_ros_perception/include/moveit_mesh_filter_export.h
[82.506s] -- Up-to-date: /home/w0x7ce/ws_moveit2/install/moveit_ros_perception/include
[82.506s] -- Up-to-date: /home/w0x7ce/ws_moveit2/install/moveit_ros_perception/include/moveit
[82.506s] -- Installing: /home/w0x7ce/ws_moveit2/install/moveit_ros_perception/include/moveit/depth_image_octomap_updater
[82.506s] -- Installing: /home/w0x7ce/ws_moveit2/install/moveit_ros_perception/include/moveit/depth_image_octomap_updater/depth_image_octomap_updater.h
[82.506s] -- Up-to-date: /home/w0x7ce/ws_moveit2/install/moveit_ros_perception/include
[82.506s] -- Up-to-date: /home/w0x7ce/ws_moveit2/install/moveit_ros_perception/include/moveit
[82.506s] -- Installing: /home/w0x7ce/ws_moveit2/install/moveit_ros_perception/include/moveit/semantic_world
[82.506s] -- Installing: /home/w0x7ce/ws_moveit2/install/moveit_ros_perception/include/moveit/semantic_world/semantic_world.h
[82.506s] -- Installing: /home/w0x7ce/ws_moveit2/install/moveit_ros_perception/lib/libmoveit_depth_image_octomap_updater.so.2.5.4
[82.507s] -- Set runtime path of "/home/w0x7ce/ws_moveit2/install/moveit_ros_perception/lib/libmoveit_depth_image_octomap_updater.so.2.5.4" to ""
[82.507s] -- Installing: /home/w0x7ce/ws_moveit2/install/moveit_ros_perception/lib/libmoveit_depth_image_octomap_updater.so
[82.507s] -- Installing: /home/w0x7ce/ws_moveit2/install/moveit_ros_perception/lib/libmoveit_depth_image_octomap_updater_core.so.2.5.4
[82.507s] -- Set runtime path of "/home/w0x7ce/ws_moveit2/install/moveit_ros_perception/lib/libmoveit_depth_image_octomap_updater_core.so.2.5.4" to ""
[82.508s] -- Installing: /home/w0x7ce/ws_moveit2/install/moveit_ros_perception/lib/libmoveit_depth_image_octomap_updater_core.so
[82.508s] -- Installing: /home/w0x7ce/ws_moveit2/install/moveit_ros_perception/lib/libmoveit_lazy_free_space_updater.so.2.5.4
[82.508s] -- Set runtime path of "/home/w0x7ce/ws_moveit2/install/moveit_ros_perception/lib/libmoveit_lazy_free_space_updater.so.2.5.4" to ""
[82.508s] -- Installing: /home/w0x7ce/ws_moveit2/install/moveit_ros_perception/lib/libmoveit_lazy_free_space_updater.so
[82.508s] -- Installing: /home/w0x7ce/ws_moveit2/install/moveit_ros_perception/lib/libmoveit_mesh_filter.so.2.5.4
[82.509s] -- Set runtime path of "/home/w0x7ce/ws_moveit2/install/moveit_ros_perception/lib/libmoveit_mesh_filter.so.2.5.4" to ""
[82.509s] -- Installing: /home/w0x7ce/ws_moveit2/install/moveit_ros_perception/lib/libmoveit_mesh_filter.so
[82.509s] -- Installing: /home/w0x7ce/ws_moveit2/install/moveit_ros_perception/lib/libmoveit_point_containment_filter.so.2.5.4
[82.509s] -- Set runtime path of "/home/w0x7ce/ws_moveit2/install/moveit_ros_perception/lib/libmoveit_point_containment_filter.so.2.5.4" to ""
[82.509s] -- Installing: /home/w0x7ce/ws_moveit2/install/moveit_ros_perception/lib/libmoveit_point_containment_filter.so
[82.510s] -- Installing: /home/w0x7ce/ws_moveit2/install/moveit_ros_perception/lib/libmoveit_pointcloud_octomap_updater.so.2.5.4
[82.510s] -- Set runtime path of "/home/w0x7ce/ws_moveit2/install/moveit_ros_perception/lib/libmoveit_pointcloud_octomap_updater.so.2.5.4" to ""
[82.510s] -- Installing: /home/w0x7ce/ws_moveit2/install/moveit_ros_perception/lib/libmoveit_pointcloud_octomap_updater.so
[82.510s] -- Installing: /home/w0x7ce/ws_moveit2/install/moveit_ros_perception/lib/libmoveit_pointcloud_octomap_updater_core.so.2.5.4
[82.512s] -- Set runtime path of "/home/w0x7ce/ws_moveit2/install/moveit_ros_perception/lib/libmoveit_pointcloud_octomap_updater_core.so.2.5.4" to ""
[82.512s] -- Installing: /home/w0x7ce/ws_moveit2/install/moveit_ros_perception/lib/libmoveit_pointcloud_octomap_updater_core.so
[82.512s] -- Installing: /home/w0x7ce/ws_moveit2/install/moveit_ros_perception/lib/libmoveit_semantic_world.so.2.5.4
[82.514s] -- Set runtime path of "/home/w0x7ce/ws_moveit2/install/moveit_ros_perception/lib/libmoveit_semantic_world.so.2.5.4" to ""
[82.514s] -- Installing: /home/w0x7ce/ws_moveit2/install/moveit_ros_perception/lib/libmoveit_semantic_world.so
[82.514s] -- Installing: /home/w0x7ce/ws_moveit2/install/moveit_ros_perception/share/moveit_ros_perception/environment/library_path.sh
[82.514s] -- Installing: /home/w0x7ce/ws_moveit2/install/moveit_ros_perception/share/moveit_ros_perception/environment/library_path.dsv
[82.514s] -- Installing: /home/w0x7ce/ws_moveit2/install/moveit_ros_perception/share/moveit_ros_perception/pointcloud_octomap_updater_plugin_description.xml
[82.515s] -- Installing: /home/w0x7ce/ws_moveit2/install/moveit_ros_perception/share/moveit_ros_perception/depth_image_octomap_updater_plugin_description.xml
[82.522s] -- Installing: /home/w0x7ce/ws_moveit2/install/moveit_ros_perception/share/ament_index/resource_index/package_run_dependencies/moveit_ros_perception
[82.522s] -- Installing: /home/w0x7ce/ws_moveit2/install/moveit_ros_perception/share/ament_index/resource_index/parent_prefix_path/moveit_ros_perception
[82.522s] -- Installing: /home/w0x7ce/ws_moveit2/install/moveit_ros_perception/share/moveit_ros_perception/environment/ament_prefix_path.sh
[82.522s] -- Installing: /home/w0x7ce/ws_moveit2/install/moveit_ros_perception/share/moveit_ros_perception/environment/ament_prefix_path.dsv
[82.522s] -- Installing: /home/w0x7ce/ws_moveit2/install/moveit_ros_perception/share/moveit_ros_perception/environment/path.sh
[82.522s] -- Installing: /home/w0x7ce/ws_moveit2/install/moveit_ros_perception/share/moveit_ros_perception/environment/path.dsv
[82.522s] -- Installing: /home/w0x7ce/ws_moveit2/install/moveit_ros_perception/share/moveit_ros_perception/local_setup.bash
[82.523s] -- Installing: /home/w0x7ce/ws_moveit2/install/moveit_ros_perception/share/moveit_ros_perception/local_setup.sh
[82.523s] -- Installing: /home/w0x7ce/ws_moveit2/install/moveit_ros_perception/share/moveit_ros_perception/local_setup.zsh
[82.523s] -- Installing: /home/w0x7ce/ws_moveit2/install/moveit_ros_perception/share/moveit_ros_perception/local_setup.dsv
[82.523s] -- Installing: /home/w0x7ce/ws_moveit2/install/moveit_ros_perception/share/moveit_ros_perception/package.dsv
[82.523s] -- Installing: /home/w0x7ce/ws_moveit2/install/moveit_ros_perception/share/ament_index/resource_index/packages/moveit_ros_perception
[82.524s] -- Installing: /home/w0x7ce/ws_moveit2/install/moveit_ros_perception/share/ament_index/resource_index/moveit_ros_occupancy_map_monitor__pluginlib__plugin/moveit_ros_perception
[82.524s] -- Installing: /home/w0x7ce/ws_moveit2/install/moveit_ros_perception/share/moveit_ros_perception/cmake/export_moveit_ros_perceptionExport.cmake
[82.525s] -- Installing: /home/w0x7ce/ws_moveit2/install/moveit_ros_perception/share/moveit_ros_perception/cmake/export_moveit_ros_perceptionExport-release.cmake
[82.525s] -- Installing: /home/w0x7ce/ws_moveit2/install/moveit_ros_perception/share/moveit_ros_perception/cmake/ConfigExtras.cmake
[82.525s] -- Installing: /home/w0x7ce/ws_moveit2/install/moveit_ros_perception/share/moveit_ros_perception/cmake/ament_cmake_export_targets-extras.cmake
[82.525s] -- Installing: /home/w0x7ce/ws_moveit2/install/moveit_ros_perception/share/moveit_ros_perception/cmake/ament_cmake_export_dependencies-extras.cmake
[82.526s] -- Installing: /home/w0x7ce/ws_moveit2/install/moveit_ros_perception/share/moveit_ros_perception/cmake/moveit_ros_perceptionConfig.cmake
[82.526s] -- Installing: /home/w0x7ce/ws_moveit2/install/moveit_ros_perception/share/moveit_ros_perception/cmake/moveit_ros_perceptionConfig-version.cmake
[82.526s] -- Installing: /home/w0x7ce/ws_moveit2/install/moveit_ros_perception/share/moveit_ros_perception/package.xml
[82.532s] Invoked command in '/home/w0x7ce/ws_moveit2/build/moveit_ros_perception' returned '0': AMENT_PREFIX_PATH=/home/w0x7ce/ws_moveit2/install/moveit_ros_planning:/home/w0x7ce/ws_moveit2/install/moveit_ros_occupancy_map_monitor:/home/w0x7ce/ws_moveit2/install/moveit_core:/home/w0x7ce/ws_moveit2/install/srdfdom:/home/w0x7ce/ws_moveit2/install/moveit_common:${AMENT_PREFIX_PATH} CMAKE_PREFIX_PATH=/home/w0x7ce/ws_moveit2/install/moveit_ros_planning:/home/w0x7ce/ws_moveit2/install/moveit_ros_occupancy_map_monitor:/home/w0x7ce/ws_moveit2/install/moveit_core:/home/w0x7ce/ws_moveit2/install/srdfdom:/home/w0x7ce/ws_moveit2/install/moveit_common:/opt/ros/humble LD_LIBRARY_PATH=/home/w0x7ce/ws_moveit2/install/moveit_ros_planning/lib:/home/w0x7ce/ws_moveit2/install/moveit_ros_occupancy_map_monitor/lib:/home/w0x7ce/ws_moveit2/install/moveit_core/lib:/home/w0x7ce/ws_moveit2/install/srdfdom/lib:${LD_LIBRARY_PATH} PATH=/home/w0x7ce/ws_moveit2/install/moveit_core/bin:${PATH} PYTHONPATH=/home/w0x7ce/ws_moveit2/install/srdfdom/local/lib/python3.10/dist-packages:${PYTHONPATH} /usr/bin/cmake --install /home/w0x7ce/ws_moveit2/build/moveit_ros_perception
