[0.023s] Invoking command in '/home/w0x7ce/ws_moveit2/build/moveit_resources_fanuc_description': CMAKE_PREFIX_PATH=/opt/ros/humble /usr/bin/cmake /home/w0x7ce/ws_moveit2/src/moveit_resources/fanuc_description -DCMAKE_INSTALL_PREFIX=/home/w0x7ce/ws_moveit2/install/moveit_resources_fanuc_description
[0.097s] -- The C compiler identification is GNU 11.3.0
[0.160s] -- The CXX compiler identification is GNU 11.3.0
[0.169s] -- Detecting C compiler ABI info
[0.322s] -- Detecting C compiler ABI info - done
[0.330s] -- Check for working C compiler: /usr/bin/cc - skipped
[0.331s] -- Detecting C compile features
[0.331s] -- Detecting C compile features - done
[0.334s] -- Detecting CXX compiler ABI info
[0.402s] -- Detecting CXX compiler ABI info - done
[0.413s] -- Check for working CXX compiler: /usr/bin/c++ - skipped
[0.413s] -- Detecting CXX compile features
[0.414s] -- Detecting CXX compile features - done
[0.417s] -- Found ament_cmake: 1.3.3 (/opt/ros/humble/share/ament_cmake/cmake)
[1.033s] -- Found Python3: /usr/bin/python3.10 (found version "3.10.6") found components: Interpreter 
[1.198s] -- Configuring done
[1.202s] -- Generating done
[1.203s] -- Build files have been written to: /home/w0x7ce/ws_moveit2/build/moveit_resources_fanuc_description
[1.208s] Invoked command in '/home/w0x7ce/ws_moveit2/build/moveit_resources_fanuc_description' returned '0': CMAKE_PREFIX_PATH=/opt/ros/humble /usr/bin/cmake /home/w0x7ce/ws_moveit2/src/moveit_resources/fanuc_description -DCMAKE_INSTALL_PREFIX=/home/w0x7ce/ws_moveit2/install/moveit_resources_fanuc_description
[1.209s] Invoking command in '/home/w0x7ce/ws_moveit2/build/moveit_resources_fanuc_description': CMAKE_PREFIX_PATH=/opt/ros/humble /usr/bin/cmake --build /home/w0x7ce/ws_moveit2/build/moveit_resources_fanuc_description -- -j4 -l4
[1.231s] Invoked command in '/home/w0x7ce/ws_moveit2/build/moveit_resources_fanuc_description' returned '0': CMAKE_PREFIX_PATH=/opt/ros/humble /usr/bin/cmake --build /home/w0x7ce/ws_moveit2/build/moveit_resources_fanuc_description -- -j4 -l4
[1.258s] Invoking command in '/home/w0x7ce/ws_moveit2/build/moveit_resources_fanuc_description': CMAKE_PREFIX_PATH=/opt/ros/humble /usr/bin/cmake --install /home/w0x7ce/ws_moveit2/build/moveit_resources_fanuc_description
[1.268s] -- Install configuration: ""
[1.268s] -- Installing: /home/w0x7ce/ws_moveit2/install/moveit_resources_fanuc_description/share/ament_index/resource_index/package_run_dependencies/moveit_resources_fanuc_description
[1.272s] -- Installing: /home/w0x7ce/ws_moveit2/install/moveit_resources_fanuc_description/share/ament_index/resource_index/parent_prefix_path/moveit_resources_fanuc_description
[1.272s] -- Installing: /home/w0x7ce/ws_moveit2/install/moveit_resources_fanuc_description/share/moveit_resources_fanuc_description/environment/ament_prefix_path.sh
[1.272s] -- Installing: /home/w0x7ce/ws_moveit2/install/moveit_resources_fanuc_description/share/moveit_resources_fanuc_description/environment/ament_prefix_path.dsv
[1.272s] -- Installing: /home/w0x7ce/ws_moveit2/install/moveit_resources_fanuc_description/share/moveit_resources_fanuc_description/environment/path.sh
[1.273s] -- Installing: /home/w0x7ce/ws_moveit2/install/moveit_resources_fanuc_description/share/moveit_resources_fanuc_description/environment/path.dsv
[1.273s] -- Installing: /home/w0x7ce/ws_moveit2/install/moveit_resources_fanuc_description/share/moveit_resources_fanuc_description/local_setup.bash
[1.273s] -- Installing: /home/w0x7ce/ws_moveit2/install/moveit_resources_fanuc_description/share/moveit_resources_fanuc_description/local_setup.sh
[1.276s] -- Installing: /home/w0x7ce/ws_moveit2/install/moveit_resources_fanuc_description/share/moveit_resources_fanuc_description/local_setup.zsh
[1.277s] -- Installing: /home/w0x7ce/ws_moveit2/install/moveit_resources_fanuc_description/share/moveit_resources_fanuc_description/local_setup.dsv
[1.277s] -- Installing: /home/w0x7ce/ws_moveit2/install/moveit_resources_fanuc_description/share/moveit_resources_fanuc_description/package.dsv
[1.277s] -- Installing: /home/w0x7ce/ws_moveit2/install/moveit_resources_fanuc_description/share/ament_index/resource_index/packages/moveit_resources_fanuc_description
[1.278s] -- Installing: /home/w0x7ce/ws_moveit2/install/moveit_resources_fanuc_description/share/moveit_resources_fanuc_description/cmake/moveit_resources_fanuc_descriptionConfig.cmake
[1.278s] -- Installing: /home/w0x7ce/ws_moveit2/install/moveit_resources_fanuc_description/share/moveit_resources_fanuc_description/cmake/moveit_resources_fanuc_descriptionConfig-version.cmake
[1.278s] -- Installing: /home/w0x7ce/ws_moveit2/install/moveit_resources_fanuc_description/share/moveit_resources_fanuc_description/package.xml
[1.278s] -- Installing: /home/w0x7ce/ws_moveit2/install/moveit_resources_fanuc_description/share/moveit_resources_fanuc_description/meshes
[1.279s] -- Installing: /home/w0x7ce/ws_moveit2/install/moveit_resources_fanuc_description/share/moveit_resources_fanuc_description/meshes/visual
[1.279s] -- Installing: /home/w0x7ce/ws_moveit2/install/moveit_resources_fanuc_description/share/moveit_resources_fanuc_description/meshes/visual/link_5.stl
[1.280s] -- Installing: /home/w0x7ce/ws_moveit2/install/moveit_resources_fanuc_description/share/moveit_resources_fanuc_description/meshes/visual/link_6.stl
[1.280s] -- Installing: /home/w0x7ce/ws_moveit2/install/moveit_resources_fanuc_description/share/moveit_resources_fanuc_description/meshes/visual/link_4.stl
[1.283s] -- Installing: /home/w0x7ce/ws_moveit2/install/moveit_resources_fanuc_description/share/moveit_resources_fanuc_description/meshes/visual/base_link.stl
[1.283s] -- Installing: /home/w0x7ce/ws_moveit2/install/moveit_resources_fanuc_description/share/moveit_resources_fanuc_description/meshes/visual/link_2.stl
[1.283s] -- Installing: /home/w0x7ce/ws_moveit2/install/moveit_resources_fanuc_description/share/moveit_resources_fanuc_description/meshes/visual/link_1.stl
[1.284s] -- Installing: /home/w0x7ce/ws_moveit2/install/moveit_resources_fanuc_description/share/moveit_resources_fanuc_description/meshes/visual/link_3.stl
[1.284s] -- Installing: /home/w0x7ce/ws_moveit2/install/moveit_resources_fanuc_description/share/moveit_resources_fanuc_description/meshes/collision
[1.284s] -- Installing: /home/w0x7ce/ws_moveit2/install/moveit_resources_fanuc_description/share/moveit_resources_fanuc_description/meshes/collision/link_5.stl
[1.285s] -- Installing: /home/w0x7ce/ws_moveit2/install/moveit_resources_fanuc_description/share/moveit_resources_fanuc_description/meshes/collision/link_6.stl
[1.286s] -- Installing: /home/w0x7ce/ws_moveit2/install/moveit_resources_fanuc_description/share/moveit_resources_fanuc_description/meshes/collision/link_4.stl
[1.286s] -- Installing: /home/w0x7ce/ws_moveit2/install/moveit_resources_fanuc_description/share/moveit_resources_fanuc_description/meshes/collision/base_link.stl
[1.286s] -- Installing: /home/w0x7ce/ws_moveit2/install/moveit_resources_fanuc_description/share/moveit_resources_fanuc_description/meshes/collision/link_2.stl
[1.287s] -- Installing: /home/w0x7ce/ws_moveit2/install/moveit_resources_fanuc_description/share/moveit_resources_fanuc_description/meshes/collision/link_1.stl
[1.287s] -- Installing: /home/w0x7ce/ws_moveit2/install/moveit_resources_fanuc_description/share/moveit_resources_fanuc_description/meshes/collision/link_3.stl
[1.287s] -- Installing: /home/w0x7ce/ws_moveit2/install/moveit_resources_fanuc_description/share/moveit_resources_fanuc_description/urdf
[1.287s] -- Installing: /home/w0x7ce/ws_moveit2/install/moveit_resources_fanuc_description/share/moveit_resources_fanuc_description/urdf/fanuc.urdf
[1.293s] Invoked command in '/home/w0x7ce/ws_moveit2/build/moveit_resources_fanuc_description' returned '0': CMAKE_PREFIX_PATH=/opt/ros/humble /usr/bin/cmake --install /home/w0x7ce/ws_moveit2/build/moveit_resources_fanuc_description
