[1.739s] Invoking command in '/home/w0x7ce/ws_moveit2/src/moveit2/moveit_configs_utils': AMENT_PREFIX_PATH=/home/w0x7ce/ws_moveit2/install/srdfdom:/home/w0x7ce/ws_moveit2/install/launch_param_builder:${AMENT_PREFIX_PATH} CMAKE_PREFIX_PATH=/home/w0x7ce/ws_moveit2/install/srdfdom LD_LIBRARY_PATH=/home/w0x7ce/ws_moveit2/install/srdfdom/lib:${LD_LIBRARY_PATH} PYTHONPATH=/home/w0x7ce/ws_moveit2/build/moveit_configs_utils/prefix_override:/home/w0x7ce/ws_moveit2/install/moveit_configs_utils/lib/python3.10/site-packages:/home/w0x7ce/ws_moveit2/install/srdfdom/local/lib/python3.10/dist-packages:/home/w0x7ce/ws_moveit2/install/launch_param_builder/lib/python3.10/site-packages:${PYTHONPATH} /usr/bin/python3 setup.py egg_info --egg-base ../../../build/moveit_configs_utils build --build-base /home/w0x7ce/ws_moveit2/build/moveit_configs_utils/build install --record /home/w0x7ce/ws_moveit2/build/moveit_configs_utils/install.log --single-version-externally-managed
[2.185s] running egg_info
[2.186s] creating ../../../build/moveit_configs_utils/moveit_configs_utils.egg-info
[2.186s] writing ../../../build/moveit_configs_utils/moveit_configs_utils.egg-info/PKG-INFO
[2.186s] writing dependency_links to ../../../build/moveit_configs_utils/moveit_configs_utils.egg-info/dependency_links.txt
[2.186s] writing entry points to ../../../build/moveit_configs_utils/moveit_configs_utils.egg-info/entry_points.txt
[2.186s] writing requirements to ../../../build/moveit_configs_utils/moveit_configs_utils.egg-info/requires.txt
[2.187s] writing top-level names to ../../../build/moveit_configs_utils/moveit_configs_utils.egg-info/top_level.txt
[2.187s] writing manifest file '../../../build/moveit_configs_utils/moveit_configs_utils.egg-info/SOURCES.txt'
[2.189s] reading manifest file '../../../build/moveit_configs_utils/moveit_configs_utils.egg-info/SOURCES.txt'
[2.190s] writing manifest file '../../../build/moveit_configs_utils/moveit_configs_utils.egg-info/SOURCES.txt'
[2.190s] running build
[2.190s] running build_py
[2.190s] creating /home/w0x7ce/ws_moveit2/build/moveit_configs_utils/build
[2.190s] creating /home/w0x7ce/ws_moveit2/build/moveit_configs_utils/build/lib
[2.190s] creating /home/w0x7ce/ws_moveit2/build/moveit_configs_utils/build/lib/moveit_configs_utils
[2.190s] copying moveit_configs_utils/moveit_configs_builder.py -> /home/w0x7ce/ws_moveit2/build/moveit_configs_utils/build/lib/moveit_configs_utils
[2.190s] copying moveit_configs_utils/launches.py -> /home/w0x7ce/ws_moveit2/build/moveit_configs_utils/build/lib/moveit_configs_utils
[2.190s] copying moveit_configs_utils/launch_utils.py -> /home/w0x7ce/ws_moveit2/build/moveit_configs_utils/build/lib/moveit_configs_utils
[2.190s] copying moveit_configs_utils/__init__.py -> /home/w0x7ce/ws_moveit2/build/moveit_configs_utils/build/lib/moveit_configs_utils
[2.191s] running install
[2.199s] /usr/lib/python3/dist-packages/setuptools/command/install.py:34: SetuptoolsDeprecationWarning: setup.py install is deprecated. Use build and pip and other standards-based tools.
[2.199s]   warnings.warn(
[2.199s] running install_lib
[2.200s] creating /home/w0x7ce/ws_moveit2/install/moveit_configs_utils/lib/python3.10/site-packages/moveit_configs_utils
[2.200s] copying /home/w0x7ce/ws_moveit2/build/moveit_configs_utils/build/lib/moveit_configs_utils/moveit_configs_builder.py -> /home/w0x7ce/ws_moveit2/install/moveit_configs_utils/lib/python3.10/site-packages/moveit_configs_utils
[2.200s] copying /home/w0x7ce/ws_moveit2/build/moveit_configs_utils/build/lib/moveit_configs_utils/launches.py -> /home/w0x7ce/ws_moveit2/install/moveit_configs_utils/lib/python3.10/site-packages/moveit_configs_utils
[2.200s] copying /home/w0x7ce/ws_moveit2/build/moveit_configs_utils/build/lib/moveit_configs_utils/launch_utils.py -> /home/w0x7ce/ws_moveit2/install/moveit_configs_utils/lib/python3.10/site-packages/moveit_configs_utils
[2.200s] copying /home/w0x7ce/ws_moveit2/build/moveit_configs_utils/build/lib/moveit_configs_utils/__init__.py -> /home/w0x7ce/ws_moveit2/install/moveit_configs_utils/lib/python3.10/site-packages/moveit_configs_utils
[2.201s] byte-compiling /home/w0x7ce/ws_moveit2/install/moveit_configs_utils/lib/python3.10/site-packages/moveit_configs_utils/moveit_configs_builder.py to moveit_configs_builder.cpython-310.pyc
[2.209s] byte-compiling /home/w0x7ce/ws_moveit2/install/moveit_configs_utils/lib/python3.10/site-packages/moveit_configs_utils/launches.py to launches.cpython-310.pyc
[2.211s] byte-compiling /home/w0x7ce/ws_moveit2/install/moveit_configs_utils/lib/python3.10/site-packages/moveit_configs_utils/launch_utils.py to launch_utils.cpython-310.pyc
[2.211s] byte-compiling /home/w0x7ce/ws_moveit2/install/moveit_configs_utils/lib/python3.10/site-packages/moveit_configs_utils/__init__.py to __init__.cpython-310.pyc
[2.211s] running install_data
[2.212s] creating /home/w0x7ce/ws_moveit2/install/moveit_configs_utils/share/ament_index
[2.212s] creating /home/w0x7ce/ws_moveit2/install/moveit_configs_utils/share/ament_index/resource_index
[2.212s] creating /home/w0x7ce/ws_moveit2/install/moveit_configs_utils/share/ament_index/resource_index/packages
[2.212s] copying resource/moveit_configs_utils -> /home/w0x7ce/ws_moveit2/install/moveit_configs_utils/share/ament_index/resource_index/packages
[2.212s] copying package.xml -> /home/w0x7ce/ws_moveit2/install/moveit_configs_utils/share/moveit_configs_utils
[2.212s] creating /home/w0x7ce/ws_moveit2/install/moveit_configs_utils/share/moveit_configs_utils/default_configs
[2.212s] copying default_configs/ompl_defaults.yaml -> /home/w0x7ce/ws_moveit2/install/moveit_configs_utils/share/moveit_configs_utils/default_configs
[2.213s] copying default_configs/chomp_planning.yaml -> /home/w0x7ce/ws_moveit2/install/moveit_configs_utils/share/moveit_configs_utils/default_configs
[2.213s] copying default_configs/ompl_planning.yaml -> /home/w0x7ce/ws_moveit2/install/moveit_configs_utils/share/moveit_configs_utils/default_configs
[2.213s] copying default_configs/pilz_industrial_motion_planner_planning.yaml -> /home/w0x7ce/ws_moveit2/install/moveit_configs_utils/share/moveit_configs_utils/default_configs
[2.213s] running install_egg_info
[2.224s] Copying ../../../build/moveit_configs_utils/moveit_configs_utils.egg-info to /home/w0x7ce/ws_moveit2/install/moveit_configs_utils/lib/python3.10/site-packages/moveit_configs_utils-2.5.3-py3.10.egg-info
[2.225s] running install_scripts
[2.275s] writing list of installed files to '/home/w0x7ce/ws_moveit2/build/moveit_configs_utils/install.log'
[2.360s] Invoked command in '/home/w0x7ce/ws_moveit2/src/moveit2/moveit_configs_utils' returned '0': AMENT_PREFIX_PATH=/home/w0x7ce/ws_moveit2/install/srdfdom:/home/w0x7ce/ws_moveit2/install/launch_param_builder:${AMENT_PREFIX_PATH} CMAKE_PREFIX_PATH=/home/w0x7ce/ws_moveit2/install/srdfdom LD_LIBRARY_PATH=/home/w0x7ce/ws_moveit2/install/srdfdom/lib:${LD_LIBRARY_PATH} PYTHONPATH=/home/w0x7ce/ws_moveit2/build/moveit_configs_utils/prefix_override:/home/w0x7ce/ws_moveit2/install/moveit_configs_utils/lib/python3.10/site-packages:/home/w0x7ce/ws_moveit2/install/srdfdom/local/lib/python3.10/dist-packages:/home/w0x7ce/ws_moveit2/install/launch_param_builder/lib/python3.10/site-packages:${PYTHONPATH} /usr/bin/python3 setup.py egg_info --egg-base ../../../build/moveit_configs_utils build --build-base /home/w0x7ce/ws_moveit2/build/moveit_configs_utils/build install --record /home/w0x7ce/ws_moveit2/build/moveit_configs_utils/install.log --single-version-externally-managed
