[0.143s] Invoking command in '/home/w0x7ce/ws_moveit2/build/srdfdom': CMAKE_PREFIX_PATH=${CMAKE_PREFIX_PATH}:/home/w0x7ce/ws_moveit2/install/moveit_configs_utils:/home/w0x7ce/ws_moveit2/install/launch_param_builder:/opt/ros/humble /usr/bin/cmake --build /home/w0x7ce/ws_moveit2/build/srdfdom -- -j4 -l4
[0.353s] [  0%] Built target ament_cmake_python_copy_srdfdom
[0.371s] [ 18%] Built target gtest
[0.374s] [ 45%] Built target srdfdom
[0.395s] [ 63%] Built target gtest_main
[0.452s] [ 81%] Built target test_cpp_C
[0.458s] [100%] Built target test_cpp_nl_NL.UTF-8
[0.686s] running egg_info
[0.687s] writing srdfdom.egg-info/PKG-INFO
[0.687s] writing dependency_links to srdfdom.egg-info/dependency_links.txt
[0.688s] writing top-level names to srdfdom.egg-info/top_level.txt
[0.690s] reading manifest file 'srdfdom.egg-info/SOURCES.txt'
[0.732s] writing manifest file 'srdfdom.egg-info/SOURCES.txt'
[0.760s] [100%] Built target ament_cmake_python_build_srdfdom_egg
[0.789s] Invoked command in '/home/w0x7ce/ws_moveit2/build/srdfdom' returned '0': CMAKE_PREFIX_PATH=${CMAKE_PREFIX_PATH}:/home/w0x7ce/ws_moveit2/install/moveit_configs_utils:/home/w0x7ce/ws_moveit2/install/launch_param_builder:/opt/ros/humble /usr/bin/cmake --build /home/w0x7ce/ws_moveit2/build/srdfdom -- -j4 -l4
[0.944s] Invoking command in '/home/w0x7ce/ws_moveit2/build/srdfdom': CMAKE_PREFIX_PATH=${CMAKE_PREFIX_PATH}:/home/w0x7ce/ws_moveit2/install/moveit_configs_utils:/home/w0x7ce/ws_moveit2/install/launch_param_builder:/opt/ros/humble /usr/bin/cmake --install /home/w0x7ce/ws_moveit2/build/srdfdom
[1.000s] -- Install configuration: ""
[1.002s] -- Up-to-date: /home/w0x7ce/ws_moveit2/install/srdfdom/lib/libsrdfdom.so.2.0.4
[1.003s] -- Up-to-date: /home/w0x7ce/ws_moveit2/install/srdfdom/lib/libsrdfdom.so
[1.003s] -- Up-to-date: /home/w0x7ce/ws_moveit2/install/srdfdom/include/srdfdom
[1.004s] -- Up-to-date: /home/w0x7ce/ws_moveit2/install/srdfdom/include/srdfdom/srdf_writer.h
[1.004s] -- Up-to-date: /home/w0x7ce/ws_moveit2/install/srdfdom/include/srdfdom/visibility_control.h
[1.004s] -- Up-to-date: /home/w0x7ce/ws_moveit2/install/srdfdom/include/srdfdom/model.h
[1.004s] -- Up-to-date: /home/w0x7ce/ws_moveit2/install/srdfdom/lib/srdfdom/display_srdf
[1.005s] -- Up-to-date: /home/w0x7ce/ws_moveit2/install/srdfdom/share/srdfdom/environment/pythonpath.sh
[1.005s] -- Up-to-date: /home/w0x7ce/ws_moveit2/install/srdfdom/share/srdfdom/environment/pythonpath.dsv
[1.006s] -- Up-to-date: /home/w0x7ce/ws_moveit2/install/srdfdom/local/lib/python3.10/dist-packages/srdfdom-2.0.4-py3.10.egg-info
[1.006s] -- Installing: /home/w0x7ce/ws_moveit2/install/srdfdom/local/lib/python3.10/dist-packages/srdfdom-2.0.4-py3.10.egg-info/dependency_links.txt
[1.006s] -- Installing: /home/w0x7ce/ws_moveit2/install/srdfdom/local/lib/python3.10/dist-packages/srdfdom-2.0.4-py3.10.egg-info/SOURCES.txt
[1.006s] -- Installing: /home/w0x7ce/ws_moveit2/install/srdfdom/local/lib/python3.10/dist-packages/srdfdom-2.0.4-py3.10.egg-info/top_level.txt
[1.007s] -- Installing: /home/w0x7ce/ws_moveit2/install/srdfdom/local/lib/python3.10/dist-packages/srdfdom-2.0.4-py3.10.egg-info/PKG-INFO
[1.007s] -- Up-to-date: /home/w0x7ce/ws_moveit2/install/srdfdom/local/lib/python3.10/dist-packages/srdfdom
[1.008s] -- Up-to-date: /home/w0x7ce/ws_moveit2/install/srdfdom/local/lib/python3.10/dist-packages/srdfdom/srdf.py
[1.008s] -- Up-to-date: /home/w0x7ce/ws_moveit2/install/srdfdom/local/lib/python3.10/dist-packages/srdfdom/__init__.py
[1.114s] Listing '/home/w0x7ce/ws_moveit2/install/srdfdom/local/lib/python3.10/dist-packages/srdfdom'...
[1.119s] -- Up-to-date: /home/w0x7ce/ws_moveit2/install/srdfdom/share/srdfdom/environment/library_path.sh
[1.119s] -- Up-to-date: /home/w0x7ce/ws_moveit2/install/srdfdom/share/srdfdom/environment/library_path.dsv
[1.119s] -- Up-to-date: /home/w0x7ce/ws_moveit2/install/srdfdom/share/ament_index/resource_index/package_run_dependencies/srdfdom
[1.119s] -- Up-to-date: /home/w0x7ce/ws_moveit2/install/srdfdom/share/ament_index/resource_index/parent_prefix_path/srdfdom
[1.119s] -- Up-to-date: /home/w0x7ce/ws_moveit2/install/srdfdom/share/srdfdom/environment/ament_prefix_path.sh
[1.119s] -- Up-to-date: /home/w0x7ce/ws_moveit2/install/srdfdom/share/srdfdom/environment/ament_prefix_path.dsv
[1.119s] -- Up-to-date: /home/w0x7ce/ws_moveit2/install/srdfdom/share/srdfdom/environment/path.sh
[1.119s] -- Up-to-date: /home/w0x7ce/ws_moveit2/install/srdfdom/share/srdfdom/environment/path.dsv
[1.119s] -- Up-to-date: /home/w0x7ce/ws_moveit2/install/srdfdom/share/srdfdom/local_setup.bash
[1.119s] -- Up-to-date: /home/w0x7ce/ws_moveit2/install/srdfdom/share/srdfdom/local_setup.sh
[1.119s] -- Up-to-date: /home/w0x7ce/ws_moveit2/install/srdfdom/share/srdfdom/local_setup.zsh
[1.119s] -- Up-to-date: /home/w0x7ce/ws_moveit2/install/srdfdom/share/srdfdom/local_setup.dsv
[1.120s] -- Installing: /home/w0x7ce/ws_moveit2/install/srdfdom/share/srdfdom/package.dsv
[1.147s] -- Up-to-date: /home/w0x7ce/ws_moveit2/install/srdfdom/share/ament_index/resource_index/packages/srdfdom
[1.173s] -- Up-to-date: /home/w0x7ce/ws_moveit2/install/srdfdom/share/srdfdom/cmake/srdfdomTargetsExport.cmake
[1.174s] -- Up-to-date: /home/w0x7ce/ws_moveit2/install/srdfdom/share/srdfdom/cmake/srdfdomTargetsExport-noconfig.cmake
[1.175s] -- Up-to-date: /home/w0x7ce/ws_moveit2/install/srdfdom/share/srdfdom/cmake/ament_cmake_export_targets-extras.cmake
[1.175s] -- Up-to-date: /home/w0x7ce/ws_moveit2/install/srdfdom/share/srdfdom/cmake/ament_cmake_export_dependencies-extras.cmake
[1.175s] -- Up-to-date: /home/w0x7ce/ws_moveit2/install/srdfdom/share/srdfdom/cmake/srdfdomConfig.cmake
[1.175s] -- Up-to-date: /home/w0x7ce/ws_moveit2/install/srdfdom/share/srdfdom/cmake/srdfdomConfig-version.cmake
[1.176s] -- Up-to-date: /home/w0x7ce/ws_moveit2/install/srdfdom/share/srdfdom/package.xml
[1.229s] Invoked command in '/home/w0x7ce/ws_moveit2/build/srdfdom' returned '0': CMAKE_PREFIX_PATH=${CMAKE_PREFIX_PATH}:/home/w0x7ce/ws_moveit2/install/moveit_configs_utils:/home/w0x7ce/ws_moveit2/install/launch_param_builder:/opt/ros/humble /usr/bin/cmake --install /home/w0x7ce/ws_moveit2/build/srdfdom
