[0.167s] Invoking command in '/home/w0x7ce/ws_moveit2/build/rviz_marker_tools': CMAKE_PREFIX_PATH=${CMAKE_PREFIX_PATH}:/home/w0x7ce/ws_moveit2/install/moveit_configs_utils:/home/w0x7ce/ws_moveit2/install/launch_param_builder:/opt/ros/humble /usr/bin/cmake --build /home/w0x7ce/ws_moveit2/build/rviz_marker_tools -- -j4 -l4
[1.535s] [100%] Built target rviz_marker_tools
[1.554s] Invoked command in '/home/w0x7ce/ws_moveit2/build/rviz_marker_tools' returned '0': CMAKE_PREFIX_PATH=${CMAKE_PREFIX_PATH}:/home/w0x7ce/ws_moveit2/install/moveit_configs_utils:/home/w0x7ce/ws_moveit2/install/launch_param_builder:/opt/ros/humble /usr/bin/cmake --build /home/w0x7ce/ws_moveit2/build/rviz_marker_tools -- -j4 -l4
[1.637s] Invoking command in '/home/w0x7ce/ws_moveit2/build/rviz_marker_tools': CMAKE_PREFIX_PATH=${CMAKE_PREFIX_PATH}:/home/w0x7ce/ws_moveit2/install/moveit_configs_utils:/home/w0x7ce/ws_moveit2/install/launch_param_builder:/opt/ros/humble /usr/bin/cmake --install /home/w0x7ce/ws_moveit2/build/rviz_marker_tools
[1.917s] -- Install configuration: ""
[1.917s] -- Up-to-date: /home/w0x7ce/ws_moveit2/install/rviz_marker_tools/include
[1.969s] -- Up-to-date: /home/w0x7ce/ws_moveit2/install/rviz_marker_tools/include/rviz_marker_tools
[1.982s] -- Up-to-date: /home/w0x7ce/ws_moveit2/install/rviz_marker_tools/include/rviz_marker_tools/marker_creation.h
[2.039s] -- Up-to-date: /home/w0x7ce/ws_moveit2/install/rviz_marker_tools/lib/librviz_marker_tools.so
[2.113s] -- Up-to-date: /home/w0x7ce/ws_moveit2/install/rviz_marker_tools/share/rviz_marker_tools/environment/library_path.sh
[2.113s] -- Up-to-date: /home/w0x7ce/ws_moveit2/install/rviz_marker_tools/share/rviz_marker_tools/environment/library_path.dsv
[2.113s] -- Up-to-date: /home/w0x7ce/ws_moveit2/install/rviz_marker_tools/share/ament_index/resource_index/package_run_dependencies/rviz_marker_tools
[2.136s] -- Up-to-date: /home/w0x7ce/ws_moveit2/install/rviz_marker_tools/share/ament_index/resource_index/parent_prefix_path/rviz_marker_tools
[2.163s] -- Up-to-date: /home/w0x7ce/ws_moveit2/install/rviz_marker_tools/share/rviz_marker_tools/environment/ament_prefix_path.sh
[2.164s] -- Up-to-date: /home/w0x7ce/ws_moveit2/install/rviz_marker_tools/share/rviz_marker_tools/environment/ament_prefix_path.dsv
[2.164s] -- Up-to-date: /home/w0x7ce/ws_moveit2/install/rviz_marker_tools/share/rviz_marker_tools/environment/path.sh
[2.164s] -- Up-to-date: /home/w0x7ce/ws_moveit2/install/rviz_marker_tools/share/rviz_marker_tools/environment/path.dsv
[2.236s] -- Up-to-date: /home/w0x7ce/ws_moveit2/install/rviz_marker_tools/share/rviz_marker_tools/local_setup.bash
[2.237s] -- Up-to-date: /home/w0x7ce/ws_moveit2/install/rviz_marker_tools/share/rviz_marker_tools/local_setup.sh
[2.237s] -- Up-to-date: /home/w0x7ce/ws_moveit2/install/rviz_marker_tools/share/rviz_marker_tools/local_setup.zsh
[2.237s] -- Up-to-date: /home/w0x7ce/ws_moveit2/install/rviz_marker_tools/share/rviz_marker_tools/local_setup.dsv
[2.238s] -- Installing: /home/w0x7ce/ws_moveit2/install/rviz_marker_tools/share/rviz_marker_tools/package.dsv
[2.346s] -- Up-to-date: /home/w0x7ce/ws_moveit2/install/rviz_marker_tools/share/ament_index/resource_index/packages/rviz_marker_tools
[2.608s] -- Up-to-date: /home/w0x7ce/ws_moveit2/install/rviz_marker_tools/share/rviz_marker_tools/cmake/rviz_marker_toolsTargetsExport.cmake
[2.608s] -- Up-to-date: /home/w0x7ce/ws_moveit2/install/rviz_marker_tools/share/rviz_marker_tools/cmake/rviz_marker_toolsTargetsExport-noconfig.cmake
[2.608s] -- Up-to-date: /home/w0x7ce/ws_moveit2/install/rviz_marker_tools/share/rviz_marker_tools/cmake/ament_cmake_export_targets-extras.cmake
[2.609s] -- Up-to-date: /home/w0x7ce/ws_moveit2/install/rviz_marker_tools/share/rviz_marker_tools/cmake/ament_cmake_export_dependencies-extras.cmake
[2.609s] -- Up-to-date: /home/w0x7ce/ws_moveit2/install/rviz_marker_tools/share/rviz_marker_tools/cmake/rviz_marker_toolsConfig.cmake
[2.609s] -- Up-to-date: /home/w0x7ce/ws_moveit2/install/rviz_marker_tools/share/rviz_marker_tools/cmake/rviz_marker_toolsConfig-version.cmake
[2.609s] -- Up-to-date: /home/w0x7ce/ws_moveit2/install/rviz_marker_tools/share/rviz_marker_tools/package.xml
[2.617s] Invoked command in '/home/w0x7ce/ws_moveit2/build/rviz_marker_tools' returned '0': CMAKE_PREFIX_PATH=${CMAKE_PREFIX_PATH}:/home/w0x7ce/ws_moveit2/install/moveit_configs_utils:/home/w0x7ce/ws_moveit2/install/launch_param_builder:/opt/ros/humble /usr/bin/cmake --install /home/w0x7ce/ws_moveit2/build/rviz_marker_tools
