[0.025s] Invoking command in '/home/w0x7ce/ws_moveit2/build/moveit_kinematics': AMENT_PREFIX_PATH=/home/w0x7ce/ws_moveit2/install/moveit_ros_planning:/home/w0x7ce/ws_moveit2/install/moveit_ros_occupancy_map_monitor:/home/w0x7ce/ws_moveit2/install/moveit_core:/home/w0x7ce/ws_moveit2/install/moveit_resources_panda_moveit_config:/home/w0x7ce/ws_moveit2/install/moveit_resources_fanuc_moveit_config:/home/w0x7ce/ws_moveit2/install/moveit_configs_utils:/home/w0x7ce/ws_moveit2/install/srdfdom:/home/w0x7ce/ws_moveit2/install/moveit_resources_panda_description:/home/w0x7ce/ws_moveit2/install/moveit_resources_fanuc_description:/home/w0x7ce/ws_moveit2/install/moveit_common:/home/w0x7ce/ws_moveit2/install/launch_param_builder:${AMENT_PREFIX_PATH} CMAKE_PREFIX_PATH=/home/w0x7ce/ws_moveit2/install/moveit_ros_planning:/home/w0x7ce/ws_moveit2/install/moveit_ros_occupancy_map_monitor:/home/w0x7ce/ws_moveit2/install/moveit_core:/home/w0x7ce/ws_moveit2/install/moveit_resources_panda_moveit_config:/home/w0x7ce/ws_moveit2/install/moveit_resources_fanuc_moveit_config:/home/w0x7ce/ws_moveit2/install/srdfdom:/home/w0x7ce/ws_moveit2/install/moveit_resources_panda_description:/home/w0x7ce/ws_moveit2/install/moveit_resources_fanuc_description:/home/w0x7ce/ws_moveit2/install/moveit_common:/opt/ros/humble LD_LIBRARY_PATH=/home/w0x7ce/ws_moveit2/install/moveit_ros_planning/lib:/home/w0x7ce/ws_moveit2/install/moveit_ros_occupancy_map_monitor/lib:/home/w0x7ce/ws_moveit2/install/moveit_core/lib:/home/w0x7ce/ws_moveit2/install/srdfdom/lib:${LD_LIBRARY_PATH} PATH=/home/w0x7ce/ws_moveit2/install/moveit_core/bin:${PATH} PYTHONPATH=/home/w0x7ce/ws_moveit2/install/moveit_configs_utils/lib/python3.10/site-packages:/home/w0x7ce/ws_moveit2/install/srdfdom/local/lib/python3.10/dist-packages:/home/w0x7ce/ws_moveit2/install/launch_param_builder/lib/python3.10/site-packages:${PYTHONPATH} /usr/bin/cmake /home/w0x7ce/ws_moveit2/src/moveit2/moveit_kinematics -DCMAKE_INSTALL_PREFIX=/home/w0x7ce/ws_moveit2/install/moveit_kinematics
[0.074s] -- The C compiler identification is GNU 11.3.0
[0.137s] -- The CXX compiler identification is GNU 11.3.0
[0.149s] -- Detecting C compiler ABI info
[0.208s] -- Detecting C compiler ABI info - done
[0.217s] -- Check for working C compiler: /usr/bin/cc - skipped
[0.217s] -- Detecting C compile features
[0.217s] -- Detecting C compile features - done
[0.220s] -- Detecting CXX compiler ABI info
[0.301s] -- Detecting CXX compiler ABI info - done
[0.311s] -- Check for working CXX compiler: /usr/bin/c++ - skipped
[0.311s] -- Detecting CXX compile features
[0.311s] -- Detecting CXX compile features - done
[0.313s] -- Found moveit_common: 2.5.4 (/home/w0x7ce/ws_moveit2/install/moveit_common/share/moveit_common/cmake)
[0.316s] -- Found ament_cmake: 1.3.3 (/opt/ros/humble/share/ament_cmake/cmake)
[0.487s] -- Found Python3: /usr/bin/python3.10 (found version "3.10.6") found components: Interpreter 
[0.683s] -- Found libdw: /usr/lib/x86_64-linux-gnu/libdw.so  
[0.691s] -- Could NOT find libbfd (missing: LIBBFD_LIBRARY LIBBFD_INCLUDE_DIR) 
[0.692s] -- BACKWARD_HAS_UNWIND=1
[0.692s] -- BACKWARD_HAS_BACKTRACE=0
[0.692s] -- BACKWARD_HAS_BACKTRACE_SYMBOL=0
[0.692s] -- BACKWARD_HAS_DW=1
[0.692s] -- BACKWARD_HAS_BFD=0
[0.693s] -- Found Backward: /opt/ros/humble/share/backward_ros/cmake  
[0.693s] [0mmoveit_kinematics: You did not request a specific build type: Choosing 'Release' for maximum performance[0m
[0.719s] -- Found tf2_kdl: 0.25.1 (/opt/ros/humble/share/tf2_kdl/cmake)
[0.765s] -- Found rosidl_generator_c: 3.1.4 (/opt/ros/humble/share/rosidl_generator_c/cmake)
[0.772s] -- Found rosidl_adapter: 3.1.4 (/opt/ros/humble/share/rosidl_adapter/cmake)
[0.783s] -- Found rosidl_generator_cpp: 3.1.4 (/opt/ros/humble/share/rosidl_generator_cpp/cmake)
[0.800s] -- Using all available rosidl_typesupport_c: rosidl_typesupport_fastrtps_c;rosidl_typesupport_introspection_c
[0.826s] -- Using all available rosidl_typesupport_cpp: rosidl_typesupport_fastrtps_cpp;rosidl_typesupport_introspection_cpp
[0.980s] -- Found eigen3_cmake_module: 0.1.1 (/opt/ros/humble/share/eigen3_cmake_module/cmake)
[0.981s] -- Found Eigen3: TRUE (found version "3.4.0") 
[0.981s] -- Ensuring Eigen3 include directory is part of orocos-kdl CMake target
[1.154s] -- Found rmw_implementation_cmake: 6.1.1 (/opt/ros/humble/share/rmw_implementation_cmake/cmake)
[1.158s] -- Found rmw_fastrtps_cpp: 6.2.2 (/opt/ros/humble/share/rmw_fastrtps_cpp/cmake)
[1.300s] -- Found OpenSSL: /usr/lib/x86_64-linux-gnu/libcrypto.so (found version "3.0.2")  
[1.331s] -- Found FastRTPS: /opt/ros/humble/include  
[1.387s] -- Using RMW implementation 'rmw_fastrtps_cpp' as default
[1.400s] -- Performing Test CMAKE_HAVE_LIBC_PTHREAD
[1.497s] -- Performing Test CMAKE_HAVE_LIBC_PTHREAD - Success
[1.498s] -- Found Threads: TRUE  
[1.974s] -- Found kdl_parser: 2.6.3 (/opt/ros/humble/share/kdl_parser/cmake)
[1.979s] -- Found random_numbers: 2.0.1 (/opt/ros/humble/share/random_numbers/cmake)
[1.992s] -- Found pluginlib: 5.1.0 (/opt/ros/humble/share/pluginlib/cmake)
[2.013s] -- Found moveit_core: 2.5.4 (/home/w0x7ce/ws_moveit2/install/moveit_core/share/moveit_core/cmake)
[2.050s] -- Found Boost: /usr/lib/x86_64-linux-gnu/cmake/Boost-1.74.0/BoostConfig.cmake (found version "1.74.0") found components: chrono date_time filesystem iostreams program_options regex serialization system thread 
[2.067s] -- Found Boost: /usr/lib/x86_64-linux-gnu/cmake/Boost-1.74.0/BoostConfig.cmake (found version "1.74.0") found components: filesystem 
[2.153s] -- library: /usr/lib/x86_64-linux-gnu/libcurl.so
[3.356s] -- Found moveit_ros_planning: 2.5.4 (/home/w0x7ce/ws_moveit2/install/moveit_ros_planning/share/moveit_ros_planning/cmake)
[3.362s] -- Found Boost: /usr/lib/x86_64-linux-gnu/cmake/Boost-1.74.0/BoostConfig.cmake (found version "1.74.0") found components: system filesystem date_time program_options thread chrono 
[3.877s] -- Found Boost: /usr/lib/x86_64-linux-gnu/cmake/Boost-1.74.0/BoostConfig.cmake (found version "1.74.0") found components: program_options system 
[3.940s] -- Found ament_cmake_gtest: 1.3.3 (/opt/ros/humble/share/ament_cmake_gtest/cmake)
[3.943s] -- Found ros_testing: 0.4.0 (/opt/ros/humble/share/ros_testing/cmake)
[3.945s] -- Found launch_testing_ament_cmake: 1.0.3 (/opt/ros/humble/share/launch_testing_ament_cmake/cmake)
[3.948s] -- Found python_cmake_module: 0.10.0 (/opt/ros/humble/share/python_cmake_module/cmake)
[3.973s] -- Found PythonInterp: /usr/bin/python3 (found suitable version "3.10.6", minimum required is "3.6") 
[3.980s] -- Found PythonLibs: /usr/lib/x86_64-linux-gnu/libpython3.10.so (found suitable version "3.10.6", minimum required is "3.5") 
[3.980s] -- Using PYTHON_EXECUTABLE: /usr/bin/python3
[3.980s] -- Using PYTHON_INCLUDE_DIRS: /usr/include/python3.10
[3.980s] -- Using PYTHON_LIBRARIES: /usr/lib/x86_64-linux-gnu/libpython3.10.so
[4.007s] -- Found PythonExtra: .so  
[4.009s] -- Found moveit_resources_fanuc_description: 2.0.6 (/home/w0x7ce/ws_moveit2/install/moveit_resources_fanuc_description/share/moveit_resources_fanuc_description/cmake)
[4.010s] -- Found moveit_resources_fanuc_moveit_config: 2.0.6 (/home/w0x7ce/ws_moveit2/install/moveit_resources_fanuc_moveit_config/share/moveit_resources_fanuc_moveit_config/cmake)
[4.012s] -- Found moveit_resources_panda_description: 2.0.6 (/home/w0x7ce/ws_moveit2/install/moveit_resources_panda_description/share/moveit_resources_panda_description/cmake)
[4.014s] -- Found moveit_resources_panda_moveit_config: 2.0.6 (/home/w0x7ce/ws_moveit2/install/moveit_resources_panda_moveit_config/share/moveit_resources_panda_moveit_config/cmake)
[4.017s] -- Found gtest sources under '/opt/ros/humble/src/gtest_vendor': C++ tests using 'Google Test' will be built
[4.034s] -- Found ament_lint_auto: 0.12.4 (/opt/ros/humble/share/ament_lint_auto/cmake)
[4.046s] -- Found launch_testing_ament_cmake: 1.0.3 (/opt/ros/humble/share/launch_testing_ament_cmake/cmake)
[4.047s] -- Found python_cmake_module: 0.10.0 (/opt/ros/humble/share/python_cmake_module/cmake)
[4.075s] -- Using PYTHON_EXECUTABLE: /usr/bin/python3
[4.075s] -- Using PYTHON_INCLUDE_DIRS: /usr/include/python3.10
[4.075s] -- Using PYTHON_LIBRARIES: /usr/lib/x86_64-linux-gnu/libpython3.10.so
[4.110s] -- Added test 'cppcheck' to perform static code analysis on C / C++ code
[4.110s] -- Configured cppcheck include dirs: /home/w0x7ce/ws_moveit2/src/moveit2/moveit_kinematics/kdl_kinematics_plugin/include;/home/w0x7ce/ws_moveit2/src/moveit2/moveit_kinematics/lma_kinematics_plugin/include;/home/w0x7ce/ws_moveit2/src/moveit2/moveit_kinematics/srv_kinematics_plugin/include;/home/w0x7ce/ws_moveit2/src/moveit2/moveit_kinematics/cached_ik_kinematics_plugin/include
[4.110s] -- Configured cppcheck exclude dirs and/or files: 
[4.112s] -- Added test 'lint_cmake' to check CMake code style
[4.115s] -- Configuring done
[4.259s] -- Generating done
[4.262s] -- Build files have been written to: /home/w0x7ce/ws_moveit2/build/moveit_kinematics
[4.284s] Invoked command in '/home/w0x7ce/ws_moveit2/build/moveit_kinematics' returned '0': AMENT_PREFIX_PATH=/home/w0x7ce/ws_moveit2/install/moveit_ros_planning:/home/w0x7ce/ws_moveit2/install/moveit_ros_occupancy_map_monitor:/home/w0x7ce/ws_moveit2/install/moveit_core:/home/w0x7ce/ws_moveit2/install/moveit_resources_panda_moveit_config:/home/w0x7ce/ws_moveit2/install/moveit_resources_fanuc_moveit_config:/home/w0x7ce/ws_moveit2/install/moveit_configs_utils:/home/w0x7ce/ws_moveit2/install/srdfdom:/home/w0x7ce/ws_moveit2/install/moveit_resources_panda_description:/home/w0x7ce/ws_moveit2/install/moveit_resources_fanuc_description:/home/w0x7ce/ws_moveit2/install/moveit_common:/home/w0x7ce/ws_moveit2/install/launch_param_builder:${AMENT_PREFIX_PATH} CMAKE_PREFIX_PATH=/home/w0x7ce/ws_moveit2/install/moveit_ros_planning:/home/w0x7ce/ws_moveit2/install/moveit_ros_occupancy_map_monitor:/home/w0x7ce/ws_moveit2/install/moveit_core:/home/w0x7ce/ws_moveit2/install/moveit_resources_panda_moveit_config:/home/w0x7ce/ws_moveit2/install/moveit_resources_fanuc_moveit_config:/home/w0x7ce/ws_moveit2/install/srdfdom:/home/w0x7ce/ws_moveit2/install/moveit_resources_panda_description:/home/w0x7ce/ws_moveit2/install/moveit_resources_fanuc_description:/home/w0x7ce/ws_moveit2/install/moveit_common:/opt/ros/humble LD_LIBRARY_PATH=/home/w0x7ce/ws_moveit2/install/moveit_ros_planning/lib:/home/w0x7ce/ws_moveit2/install/moveit_ros_occupancy_map_monitor/lib:/home/w0x7ce/ws_moveit2/install/moveit_core/lib:/home/w0x7ce/ws_moveit2/install/srdfdom/lib:${LD_LIBRARY_PATH} PATH=/home/w0x7ce/ws_moveit2/install/moveit_core/bin:${PATH} PYTHONPATH=/home/w0x7ce/ws_moveit2/install/moveit_configs_utils/lib/python3.10/site-packages:/home/w0x7ce/ws_moveit2/install/srdfdom/local/lib/python3.10/dist-packages:/home/w0x7ce/ws_moveit2/install/launch_param_builder/lib/python3.10/site-packages:${PYTHONPATH} /usr/bin/cmake /home/w0x7ce/ws_moveit2/src/moveit2/moveit_kinematics -DCMAKE_INSTALL_PREFIX=/home/w0x7ce/ws_moveit2/install/moveit_kinematics
[4.285s] Invoking command in '/home/w0x7ce/ws_moveit2/build/moveit_kinematics': AMENT_PREFIX_PATH=/home/w0x7ce/ws_moveit2/install/moveit_ros_planning:/home/w0x7ce/ws_moveit2/install/moveit_ros_occupancy_map_monitor:/home/w0x7ce/ws_moveit2/install/moveit_core:/home/w0x7ce/ws_moveit2/install/moveit_resources_panda_moveit_config:/home/w0x7ce/ws_moveit2/install/moveit_resources_fanuc_moveit_config:/home/w0x7ce/ws_moveit2/install/moveit_configs_utils:/home/w0x7ce/ws_moveit2/install/srdfdom:/home/w0x7ce/ws_moveit2/install/moveit_resources_panda_description:/home/w0x7ce/ws_moveit2/install/moveit_resources_fanuc_description:/home/w0x7ce/ws_moveit2/install/moveit_common:/home/w0x7ce/ws_moveit2/install/launch_param_builder:${AMENT_PREFIX_PATH} CMAKE_PREFIX_PATH=/home/w0x7ce/ws_moveit2/install/moveit_ros_planning:/home/w0x7ce/ws_moveit2/install/moveit_ros_occupancy_map_monitor:/home/w0x7ce/ws_moveit2/install/moveit_core:/home/w0x7ce/ws_moveit2/install/moveit_resources_panda_moveit_config:/home/w0x7ce/ws_moveit2/install/moveit_resources_fanuc_moveit_config:/home/w0x7ce/ws_moveit2/install/srdfdom:/home/w0x7ce/ws_moveit2/install/moveit_resources_panda_description:/home/w0x7ce/ws_moveit2/install/moveit_resources_fanuc_description:/home/w0x7ce/ws_moveit2/install/moveit_common:/opt/ros/humble LD_LIBRARY_PATH=/home/w0x7ce/ws_moveit2/install/moveit_ros_planning/lib:/home/w0x7ce/ws_moveit2/install/moveit_ros_occupancy_map_monitor/lib:/home/w0x7ce/ws_moveit2/install/moveit_core/lib:/home/w0x7ce/ws_moveit2/install/srdfdom/lib:${LD_LIBRARY_PATH} PATH=/home/w0x7ce/ws_moveit2/install/moveit_core/bin:${PATH} PYTHONPATH=/home/w0x7ce/ws_moveit2/install/moveit_configs_utils/lib/python3.10/site-packages:/home/w0x7ce/ws_moveit2/install/srdfdom/local/lib/python3.10/dist-packages:/home/w0x7ce/ws_moveit2/install/launch_param_builder/lib/python3.10/site-packages:${PYTHONPATH} /usr/bin/cmake --build /home/w0x7ce/ws_moveit2/build/moveit_kinematics -- -j4 -l4
[4.321s] [  5%] [32mBuilding CXX object cached_ik_kinematics_plugin/CMakeFiles/moveit_cached_ik_kinematics_base.dir/src/ik_cache.cpp.o[0m
[4.323s] [ 10%] [32mBuilding CXX object srv_kinematics_plugin/CMakeFiles/moveit_srv_kinematics_plugin.dir/src/srv_kinematics_plugin.cpp.o[0m
[4.326s] [ 15%] [32mBuilding CXX object kdl_kinematics_plugin/CMakeFiles/moveit_kdl_kinematics_plugin.dir/src/kdl_kinematics_plugin.cpp.o[0m
[4.331s] [ 21%] [32mBuilding CXX object lma_kinematics_plugin/CMakeFiles/moveit_lma_kinematics_plugin.dir/src/lma_kinematics_plugin.cpp.o[0m
[33.545s] [ 26%] [32m[1mLinking CXX shared library libmoveit_lma_kinematics_plugin.so[0m
[34.055s] [ 26%] Built target moveit_lma_kinematics_plugin
[34.309s] [ 31%] [32m[1mLinking CXX shared library libmoveit_cached_ik_kinematics_base.so[0m
[34.365s] [ 36%] [32m[1mLinking CXX shared library libmoveit_srv_kinematics_plugin.so[0m
[34.837s] [ 36%] Built target moveit_cached_ik_kinematics_base
[34.865s] [ 36%] Built target moveit_srv_kinematics_plugin
[35.544s] [ 42%] [32mBuilding CXX object kdl_kinematics_plugin/CMakeFiles/moveit_kdl_kinematics_plugin.dir/src/chainiksolver_vel_mimic_svd.cpp.o[0m
[44.939s] [ 47%] [32m[1mLinking CXX shared library libmoveit_kdl_kinematics_plugin.so[0m
[45.151s] [ 47%] Built target moveit_kdl_kinematics_plugin
[45.163s] [ 52%] [32mBuilding CXX object test/CMakeFiles/benchmark_ik.dir/benchmark_ik.cpp.o[0m
[56.260s] [ 57%] [32m[1mLinking CXX executable benchmark_ik[0m
[56.650s] [ 57%] Built target benchmark_ik
[56.664s] [ 63%] [32mBuilding CXX object cached_ik_kinematics_plugin/CMakeFiles/moveit_cached_ik_kinematics_plugin.dir/src/cached_ik_kinematics_plugin.cpp.o[0m
[65.975s] [ 68%] [32m[1mLinking CXX shared library libmoveit_cached_ik_kinematics_plugin.so[0m
[66.179s] [ 68%] Built target moveit_cached_ik_kinematics_plugin
[66.189s] [ 73%] [32mBuilding CXX object gtest/CMakeFiles/gtest.dir/src/gtest-all.cc.o[0m
[74.253s] [ 78%] [32m[1mLinking CXX static library libgtest.a[0m
[74.307s] [ 78%] Built target gtest
[74.318s] [ 84%] [32mBuilding CXX object gtest/CMakeFiles/gtest_main.dir/src/gtest_main.cc.o[0m
[75.280s] [ 89%] [32m[1mLinking CXX static library libgtest_main.a[0m
[75.329s] [ 89%] Built target gtest_main
[75.342s] [ 94%] [32mBuilding CXX object test/CMakeFiles/test_kinematics_plugin.dir/test_kinematics_plugin.cpp.o[0m
[96.819s] [100%] [32m[1mLinking CXX executable test_kinematics_plugin[0m
[97.241s] [100%] Built target test_kinematics_plugin
[97.248s] Invoked command in '/home/w0x7ce/ws_moveit2/build/moveit_kinematics' returned '0': AMENT_PREFIX_PATH=/home/w0x7ce/ws_moveit2/install/moveit_ros_planning:/home/w0x7ce/ws_moveit2/install/moveit_ros_occupancy_map_monitor:/home/w0x7ce/ws_moveit2/install/moveit_core:/home/w0x7ce/ws_moveit2/install/moveit_resources_panda_moveit_config:/home/w0x7ce/ws_moveit2/install/moveit_resources_fanuc_moveit_config:/home/w0x7ce/ws_moveit2/install/moveit_configs_utils:/home/w0x7ce/ws_moveit2/install/srdfdom:/home/w0x7ce/ws_moveit2/install/moveit_resources_panda_description:/home/w0x7ce/ws_moveit2/install/moveit_resources_fanuc_description:/home/w0x7ce/ws_moveit2/install/moveit_common:/home/w0x7ce/ws_moveit2/install/launch_param_builder:${AMENT_PREFIX_PATH} CMAKE_PREFIX_PATH=/home/w0x7ce/ws_moveit2/install/moveit_ros_planning:/home/w0x7ce/ws_moveit2/install/moveit_ros_occupancy_map_monitor:/home/w0x7ce/ws_moveit2/install/moveit_core:/home/w0x7ce/ws_moveit2/install/moveit_resources_panda_moveit_config:/home/w0x7ce/ws_moveit2/install/moveit_resources_fanuc_moveit_config:/home/w0x7ce/ws_moveit2/install/srdfdom:/home/w0x7ce/ws_moveit2/install/moveit_resources_panda_description:/home/w0x7ce/ws_moveit2/install/moveit_resources_fanuc_description:/home/w0x7ce/ws_moveit2/install/moveit_common:/opt/ros/humble LD_LIBRARY_PATH=/home/w0x7ce/ws_moveit2/install/moveit_ros_planning/lib:/home/w0x7ce/ws_moveit2/install/moveit_ros_occupancy_map_monitor/lib:/home/w0x7ce/ws_moveit2/install/moveit_core/lib:/home/w0x7ce/ws_moveit2/install/srdfdom/lib:${LD_LIBRARY_PATH} PATH=/home/w0x7ce/ws_moveit2/install/moveit_core/bin:${PATH} PYTHONPATH=/home/w0x7ce/ws_moveit2/install/moveit_configs_utils/lib/python3.10/site-packages:/home/w0x7ce/ws_moveit2/install/srdfdom/local/lib/python3.10/dist-packages:/home/w0x7ce/ws_moveit2/install/launch_param_builder/lib/python3.10/site-packages:${PYTHONPATH} /usr/bin/cmake --build /home/w0x7ce/ws_moveit2/build/moveit_kinematics -- -j4 -l4
[97.291s] Invoking command in '/home/w0x7ce/ws_moveit2/build/moveit_kinematics': AMENT_PREFIX_PATH=/home/w0x7ce/ws_moveit2/install/moveit_ros_planning:/home/w0x7ce/ws_moveit2/install/moveit_ros_occupancy_map_monitor:/home/w0x7ce/ws_moveit2/install/moveit_core:/home/w0x7ce/ws_moveit2/install/moveit_resources_panda_moveit_config:/home/w0x7ce/ws_moveit2/install/moveit_resources_fanuc_moveit_config:/home/w0x7ce/ws_moveit2/install/moveit_configs_utils:/home/w0x7ce/ws_moveit2/install/srdfdom:/home/w0x7ce/ws_moveit2/install/moveit_resources_panda_description:/home/w0x7ce/ws_moveit2/install/moveit_resources_fanuc_description:/home/w0x7ce/ws_moveit2/install/moveit_common:/home/w0x7ce/ws_moveit2/install/launch_param_builder:${AMENT_PREFIX_PATH} CMAKE_PREFIX_PATH=/home/w0x7ce/ws_moveit2/install/moveit_ros_planning:/home/w0x7ce/ws_moveit2/install/moveit_ros_occupancy_map_monitor:/home/w0x7ce/ws_moveit2/install/moveit_core:/home/w0x7ce/ws_moveit2/install/moveit_resources_panda_moveit_config:/home/w0x7ce/ws_moveit2/install/moveit_resources_fanuc_moveit_config:/home/w0x7ce/ws_moveit2/install/srdfdom:/home/w0x7ce/ws_moveit2/install/moveit_resources_panda_description:/home/w0x7ce/ws_moveit2/install/moveit_resources_fanuc_description:/home/w0x7ce/ws_moveit2/install/moveit_common:/opt/ros/humble LD_LIBRARY_PATH=/home/w0x7ce/ws_moveit2/install/moveit_ros_planning/lib:/home/w0x7ce/ws_moveit2/install/moveit_ros_occupancy_map_monitor/lib:/home/w0x7ce/ws_moveit2/install/moveit_core/lib:/home/w0x7ce/ws_moveit2/install/srdfdom/lib:${LD_LIBRARY_PATH} PATH=/home/w0x7ce/ws_moveit2/install/moveit_core/bin:${PATH} PYTHONPATH=/home/w0x7ce/ws_moveit2/install/moveit_configs_utils/lib/python3.10/site-packages:/home/w0x7ce/ws_moveit2/install/srdfdom/local/lib/python3.10/dist-packages:/home/w0x7ce/ws_moveit2/install/launch_param_builder/lib/python3.10/site-packages:${PYTHONPATH} /usr/bin/cmake --install /home/w0x7ce/ws_moveit2/build/moveit_kinematics
[97.296s] -- Install configuration: "Release"
[97.296s] -- Installing: /home/w0x7ce/ws_moveit2/install/moveit_kinematics/share/moveit_kinematics/kdl_kinematics_plugin_description.xml
[97.312s] -- Installing: /home/w0x7ce/ws_moveit2/install/moveit_kinematics/share/moveit_kinematics/lma_kinematics_plugin_description.xml
[97.320s] -- Installing: /home/w0x7ce/ws_moveit2/install/moveit_kinematics/share/moveit_kinematics/srv_kinematics_plugin_description.xml
[97.320s] -- Installing: /home/w0x7ce/ws_moveit2/install/moveit_kinematics/share/moveit_kinematics/cached_ik_kinematics_plugin_description.xml
[97.320s] -- Installing: /home/w0x7ce/ws_moveit2/install/moveit_kinematics/include
[97.320s] -- Installing: /home/w0x7ce/ws_moveit2/install/moveit_kinematics/include/moveit
[97.320s] -- Installing: /home/w0x7ce/ws_moveit2/install/moveit_kinematics/include/moveit/cached_ik_kinematics_plugin
[97.320s] -- Installing: /home/w0x7ce/ws_moveit2/install/moveit_kinematics/include/moveit/cached_ik_kinematics_plugin/cached_ik_kinematics_plugin-inl.h
[97.320s] -- Installing: /home/w0x7ce/ws_moveit2/install/moveit_kinematics/include/moveit/cached_ik_kinematics_plugin/cached_ik_kinematics_plugin.h
[97.321s] -- Installing: /home/w0x7ce/ws_moveit2/install/moveit_kinematics/include/moveit/cached_ik_kinematics_plugin/detail
[97.321s] -- Installing: /home/w0x7ce/ws_moveit2/install/moveit_kinematics/include/moveit/cached_ik_kinematics_plugin/detail/GreedyKCenters.h
[97.321s] -- Installing: /home/w0x7ce/ws_moveit2/install/moveit_kinematics/include/moveit/cached_ik_kinematics_plugin/detail/NearestNeighbors.h
[97.321s] -- Installing: /home/w0x7ce/ws_moveit2/install/moveit_kinematics/include/moveit/cached_ik_kinematics_plugin/detail/NearestNeighborsGNAT.h
[97.321s] -- Installing: /home/w0x7ce/ws_moveit2/install/moveit_kinematics/share/moveit_kinematics/launch
[97.321s] -- Installing: /home/w0x7ce/ws_moveit2/install/moveit_kinematics/share/moveit_kinematics/launch/measure_ik_call_cost.launch
[97.322s] -- Installing: /home/w0x7ce/ws_moveit2/install/moveit_kinematics/lib/moveit_kinematics/auto_create_ikfast_moveit_plugin.sh
[97.342s] -- Installing: /home/w0x7ce/ws_moveit2/install/moveit_kinematics/lib/moveit_kinematics/create_ikfast_moveit_plugin.py
[97.342s] -- Installing: /home/w0x7ce/ws_moveit2/install/moveit_kinematics/lib/moveit_kinematics/round_collada_numbers.py
[97.342s] -- Installing: /home/w0x7ce/ws_moveit2/install/moveit_kinematics/share/moveit_kinematics/ikfast_kinematics_plugin/templates
[97.343s] -- Installing: /home/w0x7ce/ws_moveit2/install/moveit_kinematics/share/moveit_kinematics/ikfast_kinematics_plugin/templates/ikfast61_moveit_plugin_template.cpp
[97.343s] -- Installing: /home/w0x7ce/ws_moveit2/install/moveit_kinematics/share/moveit_kinematics/ikfast_kinematics_plugin/templates/CMakeLists.txt
[97.343s] -- Installing: /home/w0x7ce/ws_moveit2/install/moveit_kinematics/share/moveit_kinematics/ikfast_kinematics_plugin/templates/ikfast.h
[97.343s] -- Up-to-date: /home/w0x7ce/ws_moveit2/install/moveit_kinematics/include
[97.343s] -- Up-to-date: /home/w0x7ce/ws_moveit2/install/moveit_kinematics/include/moveit
[97.343s] -- Installing: /home/w0x7ce/ws_moveit2/install/moveit_kinematics/include/moveit/kdl_kinematics_plugin
[97.344s] -- Installing: /home/w0x7ce/ws_moveit2/install/moveit_kinematics/include/moveit/kdl_kinematics_plugin/chainiksolver_vel_mimic_svd.hpp
[97.344s] -- Installing: /home/w0x7ce/ws_moveit2/install/moveit_kinematics/include/moveit/kdl_kinematics_plugin/kdl_kinematics_plugin.h
[97.344s] -- Installing: /home/w0x7ce/ws_moveit2/install/moveit_kinematics/include/moveit/kdl_kinematics_plugin/joint_mimic.hpp
[97.344s] -- Up-to-date: /home/w0x7ce/ws_moveit2/install/moveit_kinematics/include
[97.344s] -- Up-to-date: /home/w0x7ce/ws_moveit2/install/moveit_kinematics/include/moveit
[97.344s] -- Installing: /home/w0x7ce/ws_moveit2/install/moveit_kinematics/include/moveit/lma_kinematics_plugin
[97.344s] -- Installing: /home/w0x7ce/ws_moveit2/install/moveit_kinematics/include/moveit/lma_kinematics_plugin/lma_kinematics_plugin.h
[97.344s] -- Up-to-date: /home/w0x7ce/ws_moveit2/install/moveit_kinematics/include
[97.344s] -- Up-to-date: /home/w0x7ce/ws_moveit2/install/moveit_kinematics/include/moveit
[97.344s] -- Installing: /home/w0x7ce/ws_moveit2/install/moveit_kinematics/include/moveit/srv_kinematics_plugin
[97.344s] -- Installing: /home/w0x7ce/ws_moveit2/install/moveit_kinematics/include/moveit/srv_kinematics_plugin/srv_kinematics_plugin.h
[97.345s] -- Installing: /home/w0x7ce/ws_moveit2/install/moveit_kinematics/share/moveit_kinematics/config
[97.345s] -- Installing: /home/w0x7ce/ws_moveit2/install/moveit_kinematics/share/moveit_kinematics/config/fanuc-kdl-singular-test.yaml
[97.345s] -- Installing: /home/w0x7ce/ws_moveit2/install/moveit_kinematics/share/moveit_kinematics/config/panda-lma-singular-test.yaml
[97.345s] -- Installing: /home/w0x7ce/ws_moveit2/install/moveit_kinematics/share/moveit_kinematics/config/panda-kdl-singular-test.yaml
[97.345s] -- Installing: /home/w0x7ce/ws_moveit2/install/moveit_kinematics/share/moveit_kinematics/config/fanuc-kdl-test.yaml
[97.345s] -- Installing: /home/w0x7ce/ws_moveit2/install/moveit_kinematics/share/moveit_kinematics/config/fanuc-lma-singular-test.yaml
[97.345s] -- Installing: /home/w0x7ce/ws_moveit2/install/moveit_kinematics/share/moveit_kinematics/config/panda-lma-test.yaml
[97.345s] -- Installing: /home/w0x7ce/ws_moveit2/install/moveit_kinematics/share/moveit_kinematics/config/fanuc-lma-test.yaml
[97.346s] -- Installing: /home/w0x7ce/ws_moveit2/install/moveit_kinematics/share/moveit_kinematics/config/panda-kdl-test.yaml
[97.346s] -- Up-to-date: /home/w0x7ce/ws_moveit2/install/moveit_kinematics/share/moveit_kinematics/launch
[97.346s] -- Installing: /home/w0x7ce/ws_moveit2/install/moveit_kinematics/share/moveit_kinematics/launch/panda-lma-singular.test.py
[97.346s] -- Installing: /home/w0x7ce/ws_moveit2/install/moveit_kinematics/share/moveit_kinematics/launch/panda-lma.test.py
[97.346s] -- Installing: /home/w0x7ce/ws_moveit2/install/moveit_kinematics/share/moveit_kinematics/launch/fanuc-kdl-singular.test.py
[97.346s] -- Installing: /home/w0x7ce/ws_moveit2/install/moveit_kinematics/share/moveit_kinematics/launch/panda-kdl.test.py
[97.346s] -- Installing: /home/w0x7ce/ws_moveit2/install/moveit_kinematics/share/moveit_kinematics/launch/fanuc-kdl.test.py
[97.346s] -- Installing: /home/w0x7ce/ws_moveit2/install/moveit_kinematics/share/moveit_kinematics/launch/fanuc-lma.test.py
[97.346s] -- Installing: /home/w0x7ce/ws_moveit2/install/moveit_kinematics/share/moveit_kinematics/launch/fanuc-lma-singular.test.py
[97.347s] -- Installing: /home/w0x7ce/ws_moveit2/install/moveit_kinematics/share/moveit_kinematics/launch/panda-kdl-singular.test.py
[97.347s] -- Installing: /home/w0x7ce/ws_moveit2/install/moveit_kinematics/lib/moveit_kinematics/benchmark_ik
[97.347s] -- Set runtime path of "/home/w0x7ce/ws_moveit2/install/moveit_kinematics/lib/moveit_kinematics/benchmark_ik" to ""
[97.347s] -- Installing: /home/w0x7ce/ws_moveit2/install/moveit_kinematics/lib/moveit_kinematics/test_kinematics_plugin
[97.349s] -- Set runtime path of "/home/w0x7ce/ws_moveit2/install/moveit_kinematics/lib/moveit_kinematics/test_kinematics_plugin" to ""
[97.349s] -- Installing: /home/w0x7ce/ws_moveit2/install/moveit_kinematics/lib/libmoveit_cached_ik_kinematics_base.so.2.5.4
[97.350s] -- Set runtime path of "/home/w0x7ce/ws_moveit2/install/moveit_kinematics/lib/libmoveit_cached_ik_kinematics_base.so.2.5.4" to ""
[97.350s] -- Installing: /home/w0x7ce/ws_moveit2/install/moveit_kinematics/lib/libmoveit_cached_ik_kinematics_base.so
[97.350s] -- Installing: /home/w0x7ce/ws_moveit2/install/moveit_kinematics/lib/libmoveit_cached_ik_kinematics_plugin.so.2.5.4
[97.351s] -- Set runtime path of "/home/w0x7ce/ws_moveit2/install/moveit_kinematics/lib/libmoveit_cached_ik_kinematics_plugin.so.2.5.4" to ""
[97.351s] -- Installing: /home/w0x7ce/ws_moveit2/install/moveit_kinematics/lib/libmoveit_cached_ik_kinematics_plugin.so
[97.351s] -- Installing: /home/w0x7ce/ws_moveit2/install/moveit_kinematics/lib/libmoveit_kdl_kinematics_plugin.so
[97.352s] -- Set runtime path of "/home/w0x7ce/ws_moveit2/install/moveit_kinematics/lib/libmoveit_kdl_kinematics_plugin.so" to ""
[97.352s] -- Installing: /home/w0x7ce/ws_moveit2/install/moveit_kinematics/lib/libmoveit_lma_kinematics_plugin.so.2.5.4
[97.352s] -- Set runtime path of "/home/w0x7ce/ws_moveit2/install/moveit_kinematics/lib/libmoveit_lma_kinematics_plugin.so.2.5.4" to ""
[97.352s] -- Installing: /home/w0x7ce/ws_moveit2/install/moveit_kinematics/lib/libmoveit_lma_kinematics_plugin.so
[97.352s] -- Installing: /home/w0x7ce/ws_moveit2/install/moveit_kinematics/lib/libmoveit_srv_kinematics_plugin.so.2.5.4
[97.353s] -- Set runtime path of "/home/w0x7ce/ws_moveit2/install/moveit_kinematics/lib/libmoveit_srv_kinematics_plugin.so.2.5.4" to ""
[97.353s] -- Installing: /home/w0x7ce/ws_moveit2/install/moveit_kinematics/lib/libmoveit_srv_kinematics_plugin.so
[97.353s] -- Installing: /home/w0x7ce/ws_moveit2/install/moveit_kinematics/share/moveit_kinematics/environment/library_path.sh
[97.353s] -- Installing: /home/w0x7ce/ws_moveit2/install/moveit_kinematics/share/moveit_kinematics/environment/library_path.dsv
[97.353s] -- Installing: /home/w0x7ce/ws_moveit2/install/moveit_kinematics/share/ament_index/resource_index/package_run_dependencies/moveit_kinematics
[97.354s] -- Installing: /home/w0x7ce/ws_moveit2/install/moveit_kinematics/share/ament_index/resource_index/parent_prefix_path/moveit_kinematics
[97.354s] -- Installing: /home/w0x7ce/ws_moveit2/install/moveit_kinematics/share/moveit_kinematics/environment/ament_prefix_path.sh
[97.354s] -- Installing: /home/w0x7ce/ws_moveit2/install/moveit_kinematics/share/moveit_kinematics/environment/ament_prefix_path.dsv
[97.354s] -- Installing: /home/w0x7ce/ws_moveit2/install/moveit_kinematics/share/moveit_kinematics/environment/path.sh
[97.354s] -- Installing: /home/w0x7ce/ws_moveit2/install/moveit_kinematics/share/moveit_kinematics/environment/path.dsv
[97.354s] -- Installing: /home/w0x7ce/ws_moveit2/install/moveit_kinematics/share/moveit_kinematics/local_setup.bash
[97.354s] -- Installing: /home/w0x7ce/ws_moveit2/install/moveit_kinematics/share/moveit_kinematics/local_setup.sh
[97.355s] -- Installing: /home/w0x7ce/ws_moveit2/install/moveit_kinematics/share/moveit_kinematics/local_setup.zsh
[97.355s] -- Installing: /home/w0x7ce/ws_moveit2/install/moveit_kinematics/share/moveit_kinematics/local_setup.dsv
[97.355s] -- Installing: /home/w0x7ce/ws_moveit2/install/moveit_kinematics/share/moveit_kinematics/package.dsv
[97.355s] -- Installing: /home/w0x7ce/ws_moveit2/install/moveit_kinematics/share/ament_index/resource_index/packages/moveit_kinematics
[97.355s] -- Installing: /home/w0x7ce/ws_moveit2/install/moveit_kinematics/share/ament_index/resource_index/moveit_core__pluginlib__plugin/moveit_kinematics
[97.355s] -- Installing: /home/w0x7ce/ws_moveit2/install/moveit_kinematics/share/moveit_kinematics/cmake/export_moveit_kinematicsExport.cmake
[97.355s] -- Installing: /home/w0x7ce/ws_moveit2/install/moveit_kinematics/share/moveit_kinematics/cmake/export_moveit_kinematicsExport-release.cmake
[97.356s] -- Installing: /home/w0x7ce/ws_moveit2/install/moveit_kinematics/share/moveit_kinematics/cmake/ConfigExtras.cmake
[97.356s] -- Installing: /home/w0x7ce/ws_moveit2/install/moveit_kinematics/share/moveit_kinematics/cmake/ament_cmake_export_targets-extras.cmake
[97.356s] -- Installing: /home/w0x7ce/ws_moveit2/install/moveit_kinematics/share/moveit_kinematics/cmake/ament_cmake_export_dependencies-extras.cmake
[97.356s] -- Installing: /home/w0x7ce/ws_moveit2/install/moveit_kinematics/share/moveit_kinematics/cmake/moveit_kinematicsConfig.cmake
[97.356s] -- Installing: /home/w0x7ce/ws_moveit2/install/moveit_kinematics/share/moveit_kinematics/cmake/moveit_kinematicsConfig-version.cmake
[97.356s] -- Installing: /home/w0x7ce/ws_moveit2/install/moveit_kinematics/share/moveit_kinematics/package.xml
[97.360s] Invoked command in '/home/w0x7ce/ws_moveit2/build/moveit_kinematics' returned '0': AMENT_PREFIX_PATH=/home/w0x7ce/ws_moveit2/install/moveit_ros_planning:/home/w0x7ce/ws_moveit2/install/moveit_ros_occupancy_map_monitor:/home/w0x7ce/ws_moveit2/install/moveit_core:/home/w0x7ce/ws_moveit2/install/moveit_resources_panda_moveit_config:/home/w0x7ce/ws_moveit2/install/moveit_resources_fanuc_moveit_config:/home/w0x7ce/ws_moveit2/install/moveit_configs_utils:/home/w0x7ce/ws_moveit2/install/srdfdom:/home/w0x7ce/ws_moveit2/install/moveit_resources_panda_description:/home/w0x7ce/ws_moveit2/install/moveit_resources_fanuc_description:/home/w0x7ce/ws_moveit2/install/moveit_common:/home/w0x7ce/ws_moveit2/install/launch_param_builder:${AMENT_PREFIX_PATH} CMAKE_PREFIX_PATH=/home/w0x7ce/ws_moveit2/install/moveit_ros_planning:/home/w0x7ce/ws_moveit2/install/moveit_ros_occupancy_map_monitor:/home/w0x7ce/ws_moveit2/install/moveit_core:/home/w0x7ce/ws_moveit2/install/moveit_resources_panda_moveit_config:/home/w0x7ce/ws_moveit2/install/moveit_resources_fanuc_moveit_config:/home/w0x7ce/ws_moveit2/install/srdfdom:/home/w0x7ce/ws_moveit2/install/moveit_resources_panda_description:/home/w0x7ce/ws_moveit2/install/moveit_resources_fanuc_description:/home/w0x7ce/ws_moveit2/install/moveit_common:/opt/ros/humble LD_LIBRARY_PATH=/home/w0x7ce/ws_moveit2/install/moveit_ros_planning/lib:/home/w0x7ce/ws_moveit2/install/moveit_ros_occupancy_map_monitor/lib:/home/w0x7ce/ws_moveit2/install/moveit_core/lib:/home/w0x7ce/ws_moveit2/install/srdfdom/lib:${LD_LIBRARY_PATH} PATH=/home/w0x7ce/ws_moveit2/install/moveit_core/bin:${PATH} PYTHONPATH=/home/w0x7ce/ws_moveit2/install/moveit_configs_utils/lib/python3.10/site-packages:/home/w0x7ce/ws_moveit2/install/srdfdom/local/lib/python3.10/dist-packages:/home/w0x7ce/ws_moveit2/install/launch_param_builder/lib/python3.10/site-packages:${PYTHONPATH} /usr/bin/cmake --install /home/w0x7ce/ws_moveit2/build/moveit_kinematics
