[0.042s] Invoking command in '/home/w0x7ce/ws_moveit2/build/moveit_setup_assistant': AMENT_PREFIX_PATH=/home/w0x7ce/ws_moveit2/install/moveit_setup_srdf_plugins:/home/w0x7ce/ws_moveit2/install/moveit_setup_core_plugins:/home/w0x7ce/ws_moveit2/install/moveit_setup_controllers:/home/w0x7ce/ws_moveit2/install/moveit_setup_app_plugins:/home/w0x7ce/ws_moveit2/install/moveit_setup_framework:/home/w0x7ce/ws_moveit2/install/moveit_ros_visualization:/home/w0x7ce/ws_moveit2/install/moveit_ros_planning_interface:/home/w0x7ce/ws_moveit2/install/moveit_ros_move_group:/home/w0x7ce/ws_moveit2/install/moveit_ros_warehouse:/home/w0x7ce/ws_moveit2/install/moveit_ros_robot_interaction:/home/w0x7ce/ws_moveit2/install/moveit_kinematics:/home/w0x7ce/ws_moveit2/install/moveit_ros_planning:/home/w0x7ce/ws_moveit2/install/moveit_ros_occupancy_map_monitor:/home/w0x7ce/ws_moveit2/install/moveit_core:/home/w0x7ce/ws_moveit2/install/moveit_resources_panda_moveit_config:/home/w0x7ce/ws_moveit2/install/srdfdom:/home/w0x7ce/ws_moveit2/install/moveit_resources_panda_description:/home/w0x7ce/ws_moveit2/install/moveit_common:${AMENT_PREFIX_PATH} CMAKE_PREFIX_PATH=/home/w0x7ce/ws_moveit2/install/moveit_setup_srdf_plugins:/home/w0x7ce/ws_moveit2/install/moveit_setup_core_plugins:/home/w0x7ce/ws_moveit2/install/moveit_setup_controllers:/home/w0x7ce/ws_moveit2/install/moveit_setup_app_plugins:/home/w0x7ce/ws_moveit2/install/moveit_setup_framework:/home/w0x7ce/ws_moveit2/install/moveit_ros_visualization:/home/w0x7ce/ws_moveit2/install/moveit_ros_planning_interface:/home/w0x7ce/ws_moveit2/install/moveit_ros_move_group:/home/w0x7ce/ws_moveit2/install/moveit_ros_warehouse:/home/w0x7ce/ws_moveit2/install/moveit_ros_robot_interaction:/home/w0x7ce/ws_moveit2/install/moveit_kinematics:/home/w0x7ce/ws_moveit2/install/moveit_ros_planning:/home/w0x7ce/ws_moveit2/install/moveit_ros_occupancy_map_monitor:/home/w0x7ce/ws_moveit2/install/moveit_core:/home/w0x7ce/ws_moveit2/install/moveit_resources_panda_moveit_config:/home/w0x7ce/ws_moveit2/install/srdfdom:/home/w0x7ce/ws_moveit2/install/moveit_resources_panda_description:/home/w0x7ce/ws_moveit2/install/moveit_common:/opt/ros/humble LD_LIBRARY_PATH=/home/w0x7ce/ws_moveit2/install/moveit_setup_srdf_plugins/lib:/home/w0x7ce/ws_moveit2/install/moveit_setup_core_plugins/lib:/home/w0x7ce/ws_moveit2/install/moveit_setup_controllers/lib:/home/w0x7ce/ws_moveit2/install/moveit_setup_app_plugins/lib:/home/w0x7ce/ws_moveit2/install/moveit_setup_framework/lib:/home/w0x7ce/ws_moveit2/install/moveit_ros_visualization/lib:/home/w0x7ce/ws_moveit2/install/moveit_ros_planning_interface/lib:/home/w0x7ce/ws_moveit2/install/moveit_ros_move_group/lib:/home/w0x7ce/ws_moveit2/install/moveit_ros_warehouse/lib:/home/w0x7ce/ws_moveit2/install/moveit_ros_robot_interaction/lib:/home/w0x7ce/ws_moveit2/install/moveit_kinematics/lib:/home/w0x7ce/ws_moveit2/install/moveit_ros_planning/lib:/home/w0x7ce/ws_moveit2/install/moveit_ros_occupancy_map_monitor/lib:/home/w0x7ce/ws_moveit2/install/moveit_core/lib:/home/w0x7ce/ws_moveit2/install/srdfdom/lib:${LD_LIBRARY_PATH} PATH=/home/w0x7ce/ws_moveit2/install/moveit_core/bin:${PATH} PYTHONPATH=/home/w0x7ce/ws_moveit2/install/srdfdom/local/lib/python3.10/dist-packages:${PYTHONPATH} /usr/bin/cmake /home/w0x7ce/ws_moveit2/src/moveit2/moveit_setup_assistant/moveit_setup_assistant -DCMAKE_INSTALL_PREFIX=/home/w0x7ce/ws_moveit2/install/moveit_setup_assistant
[0.124s] -- The C compiler identification is GNU 11.3.0
[0.194s] -- The CXX compiler identification is GNU 11.3.0
[0.203s] -- Detecting C compiler ABI info
[0.259s] -- Detecting C compiler ABI info - done
[0.267s] -- Check for working C compiler: /usr/bin/cc - skipped
[0.267s] -- Detecting C compile features
[0.267s] -- Detecting C compile features - done
[0.270s] -- Detecting CXX compiler ABI info
[0.338s] -- Detecting CXX compiler ABI info - done
[0.346s] -- Check for working CXX compiler: /usr/bin/c++ - skipped
[0.347s] -- Detecting CXX compile features
[0.347s] -- Detecting CXX compile features - done
[0.350s] -- Found moveit_common: 2.5.4 (/home/w0x7ce/ws_moveit2/install/moveit_common/share/moveit_common/cmake)
[0.354s] -- Found ament_cmake: 1.3.3 (/opt/ros/humble/share/ament_cmake/cmake)
[0.517s] -- Found Python3: /usr/bin/python3.10 (found version "3.10.6") found components: Interpreter 
[0.697s] -- Found libdw: /usr/lib/x86_64-linux-gnu/libdw.so  
[0.703s] -- Could NOT find libbfd (missing: LIBBFD_LIBRARY LIBBFD_INCLUDE_DIR) 
[0.703s] -- BACKWARD_HAS_UNWIND=1
[0.704s] -- BACKWARD_HAS_BACKTRACE=0
[0.704s] -- BACKWARD_HAS_BACKTRACE_SYMBOL=0
[0.704s] -- BACKWARD_HAS_DW=1
[0.704s] -- BACKWARD_HAS_BFD=0
[0.704s] -- Found Backward: /opt/ros/humble/share/backward_ros/cmake  
[0.704s] [0mmoveit_setup_assistant: You did not request a specific build type: Choosing 'Release' for maximum performance[0m
[0.708s] -- Found ament_index_cpp: 1.4.0 (/opt/ros/humble/share/ament_index_cpp/cmake)
[0.723s] -- Found Boost: /usr/lib/x86_64-linux-gnu/cmake/Boost-1.74.0/BoostConfig.cmake (found version "1.74.0") found components: program_options 
[0.724s] -- Found moveit_setup_framework: 2.5.4 (/home/w0x7ce/ws_moveit2/install/moveit_setup_framework/share/moveit_setup_framework/cmake)
[0.790s] -- Found rosidl_generator_c: 3.1.4 (/opt/ros/humble/share/rosidl_generator_c/cmake)
[0.798s] -- Found rosidl_adapter: 3.1.4 (/opt/ros/humble/share/rosidl_adapter/cmake)
[0.810s] -- Found rosidl_generator_cpp: 3.1.4 (/opt/ros/humble/share/rosidl_generator_cpp/cmake)
[0.828s] -- Using all available rosidl_typesupport_c: rosidl_typesupport_fastrtps_c;rosidl_typesupport_introspection_c
[0.854s] -- Using all available rosidl_typesupport_cpp: rosidl_typesupport_fastrtps_cpp;rosidl_typesupport_introspection_cpp
[0.940s] -- Found rmw_implementation_cmake: 6.1.1 (/opt/ros/humble/share/rmw_implementation_cmake/cmake)
[0.945s] -- Found rmw_fastrtps_cpp: 6.2.2 (/opt/ros/humble/share/rmw_fastrtps_cpp/cmake)
[1.057s] -- Found OpenSSL: /usr/lib/x86_64-linux-gnu/libcrypto.so (found version "3.0.2")  
[1.085s] -- Found FastRTPS: /opt/ros/humble/include  
[1.139s] -- Using RMW implementation 'rmw_fastrtps_cpp' as default
[1.154s] -- Performing Test CMAKE_HAVE_LIBC_PTHREAD
[1.245s] -- Performing Test CMAKE_HAVE_LIBC_PTHREAD - Success
[1.246s] -- Found Threads: TRUE  
[1.501s] -- Found Boost: /usr/lib/x86_64-linux-gnu/cmake/Boost-1.74.0/BoostConfig.cmake (found version "1.74.0") found components: chrono date_time filesystem iostreams program_options regex serialization system thread 
[1.520s] -- Found Boost: /usr/lib/x86_64-linux-gnu/cmake/Boost-1.74.0/BoostConfig.cmake (found version "1.74.0") found components: filesystem 
[1.690s] -- library: /usr/lib/x86_64-linux-gnu/libcurl.so
[2.043s] -- Found Eigen3: TRUE (found version "3.4.0") 
[2.043s] -- Ensuring Eigen3 include directory is part of orocos-kdl CMake target
[3.410s] -- Found Boost: /usr/lib/x86_64-linux-gnu/cmake/Boost-1.74.0/BoostConfig.cmake (found version "1.74.0") found components: system filesystem date_time program_options thread chrono 
[3.997s] -- Found Boost: /usr/lib/x86_64-linux-gnu/cmake/Boost-1.74.0/BoostConfig.cmake (found version "1.74.0") found components: thread date_time system filesystem 
[4.085s] -- Found Boost: /usr/lib/x86_64-linux-gnu/cmake/Boost-1.74.0/BoostConfig.cmake (found version "1.74.0") found components: date_time filesystem program_options system thread 
[4.288s] -- Found Boost: /usr/lib/x86_64-linux-gnu/cmake/Boost-1.74.0/BoostConfig.cmake (found version "1.74.0") found components: thread system filesystem regex date_time program_options 
[4.555s] -- Found Boost: /usr/lib/x86_64-linux-gnu/cmake/Boost-1.74.0/BoostConfig.cmake (found version "1.74.0") found components: system filesystem date_time program_options thread 
[5.786s] -- Setting OGRE_DIR to: '/opt/ros/humble/share/rviz_ogre_vendor/cmake/../../../opt/rviz_ogre_vendor/lib/OGRE/cmake'
[5.787s] -- Found OGRE
[5.787s] --   static     : OFF
[5.787s] --   components : HLMS;MeshLodGenerator;Overlay;Paging;Property;RTShaderSystem;Terrain;Volume
[5.787s] --   plugins    : Plugin_BSPSceneManager;Plugin_OctreeSceneManager;Plugin_PCZSceneManager;Plugin_ParticleFX;RenderSystem_GL;RenderSystem_GL3Plus;Codec_STBI
[5.787s] --   media      : /opt/ros/humble/opt/rviz_ogre_vendor/share/OGRE/Media
[5.787s] -- OGRE_LIBRARIES: OgreHLMS;OgreMeshLodGenerator;OgreOverlay;OgrePaging;OgreProperty;OgreRTShaderSystem;OgreTerrain;OgreVolume;OgreMain
[5.788s] -- OGRE_LIBRARY_DIRS: /opt/ros/humble/opt/rviz_ogre_vendor/lib
[5.788s] -- OGRE_PLUGINS: Plugin_BSPSceneManager;Plugin_OctreeSceneManager;Plugin_PCZSceneManager;Plugin_ParticleFX;RenderSystem_GL;RenderSystem_GL3Plus;Codec_STBI
[5.788s] -- OGRE_PLUGIN_DIR: /opt/ros/humble/opt/rviz_ogre_vendor/lib/OGRE
[5.788s] -- rviz_ogre_vendor::OgreOverlay for IMPORTED_LOCATION_RELEASE: /opt/ros/humble/opt/rviz_ogre_vendor/lib/libOgreOverlay.so
[5.788s] -- rviz_ogre_vendor::OgreOverlay for IMPORTED_LOCATION_DEBUG: /opt/ros/humble/opt/rviz_ogre_vendor/lib/libOgreOverlay.so
[5.788s] -- rviz_ogre_vendor::OgreMain for IMPORTED_LOCATION_RELEASE: /opt/ros/humble/opt/rviz_ogre_vendor/lib/libOgreMain.so
[5.788s] -- rviz_ogre_vendor::OgreMain for IMPORTED_LOCATION_DEBUG: /opt/ros/humble/opt/rviz_ogre_vendor/lib/libOgreMain.so
[5.813s] -- Found ZLIB: /usr/lib/x86_64-linux-gnu/libz.so (found version "1.2.11") 
[5.819s] -- Found OpenGL: /usr/lib/x86_64-linux-gnu/libOpenGL.so   
[5.927s] -- Found X11: /usr/include   
[5.927s] -- Looking for XOpenDisplay in /usr/lib/x86_64-linux-gnu/libX11.so;/usr/lib/x86_64-linux-gnu/libXext.so
[6.021s] -- Looking for XOpenDisplay in /usr/lib/x86_64-linux-gnu/libX11.so;/usr/lib/x86_64-linux-gnu/libXext.so - found
[6.021s] -- Looking for gethostbyname
[6.108s] -- Looking for gethostbyname - found
[6.108s] -- Looking for connect
[6.197s] -- Looking for connect - found
[6.197s] -- Looking for remove
[6.284s] -- Looking for remove - found
[6.284s] -- Looking for shmat
[6.374s] -- Looking for shmat - found
[6.374s] -- Looking for IceConnectionNumber in ICE
[6.464s] -- Looking for IceConnectionNumber in ICE - found
[6.467s] -- rviz_ogre_vendor::RenderSystem_GL for IMPORTED_LOCATION_RELEASE: _render_system_gl_static_library_abs-NOTFOUND
[6.467s] -- rviz_ogre_vendor::RenderSystem_GL for IMPORTED_LOCATION_DEBUG: _render_system_gl_static_library_abs-NOTFOUND
[7.281s] -- Found moveit_setup_srdf_plugins: 2.5.4 (/home/w0x7ce/ws_moveit2/install/moveit_setup_srdf_plugins/share/moveit_setup_srdf_plugins/cmake)
[7.301s] -- Found ament_lint_auto: 0.12.4 (/opt/ros/humble/share/ament_lint_auto/cmake)
[7.331s] -- Added test 'lint_cmake' to check CMake code style
[7.332s] -- Added test 'xmllint' to check XML markup files
[7.334s] -- Configuring done
[7.465s] -- Generating done
[7.469s] -- Build files have been written to: /home/w0x7ce/ws_moveit2/build/moveit_setup_assistant
[7.487s] Invoked command in '/home/w0x7ce/ws_moveit2/build/moveit_setup_assistant' returned '0': AMENT_PREFIX_PATH=/home/w0x7ce/ws_moveit2/install/moveit_setup_srdf_plugins:/home/w0x7ce/ws_moveit2/install/moveit_setup_core_plugins:/home/w0x7ce/ws_moveit2/install/moveit_setup_controllers:/home/w0x7ce/ws_moveit2/install/moveit_setup_app_plugins:/home/w0x7ce/ws_moveit2/install/moveit_setup_framework:/home/w0x7ce/ws_moveit2/install/moveit_ros_visualization:/home/w0x7ce/ws_moveit2/install/moveit_ros_planning_interface:/home/w0x7ce/ws_moveit2/install/moveit_ros_move_group:/home/w0x7ce/ws_moveit2/install/moveit_ros_warehouse:/home/w0x7ce/ws_moveit2/install/moveit_ros_robot_interaction:/home/w0x7ce/ws_moveit2/install/moveit_kinematics:/home/w0x7ce/ws_moveit2/install/moveit_ros_planning:/home/w0x7ce/ws_moveit2/install/moveit_ros_occupancy_map_monitor:/home/w0x7ce/ws_moveit2/install/moveit_core:/home/w0x7ce/ws_moveit2/install/moveit_resources_panda_moveit_config:/home/w0x7ce/ws_moveit2/install/srdfdom:/home/w0x7ce/ws_moveit2/install/moveit_resources_panda_description:/home/w0x7ce/ws_moveit2/install/moveit_common:${AMENT_PREFIX_PATH} CMAKE_PREFIX_PATH=/home/w0x7ce/ws_moveit2/install/moveit_setup_srdf_plugins:/home/w0x7ce/ws_moveit2/install/moveit_setup_core_plugins:/home/w0x7ce/ws_moveit2/install/moveit_setup_controllers:/home/w0x7ce/ws_moveit2/install/moveit_setup_app_plugins:/home/w0x7ce/ws_moveit2/install/moveit_setup_framework:/home/w0x7ce/ws_moveit2/install/moveit_ros_visualization:/home/w0x7ce/ws_moveit2/install/moveit_ros_planning_interface:/home/w0x7ce/ws_moveit2/install/moveit_ros_move_group:/home/w0x7ce/ws_moveit2/install/moveit_ros_warehouse:/home/w0x7ce/ws_moveit2/install/moveit_ros_robot_interaction:/home/w0x7ce/ws_moveit2/install/moveit_kinematics:/home/w0x7ce/ws_moveit2/install/moveit_ros_planning:/home/w0x7ce/ws_moveit2/install/moveit_ros_occupancy_map_monitor:/home/w0x7ce/ws_moveit2/install/moveit_core:/home/w0x7ce/ws_moveit2/install/moveit_resources_panda_moveit_config:/home/w0x7ce/ws_moveit2/install/srdfdom:/home/w0x7ce/ws_moveit2/install/moveit_resources_panda_description:/home/w0x7ce/ws_moveit2/install/moveit_common:/opt/ros/humble LD_LIBRARY_PATH=/home/w0x7ce/ws_moveit2/install/moveit_setup_srdf_plugins/lib:/home/w0x7ce/ws_moveit2/install/moveit_setup_core_plugins/lib:/home/w0x7ce/ws_moveit2/install/moveit_setup_controllers/lib:/home/w0x7ce/ws_moveit2/install/moveit_setup_app_plugins/lib:/home/w0x7ce/ws_moveit2/install/moveit_setup_framework/lib:/home/w0x7ce/ws_moveit2/install/moveit_ros_visualization/lib:/home/w0x7ce/ws_moveit2/install/moveit_ros_planning_interface/lib:/home/w0x7ce/ws_moveit2/install/moveit_ros_move_group/lib:/home/w0x7ce/ws_moveit2/install/moveit_ros_warehouse/lib:/home/w0x7ce/ws_moveit2/install/moveit_ros_robot_interaction/lib:/home/w0x7ce/ws_moveit2/install/moveit_kinematics/lib:/home/w0x7ce/ws_moveit2/install/moveit_ros_planning/lib:/home/w0x7ce/ws_moveit2/install/moveit_ros_occupancy_map_monitor/lib:/home/w0x7ce/ws_moveit2/install/moveit_core/lib:/home/w0x7ce/ws_moveit2/install/srdfdom/lib:${LD_LIBRARY_PATH} PATH=/home/w0x7ce/ws_moveit2/install/moveit_core/bin:${PATH} PYTHONPATH=/home/w0x7ce/ws_moveit2/install/srdfdom/local/lib/python3.10/dist-packages:${PYTHONPATH} /usr/bin/cmake /home/w0x7ce/ws_moveit2/src/moveit2/moveit_setup_assistant/moveit_setup_assistant -DCMAKE_INSTALL_PREFIX=/home/w0x7ce/ws_moveit2/install/moveit_setup_assistant
[7.488s] Invoking command in '/home/w0x7ce/ws_moveit2/build/moveit_setup_assistant': AMENT_PREFIX_PATH=/home/w0x7ce/ws_moveit2/install/moveit_setup_srdf_plugins:/home/w0x7ce/ws_moveit2/install/moveit_setup_core_plugins:/home/w0x7ce/ws_moveit2/install/moveit_setup_controllers:/home/w0x7ce/ws_moveit2/install/moveit_setup_app_plugins:/home/w0x7ce/ws_moveit2/install/moveit_setup_framework:/home/w0x7ce/ws_moveit2/install/moveit_ros_visualization:/home/w0x7ce/ws_moveit2/install/moveit_ros_planning_interface:/home/w0x7ce/ws_moveit2/install/moveit_ros_move_group:/home/w0x7ce/ws_moveit2/install/moveit_ros_warehouse:/home/w0x7ce/ws_moveit2/install/moveit_ros_robot_interaction:/home/w0x7ce/ws_moveit2/install/moveit_kinematics:/home/w0x7ce/ws_moveit2/install/moveit_ros_planning:/home/w0x7ce/ws_moveit2/install/moveit_ros_occupancy_map_monitor:/home/w0x7ce/ws_moveit2/install/moveit_core:/home/w0x7ce/ws_moveit2/install/moveit_resources_panda_moveit_config:/home/w0x7ce/ws_moveit2/install/srdfdom:/home/w0x7ce/ws_moveit2/install/moveit_resources_panda_description:/home/w0x7ce/ws_moveit2/install/moveit_common:${AMENT_PREFIX_PATH} CMAKE_PREFIX_PATH=/home/w0x7ce/ws_moveit2/install/moveit_setup_srdf_plugins:/home/w0x7ce/ws_moveit2/install/moveit_setup_core_plugins:/home/w0x7ce/ws_moveit2/install/moveit_setup_controllers:/home/w0x7ce/ws_moveit2/install/moveit_setup_app_plugins:/home/w0x7ce/ws_moveit2/install/moveit_setup_framework:/home/w0x7ce/ws_moveit2/install/moveit_ros_visualization:/home/w0x7ce/ws_moveit2/install/moveit_ros_planning_interface:/home/w0x7ce/ws_moveit2/install/moveit_ros_move_group:/home/w0x7ce/ws_moveit2/install/moveit_ros_warehouse:/home/w0x7ce/ws_moveit2/install/moveit_ros_robot_interaction:/home/w0x7ce/ws_moveit2/install/moveit_kinematics:/home/w0x7ce/ws_moveit2/install/moveit_ros_planning:/home/w0x7ce/ws_moveit2/install/moveit_ros_occupancy_map_monitor:/home/w0x7ce/ws_moveit2/install/moveit_core:/home/w0x7ce/ws_moveit2/install/moveit_resources_panda_moveit_config:/home/w0x7ce/ws_moveit2/install/srdfdom:/home/w0x7ce/ws_moveit2/install/moveit_resources_panda_description:/home/w0x7ce/ws_moveit2/install/moveit_common:/opt/ros/humble LD_LIBRARY_PATH=/home/w0x7ce/ws_moveit2/install/moveit_setup_srdf_plugins/lib:/home/w0x7ce/ws_moveit2/install/moveit_setup_core_plugins/lib:/home/w0x7ce/ws_moveit2/install/moveit_setup_controllers/lib:/home/w0x7ce/ws_moveit2/install/moveit_setup_app_plugins/lib:/home/w0x7ce/ws_moveit2/install/moveit_setup_framework/lib:/home/w0x7ce/ws_moveit2/install/moveit_ros_visualization/lib:/home/w0x7ce/ws_moveit2/install/moveit_ros_planning_interface/lib:/home/w0x7ce/ws_moveit2/install/moveit_ros_move_group/lib:/home/w0x7ce/ws_moveit2/install/moveit_ros_warehouse/lib:/home/w0x7ce/ws_moveit2/install/moveit_ros_robot_interaction/lib:/home/w0x7ce/ws_moveit2/install/moveit_kinematics/lib:/home/w0x7ce/ws_moveit2/install/moveit_ros_planning/lib:/home/w0x7ce/ws_moveit2/install/moveit_ros_occupancy_map_monitor/lib:/home/w0x7ce/ws_moveit2/install/moveit_core/lib:/home/w0x7ce/ws_moveit2/install/srdfdom/lib:${LD_LIBRARY_PATH} PATH=/home/w0x7ce/ws_moveit2/install/moveit_core/bin:${PATH} PYTHONPATH=/home/w0x7ce/ws_moveit2/install/srdfdom/local/lib/python3.10/dist-packages:${PYTHONPATH} /usr/bin/cmake --build /home/w0x7ce/ws_moveit2/build/moveit_setup_assistant -- -j4 -l4
[7.521s] [ 14%] [34m[1mAutomatic MOC for target moveit_setup_assistant[0m
[7.521s] [ 14%] [34m[1mAutomatic MOC for target moveit_setup_assistant_updater[0m
[7.571s] [ 14%] Built target moveit_setup_assistant_updater_autogen
[7.593s] [ 14%] Built target moveit_setup_assistant_autogen
[7.606s] [ 21%] [32mBuilding CXX object CMakeFiles/moveit_setup_assistant_updater.dir/moveit_setup_assistant_updater_autogen/mocs_compilation.cpp.o[0m
[7.608s] [ 28%] [32mBuilding CXX object CMakeFiles/moveit_setup_assistant_updater.dir/src/collisions_updater.cpp.o[0m
[7.610s] [ 42%] [34m[1mGenerating include/moveit_setup_assistant/moc_setup_assistant_widget.cpp[0m
[7.611s] [ 42%] [34m[1mGenerating include/moveit_setup_assistant/moc_navigation_widget.cpp[0m
[7.632s] [ 57%] [32mBuilding CXX object CMakeFiles/moveit_setup_assistant.dir/src/main.cpp.o[0m
[7.633s] [ 57%] [32mBuilding CXX object CMakeFiles/moveit_setup_assistant.dir/moveit_setup_assistant_autogen/mocs_compilation.cpp.o[0m
[7.633s] [ 64%] [32mBuilding CXX object CMakeFiles/moveit_setup_assistant.dir/src/setup_assistant_widget.cpp.o[0m
[7.651s] [ 71%] [32mBuilding CXX object CMakeFiles/moveit_setup_assistant.dir/src/navigation_widget.cpp.o[0m
[9.311s] [ 78%] [32mBuilding CXX object CMakeFiles/moveit_setup_assistant.dir/include/moveit_setup_assistant/moc_navigation_widget.cpp.o[0m
[10.762s] [ 85%] [32mBuilding CXX object CMakeFiles/moveit_setup_assistant.dir/include/moveit_setup_assistant/moc_setup_assistant_widget.cpp.o[0m
[24.997s] [ 92%] [32m[1mLinking CXX executable collisions_updater[0m
[25.840s] [ 92%] Built target moveit_setup_assistant_updater
[29.343s] [100%] [32m[1mLinking CXX executable moveit_setup_assistant[0m
[30.506s] [100%] Built target moveit_setup_assistant
[30.512s] Invoked command in '/home/w0x7ce/ws_moveit2/build/moveit_setup_assistant' returned '0': AMENT_PREFIX_PATH=/home/w0x7ce/ws_moveit2/install/moveit_setup_srdf_plugins:/home/w0x7ce/ws_moveit2/install/moveit_setup_core_plugins:/home/w0x7ce/ws_moveit2/install/moveit_setup_controllers:/home/w0x7ce/ws_moveit2/install/moveit_setup_app_plugins:/home/w0x7ce/ws_moveit2/install/moveit_setup_framework:/home/w0x7ce/ws_moveit2/install/moveit_ros_visualization:/home/w0x7ce/ws_moveit2/install/moveit_ros_planning_interface:/home/w0x7ce/ws_moveit2/install/moveit_ros_move_group:/home/w0x7ce/ws_moveit2/install/moveit_ros_warehouse:/home/w0x7ce/ws_moveit2/install/moveit_ros_robot_interaction:/home/w0x7ce/ws_moveit2/install/moveit_kinematics:/home/w0x7ce/ws_moveit2/install/moveit_ros_planning:/home/w0x7ce/ws_moveit2/install/moveit_ros_occupancy_map_monitor:/home/w0x7ce/ws_moveit2/install/moveit_core:/home/w0x7ce/ws_moveit2/install/moveit_resources_panda_moveit_config:/home/w0x7ce/ws_moveit2/install/srdfdom:/home/w0x7ce/ws_moveit2/install/moveit_resources_panda_description:/home/w0x7ce/ws_moveit2/install/moveit_common:${AMENT_PREFIX_PATH} CMAKE_PREFIX_PATH=/home/w0x7ce/ws_moveit2/install/moveit_setup_srdf_plugins:/home/w0x7ce/ws_moveit2/install/moveit_setup_core_plugins:/home/w0x7ce/ws_moveit2/install/moveit_setup_controllers:/home/w0x7ce/ws_moveit2/install/moveit_setup_app_plugins:/home/w0x7ce/ws_moveit2/install/moveit_setup_framework:/home/w0x7ce/ws_moveit2/install/moveit_ros_visualization:/home/w0x7ce/ws_moveit2/install/moveit_ros_planning_interface:/home/w0x7ce/ws_moveit2/install/moveit_ros_move_group:/home/w0x7ce/ws_moveit2/install/moveit_ros_warehouse:/home/w0x7ce/ws_moveit2/install/moveit_ros_robot_interaction:/home/w0x7ce/ws_moveit2/install/moveit_kinematics:/home/w0x7ce/ws_moveit2/install/moveit_ros_planning:/home/w0x7ce/ws_moveit2/install/moveit_ros_occupancy_map_monitor:/home/w0x7ce/ws_moveit2/install/moveit_core:/home/w0x7ce/ws_moveit2/install/moveit_resources_panda_moveit_config:/home/w0x7ce/ws_moveit2/install/srdfdom:/home/w0x7ce/ws_moveit2/install/moveit_resources_panda_description:/home/w0x7ce/ws_moveit2/install/moveit_common:/opt/ros/humble LD_LIBRARY_PATH=/home/w0x7ce/ws_moveit2/install/moveit_setup_srdf_plugins/lib:/home/w0x7ce/ws_moveit2/install/moveit_setup_core_plugins/lib:/home/w0x7ce/ws_moveit2/install/moveit_setup_controllers/lib:/home/w0x7ce/ws_moveit2/install/moveit_setup_app_plugins/lib:/home/w0x7ce/ws_moveit2/install/moveit_setup_framework/lib:/home/w0x7ce/ws_moveit2/install/moveit_ros_visualization/lib:/home/w0x7ce/ws_moveit2/install/moveit_ros_planning_interface/lib:/home/w0x7ce/ws_moveit2/install/moveit_ros_move_group/lib:/home/w0x7ce/ws_moveit2/install/moveit_ros_warehouse/lib:/home/w0x7ce/ws_moveit2/install/moveit_ros_robot_interaction/lib:/home/w0x7ce/ws_moveit2/install/moveit_kinematics/lib:/home/w0x7ce/ws_moveit2/install/moveit_ros_planning/lib:/home/w0x7ce/ws_moveit2/install/moveit_ros_occupancy_map_monitor/lib:/home/w0x7ce/ws_moveit2/install/moveit_core/lib:/home/w0x7ce/ws_moveit2/install/srdfdom/lib:${LD_LIBRARY_PATH} PATH=/home/w0x7ce/ws_moveit2/install/moveit_core/bin:${PATH} PYTHONPATH=/home/w0x7ce/ws_moveit2/install/srdfdom/local/lib/python3.10/dist-packages:${PYTHONPATH} /usr/bin/cmake --build /home/w0x7ce/ws_moveit2/build/moveit_setup_assistant -- -j4 -l4
[30.547s] Invoking command in '/home/w0x7ce/ws_moveit2/build/moveit_setup_assistant': AMENT_PREFIX_PATH=/home/w0x7ce/ws_moveit2/install/moveit_setup_srdf_plugins:/home/w0x7ce/ws_moveit2/install/moveit_setup_core_plugins:/home/w0x7ce/ws_moveit2/install/moveit_setup_controllers:/home/w0x7ce/ws_moveit2/install/moveit_setup_app_plugins:/home/w0x7ce/ws_moveit2/install/moveit_setup_framework:/home/w0x7ce/ws_moveit2/install/moveit_ros_visualization:/home/w0x7ce/ws_moveit2/install/moveit_ros_planning_interface:/home/w0x7ce/ws_moveit2/install/moveit_ros_move_group:/home/w0x7ce/ws_moveit2/install/moveit_ros_warehouse:/home/w0x7ce/ws_moveit2/install/moveit_ros_robot_interaction:/home/w0x7ce/ws_moveit2/install/moveit_kinematics:/home/w0x7ce/ws_moveit2/install/moveit_ros_planning:/home/w0x7ce/ws_moveit2/install/moveit_ros_occupancy_map_monitor:/home/w0x7ce/ws_moveit2/install/moveit_core:/home/w0x7ce/ws_moveit2/install/moveit_resources_panda_moveit_config:/home/w0x7ce/ws_moveit2/install/srdfdom:/home/w0x7ce/ws_moveit2/install/moveit_resources_panda_description:/home/w0x7ce/ws_moveit2/install/moveit_common:${AMENT_PREFIX_PATH} CMAKE_PREFIX_PATH=/home/w0x7ce/ws_moveit2/install/moveit_setup_srdf_plugins:/home/w0x7ce/ws_moveit2/install/moveit_setup_core_plugins:/home/w0x7ce/ws_moveit2/install/moveit_setup_controllers:/home/w0x7ce/ws_moveit2/install/moveit_setup_app_plugins:/home/w0x7ce/ws_moveit2/install/moveit_setup_framework:/home/w0x7ce/ws_moveit2/install/moveit_ros_visualization:/home/w0x7ce/ws_moveit2/install/moveit_ros_planning_interface:/home/w0x7ce/ws_moveit2/install/moveit_ros_move_group:/home/w0x7ce/ws_moveit2/install/moveit_ros_warehouse:/home/w0x7ce/ws_moveit2/install/moveit_ros_robot_interaction:/home/w0x7ce/ws_moveit2/install/moveit_kinematics:/home/w0x7ce/ws_moveit2/install/moveit_ros_planning:/home/w0x7ce/ws_moveit2/install/moveit_ros_occupancy_map_monitor:/home/w0x7ce/ws_moveit2/install/moveit_core:/home/w0x7ce/ws_moveit2/install/moveit_resources_panda_moveit_config:/home/w0x7ce/ws_moveit2/install/srdfdom:/home/w0x7ce/ws_moveit2/install/moveit_resources_panda_description:/home/w0x7ce/ws_moveit2/install/moveit_common:/opt/ros/humble LD_LIBRARY_PATH=/home/w0x7ce/ws_moveit2/install/moveit_setup_srdf_plugins/lib:/home/w0x7ce/ws_moveit2/install/moveit_setup_core_plugins/lib:/home/w0x7ce/ws_moveit2/install/moveit_setup_controllers/lib:/home/w0x7ce/ws_moveit2/install/moveit_setup_app_plugins/lib:/home/w0x7ce/ws_moveit2/install/moveit_setup_framework/lib:/home/w0x7ce/ws_moveit2/install/moveit_ros_visualization/lib:/home/w0x7ce/ws_moveit2/install/moveit_ros_planning_interface/lib:/home/w0x7ce/ws_moveit2/install/moveit_ros_move_group/lib:/home/w0x7ce/ws_moveit2/install/moveit_ros_warehouse/lib:/home/w0x7ce/ws_moveit2/install/moveit_ros_robot_interaction/lib:/home/w0x7ce/ws_moveit2/install/moveit_kinematics/lib:/home/w0x7ce/ws_moveit2/install/moveit_ros_planning/lib:/home/w0x7ce/ws_moveit2/install/moveit_ros_occupancy_map_monitor/lib:/home/w0x7ce/ws_moveit2/install/moveit_core/lib:/home/w0x7ce/ws_moveit2/install/srdfdom/lib:${LD_LIBRARY_PATH} PATH=/home/w0x7ce/ws_moveit2/install/moveit_core/bin:${PATH} PYTHONPATH=/home/w0x7ce/ws_moveit2/install/srdfdom/local/lib/python3.10/dist-packages:${PYTHONPATH} /usr/bin/cmake --install /home/w0x7ce/ws_moveit2/build/moveit_setup_assistant
[30.550s] -- Install configuration: "Release"
[30.550s] -- Installing: /home/w0x7ce/ws_moveit2/install/moveit_setup_assistant/lib/moveit_setup_assistant/moveit_setup_assistant
[30.551s] -- Set runtime path of "/home/w0x7ce/ws_moveit2/install/moveit_setup_assistant/lib/moveit_setup_assistant/moveit_setup_assistant" to ""
[30.551s] -- Installing: /home/w0x7ce/ws_moveit2/install/moveit_setup_assistant/lib/moveit_setup_assistant/collisions_updater
[30.552s] -- Set runtime path of "/home/w0x7ce/ws_moveit2/install/moveit_setup_assistant/lib/moveit_setup_assistant/collisions_updater" to ""
[30.552s] -- Installing: /home/w0x7ce/ws_moveit2/install/moveit_setup_assistant/include
[30.553s] -- Installing: /home/w0x7ce/ws_moveit2/install/moveit_setup_assistant/include/moveit_setup_assistant
[30.553s] -- Installing: /home/w0x7ce/ws_moveit2/install/moveit_setup_assistant/include/moveit_setup_assistant/setup_assistant_widget.hpp
[30.553s] -- Installing: /home/w0x7ce/ws_moveit2/install/moveit_setup_assistant/include/moveit_setup_assistant/navigation_widget.hpp
[30.553s] -- Installing: /home/w0x7ce/ws_moveit2/install/moveit_setup_assistant/share/moveit_setup_assistant/launch
[30.553s] -- Installing: /home/w0x7ce/ws_moveit2/install/moveit_setup_assistant/share/moveit_setup_assistant/launch/setup_assistant.launch.py
[30.553s] -- Installing: /home/w0x7ce/ws_moveit2/install/moveit_setup_assistant/share/moveit_setup_assistant/resources
[30.553s] -- Installing: /home/w0x7ce/ws_moveit2/install/moveit_setup_assistant/share/moveit_setup_assistant/resources/MoveIt_Setup_Assistant2.png
[30.571s] -- Installing: /home/w0x7ce/ws_moveit2/install/moveit_setup_assistant/share/moveit_setup_assistant/environment/library_path.sh
[30.571s] -- Installing: /home/w0x7ce/ws_moveit2/install/moveit_setup_assistant/share/moveit_setup_assistant/environment/library_path.dsv
[30.571s] -- Installing: /home/w0x7ce/ws_moveit2/install/moveit_setup_assistant/share/ament_index/resource_index/package_run_dependencies/moveit_setup_assistant
[30.571s] -- Installing: /home/w0x7ce/ws_moveit2/install/moveit_setup_assistant/share/ament_index/resource_index/parent_prefix_path/moveit_setup_assistant
[30.571s] -- Installing: /home/w0x7ce/ws_moveit2/install/moveit_setup_assistant/share/moveit_setup_assistant/environment/ament_prefix_path.sh
[30.571s] -- Installing: /home/w0x7ce/ws_moveit2/install/moveit_setup_assistant/share/moveit_setup_assistant/environment/ament_prefix_path.dsv
[30.572s] -- Installing: /home/w0x7ce/ws_moveit2/install/moveit_setup_assistant/share/moveit_setup_assistant/environment/path.sh
[30.572s] -- Installing: /home/w0x7ce/ws_moveit2/install/moveit_setup_assistant/share/moveit_setup_assistant/environment/path.dsv
[30.572s] -- Installing: /home/w0x7ce/ws_moveit2/install/moveit_setup_assistant/share/moveit_setup_assistant/local_setup.bash
[30.572s] -- Installing: /home/w0x7ce/ws_moveit2/install/moveit_setup_assistant/share/moveit_setup_assistant/local_setup.sh
[30.572s] -- Installing: /home/w0x7ce/ws_moveit2/install/moveit_setup_assistant/share/moveit_setup_assistant/local_setup.zsh
[30.572s] -- Installing: /home/w0x7ce/ws_moveit2/install/moveit_setup_assistant/share/moveit_setup_assistant/local_setup.dsv
[30.572s] -- Installing: /home/w0x7ce/ws_moveit2/install/moveit_setup_assistant/share/moveit_setup_assistant/package.dsv
[30.572s] -- Installing: /home/w0x7ce/ws_moveit2/install/moveit_setup_assistant/share/ament_index/resource_index/packages/moveit_setup_assistant
[30.573s] -- Installing: /home/w0x7ce/ws_moveit2/install/moveit_setup_assistant/share/moveit_setup_assistant/cmake/moveit_setup_assistantTargetsExport.cmake
[30.573s] -- Installing: /home/w0x7ce/ws_moveit2/install/moveit_setup_assistant/share/moveit_setup_assistant/cmake/moveit_setup_assistantTargetsExport-release.cmake
[30.573s] -- Installing: /home/w0x7ce/ws_moveit2/install/moveit_setup_assistant/share/moveit_setup_assistant/cmake/ament_cmake_export_include_directories-extras.cmake
[30.573s] -- Installing: /home/w0x7ce/ws_moveit2/install/moveit_setup_assistant/share/moveit_setup_assistant/cmake/ament_cmake_export_targets-extras.cmake
[30.573s] -- Installing: /home/w0x7ce/ws_moveit2/install/moveit_setup_assistant/share/moveit_setup_assistant/cmake/ament_cmake_export_dependencies-extras.cmake
[30.573s] -- Installing: /home/w0x7ce/ws_moveit2/install/moveit_setup_assistant/share/moveit_setup_assistant/cmake/moveit_setup_assistantConfig.cmake
[30.573s] -- Installing: /home/w0x7ce/ws_moveit2/install/moveit_setup_assistant/share/moveit_setup_assistant/cmake/moveit_setup_assistantConfig-version.cmake
[30.574s] -- Installing: /home/w0x7ce/ws_moveit2/install/moveit_setup_assistant/share/moveit_setup_assistant/package.xml
[30.578s] Invoked command in '/home/w0x7ce/ws_moveit2/build/moveit_setup_assistant' returned '0': AMENT_PREFIX_PATH=/home/w0x7ce/ws_moveit2/install/moveit_setup_srdf_plugins:/home/w0x7ce/ws_moveit2/install/moveit_setup_core_plugins:/home/w0x7ce/ws_moveit2/install/moveit_setup_controllers:/home/w0x7ce/ws_moveit2/install/moveit_setup_app_plugins:/home/w0x7ce/ws_moveit2/install/moveit_setup_framework:/home/w0x7ce/ws_moveit2/install/moveit_ros_visualization:/home/w0x7ce/ws_moveit2/install/moveit_ros_planning_interface:/home/w0x7ce/ws_moveit2/install/moveit_ros_move_group:/home/w0x7ce/ws_moveit2/install/moveit_ros_warehouse:/home/w0x7ce/ws_moveit2/install/moveit_ros_robot_interaction:/home/w0x7ce/ws_moveit2/install/moveit_kinematics:/home/w0x7ce/ws_moveit2/install/moveit_ros_planning:/home/w0x7ce/ws_moveit2/install/moveit_ros_occupancy_map_monitor:/home/w0x7ce/ws_moveit2/install/moveit_core:/home/w0x7ce/ws_moveit2/install/moveit_resources_panda_moveit_config:/home/w0x7ce/ws_moveit2/install/srdfdom:/home/w0x7ce/ws_moveit2/install/moveit_resources_panda_description:/home/w0x7ce/ws_moveit2/install/moveit_common:${AMENT_PREFIX_PATH} CMAKE_PREFIX_PATH=/home/w0x7ce/ws_moveit2/install/moveit_setup_srdf_plugins:/home/w0x7ce/ws_moveit2/install/moveit_setup_core_plugins:/home/w0x7ce/ws_moveit2/install/moveit_setup_controllers:/home/w0x7ce/ws_moveit2/install/moveit_setup_app_plugins:/home/w0x7ce/ws_moveit2/install/moveit_setup_framework:/home/w0x7ce/ws_moveit2/install/moveit_ros_visualization:/home/w0x7ce/ws_moveit2/install/moveit_ros_planning_interface:/home/w0x7ce/ws_moveit2/install/moveit_ros_move_group:/home/w0x7ce/ws_moveit2/install/moveit_ros_warehouse:/home/w0x7ce/ws_moveit2/install/moveit_ros_robot_interaction:/home/w0x7ce/ws_moveit2/install/moveit_kinematics:/home/w0x7ce/ws_moveit2/install/moveit_ros_planning:/home/w0x7ce/ws_moveit2/install/moveit_ros_occupancy_map_monitor:/home/w0x7ce/ws_moveit2/install/moveit_core:/home/w0x7ce/ws_moveit2/install/moveit_resources_panda_moveit_config:/home/w0x7ce/ws_moveit2/install/srdfdom:/home/w0x7ce/ws_moveit2/install/moveit_resources_panda_description:/home/w0x7ce/ws_moveit2/install/moveit_common:/opt/ros/humble LD_LIBRARY_PATH=/home/w0x7ce/ws_moveit2/install/moveit_setup_srdf_plugins/lib:/home/w0x7ce/ws_moveit2/install/moveit_setup_core_plugins/lib:/home/w0x7ce/ws_moveit2/install/moveit_setup_controllers/lib:/home/w0x7ce/ws_moveit2/install/moveit_setup_app_plugins/lib:/home/w0x7ce/ws_moveit2/install/moveit_setup_framework/lib:/home/w0x7ce/ws_moveit2/install/moveit_ros_visualization/lib:/home/w0x7ce/ws_moveit2/install/moveit_ros_planning_interface/lib:/home/w0x7ce/ws_moveit2/install/moveit_ros_move_group/lib:/home/w0x7ce/ws_moveit2/install/moveit_ros_warehouse/lib:/home/w0x7ce/ws_moveit2/install/moveit_ros_robot_interaction/lib:/home/w0x7ce/ws_moveit2/install/moveit_kinematics/lib:/home/w0x7ce/ws_moveit2/install/moveit_ros_planning/lib:/home/w0x7ce/ws_moveit2/install/moveit_ros_occupancy_map_monitor/lib:/home/w0x7ce/ws_moveit2/install/moveit_core/lib:/home/w0x7ce/ws_moveit2/install/srdfdom/lib:${LD_LIBRARY_PATH} PATH=/home/w0x7ce/ws_moveit2/install/moveit_core/bin:${PATH} PYTHONPATH=/home/w0x7ce/ws_moveit2/install/srdfdom/local/lib/python3.10/dist-packages:${PYTHONPATH} /usr/bin/cmake --install /home/w0x7ce/ws_moveit2/build/moveit_setup_assistant
