[0.039s] Invoking command in '/home/w0x7ce/ws_moveit2/build/moveit_task_constructor_visualization': AMENT_PREFIX_PATH=/home/w0x7ce/ws_moveit2/install/moveit_task_constructor_core:/home/w0x7ce/ws_moveit2/install/moveit_ros_visualization:/home/w0x7ce/ws_moveit2/install/moveit_ros_planning_interface:/home/w0x7ce/ws_moveit2/install/moveit_ros_move_group:/home/w0x7ce/ws_moveit2/install/moveit_ros_warehouse:/home/w0x7ce/ws_moveit2/install/moveit_ros_robot_interaction:/home/w0x7ce/ws_moveit2/install/moveit_kinematics:/home/w0x7ce/ws_moveit2/install/moveit_ros_planning:/home/w0x7ce/ws_moveit2/install/moveit_ros_occupancy_map_monitor:/home/w0x7ce/ws_moveit2/install/moveit_core:/home/w0x7ce/ws_moveit2/install/srdfdom:/home/w0x7ce/ws_moveit2/install/rviz_marker_tools:/home/w0x7ce/ws_moveit2/install/moveit_task_constructor_msgs:/home/w0x7ce/ws_moveit2/install/moveit_common:${AMENT_PREFIX_PATH} CMAKE_PREFIX_PATH=/home/w0x7ce/ws_moveit2/install/moveit_task_constructor_core:/home/w0x7ce/ws_moveit2/install/moveit_ros_visualization:/home/w0x7ce/ws_moveit2/install/moveit_ros_planning_interface:/home/w0x7ce/ws_moveit2/install/moveit_ros_move_group:/home/w0x7ce/ws_moveit2/install/moveit_ros_warehouse:/home/w0x7ce/ws_moveit2/install/moveit_ros_robot_interaction:/home/w0x7ce/ws_moveit2/install/moveit_kinematics:/home/w0x7ce/ws_moveit2/install/moveit_ros_planning:/home/w0x7ce/ws_moveit2/install/moveit_ros_occupancy_map_monitor:/home/w0x7ce/ws_moveit2/install/moveit_core:/home/w0x7ce/ws_moveit2/install/srdfdom:/home/w0x7ce/ws_moveit2/install/rviz_marker_tools:/home/w0x7ce/ws_moveit2/install/moveit_task_constructor_msgs:/home/w0x7ce/ws_moveit2/install/moveit_common:/opt/ros/humble LD_LIBRARY_PATH=/home/w0x7ce/ws_moveit2/install/moveit_task_constructor_core/lib:/home/w0x7ce/ws_moveit2/install/moveit_ros_visualization/lib:/home/w0x7ce/ws_moveit2/install/moveit_ros_planning_interface/lib:/home/w0x7ce/ws_moveit2/install/moveit_ros_move_group/lib:/home/w0x7ce/ws_moveit2/install/moveit_ros_warehouse/lib:/home/w0x7ce/ws_moveit2/install/moveit_ros_robot_interaction/lib:/home/w0x7ce/ws_moveit2/install/moveit_kinematics/lib:/home/w0x7ce/ws_moveit2/install/moveit_ros_planning/lib:/home/w0x7ce/ws_moveit2/install/moveit_ros_occupancy_map_monitor/lib:/home/w0x7ce/ws_moveit2/install/moveit_core/lib:/home/w0x7ce/ws_moveit2/install/srdfdom/lib:/home/w0x7ce/ws_moveit2/install/rviz_marker_tools/lib:/home/w0x7ce/ws_moveit2/install/moveit_task_constructor_msgs/lib:${LD_LIBRARY_PATH} PATH=/home/w0x7ce/ws_moveit2/install/moveit_core/bin:${PATH} PYTHONPATH=/home/w0x7ce/ws_moveit2/install/srdfdom/local/lib/python3.10/dist-packages:/home/w0x7ce/ws_moveit2/install/moveit_task_constructor_msgs/local/lib/python3.10/dist-packages:${PYTHONPATH} /usr/bin/cmake /home/w0x7ce/ws_moveit2/src/moveit_task_constructor/visualization -DCMAKE_INSTALL_PREFIX=/home/w0x7ce/ws_moveit2/install/moveit_task_constructor_visualization
[0.127s] -- The C compiler identification is GNU 11.3.0
[0.194s] -- The CXX compiler identification is GNU 11.3.0
[0.204s] -- Detecting C compiler ABI info
[0.288s] -- Detecting C compiler ABI info - done
[0.297s] -- Check for working C compiler: /usr/bin/cc - skipped
[0.297s] -- Detecting C compile features
[0.297s] -- Detecting C compile features - done
[0.301s] -- Detecting CXX compiler ABI info
[0.403s] -- Detecting CXX compiler ABI info - done
[0.413s] -- Check for working CXX compiler: /usr/bin/c++ - skipped
[0.413s] -- Detecting CXX compile features
[0.414s] -- Detecting CXX compile features - done
[0.418s] -- Found ament_cmake: 1.3.3 (/opt/ros/humble/share/ament_cmake/cmake)
[1.081s] -- Found Python3: /usr/bin/python3.10 (found version "3.10.6") found components: Interpreter 
[1.201s] -- Found Boost: /usr/lib/x86_64-linux-gnu/cmake/Boost-1.74.0/BoostConfig.cmake (found version "1.74.0")  
[1.203s] -- Found moveit_core: 2.5.4 (/home/w0x7ce/ws_moveit2/install/moveit_core/share/moveit_core/cmake)
[1.325s] -- Found Boost: /usr/lib/x86_64-linux-gnu/cmake/Boost-1.74.0/BoostConfig.cmake (found version "1.74.0") found components: chrono date_time filesystem iostreams program_options regex serialization system thread 
[1.344s] -- Found Boost: /usr/lib/x86_64-linux-gnu/cmake/Boost-1.74.0/BoostConfig.cmake (found version "1.74.0") found components: filesystem 
[1.429s] -- Found rosidl_generator_c: 3.1.4 (/opt/ros/humble/share/rosidl_generator_c/cmake)
[1.437s] -- Found rosidl_adapter: 3.1.4 (/opt/ros/humble/share/rosidl_adapter/cmake)
[1.448s] -- Found rosidl_generator_cpp: 3.1.4 (/opt/ros/humble/share/rosidl_generator_cpp/cmake)
[1.467s] -- Using all available rosidl_typesupport_c: rosidl_typesupport_fastrtps_c;rosidl_typesupport_introspection_c
[1.495s] -- Using all available rosidl_typesupport_cpp: rosidl_typesupport_fastrtps_cpp;rosidl_typesupport_introspection_cpp
[1.728s] -- Found rmw_implementation_cmake: 6.1.1 (/opt/ros/humble/share/rmw_implementation_cmake/cmake)
[1.733s] -- Found rmw_fastrtps_cpp: 6.2.2 (/opt/ros/humble/share/rmw_fastrtps_cpp/cmake)
[1.846s] -- Found OpenSSL: /usr/lib/x86_64-linux-gnu/libcrypto.so (found version "3.0.2")  
[1.883s] -- Found FastRTPS: /opt/ros/humble/include  
[1.938s] -- Using RMW implementation 'rmw_fastrtps_cpp' as default
[1.952s] -- Found Threads: TRUE  
[2.185s] -- library: /usr/lib/x86_64-linux-gnu/libcurl.so
[2.560s] -- Found Eigen3: TRUE (found version "3.4.0") 
[2.560s] -- Ensuring Eigen3 include directory is part of orocos-kdl CMake target
[3.849s] -- Found moveit_ros_visualization: 2.5.4 (/home/w0x7ce/ws_moveit2/install/moveit_ros_visualization/share/moveit_ros_visualization/cmake)
[3.854s] -- Found Boost: /usr/lib/x86_64-linux-gnu/cmake/Boost-1.74.0/BoostConfig.cmake (found version "1.74.0") found components: thread date_time system filesystem 
[3.886s] -- Found Boost: /usr/lib/x86_64-linux-gnu/cmake/Boost-1.74.0/BoostConfig.cmake (found version "1.74.0") found components: system filesystem date_time program_options thread chrono 
[4.480s] -- Found Boost: /usr/lib/x86_64-linux-gnu/cmake/Boost-1.74.0/BoostConfig.cmake (found version "1.74.0") found components: date_time filesystem program_options system thread 
[4.687s] -- Found Boost: /usr/lib/x86_64-linux-gnu/cmake/Boost-1.74.0/BoostConfig.cmake (found version "1.74.0") found components: thread system filesystem regex date_time program_options 
[4.957s] -- Found Boost: /usr/lib/x86_64-linux-gnu/cmake/Boost-1.74.0/BoostConfig.cmake (found version "1.74.0") found components: system filesystem date_time program_options thread 
[6.220s] -- Setting OGRE_DIR to: '/opt/ros/humble/share/rviz_ogre_vendor/cmake/../../../opt/rviz_ogre_vendor/lib/OGRE/cmake'
[6.221s] -- Found OGRE
[6.221s] --   static     : OFF
[6.221s] --   components : HLMS;MeshLodGenerator;Overlay;Paging;Property;RTShaderSystem;Terrain;Volume
[6.221s] --   plugins    : Plugin_BSPSceneManager;Plugin_OctreeSceneManager;Plugin_PCZSceneManager;Plugin_ParticleFX;RenderSystem_GL;RenderSystem_GL3Plus;Codec_STBI
[6.221s] --   media      : /opt/ros/humble/opt/rviz_ogre_vendor/share/OGRE/Media
[6.222s] -- OGRE_LIBRARIES: OgreHLMS;OgreMeshLodGenerator;OgreOverlay;OgrePaging;OgreProperty;OgreRTShaderSystem;OgreTerrain;OgreVolume;OgreMain
[6.222s] -- OGRE_LIBRARY_DIRS: /opt/ros/humble/opt/rviz_ogre_vendor/lib
[6.222s] -- OGRE_PLUGINS: Plugin_BSPSceneManager;Plugin_OctreeSceneManager;Plugin_PCZSceneManager;Plugin_ParticleFX;RenderSystem_GL;RenderSystem_GL3Plus;Codec_STBI
[6.222s] -- OGRE_PLUGIN_DIR: /opt/ros/humble/opt/rviz_ogre_vendor/lib/OGRE
[6.222s] -- rviz_ogre_vendor::OgreOverlay for IMPORTED_LOCATION_RELEASE: /opt/ros/humble/opt/rviz_ogre_vendor/lib/libOgreOverlay.so
[6.222s] -- rviz_ogre_vendor::OgreOverlay for IMPORTED_LOCATION_DEBUG: /opt/ros/humble/opt/rviz_ogre_vendor/lib/libOgreOverlay.so
[6.222s] -- rviz_ogre_vendor::OgreMain for IMPORTED_LOCATION_RELEASE: /opt/ros/humble/opt/rviz_ogre_vendor/lib/libOgreMain.so
[6.222s] -- rviz_ogre_vendor::OgreMain for IMPORTED_LOCATION_DEBUG: /opt/ros/humble/opt/rviz_ogre_vendor/lib/libOgreMain.so
[6.249s] -- Found ZLIB: /usr/lib/x86_64-linux-gnu/libz.so (found version "1.2.11") 
[6.258s] -- Found OpenGL: /usr/lib/x86_64-linux-gnu/libOpenGL.so   
[6.464s] -- Found X11: /usr/include   
[6.464s] -- Looking for XOpenDisplay in /usr/lib/x86_64-linux-gnu/libX11.so;/usr/lib/x86_64-linux-gnu/libXext.so
[6.671s] -- Looking for XOpenDisplay in /usr/lib/x86_64-linux-gnu/libX11.so;/usr/lib/x86_64-linux-gnu/libXext.so - found
[6.671s] -- Looking for gethostbyname
[6.899s] -- Looking for gethostbyname - found
[6.899s] -- Looking for connect
[7.134s] -- Looking for connect - found
[7.134s] -- Looking for remove
[7.334s] -- Looking for remove - found
[7.334s] -- Looking for shmat
[7.510s] -- Looking for shmat - found
[7.512s] -- Looking for IceConnectionNumber in ICE
[7.631s] -- Looking for IceConnectionNumber in ICE - found
[7.634s] -- rviz_ogre_vendor::RenderSystem_GL for IMPORTED_LOCATION_RELEASE: _render_system_gl_static_library_abs-NOTFOUND
[7.634s] -- rviz_ogre_vendor::RenderSystem_GL for IMPORTED_LOCATION_DEBUG: _render_system_gl_static_library_abs-NOTFOUND
[9.116s] -- Found moveit_task_constructor_core: 0.0.0 (/home/w0x7ce/ws_moveit2/install/moveit_task_constructor_core/share/moveit_task_constructor_core/cmake)
[10.703s] -- Found PkgConfig: /usr/bin/pkg-config (found version "0.29.2") 
[10.704s] -- Checking for module 'yaml-0.1'
[10.824s] --   Found yaml-0.1, version 0.2.2
[12.268s] -- Found ament_cmake_gtest: 1.3.3 (/opt/ros/humble/share/ament_cmake_gtest/cmake)
[12.276s] -- Found ament_cmake_gmock: 1.3.3 (/opt/ros/humble/share/ament_cmake_gmock/cmake)
[12.282s] -- Found launch_testing_ament_cmake: 1.0.3 (/opt/ros/humble/share/launch_testing_ament_cmake/cmake)
[12.293s] -- Found python_cmake_module: 0.10.0 (/opt/ros/humble/share/python_cmake_module/cmake)
[12.357s] -- Found PythonInterp: /usr/bin/python3 (found suitable version "3.10.6", minimum required is "3.6") 
[12.364s] -- Found PythonLibs: /usr/lib/x86_64-linux-gnu/libpython3.10.so (found suitable version "3.10.6", minimum required is "3.5") 
[12.365s] -- Using PYTHON_EXECUTABLE: /usr/bin/python3
[12.365s] -- Using PYTHON_INCLUDE_DIRS: /usr/include/python3.10
[12.365s] -- Using PYTHON_LIBRARIES: /usr/lib/x86_64-linux-gnu/libpython3.10.so
[12.436s] -- Found PythonExtra: .so  
[12.442s] -- Found gtest sources under '/opt/ros/humble/src/gtest_vendor': C++ tests using 'Google Test' will be built
[12.468s] -- Found gmock sources under '/opt/ros/humble/src/gmock_vendor': C++ tests using 'Google Mock' will be built
[12.670s] -- Configuring done
[13.566s] -- Generating done
[13.593s] -- Build files have been written to: /home/w0x7ce/ws_moveit2/build/moveit_task_constructor_visualization
[13.692s] Invoked command in '/home/w0x7ce/ws_moveit2/build/moveit_task_constructor_visualization' returned '0': AMENT_PREFIX_PATH=/home/w0x7ce/ws_moveit2/install/moveit_task_constructor_core:/home/w0x7ce/ws_moveit2/install/moveit_ros_visualization:/home/w0x7ce/ws_moveit2/install/moveit_ros_planning_interface:/home/w0x7ce/ws_moveit2/install/moveit_ros_move_group:/home/w0x7ce/ws_moveit2/install/moveit_ros_warehouse:/home/w0x7ce/ws_moveit2/install/moveit_ros_robot_interaction:/home/w0x7ce/ws_moveit2/install/moveit_kinematics:/home/w0x7ce/ws_moveit2/install/moveit_ros_planning:/home/w0x7ce/ws_moveit2/install/moveit_ros_occupancy_map_monitor:/home/w0x7ce/ws_moveit2/install/moveit_core:/home/w0x7ce/ws_moveit2/install/srdfdom:/home/w0x7ce/ws_moveit2/install/rviz_marker_tools:/home/w0x7ce/ws_moveit2/install/moveit_task_constructor_msgs:/home/w0x7ce/ws_moveit2/install/moveit_common:${AMENT_PREFIX_PATH} CMAKE_PREFIX_PATH=/home/w0x7ce/ws_moveit2/install/moveit_task_constructor_core:/home/w0x7ce/ws_moveit2/install/moveit_ros_visualization:/home/w0x7ce/ws_moveit2/install/moveit_ros_planning_interface:/home/w0x7ce/ws_moveit2/install/moveit_ros_move_group:/home/w0x7ce/ws_moveit2/install/moveit_ros_warehouse:/home/w0x7ce/ws_moveit2/install/moveit_ros_robot_interaction:/home/w0x7ce/ws_moveit2/install/moveit_kinematics:/home/w0x7ce/ws_moveit2/install/moveit_ros_planning:/home/w0x7ce/ws_moveit2/install/moveit_ros_occupancy_map_monitor:/home/w0x7ce/ws_moveit2/install/moveit_core:/home/w0x7ce/ws_moveit2/install/srdfdom:/home/w0x7ce/ws_moveit2/install/rviz_marker_tools:/home/w0x7ce/ws_moveit2/install/moveit_task_constructor_msgs:/home/w0x7ce/ws_moveit2/install/moveit_common:/opt/ros/humble LD_LIBRARY_PATH=/home/w0x7ce/ws_moveit2/install/moveit_task_constructor_core/lib:/home/w0x7ce/ws_moveit2/install/moveit_ros_visualization/lib:/home/w0x7ce/ws_moveit2/install/moveit_ros_planning_interface/lib:/home/w0x7ce/ws_moveit2/install/moveit_ros_move_group/lib:/home/w0x7ce/ws_moveit2/install/moveit_ros_warehouse/lib:/home/w0x7ce/ws_moveit2/install/moveit_ros_robot_interaction/lib:/home/w0x7ce/ws_moveit2/install/moveit_kinematics/lib:/home/w0x7ce/ws_moveit2/install/moveit_ros_planning/lib:/home/w0x7ce/ws_moveit2/install/moveit_ros_occupancy_map_monitor/lib:/home/w0x7ce/ws_moveit2/install/moveit_core/lib:/home/w0x7ce/ws_moveit2/install/srdfdom/lib:/home/w0x7ce/ws_moveit2/install/rviz_marker_tools/lib:/home/w0x7ce/ws_moveit2/install/moveit_task_constructor_msgs/lib:${LD_LIBRARY_PATH} PATH=/home/w0x7ce/ws_moveit2/install/moveit_core/bin:${PATH} PYTHONPATH=/home/w0x7ce/ws_moveit2/install/srdfdom/local/lib/python3.10/dist-packages:/home/w0x7ce/ws_moveit2/install/moveit_task_constructor_msgs/local/lib/python3.10/dist-packages:${PYTHONPATH} /usr/bin/cmake /home/w0x7ce/ws_moveit2/src/moveit_task_constructor/visualization -DCMAKE_INSTALL_PREFIX=/home/w0x7ce/ws_moveit2/install/moveit_task_constructor_visualization
[13.692s] Invoking command in '/home/w0x7ce/ws_moveit2/build/moveit_task_constructor_visualization': AMENT_PREFIX_PATH=/home/w0x7ce/ws_moveit2/install/moveit_task_constructor_core:/home/w0x7ce/ws_moveit2/install/moveit_ros_visualization:/home/w0x7ce/ws_moveit2/install/moveit_ros_planning_interface:/home/w0x7ce/ws_moveit2/install/moveit_ros_move_group:/home/w0x7ce/ws_moveit2/install/moveit_ros_warehouse:/home/w0x7ce/ws_moveit2/install/moveit_ros_robot_interaction:/home/w0x7ce/ws_moveit2/install/moveit_kinematics:/home/w0x7ce/ws_moveit2/install/moveit_ros_planning:/home/w0x7ce/ws_moveit2/install/moveit_ros_occupancy_map_monitor:/home/w0x7ce/ws_moveit2/install/moveit_core:/home/w0x7ce/ws_moveit2/install/srdfdom:/home/w0x7ce/ws_moveit2/install/rviz_marker_tools:/home/w0x7ce/ws_moveit2/install/moveit_task_constructor_msgs:/home/w0x7ce/ws_moveit2/install/moveit_common:${AMENT_PREFIX_PATH} CMAKE_PREFIX_PATH=/home/w0x7ce/ws_moveit2/install/moveit_task_constructor_core:/home/w0x7ce/ws_moveit2/install/moveit_ros_visualization:/home/w0x7ce/ws_moveit2/install/moveit_ros_planning_interface:/home/w0x7ce/ws_moveit2/install/moveit_ros_move_group:/home/w0x7ce/ws_moveit2/install/moveit_ros_warehouse:/home/w0x7ce/ws_moveit2/install/moveit_ros_robot_interaction:/home/w0x7ce/ws_moveit2/install/moveit_kinematics:/home/w0x7ce/ws_moveit2/install/moveit_ros_planning:/home/w0x7ce/ws_moveit2/install/moveit_ros_occupancy_map_monitor:/home/w0x7ce/ws_moveit2/install/moveit_core:/home/w0x7ce/ws_moveit2/install/srdfdom:/home/w0x7ce/ws_moveit2/install/rviz_marker_tools:/home/w0x7ce/ws_moveit2/install/moveit_task_constructor_msgs:/home/w0x7ce/ws_moveit2/install/moveit_common:/opt/ros/humble LD_LIBRARY_PATH=/home/w0x7ce/ws_moveit2/install/moveit_task_constructor_core/lib:/home/w0x7ce/ws_moveit2/install/moveit_ros_visualization/lib:/home/w0x7ce/ws_moveit2/install/moveit_ros_planning_interface/lib:/home/w0x7ce/ws_moveit2/install/moveit_ros_move_group/lib:/home/w0x7ce/ws_moveit2/install/moveit_ros_warehouse/lib:/home/w0x7ce/ws_moveit2/install/moveit_ros_robot_interaction/lib:/home/w0x7ce/ws_moveit2/install/moveit_kinematics/lib:/home/w0x7ce/ws_moveit2/install/moveit_ros_planning/lib:/home/w0x7ce/ws_moveit2/install/moveit_ros_occupancy_map_monitor/lib:/home/w0x7ce/ws_moveit2/install/moveit_core/lib:/home/w0x7ce/ws_moveit2/install/srdfdom/lib:/home/w0x7ce/ws_moveit2/install/rviz_marker_tools/lib:/home/w0x7ce/ws_moveit2/install/moveit_task_constructor_msgs/lib:${LD_LIBRARY_PATH} PATH=/home/w0x7ce/ws_moveit2/install/moveit_core/bin:${PATH} PYTHONPATH=/home/w0x7ce/ws_moveit2/install/srdfdom/local/lib/python3.10/dist-packages:/home/w0x7ce/ws_moveit2/install/moveit_task_constructor_msgs/local/lib/python3.10/dist-packages:${PYTHONPATH} /usr/bin/cmake --build /home/w0x7ce/ws_moveit2/build/moveit_task_constructor_visualization -- -j4 -l4
[13.919s] [  1%] [34m[1mAutomatic MOC for target moveit_task_visualization_tools[0m
[13.932s] [  3%] [34m[1mAutomatic MOC for target motion_planning_tasks_utils[0m
[14.567s] [  3%] Built target motion_planning_tasks_utils_autogen
[14.914s] [  3%] Built target moveit_task_visualization_tools_autogen
[15.019s] [  4%] [34m[1mAutomatic MOC for target gtest[0m
[15.125s] [  4%] Built target gtest_autogen
[15.245s] [  6%] [34m[1mAutomatic MOC for target gmock_main[0m
[15.377s] [  6%] Built target gmock_main_autogen
[15.518s] [  7%] [34m[1mAutomatic MOC for target gmock[0m
[15.637s] [  7%] Built target gmock_autogen
[15.753s] [  9%] [32mBuilding CXX object visualization_tools/CMakeFiles/moveit_task_visualization_tools.dir/moveit_task_visualization_tools_autogen/mocs_compilation.cpp.o[0m
[27.234s] [ 10%] [32mBuilding CXX object visualization_tools/CMakeFiles/moveit_task_visualization_tools.dir/src/display_solution.cpp.o[0m
[37.586s] [ 12%] [32mBuilding CXX object visualization_tools/CMakeFiles/moveit_task_visualization_tools.dir/src/marker_visualization.cpp.o[0m
[50.698s] [ 13%] [32mBuilding CXX object visualization_tools/CMakeFiles/moveit_task_visualization_tools.dir/src/task_solution_panel.cpp.o[0m
[54.349s] [ 15%] [32mBuilding CXX object visualization_tools/CMakeFiles/moveit_task_visualization_tools.dir/src/task_solution_visualization.cpp.o[0m
[67.556s] [ 16%] [32m[1mLinking CXX shared library libmoveit_task_visualization_tools.so[0m
[71.828s] [ 16%] Built target moveit_task_visualization_tools
[71.841s] [ 18%] [32mBuilding CXX object motion_planning_tasks/utils/CMakeFiles/motion_planning_tasks_utils.dir/motion_planning_tasks_utils_autogen/mocs_compilation.cpp.o[0m
[71.858s] [ 20%] [32mBuilding CXX object motion_planning_tasks/utils/CMakeFiles/motion_planning_tasks_utils.dir/flat_merge_proxy_model.cpp.o[0m
[72.850s] [ 21%] [32mBuilding CXX object gtest/CMakeFiles/gtest.dir/gtest_autogen/mocs_compilation.cpp.o[0m
[72.869s] [ 23%] [32mBuilding CXX object gtest/CMakeFiles/gtest.dir/src/gtest-all.cc.o[0m
[73.068s] [ 24%] [32mBuilding CXX object motion_planning_tasks/utils/CMakeFiles/motion_planning_tasks_utils.dir/tree_merge_proxy_model.cpp.o[0m
[73.870s] [ 26%] [34m[1mAutomatic MOC for target gtest_main[0m
[73.931s] [ 26%] Built target gtest_main_autogen
[73.943s] [ 27%] [32mBuilding CXX object motion_planning_tasks/utils/CMakeFiles/motion_planning_tasks_utils.dir/icon.cpp.o[0m
[73.967s] [ 29%] [34m[1mAutomatic MOC for target motion_planning_tasks_properties[0m
[74.065s] [ 29%] Built target motion_planning_tasks_properties_autogen
[74.152s] [ 30%] [32mBuilding CXX object gmock/CMakeFiles/gmock_main.dir/gmock_main_autogen/mocs_compilation.cpp.o[0m
[74.197s] [ 32%] [32mBuilding CXX object gmock/CMakeFiles/gmock_main.dir/src/gmock_main.cc.o[0m
[74.550s] [ 33%] [32mBuilding CXX object gmock/CMakeFiles/gmock.dir/gmock_autogen/mocs_compilation.cpp.o[0m
[74.694s] [ 35%] [32mBuilding CXX object gmock/CMakeFiles/gmock.dir/opt/ros/humble/src/gtest_vendor/src/gtest-all.cc.o[0m
[75.824s] [ 36%] [32m[1mLinking CXX static library libgmock_main.a[0m
[75.954s] [ 36%] Built target gmock_main
[75.979s] [ 38%] [32mBuilding CXX object gmock/CMakeFiles/gmock.dir/src/gmock-all.cc.o[0m
[76.319s] [ 40%] [32m[1mLinking CXX shared library libmotion_planning_tasks_utils.so[0m
[77.261s] [ 40%] Built target motion_planning_tasks_utils
[77.597s] [ 41%] [32m[1mLinking CXX static library libgtest.a[0m
[77.696s] [ 41%] Built target gtest
[79.148s] [ 43%] [32m[1mLinking CXX static library libgmock.a[0m
[79.233s] [ 43%] Built target gmock
[79.246s] [ 44%] [32mBuilding CXX object gtest/CMakeFiles/gtest_main.dir/gtest_main_autogen/mocs_compilation.cpp.o[0m
[79.263s] [ 46%] [32mBuilding CXX object gtest/CMakeFiles/gtest_main.dir/src/gtest_main.cc.o[0m
[80.132s] [ 47%] [32m[1mLinking CXX static library libgtest_main.a[0m
[80.182s] [ 47%] Built target gtest_main
[80.198s] [ 49%] [32mBuilding CXX object motion_planning_tasks/properties/CMakeFiles/motion_planning_tasks_properties.dir/motion_planning_tasks_properties_autogen/mocs_compilation.cpp.o[0m
[80.217s] [ 50%] [32mBuilding CXX object motion_planning_tasks/properties/CMakeFiles/motion_planning_tasks_properties.dir/property_from_yaml.cpp.o[0m
[81.642s] [ 52%] [32mBuilding CXX object motion_planning_tasks/properties/CMakeFiles/motion_planning_tasks_properties.dir/property_factory.cpp.o[0m
[84.959s] [ 53%] [32m[1mLinking CXX shared library libmotion_planning_tasks_properties.so[0m
[86.939s] [ 53%] Built target motion_planning_tasks_properties
[86.954s] [ 55%] [34m[1mAutomatic MOC for target moveit_task_constructor_visualization-test-merge-models[0m
[86.995s] [ 55%] Built target moveit_task_constructor_visualization-test-merge-models_autogen
[87.010s] [ 56%] [34m[1mAutomatic MOC for target motion_planning_tasks_rviz_plugin[0m
[88.721s] [ 56%] Built target motion_planning_tasks_rviz_plugin_autogen
[88.728s] [ 60%] [34m[1mGenerating ui_task_view.h[0m
[88.729s] [ 60%] [34m[1mAutomatic RCC for resources.qrc[0m
[88.735s] [ 61%] [32mBuilding CXX object motion_planning_tasks/test/CMakeFiles/moveit_task_constructor_visualization-test-merge-models.dir/moveit_task_constructor_visualization-test-merge-models_autogen/mocs_compilation.cpp.o[0m
[88.741s] [ 64%] [34m[1mGenerating ui_global_settings.h[0m
[88.741s] [ 64%] [32mBuilding CXX object motion_planning_tasks/test/CMakeFiles/moveit_task_constructor_visualization-test-merge-models.dir/test_merge_models.cpp.o[0m
[88.769s] [ 66%] [34m[1mGenerating ui_task_panel.h[0m
[88.792s] [ 67%] [32mBuilding CXX object motion_planning_tasks/src/CMakeFiles/motion_planning_tasks_rviz_plugin.dir/motion_planning_tasks_rviz_plugin_autogen/mocs_compilation.cpp.o[0m
[88.794s] [ 69%] [32mBuilding CXX object motion_planning_tasks/src/CMakeFiles/motion_planning_tasks_rviz_plugin.dir/factory_model.cpp.o[0m
[89.822s] [ 70%] [32mBuilding CXX object motion_planning_tasks/src/CMakeFiles/motion_planning_tasks_rviz_plugin.dir/icons.cpp.o[0m
[90.844s] [ 72%] [32mBuilding CXX object motion_planning_tasks/src/CMakeFiles/motion_planning_tasks_rviz_plugin.dir/job_queue.cpp.o[0m
[91.226s] [ 73%] [32mBuilding CXX object motion_planning_tasks/src/CMakeFiles/motion_planning_tasks_rviz_plugin.dir/local_task_model.cpp.o[0m
[91.785s] [ 75%] [32m[1mLinking CXX executable moveit_task_constructor_visualization-test-merge-models[0m
[92.484s] [ 75%] Built target moveit_task_constructor_visualization-test-merge-models
[99.781s] [ 76%] [32mBuilding CXX object motion_planning_tasks/src/CMakeFiles/motion_planning_tasks_rviz_plugin.dir/remote_task_model.cpp.o[0m
[112.891s] [ 78%] [32mBuilding CXX object motion_planning_tasks/src/CMakeFiles/motion_planning_tasks_rviz_plugin.dir/task_display.cpp.o[0m
[137.996s] [ 80%] [32mBuilding CXX object motion_planning_tasks/src/CMakeFiles/motion_planning_tasks_rviz_plugin.dir/task_list_model.cpp.o[0m
[146.661s] [ 81%] [32mBuilding CXX object motion_planning_tasks/src/CMakeFiles/motion_planning_tasks_rviz_plugin.dir/task_panel.cpp.o[0m
[160.237s] [ 83%] [32mBuilding CXX object motion_planning_tasks/src/CMakeFiles/motion_planning_tasks_rviz_plugin.dir/motion_planning_tasks_rviz_plugin_autogen/EWIEGA46WW/qrc_resources.cpp.o[0m
[160.270s] [ 84%] [32mBuilding CXX object motion_planning_tasks/src/CMakeFiles/motion_planning_tasks_rviz_plugin.dir/plugin_init.cpp.o[0m
[168.379s] [ 86%] [32mBuilding CXX object motion_planning_tasks/src/CMakeFiles/motion_planning_tasks_rviz_plugin.dir/meta_task_list_model.cpp.o[0m
[177.054s] [ 87%] [32m[1mLinking CXX shared library libmotion_planning_tasks_rviz_plugin.so[0m
[184.242s] [ 87%] Built target motion_planning_tasks_rviz_plugin
[184.256s] [ 89%] [34m[1mAutomatic MOC for target moveit_task_constructor_visualization-test-solution-models[0m
[184.306s] [ 89%] Built target moveit_task_constructor_visualization-test-solution-models_autogen
[184.321s] [ 90%] [34m[1mAutomatic MOC for target moveit_task_constructor_visualization-test-task_model[0m
[184.392s] [ 90%] Built target moveit_task_constructor_visualization-test-task_model_autogen
[184.409s] [ 92%] [32mBuilding CXX object motion_planning_tasks/test/CMakeFiles/moveit_task_constructor_visualization-test-solution-models.dir/moveit_task_constructor_visualization-test-solution-models_autogen/mocs_compilation.cpp.o[0m
[184.429s] [ 93%] [32mBuilding CXX object motion_planning_tasks/test/CMakeFiles/moveit_task_constructor_visualization-test-solution-models.dir/test_solution_models.cpp.o[0m
[191.085s] [ 95%] [32m[1mLinking CXX executable moveit_task_constructor_visualization-test-solution-models[0m
[195.110s] [ 95%] Built target moveit_task_constructor_visualization-test-solution-models
[195.129s] [ 96%] [32mBuilding CXX object motion_planning_tasks/test/CMakeFiles/moveit_task_constructor_visualization-test-task_model.dir/moveit_task_constructor_visualization-test-task_model_autogen/mocs_compilation.cpp.o[0m
[195.149s] [ 98%] [32mBuilding CXX object motion_planning_tasks/test/CMakeFiles/moveit_task_constructor_visualization-test-task_model.dir/test_task_model.cpp.o[0m
[201.688s] [100%] [32m[1mLinking CXX executable moveit_task_constructor_visualization-test-task_model[0m
[205.522s] [100%] Built target moveit_task_constructor_visualization-test-task_model
[205.530s] Invoked command in '/home/w0x7ce/ws_moveit2/build/moveit_task_constructor_visualization' returned '0': AMENT_PREFIX_PATH=/home/w0x7ce/ws_moveit2/install/moveit_task_constructor_core:/home/w0x7ce/ws_moveit2/install/moveit_ros_visualization:/home/w0x7ce/ws_moveit2/install/moveit_ros_planning_interface:/home/w0x7ce/ws_moveit2/install/moveit_ros_move_group:/home/w0x7ce/ws_moveit2/install/moveit_ros_warehouse:/home/w0x7ce/ws_moveit2/install/moveit_ros_robot_interaction:/home/w0x7ce/ws_moveit2/install/moveit_kinematics:/home/w0x7ce/ws_moveit2/install/moveit_ros_planning:/home/w0x7ce/ws_moveit2/install/moveit_ros_occupancy_map_monitor:/home/w0x7ce/ws_moveit2/install/moveit_core:/home/w0x7ce/ws_moveit2/install/srdfdom:/home/w0x7ce/ws_moveit2/install/rviz_marker_tools:/home/w0x7ce/ws_moveit2/install/moveit_task_constructor_msgs:/home/w0x7ce/ws_moveit2/install/moveit_common:${AMENT_PREFIX_PATH} CMAKE_PREFIX_PATH=/home/w0x7ce/ws_moveit2/install/moveit_task_constructor_core:/home/w0x7ce/ws_moveit2/install/moveit_ros_visualization:/home/w0x7ce/ws_moveit2/install/moveit_ros_planning_interface:/home/w0x7ce/ws_moveit2/install/moveit_ros_move_group:/home/w0x7ce/ws_moveit2/install/moveit_ros_warehouse:/home/w0x7ce/ws_moveit2/install/moveit_ros_robot_interaction:/home/w0x7ce/ws_moveit2/install/moveit_kinematics:/home/w0x7ce/ws_moveit2/install/moveit_ros_planning:/home/w0x7ce/ws_moveit2/install/moveit_ros_occupancy_map_monitor:/home/w0x7ce/ws_moveit2/install/moveit_core:/home/w0x7ce/ws_moveit2/install/srdfdom:/home/w0x7ce/ws_moveit2/install/rviz_marker_tools:/home/w0x7ce/ws_moveit2/install/moveit_task_constructor_msgs:/home/w0x7ce/ws_moveit2/install/moveit_common:/opt/ros/humble LD_LIBRARY_PATH=/home/w0x7ce/ws_moveit2/install/moveit_task_constructor_core/lib:/home/w0x7ce/ws_moveit2/install/moveit_ros_visualization/lib:/home/w0x7ce/ws_moveit2/install/moveit_ros_planning_interface/lib:/home/w0x7ce/ws_moveit2/install/moveit_ros_move_group/lib:/home/w0x7ce/ws_moveit2/install/moveit_ros_warehouse/lib:/home/w0x7ce/ws_moveit2/install/moveit_ros_robot_interaction/lib:/home/w0x7ce/ws_moveit2/install/moveit_kinematics/lib:/home/w0x7ce/ws_moveit2/install/moveit_ros_planning/lib:/home/w0x7ce/ws_moveit2/install/moveit_ros_occupancy_map_monitor/lib:/home/w0x7ce/ws_moveit2/install/moveit_core/lib:/home/w0x7ce/ws_moveit2/install/srdfdom/lib:/home/w0x7ce/ws_moveit2/install/rviz_marker_tools/lib:/home/w0x7ce/ws_moveit2/install/moveit_task_constructor_msgs/lib:${LD_LIBRARY_PATH} PATH=/home/w0x7ce/ws_moveit2/install/moveit_core/bin:${PATH} PYTHONPATH=/home/w0x7ce/ws_moveit2/install/srdfdom/local/lib/python3.10/dist-packages:/home/w0x7ce/ws_moveit2/install/moveit_task_constructor_msgs/local/lib/python3.10/dist-packages:${PYTHONPATH} /usr/bin/cmake --build /home/w0x7ce/ws_moveit2/build/moveit_task_constructor_visualization -- -j4 -l4
[205.574s] Invoking command in '/home/w0x7ce/ws_moveit2/build/moveit_task_constructor_visualization': AMENT_PREFIX_PATH=/home/w0x7ce/ws_moveit2/install/moveit_task_constructor_core:/home/w0x7ce/ws_moveit2/install/moveit_ros_visualization:/home/w0x7ce/ws_moveit2/install/moveit_ros_planning_interface:/home/w0x7ce/ws_moveit2/install/moveit_ros_move_group:/home/w0x7ce/ws_moveit2/install/moveit_ros_warehouse:/home/w0x7ce/ws_moveit2/install/moveit_ros_robot_interaction:/home/w0x7ce/ws_moveit2/install/moveit_kinematics:/home/w0x7ce/ws_moveit2/install/moveit_ros_planning:/home/w0x7ce/ws_moveit2/install/moveit_ros_occupancy_map_monitor:/home/w0x7ce/ws_moveit2/install/moveit_core:/home/w0x7ce/ws_moveit2/install/srdfdom:/home/w0x7ce/ws_moveit2/install/rviz_marker_tools:/home/w0x7ce/ws_moveit2/install/moveit_task_constructor_msgs:/home/w0x7ce/ws_moveit2/install/moveit_common:${AMENT_PREFIX_PATH} CMAKE_PREFIX_PATH=/home/w0x7ce/ws_moveit2/install/moveit_task_constructor_core:/home/w0x7ce/ws_moveit2/install/moveit_ros_visualization:/home/w0x7ce/ws_moveit2/install/moveit_ros_planning_interface:/home/w0x7ce/ws_moveit2/install/moveit_ros_move_group:/home/w0x7ce/ws_moveit2/install/moveit_ros_warehouse:/home/w0x7ce/ws_moveit2/install/moveit_ros_robot_interaction:/home/w0x7ce/ws_moveit2/install/moveit_kinematics:/home/w0x7ce/ws_moveit2/install/moveit_ros_planning:/home/w0x7ce/ws_moveit2/install/moveit_ros_occupancy_map_monitor:/home/w0x7ce/ws_moveit2/install/moveit_core:/home/w0x7ce/ws_moveit2/install/srdfdom:/home/w0x7ce/ws_moveit2/install/rviz_marker_tools:/home/w0x7ce/ws_moveit2/install/moveit_task_constructor_msgs:/home/w0x7ce/ws_moveit2/install/moveit_common:/opt/ros/humble LD_LIBRARY_PATH=/home/w0x7ce/ws_moveit2/install/moveit_task_constructor_core/lib:/home/w0x7ce/ws_moveit2/install/moveit_ros_visualization/lib:/home/w0x7ce/ws_moveit2/install/moveit_ros_planning_interface/lib:/home/w0x7ce/ws_moveit2/install/moveit_ros_move_group/lib:/home/w0x7ce/ws_moveit2/install/moveit_ros_warehouse/lib:/home/w0x7ce/ws_moveit2/install/moveit_ros_robot_interaction/lib:/home/w0x7ce/ws_moveit2/install/moveit_kinematics/lib:/home/w0x7ce/ws_moveit2/install/moveit_ros_planning/lib:/home/w0x7ce/ws_moveit2/install/moveit_ros_occupancy_map_monitor/lib:/home/w0x7ce/ws_moveit2/install/moveit_core/lib:/home/w0x7ce/ws_moveit2/install/srdfdom/lib:/home/w0x7ce/ws_moveit2/install/rviz_marker_tools/lib:/home/w0x7ce/ws_moveit2/install/moveit_task_constructor_msgs/lib:${LD_LIBRARY_PATH} PATH=/home/w0x7ce/ws_moveit2/install/moveit_core/bin:${PATH} PYTHONPATH=/home/w0x7ce/ws_moveit2/install/srdfdom/local/lib/python3.10/dist-packages:/home/w0x7ce/ws_moveit2/install/moveit_task_constructor_msgs/local/lib/python3.10/dist-packages:${PYTHONPATH} /usr/bin/cmake --install /home/w0x7ce/ws_moveit2/build/moveit_task_constructor_visualization
[205.579s] -- Install configuration: ""
[205.579s] -- Installing: /home/w0x7ce/ws_moveit2/install/moveit_task_constructor_visualization/share/icons
[205.579s] -- Installing: /home/w0x7ce/ws_moveit2/install/moveit_task_constructor_visualization/share/icons/classes
[205.579s] -- Installing: /home/w0x7ce/ws_moveit2/install/moveit_task_constructor_visualization/share/icons/classes/Motion Planning Tasks.svg
[205.600s] -- Installing: /home/w0x7ce/ws_moveit2/install/moveit_task_constructor_visualization/share/moveit_task_constructor_visualization/motion_planning_tasks_rviz_plugin_description.xml
[205.659s] -- Installing: /home/w0x7ce/ws_moveit2/install/moveit_task_constructor_visualization/share/moveit_task_constructor_visualization/environment/library_path.sh
[205.660s] -- Installing: /home/w0x7ce/ws_moveit2/install/moveit_task_constructor_visualization/share/moveit_task_constructor_visualization/environment/library_path.dsv
[205.660s] -- Installing: /home/w0x7ce/ws_moveit2/install/moveit_task_constructor_visualization/share/ament_index/resource_index/package_run_dependencies/moveit_task_constructor_visualization
[205.681s] -- Installing: /home/w0x7ce/ws_moveit2/install/moveit_task_constructor_visualization/share/ament_index/resource_index/parent_prefix_path/moveit_task_constructor_visualization
[205.682s] -- Installing: /home/w0x7ce/ws_moveit2/install/moveit_task_constructor_visualization/share/moveit_task_constructor_visualization/environment/ament_prefix_path.sh
[205.682s] -- Installing: /home/w0x7ce/ws_moveit2/install/moveit_task_constructor_visualization/share/moveit_task_constructor_visualization/environment/ament_prefix_path.dsv
[205.683s] -- Installing: /home/w0x7ce/ws_moveit2/install/moveit_task_constructor_visualization/share/moveit_task_constructor_visualization/environment/path.sh
[205.683s] -- Installing: /home/w0x7ce/ws_moveit2/install/moveit_task_constructor_visualization/share/moveit_task_constructor_visualization/environment/path.dsv
[205.683s] -- Installing: /home/w0x7ce/ws_moveit2/install/moveit_task_constructor_visualization/share/moveit_task_constructor_visualization/local_setup.bash
[205.683s] -- Installing: /home/w0x7ce/ws_moveit2/install/moveit_task_constructor_visualization/share/moveit_task_constructor_visualization/local_setup.sh
[205.684s] -- Installing: /home/w0x7ce/ws_moveit2/install/moveit_task_constructor_visualization/share/moveit_task_constructor_visualization/local_setup.zsh
[205.684s] -- Installing: /home/w0x7ce/ws_moveit2/install/moveit_task_constructor_visualization/share/moveit_task_constructor_visualization/local_setup.dsv
[205.684s] -- Installing: /home/w0x7ce/ws_moveit2/install/moveit_task_constructor_visualization/share/moveit_task_constructor_visualization/package.dsv
[205.684s] -- Installing: /home/w0x7ce/ws_moveit2/install/moveit_task_constructor_visualization/share/ament_index/resource_index/packages/moveit_task_constructor_visualization
[205.685s] -- Installing: /home/w0x7ce/ws_moveit2/install/moveit_task_constructor_visualization/share/ament_index/resource_index/rviz_common__pluginlib__plugin/moveit_task_constructor_visualization
[205.685s] -- Installing: /home/w0x7ce/ws_moveit2/install/moveit_task_constructor_visualization/share/moveit_task_constructor_visualization/cmake/ament_cmake_export_include_directories-extras.cmake
[205.685s] -- Installing: /home/w0x7ce/ws_moveit2/install/moveit_task_constructor_visualization/share/moveit_task_constructor_visualization/cmake/ament_cmake_export_libraries-extras.cmake
[205.686s] -- Installing: /home/w0x7ce/ws_moveit2/install/moveit_task_constructor_visualization/share/moveit_task_constructor_visualization/cmake/ament_cmake_export_dependencies-extras.cmake
[205.686s] -- Installing: /home/w0x7ce/ws_moveit2/install/moveit_task_constructor_visualization/share/moveit_task_constructor_visualization/cmake/moveit_task_constructor_visualizationConfig.cmake
[205.686s] -- Installing: /home/w0x7ce/ws_moveit2/install/moveit_task_constructor_visualization/share/moveit_task_constructor_visualization/cmake/moveit_task_constructor_visualizationConfig-version.cmake
[205.686s] -- Installing: /home/w0x7ce/ws_moveit2/install/moveit_task_constructor_visualization/share/moveit_task_constructor_visualization/package.xml
[205.689s] -- Installing: /home/w0x7ce/ws_moveit2/install/moveit_task_constructor_visualization/include
[205.689s] -- Installing: /home/w0x7ce/ws_moveit2/install/moveit_task_constructor_visualization/include/moveit
[205.689s] -- Installing: /home/w0x7ce/ws_moveit2/install/moveit_task_constructor_visualization/include/moveit/visualization_tools
[205.689s] -- Installing: /home/w0x7ce/ws_moveit2/install/moveit_task_constructor_visualization/include/moveit/visualization_tools/display_solution.h
[205.690s] -- Installing: /home/w0x7ce/ws_moveit2/install/moveit_task_constructor_visualization/include/moveit/visualization_tools/task_solution_panel.h
[205.690s] -- Installing: /home/w0x7ce/ws_moveit2/install/moveit_task_constructor_visualization/include/moveit/visualization_tools/marker_visualization.h
[205.690s] -- Installing: /home/w0x7ce/ws_moveit2/install/moveit_task_constructor_visualization/include/moveit/visualization_tools/task_solution_visualization.h
[205.691s] -- Installing: /home/w0x7ce/ws_moveit2/install/moveit_task_constructor_visualization/lib/libmoveit_task_visualization_tools.so.
[205.694s] -- Set runtime path of "/home/w0x7ce/ws_moveit2/install/moveit_task_constructor_visualization/lib/libmoveit_task_visualization_tools.so." to ""
[205.695s] -- Installing: /home/w0x7ce/ws_moveit2/install/moveit_task_constructor_visualization/lib/libmoveit_task_visualization_tools.so
[205.695s] -- Installing: /home/w0x7ce/ws_moveit2/install/moveit_task_constructor_visualization/lib/libmotion_planning_tasks_utils.so
[205.696s] -- Installing: /home/w0x7ce/ws_moveit2/install/moveit_task_constructor_visualization/lib/libmotion_planning_tasks_properties.so
[205.697s] -- Set runtime path of "/home/w0x7ce/ws_moveit2/install/moveit_task_constructor_visualization/lib/libmotion_planning_tasks_properties.so" to ""
[205.698s] -- Installing: /home/w0x7ce/ws_moveit2/install/moveit_task_constructor_visualization/lib/libmotion_planning_tasks_rviz_plugin.so.
[205.718s] -- Set runtime path of "/home/w0x7ce/ws_moveit2/install/moveit_task_constructor_visualization/lib/libmotion_planning_tasks_rviz_plugin.so." to ""
[205.718s] -- Installing: /home/w0x7ce/ws_moveit2/install/moveit_task_constructor_visualization/lib/libmotion_planning_tasks_rviz_plugin.so
[205.726s] Invoked command in '/home/w0x7ce/ws_moveit2/build/moveit_task_constructor_visualization' returned '0': AMENT_PREFIX_PATH=/home/w0x7ce/ws_moveit2/install/moveit_task_constructor_core:/home/w0x7ce/ws_moveit2/install/moveit_ros_visualization:/home/w0x7ce/ws_moveit2/install/moveit_ros_planning_interface:/home/w0x7ce/ws_moveit2/install/moveit_ros_move_group:/home/w0x7ce/ws_moveit2/install/moveit_ros_warehouse:/home/w0x7ce/ws_moveit2/install/moveit_ros_robot_interaction:/home/w0x7ce/ws_moveit2/install/moveit_kinematics:/home/w0x7ce/ws_moveit2/install/moveit_ros_planning:/home/w0x7ce/ws_moveit2/install/moveit_ros_occupancy_map_monitor:/home/w0x7ce/ws_moveit2/install/moveit_core:/home/w0x7ce/ws_moveit2/install/srdfdom:/home/w0x7ce/ws_moveit2/install/rviz_marker_tools:/home/w0x7ce/ws_moveit2/install/moveit_task_constructor_msgs:/home/w0x7ce/ws_moveit2/install/moveit_common:${AMENT_PREFIX_PATH} CMAKE_PREFIX_PATH=/home/w0x7ce/ws_moveit2/install/moveit_task_constructor_core:/home/w0x7ce/ws_moveit2/install/moveit_ros_visualization:/home/w0x7ce/ws_moveit2/install/moveit_ros_planning_interface:/home/w0x7ce/ws_moveit2/install/moveit_ros_move_group:/home/w0x7ce/ws_moveit2/install/moveit_ros_warehouse:/home/w0x7ce/ws_moveit2/install/moveit_ros_robot_interaction:/home/w0x7ce/ws_moveit2/install/moveit_kinematics:/home/w0x7ce/ws_moveit2/install/moveit_ros_planning:/home/w0x7ce/ws_moveit2/install/moveit_ros_occupancy_map_monitor:/home/w0x7ce/ws_moveit2/install/moveit_core:/home/w0x7ce/ws_moveit2/install/srdfdom:/home/w0x7ce/ws_moveit2/install/rviz_marker_tools:/home/w0x7ce/ws_moveit2/install/moveit_task_constructor_msgs:/home/w0x7ce/ws_moveit2/install/moveit_common:/opt/ros/humble LD_LIBRARY_PATH=/home/w0x7ce/ws_moveit2/install/moveit_task_constructor_core/lib:/home/w0x7ce/ws_moveit2/install/moveit_ros_visualization/lib:/home/w0x7ce/ws_moveit2/install/moveit_ros_planning_interface/lib:/home/w0x7ce/ws_moveit2/install/moveit_ros_move_group/lib:/home/w0x7ce/ws_moveit2/install/moveit_ros_warehouse/lib:/home/w0x7ce/ws_moveit2/install/moveit_ros_robot_interaction/lib:/home/w0x7ce/ws_moveit2/install/moveit_kinematics/lib:/home/w0x7ce/ws_moveit2/install/moveit_ros_planning/lib:/home/w0x7ce/ws_moveit2/install/moveit_ros_occupancy_map_monitor/lib:/home/w0x7ce/ws_moveit2/install/moveit_core/lib:/home/w0x7ce/ws_moveit2/install/srdfdom/lib:/home/w0x7ce/ws_moveit2/install/rviz_marker_tools/lib:/home/w0x7ce/ws_moveit2/install/moveit_task_constructor_msgs/lib:${LD_LIBRARY_PATH} PATH=/home/w0x7ce/ws_moveit2/install/moveit_core/bin:${PATH} PYTHONPATH=/home/w0x7ce/ws_moveit2/install/srdfdom/local/lib/python3.10/dist-packages:/home/w0x7ce/ws_moveit2/install/moveit_task_constructor_msgs/local/lib/python3.10/dist-packages:${PYTHONPATH} /usr/bin/cmake --install /home/w0x7ce/ws_moveit2/build/moveit_task_constructor_visualization
