[0.019s] Invoking command in '/home/w0x7ce/ws_moveit2/build/moveit_chomp_optimizer_adapter': AMENT_PREFIX_PATH=/home/w0x7ce/ws_moveit2/install/chomp_motion_planner:/home/w0x7ce/ws_moveit2/install/moveit_core:/home/w0x7ce/ws_moveit2/install/srdfdom:/home/w0x7ce/ws_moveit2/install/moveit_common:${AMENT_PREFIX_PATH} CMAKE_PREFIX_PATH=/home/w0x7ce/ws_moveit2/install/chomp_motion_planner:/home/w0x7ce/ws_moveit2/install/moveit_core:/home/w0x7ce/ws_moveit2/install/srdfdom:/home/w0x7ce/ws_moveit2/install/moveit_common:/opt/ros/humble LD_LIBRARY_PATH=/home/w0x7ce/ws_moveit2/install/chomp_motion_planner/lib:/home/w0x7ce/ws_moveit2/install/moveit_core/lib:/home/w0x7ce/ws_moveit2/install/srdfdom/lib:${LD_LIBRARY_PATH} PATH=/home/w0x7ce/ws_moveit2/install/moveit_core/bin:${PATH} PYTHONPATH=/home/w0x7ce/ws_moveit2/install/srdfdom/local/lib/python3.10/dist-packages:${PYTHONPATH} /usr/bin/cmake /home/w0x7ce/ws_moveit2/src/moveit2/moveit_planners/chomp/chomp_optimizer_adapter -DCMAKE_INSTALL_PREFIX=/home/w0x7ce/ws_moveit2/install/moveit_chomp_optimizer_adapter
[0.081s] -- The C compiler identification is GNU 11.3.0
[0.150s] -- The CXX compiler identification is GNU 11.3.0
[0.161s] -- Detecting C compiler ABI info
[0.234s] -- Detecting C compiler ABI info - done
[0.238s] -- Check for working C compiler: /usr/bin/cc - skipped
[0.239s] -- Detecting C compile features
[0.239s] -- Detecting C compile features - done
[0.243s] -- Detecting CXX compiler ABI info
[0.326s] -- Detecting CXX compiler ABI info - done
[0.335s] -- Check for working CXX compiler: /usr/bin/c++ - skipped
[0.336s] -- Detecting CXX compile features
[0.336s] -- Detecting CXX compile features - done
[0.338s] -- Found moveit_common: 2.5.4 (/home/w0x7ce/ws_moveit2/install/moveit_common/share/moveit_common/cmake)
[0.343s] -- Found ament_cmake: 1.3.3 (/opt/ros/humble/share/ament_cmake/cmake)
[0.539s] -- Found Python3: /usr/bin/python3.10 (found version "3.10.6") found components: Interpreter 
[0.749s] -- Found libdw: /usr/lib/x86_64-linux-gnu/libdw.so  
[0.759s] -- Could NOT find libbfd (missing: LIBBFD_LIBRARY LIBBFD_INCLUDE_DIR) 
[0.760s] -- BACKWARD_HAS_UNWIND=1
[0.760s] -- BACKWARD_HAS_BACKTRACE=0
[0.760s] -- BACKWARD_HAS_BACKTRACE_SYMBOL=0
[0.760s] -- BACKWARD_HAS_DW=1
[0.760s] -- BACKWARD_HAS_BFD=0
[0.761s] -- Found Backward: /opt/ros/humble/share/backward_ros/cmake  
[0.762s] [0mmoveit_chomp_optimizer_adapter: You did not request a specific build type: Choosing 'Release' for maximum performance[0m
[0.763s] -- Found chomp_motion_planner: 2.5.4 (/home/w0x7ce/ws_moveit2/install/chomp_motion_planner/share/chomp_motion_planner/cmake)
[0.764s] -- Found moveit_core: 2.5.4 (/home/w0x7ce/ws_moveit2/install/moveit_core/share/moveit_core/cmake)
[0.932s] -- Found Boost: /usr/lib/x86_64-linux-gnu/cmake/Boost-1.74.0/BoostConfig.cmake (found version "1.74.0") found components: chrono date_time filesystem iostreams program_options regex serialization system thread 
[0.952s] -- Found Boost: /usr/lib/x86_64-linux-gnu/cmake/Boost-1.74.0/BoostConfig.cmake (found version "1.74.0") found components: filesystem 
[1.027s] -- Found rosidl_generator_c: 3.1.4 (/opt/ros/humble/share/rosidl_generator_c/cmake)
[1.034s] -- Found rosidl_adapter: 3.1.4 (/opt/ros/humble/share/rosidl_adapter/cmake)
[1.047s] -- Found rosidl_generator_cpp: 3.1.4 (/opt/ros/humble/share/rosidl_generator_cpp/cmake)
[1.066s] -- Using all available rosidl_typesupport_c: rosidl_typesupport_fastrtps_c;rosidl_typesupport_introspection_c
[1.097s] -- Using all available rosidl_typesupport_cpp: rosidl_typesupport_fastrtps_cpp;rosidl_typesupport_introspection_cpp
[1.373s] -- Found rmw_implementation_cmake: 6.1.1 (/opt/ros/humble/share/rmw_implementation_cmake/cmake)
[1.377s] -- Found rmw_fastrtps_cpp: 6.2.2 (/opt/ros/humble/share/rmw_fastrtps_cpp/cmake)
[1.505s] -- Found OpenSSL: /usr/lib/x86_64-linux-gnu/libcrypto.so (found version "3.0.2")  
[1.538s] -- Found FastRTPS: /opt/ros/humble/include  
[1.603s] -- Using RMW implementation 'rmw_fastrtps_cpp' as default
[1.616s] -- Found Threads: TRUE  
[1.871s] -- library: /usr/lib/x86_64-linux-gnu/libcurl.so
[2.276s] -- Found Eigen3: TRUE (found version "3.4.0") 
[2.276s] -- Ensuring Eigen3 include directory is part of orocos-kdl CMake target
[3.867s] -- Found ament_lint_auto: 0.12.4 (/opt/ros/humble/share/ament_lint_auto/cmake)
[3.884s] -- Added test 'cppcheck' to perform static code analysis on C / C++ code
[3.884s] -- Configured cppcheck include dirs: 
[3.884s] -- Configured cppcheck exclude dirs and/or files: 
[3.885s] -- Added test 'xmllint' to check XML markup files
[3.887s] -- Configuring done
[3.929s] -- Generating done
[3.932s] -- Build files have been written to: /home/w0x7ce/ws_moveit2/build/moveit_chomp_optimizer_adapter
[3.951s] Invoked command in '/home/w0x7ce/ws_moveit2/build/moveit_chomp_optimizer_adapter' returned '0': AMENT_PREFIX_PATH=/home/w0x7ce/ws_moveit2/install/chomp_motion_planner:/home/w0x7ce/ws_moveit2/install/moveit_core:/home/w0x7ce/ws_moveit2/install/srdfdom:/home/w0x7ce/ws_moveit2/install/moveit_common:${AMENT_PREFIX_PATH} CMAKE_PREFIX_PATH=/home/w0x7ce/ws_moveit2/install/chomp_motion_planner:/home/w0x7ce/ws_moveit2/install/moveit_core:/home/w0x7ce/ws_moveit2/install/srdfdom:/home/w0x7ce/ws_moveit2/install/moveit_common:/opt/ros/humble LD_LIBRARY_PATH=/home/w0x7ce/ws_moveit2/install/chomp_motion_planner/lib:/home/w0x7ce/ws_moveit2/install/moveit_core/lib:/home/w0x7ce/ws_moveit2/install/srdfdom/lib:${LD_LIBRARY_PATH} PATH=/home/w0x7ce/ws_moveit2/install/moveit_core/bin:${PATH} PYTHONPATH=/home/w0x7ce/ws_moveit2/install/srdfdom/local/lib/python3.10/dist-packages:${PYTHONPATH} /usr/bin/cmake /home/w0x7ce/ws_moveit2/src/moveit2/moveit_planners/chomp/chomp_optimizer_adapter -DCMAKE_INSTALL_PREFIX=/home/w0x7ce/ws_moveit2/install/moveit_chomp_optimizer_adapter
[3.952s] Invoking command in '/home/w0x7ce/ws_moveit2/build/moveit_chomp_optimizer_adapter': AMENT_PREFIX_PATH=/home/w0x7ce/ws_moveit2/install/chomp_motion_planner:/home/w0x7ce/ws_moveit2/install/moveit_core:/home/w0x7ce/ws_moveit2/install/srdfdom:/home/w0x7ce/ws_moveit2/install/moveit_common:${AMENT_PREFIX_PATH} CMAKE_PREFIX_PATH=/home/w0x7ce/ws_moveit2/install/chomp_motion_planner:/home/w0x7ce/ws_moveit2/install/moveit_core:/home/w0x7ce/ws_moveit2/install/srdfdom:/home/w0x7ce/ws_moveit2/install/moveit_common:/opt/ros/humble LD_LIBRARY_PATH=/home/w0x7ce/ws_moveit2/install/chomp_motion_planner/lib:/home/w0x7ce/ws_moveit2/install/moveit_core/lib:/home/w0x7ce/ws_moveit2/install/srdfdom/lib:${LD_LIBRARY_PATH} PATH=/home/w0x7ce/ws_moveit2/install/moveit_core/bin:${PATH} PYTHONPATH=/home/w0x7ce/ws_moveit2/install/srdfdom/local/lib/python3.10/dist-packages:${PYTHONPATH} /usr/bin/cmake --build /home/w0x7ce/ws_moveit2/build/moveit_chomp_optimizer_adapter -- -j4 -l4
[3.993s] [ 50%] [32mBuilding CXX object CMakeFiles/moveit_chomp_optimizer_adapter.dir/src/chomp_optimizer_adapter.cpp.o[0m
[15.058s] [100%] [32m[1mLinking CXX shared library libmoveit_chomp_optimizer_adapter.so[0m
[15.269s] [100%] Built target moveit_chomp_optimizer_adapter
[15.276s] Invoked command in '/home/w0x7ce/ws_moveit2/build/moveit_chomp_optimizer_adapter' returned '0': AMENT_PREFIX_PATH=/home/w0x7ce/ws_moveit2/install/chomp_motion_planner:/home/w0x7ce/ws_moveit2/install/moveit_core:/home/w0x7ce/ws_moveit2/install/srdfdom:/home/w0x7ce/ws_moveit2/install/moveit_common:${AMENT_PREFIX_PATH} CMAKE_PREFIX_PATH=/home/w0x7ce/ws_moveit2/install/chomp_motion_planner:/home/w0x7ce/ws_moveit2/install/moveit_core:/home/w0x7ce/ws_moveit2/install/srdfdom:/home/w0x7ce/ws_moveit2/install/moveit_common:/opt/ros/humble LD_LIBRARY_PATH=/home/w0x7ce/ws_moveit2/install/chomp_motion_planner/lib:/home/w0x7ce/ws_moveit2/install/moveit_core/lib:/home/w0x7ce/ws_moveit2/install/srdfdom/lib:${LD_LIBRARY_PATH} PATH=/home/w0x7ce/ws_moveit2/install/moveit_core/bin:${PATH} PYTHONPATH=/home/w0x7ce/ws_moveit2/install/srdfdom/local/lib/python3.10/dist-packages:${PYTHONPATH} /usr/bin/cmake --build /home/w0x7ce/ws_moveit2/build/moveit_chomp_optimizer_adapter -- -j4 -l4
[15.301s] Invoking command in '/home/w0x7ce/ws_moveit2/build/moveit_chomp_optimizer_adapter': AMENT_PREFIX_PATH=/home/w0x7ce/ws_moveit2/install/chomp_motion_planner:/home/w0x7ce/ws_moveit2/install/moveit_core:/home/w0x7ce/ws_moveit2/install/srdfdom:/home/w0x7ce/ws_moveit2/install/moveit_common:${AMENT_PREFIX_PATH} CMAKE_PREFIX_PATH=/home/w0x7ce/ws_moveit2/install/chomp_motion_planner:/home/w0x7ce/ws_moveit2/install/moveit_core:/home/w0x7ce/ws_moveit2/install/srdfdom:/home/w0x7ce/ws_moveit2/install/moveit_common:/opt/ros/humble LD_LIBRARY_PATH=/home/w0x7ce/ws_moveit2/install/chomp_motion_planner/lib:/home/w0x7ce/ws_moveit2/install/moveit_core/lib:/home/w0x7ce/ws_moveit2/install/srdfdom/lib:${LD_LIBRARY_PATH} PATH=/home/w0x7ce/ws_moveit2/install/moveit_core/bin:${PATH} PYTHONPATH=/home/w0x7ce/ws_moveit2/install/srdfdom/local/lib/python3.10/dist-packages:${PYTHONPATH} /usr/bin/cmake --install /home/w0x7ce/ws_moveit2/build/moveit_chomp_optimizer_adapter
[15.309s] -- Install configuration: "Release"
[15.309s] -- Installing: /home/w0x7ce/ws_moveit2/install/moveit_chomp_optimizer_adapter/lib/libmoveit_chomp_optimizer_adapter.so.2.5.4
[15.309s] -- Set runtime path of "/home/w0x7ce/ws_moveit2/install/moveit_chomp_optimizer_adapter/lib/libmoveit_chomp_optimizer_adapter.so.2.5.4" to ""
[15.309s] -- Installing: /home/w0x7ce/ws_moveit2/install/moveit_chomp_optimizer_adapter/lib/libmoveit_chomp_optimizer_adapter.so
[15.309s] -- Installing: /home/w0x7ce/ws_moveit2/install/moveit_chomp_optimizer_adapter/share/moveit_chomp_optimizer_adapter/environment/library_path.sh
[15.309s] -- Installing: /home/w0x7ce/ws_moveit2/install/moveit_chomp_optimizer_adapter/share/moveit_chomp_optimizer_adapter/environment/library_path.dsv
[15.310s] -- Installing: /home/w0x7ce/ws_moveit2/install/moveit_chomp_optimizer_adapter/share/moveit_chomp_optimizer_adapter/chomp_optimizer_adapter_plugin_description.xml
[15.310s] -- Installing: /home/w0x7ce/ws_moveit2/install/moveit_chomp_optimizer_adapter/share/ament_index/resource_index/package_run_dependencies/moveit_chomp_optimizer_adapter
[15.310s] -- Installing: /home/w0x7ce/ws_moveit2/install/moveit_chomp_optimizer_adapter/share/ament_index/resource_index/parent_prefix_path/moveit_chomp_optimizer_adapter
[15.310s] -- Installing: /home/w0x7ce/ws_moveit2/install/moveit_chomp_optimizer_adapter/share/moveit_chomp_optimizer_adapter/environment/ament_prefix_path.sh
[15.310s] -- Installing: /home/w0x7ce/ws_moveit2/install/moveit_chomp_optimizer_adapter/share/moveit_chomp_optimizer_adapter/environment/ament_prefix_path.dsv
[15.310s] -- Installing: /home/w0x7ce/ws_moveit2/install/moveit_chomp_optimizer_adapter/share/moveit_chomp_optimizer_adapter/environment/path.sh
[15.310s] -- Installing: /home/w0x7ce/ws_moveit2/install/moveit_chomp_optimizer_adapter/share/moveit_chomp_optimizer_adapter/environment/path.dsv
[15.310s] -- Installing: /home/w0x7ce/ws_moveit2/install/moveit_chomp_optimizer_adapter/share/moveit_chomp_optimizer_adapter/local_setup.bash
[15.310s] -- Installing: /home/w0x7ce/ws_moveit2/install/moveit_chomp_optimizer_adapter/share/moveit_chomp_optimizer_adapter/local_setup.sh
[15.310s] -- Installing: /home/w0x7ce/ws_moveit2/install/moveit_chomp_optimizer_adapter/share/moveit_chomp_optimizer_adapter/local_setup.zsh
[15.310s] -- Installing: /home/w0x7ce/ws_moveit2/install/moveit_chomp_optimizer_adapter/share/moveit_chomp_optimizer_adapter/local_setup.dsv
[15.310s] -- Installing: /home/w0x7ce/ws_moveit2/install/moveit_chomp_optimizer_adapter/share/moveit_chomp_optimizer_adapter/package.dsv
[15.310s] -- Installing: /home/w0x7ce/ws_moveit2/install/moveit_chomp_optimizer_adapter/share/ament_index/resource_index/packages/moveit_chomp_optimizer_adapter
[15.310s] -- Installing: /home/w0x7ce/ws_moveit2/install/moveit_chomp_optimizer_adapter/share/ament_index/resource_index/moveit_core__pluginlib__plugin/moveit_chomp_optimizer_adapter
[15.311s] -- Installing: /home/w0x7ce/ws_moveit2/install/moveit_chomp_optimizer_adapter/share/moveit_chomp_optimizer_adapter/cmake/moveit_chomp_optimizer_adapterTargetsExport.cmake
[15.311s] -- Installing: /home/w0x7ce/ws_moveit2/install/moveit_chomp_optimizer_adapter/share/moveit_chomp_optimizer_adapter/cmake/moveit_chomp_optimizer_adapterTargetsExport-release.cmake
[15.311s] -- Installing: /home/w0x7ce/ws_moveit2/install/moveit_chomp_optimizer_adapter/share/moveit_chomp_optimizer_adapter/cmake/ament_cmake_export_targets-extras.cmake
[15.311s] -- Installing: /home/w0x7ce/ws_moveit2/install/moveit_chomp_optimizer_adapter/share/moveit_chomp_optimizer_adapter/cmake/moveit_chomp_optimizer_adapterConfig.cmake
[15.311s] -- Installing: /home/w0x7ce/ws_moveit2/install/moveit_chomp_optimizer_adapter/share/moveit_chomp_optimizer_adapter/cmake/moveit_chomp_optimizer_adapterConfig-version.cmake
[15.311s] -- Installing: /home/w0x7ce/ws_moveit2/install/moveit_chomp_optimizer_adapter/share/moveit_chomp_optimizer_adapter/package.xml
[15.318s] Invoked command in '/home/w0x7ce/ws_moveit2/build/moveit_chomp_optimizer_adapter' returned '0': AMENT_PREFIX_PATH=/home/w0x7ce/ws_moveit2/install/chomp_motion_planner:/home/w0x7ce/ws_moveit2/install/moveit_core:/home/w0x7ce/ws_moveit2/install/srdfdom:/home/w0x7ce/ws_moveit2/install/moveit_common:${AMENT_PREFIX_PATH} CMAKE_PREFIX_PATH=/home/w0x7ce/ws_moveit2/install/chomp_motion_planner:/home/w0x7ce/ws_moveit2/install/moveit_core:/home/w0x7ce/ws_moveit2/install/srdfdom:/home/w0x7ce/ws_moveit2/install/moveit_common:/opt/ros/humble LD_LIBRARY_PATH=/home/w0x7ce/ws_moveit2/install/chomp_motion_planner/lib:/home/w0x7ce/ws_moveit2/install/moveit_core/lib:/home/w0x7ce/ws_moveit2/install/srdfdom/lib:${LD_LIBRARY_PATH} PATH=/home/w0x7ce/ws_moveit2/install/moveit_core/bin:${PATH} PYTHONPATH=/home/w0x7ce/ws_moveit2/install/srdfdom/local/lib/python3.10/dist-packages:${PYTHONPATH} /usr/bin/cmake --install /home/w0x7ce/ws_moveit2/build/moveit_chomp_optimizer_adapter
