[0.123s] Invoking command in '/home/w0x7ce/ws_moveit2/build/srdfdom': CMAKE_PREFIX_PATH=/opt/ros/humble /usr/bin/cmake /home/w0x7ce/ws_moveit2/src/srdfdom -DCMAKE_INSTALL_PREFIX=/home/w0x7ce/ws_moveit2/install/srdfdom
[0.196s] -- The CXX compiler identification is GNU 11.3.0
[0.205s] -- Detecting CXX compiler ABI info
[0.290s] -- Detecting CXX compiler ABI info - done
[0.299s] -- Check for working CXX compiler: /usr/bin/c++ - skipped
[0.300s] -- Detecting CXX compile features
[0.300s] -- Detecting CXX compile features - done
[0.437s] -- Found Boost: /usr/lib/x86_64-linux-gnu/cmake/Boost-1.74.0/BoostConfig.cmake (found version "1.74.0")  
[0.472s] -- Found ament_cmake: 1.3.3 (/opt/ros/humble/share/ament_cmake/cmake)
[1.058s] -- Found Python3: /usr/bin/python3.10 (found version "3.10.6") found components: Interpreter 
[1.147s] -- Found urdf: 2.6.0 (/opt/ros/humble/share/urdf/cmake)
[1.208s] -- Found TinyXML2: /usr/lib/x86_64-linux-gnu/libtinyxml2.so  
[1.329s] -- Found ament_cmake_gtest: 1.3.3 (/opt/ros/humble/share/ament_cmake_gtest/cmake)
[1.329s] -- Found ament_cmake_pytest: 1.3.3 (/opt/ros/humble/share/ament_cmake_pytest/cmake)
[1.760s] -- Found gtest sources under '/opt/ros/humble/src/gtest_vendor': C++ tests using 'Google Test' will be built
[1.804s] -- The C compiler identification is GNU 11.3.0
[1.811s] -- Detecting C compiler ABI info
[1.871s] -- Detecting C compiler ABI info - done
[1.879s] -- Check for working C compiler: /usr/bin/cc - skipped
[1.879s] -- Detecting C compile features
[1.880s] -- Detecting C compile features - done
[1.882s] -- Performing Test CMAKE_HAVE_LIBC_PTHREAD
[1.960s] -- Performing Test CMAKE_HAVE_LIBC_PTHREAD - Success
[1.961s] -- Found Threads: TRUE  
[1.965s] -- Found ament_lint_auto: 0.12.4 (/opt/ros/humble/share/ament_lint_auto/cmake)
[1.984s] -- Configuring done
[1.999s] -- Generating done
[2.000s] -- Build files have been written to: /home/w0x7ce/ws_moveit2/build/srdfdom
[2.009s] Invoked command in '/home/w0x7ce/ws_moveit2/build/srdfdom' returned '0': CMAKE_PREFIX_PATH=/opt/ros/humble /usr/bin/cmake /home/w0x7ce/ws_moveit2/src/srdfdom -DCMAKE_INSTALL_PREFIX=/home/w0x7ce/ws_moveit2/install/srdfdom
[2.009s] Invoking command in '/home/w0x7ce/ws_moveit2/build/srdfdom': CMAKE_PREFIX_PATH=/opt/ros/humble /usr/bin/cmake --build /home/w0x7ce/ws_moveit2/build/srdfdom -- -j4 -l4
[2.043s] [  9%] [32mBuilding CXX object gtest/CMakeFiles/gtest_main.dir/src/gtest_main.cc.o[0m
[2.044s] [  9%] Built target ament_cmake_python_copy_srdfdom
[2.047s] [ 18%] [32mBuilding CXX object gtest/CMakeFiles/gtest.dir/src/gtest-all.cc.o[0m
[2.049s] [ 27%] [32mBuilding CXX object CMakeFiles/srdfdom.dir/src/model.cpp.o[0m
[2.522s] running egg_info
[2.523s] creating srdfdom.egg-info
[2.523s] writing srdfdom.egg-info/PKG-INFO
[2.523s] writing dependency_links to srdfdom.egg-info/dependency_links.txt
[2.523s] writing top-level names to srdfdom.egg-info/top_level.txt
[2.523s] writing manifest file 'srdfdom.egg-info/SOURCES.txt'
[2.585s] reading manifest file 'srdfdom.egg-info/SOURCES.txt'
[2.586s] writing manifest file 'srdfdom.egg-info/SOURCES.txt'
[2.627s] [ 27%] Built target ament_cmake_python_build_srdfdom_egg
[2.631s] [ 36%] [32mBuilding CXX object CMakeFiles/srdfdom.dir/src/srdf_writer.cpp.o[0m
[2.732s] [ 45%] [32m[1mLinking CXX static library libgtest_main.a[0m
[2.854s] [ 45%] Built target gtest_main
[5.469s] [ 54%] [32m[1mLinking CXX static library libgtest.a[0m
[5.565s] [ 54%] Built target gtest
[6.407s] [ 63%] [32m[1mLinking CXX shared library libsrdfdom.so[0m
[6.543s] [ 63%] Built target srdfdom
[6.558s] [ 72%] [32mBuilding CXX object CMakeFiles/test_cpp_C.dir/test/test_parser.cpp.o[0m
[6.572s] [ 81%] [32mBuilding CXX object CMakeFiles/test_cpp_nl_NL.UTF-8.dir/test/test_parser.cpp.o[0m
[8.144s] [ 90%] [32m[1mLinking CXX executable test_cpp_C[0m
[8.246s] [100%] [32m[1mLinking CXX executable test_cpp_nl_NL.UTF-8[0m
[8.396s] [100%] Built target test_cpp_C
[8.722s] [100%] Built target test_cpp_nl_NL.UTF-8
[8.832s] Invoked command in '/home/w0x7ce/ws_moveit2/build/srdfdom' returned '0': CMAKE_PREFIX_PATH=/opt/ros/humble /usr/bin/cmake --build /home/w0x7ce/ws_moveit2/build/srdfdom -- -j4 -l4
[8.859s] Invoking command in '/home/w0x7ce/ws_moveit2/build/srdfdom': CMAKE_PREFIX_PATH=/opt/ros/humble /usr/bin/cmake --install /home/w0x7ce/ws_moveit2/build/srdfdom
[8.863s] -- Install configuration: ""
[8.863s] -- Installing: /home/w0x7ce/ws_moveit2/install/srdfdom/lib/libsrdfdom.so.2.0.4
[8.864s] -- Set runtime path of "/home/w0x7ce/ws_moveit2/install/srdfdom/lib/libsrdfdom.so.2.0.4" to ""
[8.865s] -- Installing: /home/w0x7ce/ws_moveit2/install/srdfdom/lib/libsrdfdom.so
[8.865s] -- Installing: /home/w0x7ce/ws_moveit2/install/srdfdom/include/srdfdom
[8.865s] -- Installing: /home/w0x7ce/ws_moveit2/install/srdfdom/include/srdfdom/srdf_writer.h
[8.865s] -- Installing: /home/w0x7ce/ws_moveit2/install/srdfdom/include/srdfdom/visibility_control.h
[8.865s] -- Installing: /home/w0x7ce/ws_moveit2/install/srdfdom/include/srdfdom/model.h
[8.865s] -- Installing: /home/w0x7ce/ws_moveit2/install/srdfdom/lib/srdfdom/display_srdf
[8.865s] -- Installing: /home/w0x7ce/ws_moveit2/install/srdfdom/share/srdfdom/environment/pythonpath.sh
[8.865s] -- Installing: /home/w0x7ce/ws_moveit2/install/srdfdom/share/srdfdom/environment/pythonpath.dsv
[8.865s] -- Installing: /home/w0x7ce/ws_moveit2/install/srdfdom/local/lib/python3.10/dist-packages/srdfdom-2.0.4-py3.10.egg-info
[8.866s] -- Installing: /home/w0x7ce/ws_moveit2/install/srdfdom/local/lib/python3.10/dist-packages/srdfdom-2.0.4-py3.10.egg-info/dependency_links.txt
[8.866s] -- Installing: /home/w0x7ce/ws_moveit2/install/srdfdom/local/lib/python3.10/dist-packages/srdfdom-2.0.4-py3.10.egg-info/SOURCES.txt
[8.866s] -- Installing: /home/w0x7ce/ws_moveit2/install/srdfdom/local/lib/python3.10/dist-packages/srdfdom-2.0.4-py3.10.egg-info/top_level.txt
[8.866s] -- Installing: /home/w0x7ce/ws_moveit2/install/srdfdom/local/lib/python3.10/dist-packages/srdfdom-2.0.4-py3.10.egg-info/PKG-INFO
[8.866s] -- Installing: /home/w0x7ce/ws_moveit2/install/srdfdom/local/lib/python3.10/dist-packages/srdfdom
[8.866s] -- Installing: /home/w0x7ce/ws_moveit2/install/srdfdom/local/lib/python3.10/dist-packages/srdfdom/srdf.py
[8.866s] -- Installing: /home/w0x7ce/ws_moveit2/install/srdfdom/local/lib/python3.10/dist-packages/srdfdom/__init__.py
[8.900s] Listing '/home/w0x7ce/ws_moveit2/install/srdfdom/local/lib/python3.10/dist-packages/srdfdom'...
[8.900s] Compiling '/home/w0x7ce/ws_moveit2/install/srdfdom/local/lib/python3.10/dist-packages/srdfdom/__init__.py'...
[8.900s] Compiling '/home/w0x7ce/ws_moveit2/install/srdfdom/local/lib/python3.10/dist-packages/srdfdom/srdf.py'...
[8.904s] -- Installing: /home/w0x7ce/ws_moveit2/install/srdfdom/share/srdfdom/environment/library_path.sh
[8.904s] -- Installing: /home/w0x7ce/ws_moveit2/install/srdfdom/share/srdfdom/environment/library_path.dsv
[8.905s] -- Installing: /home/w0x7ce/ws_moveit2/install/srdfdom/share/ament_index/resource_index/package_run_dependencies/srdfdom
[8.905s] -- Installing: /home/w0x7ce/ws_moveit2/install/srdfdom/share/ament_index/resource_index/parent_prefix_path/srdfdom
[8.905s] -- Installing: /home/w0x7ce/ws_moveit2/install/srdfdom/share/srdfdom/environment/ament_prefix_path.sh
[8.905s] -- Installing: /home/w0x7ce/ws_moveit2/install/srdfdom/share/srdfdom/environment/ament_prefix_path.dsv
[8.905s] -- Installing: /home/w0x7ce/ws_moveit2/install/srdfdom/share/srdfdom/environment/path.sh
[8.905s] -- Installing: /home/w0x7ce/ws_moveit2/install/srdfdom/share/srdfdom/environment/path.dsv
[8.905s] -- Installing: /home/w0x7ce/ws_moveit2/install/srdfdom/share/srdfdom/local_setup.bash
[8.905s] -- Installing: /home/w0x7ce/ws_moveit2/install/srdfdom/share/srdfdom/local_setup.sh
[8.906s] -- Installing: /home/w0x7ce/ws_moveit2/install/srdfdom/share/srdfdom/local_setup.zsh
[8.906s] -- Installing: /home/w0x7ce/ws_moveit2/install/srdfdom/share/srdfdom/local_setup.dsv
[8.906s] -- Installing: /home/w0x7ce/ws_moveit2/install/srdfdom/share/srdfdom/package.dsv
[8.906s] -- Installing: /home/w0x7ce/ws_moveit2/install/srdfdom/share/ament_index/resource_index/packages/srdfdom
[8.906s] -- Installing: /home/w0x7ce/ws_moveit2/install/srdfdom/share/srdfdom/cmake/srdfdomTargetsExport.cmake
[8.907s] -- Installing: /home/w0x7ce/ws_moveit2/install/srdfdom/share/srdfdom/cmake/srdfdomTargetsExport-noconfig.cmake
[8.907s] -- Installing: /home/w0x7ce/ws_moveit2/install/srdfdom/share/srdfdom/cmake/ament_cmake_export_targets-extras.cmake
[8.907s] -- Installing: /home/w0x7ce/ws_moveit2/install/srdfdom/share/srdfdom/cmake/ament_cmake_export_dependencies-extras.cmake
[8.907s] -- Installing: /home/w0x7ce/ws_moveit2/install/srdfdom/share/srdfdom/cmake/srdfdomConfig.cmake
[8.907s] -- Installing: /home/w0x7ce/ws_moveit2/install/srdfdom/share/srdfdom/cmake/srdfdomConfig-version.cmake
[8.907s] -- Installing: /home/w0x7ce/ws_moveit2/install/srdfdom/share/srdfdom/package.xml
[8.919s] Invoked command in '/home/w0x7ce/ws_moveit2/build/srdfdom' returned '0': CMAKE_PREFIX_PATH=/opt/ros/humble /usr/bin/cmake --install /home/w0x7ce/ws_moveit2/build/srdfdom
