[1.625s] Invoking command in '/home/w0x7ce/ws_moveit2/build/moveit_core': CMAKE_PREFIX_PATH=/home/w0x7ce/ws_moveit2/install/moveit_resources_panda_moveit_config:/home/w0x7ce/ws_moveit2/install/srdfdom:/home/w0x7ce/ws_moveit2/install/moveit_resources_pr2_description:/home/w0x7ce/ws_moveit2/install/moveit_resources_panda_description:/home/w0x7ce/ws_moveit2/install/moveit_common:/home/w0x7ce/ws_moveit2/install/pilz_industrial_motion_planner_testutils:/home/w0x7ce/ws_moveit2/install/moveit_runtime:/home/w0x7ce/ws_moveit2/install/moveit2_tutorials:/home/w0x7ce/ws_moveit2/install/moveit:/home/w0x7ce/ws_moveit2/install/moveit_planners:/home/w0x7ce/ws_moveit2/install/pilz_industrial_motion_planner:/home/w0x7ce/ws_moveit2/install/moveit_visual_tools:/home/w0x7ce/ws_moveit2/install/moveit_task_constructor_visualization:/home/w0x7ce/ws_moveit2/install/moveit_task_constructor_demo:/home/w0x7ce/ws_moveit2/install/moveit_task_constructor_capabilities:/home/w0x7ce/ws_moveit2/install/moveit_task_constructor_core:/home/w0x7ce/ws_moveit2/install/moveit_ros_control_interface:/home/w0x7ce/ws_moveit2/install/moveit_plugins:/home/w0x7ce/ws_moveit2/install/moveit_simple_controller_manager:/home/w0x7ce/ws_moveit2/install/moveit_setup_assistant:/home/w0x7ce/ws_moveit2/install/moveit_setup_srdf_plugins:/home/w0x7ce/ws_moveit2/install/moveit_setup_core_plugins:/home/w0x7ce/ws_moveit2/install/moveit_setup_controllers:/home/w0x7ce/ws_moveit2/install/moveit_setup_app_plugins:/home/w0x7ce/ws_moveit2/install/moveit_setup_framework:/home/w0x7ce/ws_moveit2/install/moveit_servo:/home/w0x7ce/ws_moveit2/install/moveit_ros:/home/w0x7ce/ws_moveit2/install/moveit_ros_visualization:/home/w0x7ce/ws_moveit2/install/moveit_hybrid_planning:/home/w0x7ce/ws_moveit2/install/moveit_ros_planning_interface:/home/w0x7ce/ws_moveit2/install/moveit_ros_benchmarks:/home/w0x7ce/ws_moveit2/install/moveit_ros_warehouse:/home/w0x7ce/ws_moveit2/install/moveit_ros_robot_interaction:/home/w0x7ce/ws_moveit2/install/moveit_ros_perception:/home/w0x7ce/ws_moveit2/install/moveit_resources_prbt_pg70_support:/home/w0x7ce/ws_moveit2/install/moveit_resources_prbt_moveit_config:/home/w0x7ce/ws_moveit2/install/moveit_ros_move_group:/home/w0x7ce/ws_moveit2/install/moveit_planners_ompl:/home/w0x7ce/ws_moveit2/install/moveit_ros_planning:/home/w0x7ce/ws_moveit2/install/moveit_ros_occupancy_map_monitor:/home/w0x7ce/ws_moveit2/install/moveit_resources_prbt_ikfast_manipulator_plugin:/home/w0x7ce/ws_moveit2/install/moveit_planners_chomp:/home/w0x7ce/ws_moveit2/install/moveit_kinematics:/home/w0x7ce/ws_moveit2/install/moveit_chomp_optimizer_adapter:/home/w0x7ce/ws_moveit2/install/chomp_motion_planner:/home/w0x7ce/ws_moveit2/install/moveit_core:/home/w0x7ce/ws_moveit2/install/rviz_marker_tools:/home/w0x7ce/ws_moveit2/install/rosparam_shortcuts:/home/w0x7ce/ws_moveit2/install/moveit_task_constructor_msgs:/home/w0x7ce/ws_moveit2/install/moveit_resources_prbt_support:/home/w0x7ce/ws_moveit2/install/moveit_resources:/home/w0x7ce/ws_moveit2/install/moveit_resources_fanuc_moveit_config:/home/w0x7ce/ws_moveit2/install/moveit_resources_fanuc_description:/home/w0x7ce/ws_moveit2/install/moveit_configs_utils:/home/w0x7ce/ws_moveit2/install/launch_param_builder:/opt/ros/humble LD_LIBRARY_PATH=/home/w0x7ce/ws_moveit2/install/srdfdom/lib:/home/w0x7ce/ws_moveit2/install/pilz_industrial_motion_planner_testutils/lib:/home/w0x7ce/ws_moveit2/install/pilz_industrial_motion_planner/lib:/home/w0x7ce/ws_moveit2/install/moveit_visual_tools/lib:/home/w0x7ce/ws_moveit2/install/moveit_task_constructor_visualization/lib:/home/w0x7ce/ws_moveit2/install/moveit_task_constructor_demo/lib:/home/w0x7ce/ws_moveit2/install/moveit_task_constructor_capabilities/lib:/home/w0x7ce/ws_moveit2/install/moveit_task_constructor_core/lib:/home/w0x7ce/ws_moveit2/install/moveit_ros_control_interface/lib:/home/w0x7ce/ws_moveit2/install/moveit_simple_controller_manager/lib:/home/w0x7ce/ws_moveit2/install/moveit_setup_assistant/lib:/home/w0x7ce/ws_moveit2/install/moveit_setup_srdf_plugins/lib:/home/w0x7ce/ws_moveit2/install/moveit_setup_core_plugins/lib:/home/w0x7ce/ws_moveit2/install/moveit_setup_controllers/lib:/home/w0x7ce/ws_moveit2/install/moveit_setup_app_plugins/lib:/home/w0x7ce/ws_moveit2/install/moveit_setup_framework/lib:/home/w0x7ce/ws_moveit2/install/moveit_servo/lib:/home/w0x7ce/ws_moveit2/install/moveit_ros_visualization/lib:/home/w0x7ce/ws_moveit2/install/moveit_hybrid_planning/lib:/home/w0x7ce/ws_moveit2/install/moveit_ros_planning_interface/lib:/home/w0x7ce/ws_moveit2/install/moveit_ros_benchmarks/lib:/home/w0x7ce/ws_moveit2/install/moveit_ros_warehouse/lib:/home/w0x7ce/ws_moveit2/install/moveit_ros_robot_interaction/lib:/home/w0x7ce/ws_moveit2/install/moveit_ros_perception/lib:/home/w0x7ce/ws_moveit2/install/moveit_ros_move_group/lib:/home/w0x7ce/ws_moveit2/install/moveit_planners_ompl/lib:/home/w0x7ce/ws_moveit2/install/moveit_ros_planning/lib:/home/w0x7ce/ws_moveit2/install/moveit_ros_occupancy_map_monitor/lib:/home/w0x7ce/ws_moveit2/install/moveit_resources_prbt_ikfast_manipulator_plugin/lib:/home/w0x7ce/ws_moveit2/install/moveit_planners_chomp/lib:/home/w0x7ce/ws_moveit2/install/moveit_kinematics/lib:/home/w0x7ce/ws_moveit2/install/moveit_chomp_optimizer_adapter/lib:/home/w0x7ce/ws_moveit2/install/chomp_motion_planner/lib:/home/w0x7ce/ws_moveit2/install/moveit_core/lib:/home/w0x7ce/ws_moveit2/install/rviz_marker_tools/lib:/home/w0x7ce/ws_moveit2/install/rosparam_shortcuts/lib:/home/w0x7ce/ws_moveit2/install/moveit_task_constructor_msgs/lib:/usr/lib/x86_64-linux-gnu/gazebo-11/plugins:/opt/ros/humble/opt/rviz_ogre_vendor/lib:/opt/ros/humble/lib/x86_64-linux-gnu:/opt/ros/humble/lib /usr/bin/cmake --build /home/w0x7ce/ws_moveit2/build/moveit_core -- -j4 -l4
[4.365s] [  1%] Built target moveit_exceptions
[4.551s] [  2%] Built target moveit_transforms
[4.684s] [  4%] Built target moveit_utils
[4.794s] [  5%] Built target gtest
[4.865s] [  6%] Built target gtest_main
[4.985s] [  8%] Built target gmock
[5.050s] [  9%] Built target moveit_kinematics_base
[5.080s] [ 10%] Built target gmock_main
[5.246s] [ 11%] Built target moveit_version
[5.374s] [ 12%] Built target test_transforms
[5.455s] [ 13%] Built target moveit_smoothing_base
[5.598s] [ 19%] Built target moveit_robot_model
[5.777s] [ 21%] Built target moveit_distance_field
[5.855s] [ 22%] Built target moveit_butterworth_filter
[5.946s] [ 25%] Built target moveit_robot_state
[5.997s] [ 26%] Built target test_voxel_grid
[6.034s] [ 27%] Built target test_distance_field
[6.130s] [ 29%] Built target test_butterworth_filter
[6.255s] [ 31%] Built target moveit_robot_trajectory
[6.297s] [ 32%] Built target moveit_test_utils
[6.377s] [ 38%] Built target moveit_collision_detection
[6.398s] [ 40%] Built target moveit_kinematics_metrics
[6.445s] [ 41%] Built target moveit_dynamics_solver
[6.535s] [ 42%] Built target moveit_planning_interface
[6.626s] [ 44%] Built target test_robot_model
[6.626s] [ 44%] Built target test_robot_state_benchmark
[6.627s] [ 46%] Built target test_robot_state
[6.659s] [ 47%] Built target test_robot_state_complex
[6.672s] [ 49%] Built target test_aabb
[6.672s] [ 50%] Built target test_cartesian_interpolator
[6.674s] [ 51%] Built target test_robot_trajectory
[6.758s] [ 52%] Built target test_world
[6.860s] [ 54%] Built target test_world_diff
[6.863s] [ 55%] Built target test_all_valid
[7.119s] [ 57%] Built target moveit_collision_detection_fcl
[7.205s] [ 62%] Built target moveit_collision_detection_bullet
[7.215s] [ 66%] Built target moveit_trajectory_processing
[7.398s] [ 69%] Built target test_fcl_collision_detection
[7.399s] [ 69%] Built target test_fcl_collision_env
[7.404s] [ 70%] Built target test_fcl_collision_detection_panda
[7.439s] [ 72%] Built target moveit_kinematic_constraints
[7.558s] [ 75%] Built target test_time_optimal_trajectory_generation
[7.558s] [ 76%] Built target test_time_parameterization
[7.560s] [ 74%] Built target test_ruckig_traj_smoothing
[7.563s] [ 77%] Built target test_bullet_collision_detection
[7.746s] [ 78%] Built target test_bullet_collision_detection_panda
[7.821s] [ 79%] Built target test_constraints
[7.827s] [ 80%] Built target moveit_planning_scene
[7.851s] [ 81%] Built target test_bullet_continuous_collision_checking
[7.948s] [ 82%] Built target test_orientation_constraints
[8.161s] [ 88%] Built target moveit_constraint_samplers
[8.161s] [ 88%] Built target moveit_planning_request_adapter
[8.166s] [ 91%] Built target moveit_collision_distance_field
[8.239s] [ 92%] Built target test_planning_scene
[8.270s] [ 93%] Built target test_multi_threaded
[8.280s] [ 94%] Built target test_collision_objects
[8.293s] [ 95%] Built target collision_detector_bullet_plugin
[8.321s] [ 96%] Built target collision_detector_fcl_plugin
[8.443s] [ 97%] Built target test_collision_distance_field
[8.511s] [100%] Built target test_constraint_samplers
[8.536s] Invoked command in '/home/w0x7ce/ws_moveit2/build/moveit_core' returned '0': CMAKE_PREFIX_PATH=/home/w0x7ce/ws_moveit2/install/moveit_resources_panda_moveit_config:/home/w0x7ce/ws_moveit2/install/srdfdom:/home/w0x7ce/ws_moveit2/install/moveit_resources_pr2_description:/home/w0x7ce/ws_moveit2/install/moveit_resources_panda_description:/home/w0x7ce/ws_moveit2/install/moveit_common:/home/w0x7ce/ws_moveit2/install/pilz_industrial_motion_planner_testutils:/home/w0x7ce/ws_moveit2/install/moveit_runtime:/home/w0x7ce/ws_moveit2/install/moveit2_tutorials:/home/w0x7ce/ws_moveit2/install/moveit:/home/w0x7ce/ws_moveit2/install/moveit_planners:/home/w0x7ce/ws_moveit2/install/pilz_industrial_motion_planner:/home/w0x7ce/ws_moveit2/install/moveit_visual_tools:/home/w0x7ce/ws_moveit2/install/moveit_task_constructor_visualization:/home/w0x7ce/ws_moveit2/install/moveit_task_constructor_demo:/home/w0x7ce/ws_moveit2/install/moveit_task_constructor_capabilities:/home/w0x7ce/ws_moveit2/install/moveit_task_constructor_core:/home/w0x7ce/ws_moveit2/install/moveit_ros_control_interface:/home/w0x7ce/ws_moveit2/install/moveit_plugins:/home/w0x7ce/ws_moveit2/install/moveit_simple_controller_manager:/home/w0x7ce/ws_moveit2/install/moveit_setup_assistant:/home/w0x7ce/ws_moveit2/install/moveit_setup_srdf_plugins:/home/w0x7ce/ws_moveit2/install/moveit_setup_core_plugins:/home/w0x7ce/ws_moveit2/install/moveit_setup_controllers:/home/w0x7ce/ws_moveit2/install/moveit_setup_app_plugins:/home/w0x7ce/ws_moveit2/install/moveit_setup_framework:/home/w0x7ce/ws_moveit2/install/moveit_servo:/home/w0x7ce/ws_moveit2/install/moveit_ros:/home/w0x7ce/ws_moveit2/install/moveit_ros_visualization:/home/w0x7ce/ws_moveit2/install/moveit_hybrid_planning:/home/w0x7ce/ws_moveit2/install/moveit_ros_planning_interface:/home/w0x7ce/ws_moveit2/install/moveit_ros_benchmarks:/home/w0x7ce/ws_moveit2/install/moveit_ros_warehouse:/home/w0x7ce/ws_moveit2/install/moveit_ros_robot_interaction:/home/w0x7ce/ws_moveit2/install/moveit_ros_perception:/home/w0x7ce/ws_moveit2/install/moveit_resources_prbt_pg70_support:/home/w0x7ce/ws_moveit2/install/moveit_resources_prbt_moveit_config:/home/w0x7ce/ws_moveit2/install/moveit_ros_move_group:/home/w0x7ce/ws_moveit2/install/moveit_planners_ompl:/home/w0x7ce/ws_moveit2/install/moveit_ros_planning:/home/w0x7ce/ws_moveit2/install/moveit_ros_occupancy_map_monitor:/home/w0x7ce/ws_moveit2/install/moveit_resources_prbt_ikfast_manipulator_plugin:/home/w0x7ce/ws_moveit2/install/moveit_planners_chomp:/home/w0x7ce/ws_moveit2/install/moveit_kinematics:/home/w0x7ce/ws_moveit2/install/moveit_chomp_optimizer_adapter:/home/w0x7ce/ws_moveit2/install/chomp_motion_planner:/home/w0x7ce/ws_moveit2/install/moveit_core:/home/w0x7ce/ws_moveit2/install/rviz_marker_tools:/home/w0x7ce/ws_moveit2/install/rosparam_shortcuts:/home/w0x7ce/ws_moveit2/install/moveit_task_constructor_msgs:/home/w0x7ce/ws_moveit2/install/moveit_resources_prbt_support:/home/w0x7ce/ws_moveit2/install/moveit_resources:/home/w0x7ce/ws_moveit2/install/moveit_resources_fanuc_moveit_config:/home/w0x7ce/ws_moveit2/install/moveit_resources_fanuc_description:/home/w0x7ce/ws_moveit2/install/moveit_configs_utils:/home/w0x7ce/ws_moveit2/install/launch_param_builder:/opt/ros/humble LD_LIBRARY_PATH=/home/w0x7ce/ws_moveit2/install/srdfdom/lib:/home/w0x7ce/ws_moveit2/install/pilz_industrial_motion_planner_testutils/lib:/home/w0x7ce/ws_moveit2/install/pilz_industrial_motion_planner/lib:/home/w0x7ce/ws_moveit2/install/moveit_visual_tools/lib:/home/w0x7ce/ws_moveit2/install/moveit_task_constructor_visualization/lib:/home/w0x7ce/ws_moveit2/install/moveit_task_constructor_demo/lib:/home/w0x7ce/ws_moveit2/install/moveit_task_constructor_capabilities/lib:/home/w0x7ce/ws_moveit2/install/moveit_task_constructor_core/lib:/home/w0x7ce/ws_moveit2/install/moveit_ros_control_interface/lib:/home/w0x7ce/ws_moveit2/install/moveit_simple_controller_manager/lib:/home/w0x7ce/ws_moveit2/install/moveit_setup_assistant/lib:/home/w0x7ce/ws_moveit2/install/moveit_setup_srdf_plugins/lib:/home/w0x7ce/ws_moveit2/install/moveit_setup_core_plugins/lib:/home/w0x7ce/ws_moveit2/install/moveit_setup_controllers/lib:/home/w0x7ce/ws_moveit2/install/moveit_setup_app_plugins/lib:/home/w0x7ce/ws_moveit2/install/moveit_setup_framework/lib:/home/w0x7ce/ws_moveit2/install/moveit_servo/lib:/home/w0x7ce/ws_moveit2/install/moveit_ros_visualization/lib:/home/w0x7ce/ws_moveit2/install/moveit_hybrid_planning/lib:/home/w0x7ce/ws_moveit2/install/moveit_ros_planning_interface/lib:/home/w0x7ce/ws_moveit2/install/moveit_ros_benchmarks/lib:/home/w0x7ce/ws_moveit2/install/moveit_ros_warehouse/lib:/home/w0x7ce/ws_moveit2/install/moveit_ros_robot_interaction/lib:/home/w0x7ce/ws_moveit2/install/moveit_ros_perception/lib:/home/w0x7ce/ws_moveit2/install/moveit_ros_move_group/lib:/home/w0x7ce/ws_moveit2/install/moveit_planners_ompl/lib:/home/w0x7ce/ws_moveit2/install/moveit_ros_planning/lib:/home/w0x7ce/ws_moveit2/install/moveit_ros_occupancy_map_monitor/lib:/home/w0x7ce/ws_moveit2/install/moveit_resources_prbt_ikfast_manipulator_plugin/lib:/home/w0x7ce/ws_moveit2/install/moveit_planners_chomp/lib:/home/w0x7ce/ws_moveit2/install/moveit_kinematics/lib:/home/w0x7ce/ws_moveit2/install/moveit_chomp_optimizer_adapter/lib:/home/w0x7ce/ws_moveit2/install/chomp_motion_planner/lib:/home/w0x7ce/ws_moveit2/install/moveit_core/lib:/home/w0x7ce/ws_moveit2/install/rviz_marker_tools/lib:/home/w0x7ce/ws_moveit2/install/rosparam_shortcuts/lib:/home/w0x7ce/ws_moveit2/install/moveit_task_constructor_msgs/lib:/usr/lib/x86_64-linux-gnu/gazebo-11/plugins:/opt/ros/humble/opt/rviz_ogre_vendor/lib:/opt/ros/humble/lib/x86_64-linux-gnu:/opt/ros/humble/lib /usr/bin/cmake --build /home/w0x7ce/ws_moveit2/build/moveit_core -- -j4 -l4
[8.779s] Invoking command in '/home/w0x7ce/ws_moveit2/build/moveit_core': CMAKE_PREFIX_PATH=/home/w0x7ce/ws_moveit2/install/moveit_resources_panda_moveit_config:/home/w0x7ce/ws_moveit2/install/srdfdom:/home/w0x7ce/ws_moveit2/install/moveit_resources_pr2_description:/home/w0x7ce/ws_moveit2/install/moveit_resources_panda_description:/home/w0x7ce/ws_moveit2/install/moveit_common:/home/w0x7ce/ws_moveit2/install/pilz_industrial_motion_planner_testutils:/home/w0x7ce/ws_moveit2/install/moveit_runtime:/home/w0x7ce/ws_moveit2/install/moveit2_tutorials:/home/w0x7ce/ws_moveit2/install/moveit:/home/w0x7ce/ws_moveit2/install/moveit_planners:/home/w0x7ce/ws_moveit2/install/pilz_industrial_motion_planner:/home/w0x7ce/ws_moveit2/install/moveit_visual_tools:/home/w0x7ce/ws_moveit2/install/moveit_task_constructor_visualization:/home/w0x7ce/ws_moveit2/install/moveit_task_constructor_demo:/home/w0x7ce/ws_moveit2/install/moveit_task_constructor_capabilities:/home/w0x7ce/ws_moveit2/install/moveit_task_constructor_core:/home/w0x7ce/ws_moveit2/install/moveit_ros_control_interface:/home/w0x7ce/ws_moveit2/install/moveit_plugins:/home/w0x7ce/ws_moveit2/install/moveit_simple_controller_manager:/home/w0x7ce/ws_moveit2/install/moveit_setup_assistant:/home/w0x7ce/ws_moveit2/install/moveit_setup_srdf_plugins:/home/w0x7ce/ws_moveit2/install/moveit_setup_core_plugins:/home/w0x7ce/ws_moveit2/install/moveit_setup_controllers:/home/w0x7ce/ws_moveit2/install/moveit_setup_app_plugins:/home/w0x7ce/ws_moveit2/install/moveit_setup_framework:/home/w0x7ce/ws_moveit2/install/moveit_servo:/home/w0x7ce/ws_moveit2/install/moveit_ros:/home/w0x7ce/ws_moveit2/install/moveit_ros_visualization:/home/w0x7ce/ws_moveit2/install/moveit_hybrid_planning:/home/w0x7ce/ws_moveit2/install/moveit_ros_planning_interface:/home/w0x7ce/ws_moveit2/install/moveit_ros_benchmarks:/home/w0x7ce/ws_moveit2/install/moveit_ros_warehouse:/home/w0x7ce/ws_moveit2/install/moveit_ros_robot_interaction:/home/w0x7ce/ws_moveit2/install/moveit_ros_perception:/home/w0x7ce/ws_moveit2/install/moveit_resources_prbt_pg70_support:/home/w0x7ce/ws_moveit2/install/moveit_resources_prbt_moveit_config:/home/w0x7ce/ws_moveit2/install/moveit_ros_move_group:/home/w0x7ce/ws_moveit2/install/moveit_planners_ompl:/home/w0x7ce/ws_moveit2/install/moveit_ros_planning:/home/w0x7ce/ws_moveit2/install/moveit_ros_occupancy_map_monitor:/home/w0x7ce/ws_moveit2/install/moveit_resources_prbt_ikfast_manipulator_plugin:/home/w0x7ce/ws_moveit2/install/moveit_planners_chomp:/home/w0x7ce/ws_moveit2/install/moveit_kinematics:/home/w0x7ce/ws_moveit2/install/moveit_chomp_optimizer_adapter:/home/w0x7ce/ws_moveit2/install/chomp_motion_planner:/home/w0x7ce/ws_moveit2/install/moveit_core:/home/w0x7ce/ws_moveit2/install/rviz_marker_tools:/home/w0x7ce/ws_moveit2/install/rosparam_shortcuts:/home/w0x7ce/ws_moveit2/install/moveit_task_constructor_msgs:/home/w0x7ce/ws_moveit2/install/moveit_resources_prbt_support:/home/w0x7ce/ws_moveit2/install/moveit_resources:/home/w0x7ce/ws_moveit2/install/moveit_resources_fanuc_moveit_config:/home/w0x7ce/ws_moveit2/install/moveit_resources_fanuc_description:/home/w0x7ce/ws_moveit2/install/moveit_configs_utils:/home/w0x7ce/ws_moveit2/install/launch_param_builder:/opt/ros/humble LD_LIBRARY_PATH=/home/w0x7ce/ws_moveit2/install/srdfdom/lib:/home/w0x7ce/ws_moveit2/install/pilz_industrial_motion_planner_testutils/lib:/home/w0x7ce/ws_moveit2/install/pilz_industrial_motion_planner/lib:/home/w0x7ce/ws_moveit2/install/moveit_visual_tools/lib:/home/w0x7ce/ws_moveit2/install/moveit_task_constructor_visualization/lib:/home/w0x7ce/ws_moveit2/install/moveit_task_constructor_demo/lib:/home/w0x7ce/ws_moveit2/install/moveit_task_constructor_capabilities/lib:/home/w0x7ce/ws_moveit2/install/moveit_task_constructor_core/lib:/home/w0x7ce/ws_moveit2/install/moveit_ros_control_interface/lib:/home/w0x7ce/ws_moveit2/install/moveit_simple_controller_manager/lib:/home/w0x7ce/ws_moveit2/install/moveit_setup_assistant/lib:/home/w0x7ce/ws_moveit2/install/moveit_setup_srdf_plugins/lib:/home/w0x7ce/ws_moveit2/install/moveit_setup_core_plugins/lib:/home/w0x7ce/ws_moveit2/install/moveit_setup_controllers/lib:/home/w0x7ce/ws_moveit2/install/moveit_setup_app_plugins/lib:/home/w0x7ce/ws_moveit2/install/moveit_setup_framework/lib:/home/w0x7ce/ws_moveit2/install/moveit_servo/lib:/home/w0x7ce/ws_moveit2/install/moveit_ros_visualization/lib:/home/w0x7ce/ws_moveit2/install/moveit_hybrid_planning/lib:/home/w0x7ce/ws_moveit2/install/moveit_ros_planning_interface/lib:/home/w0x7ce/ws_moveit2/install/moveit_ros_benchmarks/lib:/home/w0x7ce/ws_moveit2/install/moveit_ros_warehouse/lib:/home/w0x7ce/ws_moveit2/install/moveit_ros_robot_interaction/lib:/home/w0x7ce/ws_moveit2/install/moveit_ros_perception/lib:/home/w0x7ce/ws_moveit2/install/moveit_ros_move_group/lib:/home/w0x7ce/ws_moveit2/install/moveit_planners_ompl/lib:/home/w0x7ce/ws_moveit2/install/moveit_ros_planning/lib:/home/w0x7ce/ws_moveit2/install/moveit_ros_occupancy_map_monitor/lib:/home/w0x7ce/ws_moveit2/install/moveit_resources_prbt_ikfast_manipulator_plugin/lib:/home/w0x7ce/ws_moveit2/install/moveit_planners_chomp/lib:/home/w0x7ce/ws_moveit2/install/moveit_kinematics/lib:/home/w0x7ce/ws_moveit2/install/moveit_chomp_optimizer_adapter/lib:/home/w0x7ce/ws_moveit2/install/chomp_motion_planner/lib:/home/w0x7ce/ws_moveit2/install/moveit_core/lib:/home/w0x7ce/ws_moveit2/install/rviz_marker_tools/lib:/home/w0x7ce/ws_moveit2/install/rosparam_shortcuts/lib:/home/w0x7ce/ws_moveit2/install/moveit_task_constructor_msgs/lib:/usr/lib/x86_64-linux-gnu/gazebo-11/plugins:/opt/ros/humble/opt/rviz_ogre_vendor/lib:/opt/ros/humble/lib/x86_64-linux-gnu:/opt/ros/humble/lib /usr/bin/cmake --install /home/w0x7ce/ws_moveit2/build/moveit_core
[8.804s] -- Install configuration: "Release"
[8.826s] -- Up-to-date: /home/w0x7ce/ws_moveit2/install/moveit_core/include/moveit/version.h
[8.838s] -- Up-to-date: /home/w0x7ce/ws_moveit2/install/moveit_core/include
[8.838s] -- Up-to-date: /home/w0x7ce/ws_moveit2/install/moveit_core/include/moveit
[8.839s] -- Up-to-date: /home/w0x7ce/ws_moveit2/install/moveit_core/include/moveit/collision_distance_field
[8.839s] -- Up-to-date: /home/w0x7ce/ws_moveit2/install/moveit_core/include/moveit/collision_distance_field/collision_distance_field_types.h
[8.839s] -- Up-to-date: /home/w0x7ce/ws_moveit2/install/moveit_core/include/moveit/collision_distance_field/collision_common_distance_field.h
[8.840s] -- Up-to-date: /home/w0x7ce/ws_moveit2/install/moveit_core/include/moveit/collision_distance_field/collision_env_hybrid.h
[8.840s] -- Up-to-date: /home/w0x7ce/ws_moveit2/install/moveit_core/include/moveit/collision_distance_field/collision_detector_allocator_distance_field.h
[8.840s] -- Up-to-date: /home/w0x7ce/ws_moveit2/install/moveit_core/include/moveit/collision_distance_field/collision_detector_allocator_hybrid.h
[8.840s] -- Up-to-date: /home/w0x7ce/ws_moveit2/install/moveit_core/include/moveit/collision_distance_field/collision_env_distance_field.h
[8.841s] -- Up-to-date: /home/w0x7ce/ws_moveit2/install/moveit_core/include/moveit_collision_distance_field_export.h
[8.843s] -- Up-to-date: /home/w0x7ce/ws_moveit2/install/moveit_core/include
[8.844s] -- Up-to-date: /home/w0x7ce/ws_moveit2/install/moveit_core/include/moveit
[8.844s] -- Up-to-date: /home/w0x7ce/ws_moveit2/install/moveit_core/include/moveit/constraint_samplers
[8.844s] -- Up-to-date: /home/w0x7ce/ws_moveit2/install/moveit_core/include/moveit/constraint_samplers/constraint_sampler_manager.h
[8.844s] -- Up-to-date: /home/w0x7ce/ws_moveit2/install/moveit_core/include/moveit/constraint_samplers/union_constraint_sampler.h
[8.845s] -- Up-to-date: /home/w0x7ce/ws_moveit2/install/moveit_core/include/moveit/constraint_samplers/constraint_sampler_tools.h
[8.845s] -- Up-to-date: /home/w0x7ce/ws_moveit2/install/moveit_core/include/moveit/constraint_samplers/constraint_sampler_allocator.h
[8.845s] -- Up-to-date: /home/w0x7ce/ws_moveit2/install/moveit_core/include/moveit/constraint_samplers/default_constraint_samplers.h
[8.845s] -- Up-to-date: /home/w0x7ce/ws_moveit2/install/moveit_core/include/moveit/constraint_samplers/constraint_sampler.h
[8.856s] -- Up-to-date: /home/w0x7ce/ws_moveit2/install/moveit_core/include
[8.857s] -- Up-to-date: /home/w0x7ce/ws_moveit2/install/moveit_core/include/moveit
[8.859s] -- Up-to-date: /home/w0x7ce/ws_moveit2/install/moveit_core/include/moveit/controller_manager
[8.859s] -- Up-to-date: /home/w0x7ce/ws_moveit2/install/moveit_core/include/moveit/controller_manager/controller_manager.h
[8.861s] -- Up-to-date: /home/w0x7ce/ws_moveit2/install/moveit_core/include
[8.861s] -- Up-to-date: /home/w0x7ce/ws_moveit2/install/moveit_core/include/moveit
[8.861s] -- Up-to-date: /home/w0x7ce/ws_moveit2/install/moveit_core/include/moveit/distance_field
[8.890s] -- Up-to-date: /home/w0x7ce/ws_moveit2/install/moveit_core/include/moveit/distance_field/voxel_grid.h
[8.890s] -- Up-to-date: /home/w0x7ce/ws_moveit2/install/moveit_core/include/moveit/distance_field/distance_field.h
[8.890s] -- Up-to-date: /home/w0x7ce/ws_moveit2/install/moveit_core/include/moveit/distance_field/find_internal_points.h
[8.891s] -- Up-to-date: /home/w0x7ce/ws_moveit2/install/moveit_core/include/moveit/distance_field/propagation_distance_field.h
[8.899s] -- Up-to-date: /home/w0x7ce/ws_moveit2/install/moveit_core/include
[8.899s] -- Up-to-date: /home/w0x7ce/ws_moveit2/install/moveit_core/include/moveit
[8.899s] -- Up-to-date: /home/w0x7ce/ws_moveit2/install/moveit_core/include/moveit/dynamics_solver
[8.899s] -- Up-to-date: /home/w0x7ce/ws_moveit2/install/moveit_core/include/moveit/dynamics_solver/dynamics_solver.h
[8.900s] -- Up-to-date: /home/w0x7ce/ws_moveit2/install/moveit_core/include
[8.901s] -- Up-to-date: /home/w0x7ce/ws_moveit2/install/moveit_core/include/moveit
[8.901s] -- Up-to-date: /home/w0x7ce/ws_moveit2/install/moveit_core/include/moveit/exceptions
[8.901s] -- Up-to-date: /home/w0x7ce/ws_moveit2/install/moveit_core/include/moveit/exceptions/exceptions.h
[8.901s] -- Up-to-date: /home/w0x7ce/ws_moveit2/install/moveit_core/include
[8.902s] -- Up-to-date: /home/w0x7ce/ws_moveit2/install/moveit_core/include/moveit
[8.902s] -- Up-to-date: /home/w0x7ce/ws_moveit2/install/moveit_core/include/moveit/kinematics_base
[8.911s] -- Up-to-date: /home/w0x7ce/ws_moveit2/install/moveit_core/include/moveit/kinematics_base/kinematics_base.h
[8.911s] -- Up-to-date: /home/w0x7ce/ws_moveit2/install/moveit_core/include/moveit_kinematics_base_export.h
[8.912s] -- Up-to-date: /home/w0x7ce/ws_moveit2/install/moveit_core/include
[8.912s] -- Up-to-date: /home/w0x7ce/ws_moveit2/install/moveit_core/include/moveit
[8.912s] -- Up-to-date: /home/w0x7ce/ws_moveit2/install/moveit_core/include/moveit/kinematic_constraints
[8.913s] -- Up-to-date: /home/w0x7ce/ws_moveit2/install/moveit_core/include/moveit/kinematic_constraints/utils.h
[8.913s] -- Up-to-date: /home/w0x7ce/ws_moveit2/install/moveit_core/include/moveit/kinematic_constraints/kinematic_constraint.h
[8.913s] -- Up-to-date: /home/w0x7ce/ws_moveit2/install/moveit_core/include
[8.914s] -- Up-to-date: /home/w0x7ce/ws_moveit2/install/moveit_core/include/moveit
[8.914s] -- Up-to-date: /home/w0x7ce/ws_moveit2/install/moveit_core/include/moveit/kinematics_metrics
[8.914s] -- Up-to-date: /home/w0x7ce/ws_moveit2/install/moveit_core/include/moveit/kinematics_metrics/kinematics_metrics.h
[8.915s] -- Up-to-date: /home/w0x7ce/ws_moveit2/install/moveit_core/include
[8.915s] -- Up-to-date: /home/w0x7ce/ws_moveit2/install/moveit_core/include/moveit
[8.915s] -- Up-to-date: /home/w0x7ce/ws_moveit2/install/moveit_core/include/moveit/macros
[8.915s] -- Up-to-date: /home/w0x7ce/ws_moveit2/install/moveit_core/include/moveit/macros/declare_ptr.h
[8.916s] -- Up-to-date: /home/w0x7ce/ws_moveit2/install/moveit_core/include/moveit/macros/console_colors.h
[8.917s] -- Up-to-date: /home/w0x7ce/ws_moveit2/install/moveit_core/include/moveit/macros/deprecation.h
[8.918s] -- Up-to-date: /home/w0x7ce/ws_moveit2/install/moveit_core/include/moveit/macros/class_forward.h
[8.918s] -- Up-to-date: /home/w0x7ce/ws_moveit2/install/moveit_core/include
[8.918s] -- Up-to-date: /home/w0x7ce/ws_moveit2/install/moveit_core/include/moveit
[8.918s] -- Up-to-date: /home/w0x7ce/ws_moveit2/install/moveit_core/include/moveit/online_signal_smoothing
[8.919s] -- Up-to-date: /home/w0x7ce/ws_moveit2/install/moveit_core/include/moveit/online_signal_smoothing/butterworth_filter.h
[8.919s] -- Up-to-date: /home/w0x7ce/ws_moveit2/install/moveit_core/include/moveit/online_signal_smoothing/smoothing_base_class.h
[8.919s] -- Up-to-date: /home/w0x7ce/ws_moveit2/install/moveit_core/include/moveit_smoothing_base_export.h
[8.920s] -- Up-to-date: /home/w0x7ce/ws_moveit2/install/moveit_core/include/moveit_butterworth_filter_export.h
[8.920s] -- Up-to-date: /home/w0x7ce/ws_moveit2/install/moveit_core/include
[8.920s] -- Up-to-date: /home/w0x7ce/ws_moveit2/install/moveit_core/include/moveit
[8.920s] -- Up-to-date: /home/w0x7ce/ws_moveit2/install/moveit_core/include/moveit/planning_interface
[8.921s] -- Up-to-date: /home/w0x7ce/ws_moveit2/install/moveit_core/include/moveit/planning_interface/planning_request.h
[8.921s] -- Up-to-date: /home/w0x7ce/ws_moveit2/install/moveit_core/include/moveit/planning_interface/planning_response.h
[8.922s] -- Up-to-date: /home/w0x7ce/ws_moveit2/install/moveit_core/include/moveit/planning_interface/planning_interface.h
[8.922s] -- Up-to-date: /home/w0x7ce/ws_moveit2/install/moveit_core/include
[8.922s] -- Up-to-date: /home/w0x7ce/ws_moveit2/install/moveit_core/include/moveit
[8.923s] -- Up-to-date: /home/w0x7ce/ws_moveit2/install/moveit_core/include/moveit/planning_request_adapter
[8.923s] -- Up-to-date: /home/w0x7ce/ws_moveit2/install/moveit_core/include/moveit/planning_request_adapter/planning_request_adapter.h
[8.923s] -- Up-to-date: /home/w0x7ce/ws_moveit2/install/moveit_core/include
[8.924s] -- Up-to-date: /home/w0x7ce/ws_moveit2/install/moveit_core/include/moveit
[8.924s] -- Up-to-date: /home/w0x7ce/ws_moveit2/install/moveit_core/include/moveit/planning_scene
[8.924s] -- Up-to-date: /home/w0x7ce/ws_moveit2/install/moveit_core/include/moveit/planning_scene/planning_scene.h
[8.924s] -- Up-to-date: /home/w0x7ce/ws_moveit2/install/moveit_core/include/moveit_planning_scene_export.h
[8.925s] -- Up-to-date: /home/w0x7ce/ws_moveit2/install/moveit_core/include
[8.925s] -- Up-to-date: /home/w0x7ce/ws_moveit2/install/moveit_core/include/moveit
[8.925s] -- Up-to-date: /home/w0x7ce/ws_moveit2/install/moveit_core/include/moveit/robot_model
[8.926s] -- Up-to-date: /home/w0x7ce/ws_moveit2/install/moveit_core/include/moveit/robot_model/floating_joint_model.h
[8.926s] -- Up-to-date: /home/w0x7ce/ws_moveit2/install/moveit_core/include/moveit/robot_model/planar_joint_model.h
[8.926s] -- Up-to-date: /home/w0x7ce/ws_moveit2/install/moveit_core/include/moveit/robot_model/aabb.h
[8.926s] -- Up-to-date: /home/w0x7ce/ws_moveit2/install/moveit_core/include/moveit/robot_model/robot_model.h
[8.926s] -- Up-to-date: /home/w0x7ce/ws_moveit2/install/moveit_core/include/moveit/robot_model/joint_model_group.h
[8.927s] -- Up-to-date: /home/w0x7ce/ws_moveit2/install/moveit_core/include/moveit/robot_model/link_model.h
[8.927s] -- Up-to-date: /home/w0x7ce/ws_moveit2/install/moveit_core/include/moveit/robot_model/fixed_joint_model.h
[8.927s] -- Up-to-date: /home/w0x7ce/ws_moveit2/install/moveit_core/include/moveit/robot_model/joint_model.h
[8.927s] -- Up-to-date: /home/w0x7ce/ws_moveit2/install/moveit_core/include/moveit/robot_model/revolute_joint_model.h
[8.928s] -- Up-to-date: /home/w0x7ce/ws_moveit2/install/moveit_core/include/moveit/robot_model/prismatic_joint_model.h
[8.928s] -- Up-to-date: /home/w0x7ce/ws_moveit2/install/moveit_core/include
[8.928s] -- Up-to-date: /home/w0x7ce/ws_moveit2/install/moveit_core/include/moveit
[8.928s] -- Up-to-date: /home/w0x7ce/ws_moveit2/install/moveit_core/include/moveit/robot_state
[8.928s] -- Up-to-date: /home/w0x7ce/ws_moveit2/install/moveit_core/include/moveit/robot_state/attached_body.h
[8.929s] -- Up-to-date: /home/w0x7ce/ws_moveit2/install/moveit_core/include/moveit/robot_state/robot_state.h
[8.929s] -- Up-to-date: /home/w0x7ce/ws_moveit2/install/moveit_core/include/moveit/robot_state/conversions.h
[8.929s] -- Up-to-date: /home/w0x7ce/ws_moveit2/install/moveit_core/include/moveit/robot_state/cartesian_interpolator.h
[8.929s] -- Up-to-date: /home/w0x7ce/ws_moveit2/install/moveit_core/include
[8.929s] -- Up-to-date: /home/w0x7ce/ws_moveit2/install/moveit_core/include/moveit
[8.930s] -- Up-to-date: /home/w0x7ce/ws_moveit2/install/moveit_core/include/moveit/robot_trajectory
[8.930s] -- Up-to-date: /home/w0x7ce/ws_moveit2/install/moveit_core/include/moveit/robot_trajectory/robot_trajectory.h
[8.930s] -- Up-to-date: /home/w0x7ce/ws_moveit2/install/moveit_core/include
[8.943s] -- Up-to-date: /home/w0x7ce/ws_moveit2/install/moveit_core/include/moveit
[8.944s] -- Up-to-date: /home/w0x7ce/ws_moveit2/install/moveit_core/include/moveit/sensor_manager
[8.944s] -- Up-to-date: /home/w0x7ce/ws_moveit2/install/moveit_core/include/moveit/sensor_manager/sensor_manager.h
[8.945s] -- Up-to-date: /home/w0x7ce/ws_moveit2/install/moveit_core/include
[8.945s] -- Up-to-date: /home/w0x7ce/ws_moveit2/install/moveit_core/include/moveit
[8.945s] -- Up-to-date: /home/w0x7ce/ws_moveit2/install/moveit_core/include/moveit/trajectory_processing
[8.966s] -- Up-to-date: /home/w0x7ce/ws_moveit2/install/moveit_core/include/moveit/trajectory_processing/iterative_spline_parameterization.h
[8.966s] -- Up-to-date: /home/w0x7ce/ws_moveit2/install/moveit_core/include/moveit/trajectory_processing/trajectory_tools.h
[8.967s] -- Up-to-date: /home/w0x7ce/ws_moveit2/install/moveit_core/include/moveit/trajectory_processing/ruckig_traj_smoothing.h
[8.967s] -- Up-to-date: /home/w0x7ce/ws_moveit2/install/moveit_core/include/moveit/trajectory_processing/time_parameterization.h
[8.967s] -- Up-to-date: /home/w0x7ce/ws_moveit2/install/moveit_core/include/moveit/trajectory_processing/iterative_time_parameterization.h
[8.967s] -- Up-to-date: /home/w0x7ce/ws_moveit2/install/moveit_core/include/moveit/trajectory_processing/time_optimal_trajectory_generation.h
[8.968s] -- Up-to-date: /home/w0x7ce/ws_moveit2/install/moveit_core/include
[8.968s] -- Up-to-date: /home/w0x7ce/ws_moveit2/install/moveit_core/include/moveit
[8.968s] -- Up-to-date: /home/w0x7ce/ws_moveit2/install/moveit_core/include/moveit/transforms
[8.975s] -- Up-to-date: /home/w0x7ce/ws_moveit2/install/moveit_core/include/moveit/transforms/transforms.h
[8.987s] -- Up-to-date: /home/w0x7ce/ws_moveit2/install/moveit_core/include
[8.987s] -- Up-to-date: /home/w0x7ce/ws_moveit2/install/moveit_core/include/moveit
[8.988s] -- Up-to-date: /home/w0x7ce/ws_moveit2/install/moveit_core/include/moveit/utils
[8.988s] -- Up-to-date: /home/w0x7ce/ws_moveit2/install/moveit_core/include/moveit/utils/rclcpp_utils.h
[8.988s] -- Up-to-date: /home/w0x7ce/ws_moveit2/install/moveit_core/include/moveit/utils/robot_model_test_utils.h
[8.989s] -- Up-to-date: /home/w0x7ce/ws_moveit2/install/moveit_core/include/moveit/utils/message_checks.h
[8.989s] -- Up-to-date: /home/w0x7ce/ws_moveit2/install/moveit_core/include/moveit/utils/lexical_casts.h
[8.989s] -- Up-to-date: /home/w0x7ce/ws_moveit2/install/moveit_core/include/moveit/utils/moveit_error_code.h
[9.003s] -- Up-to-date: /home/w0x7ce/ws_moveit2/install/moveit_core/bin/moveit_version
[9.004s] -- Up-to-date: /home/w0x7ce/ws_moveit2/install/moveit_core/include
[9.004s] -- Up-to-date: /home/w0x7ce/ws_moveit2/install/moveit_core/include/moveit
[9.005s] -- Up-to-date: /home/w0x7ce/ws_moveit2/install/moveit_core/include/moveit/collision_detection
[9.005s] -- Up-to-date: /home/w0x7ce/ws_moveit2/install/moveit_core/include/moveit/collision_detection/test_collision_common_pr2.h
[9.005s] -- Up-to-date: /home/w0x7ce/ws_moveit2/install/moveit_core/include/moveit/collision_detection/world.h
[9.005s] -- Up-to-date: /home/w0x7ce/ws_moveit2/install/moveit_core/include/moveit/collision_detection/world_diff.h
[9.006s] -- Up-to-date: /home/w0x7ce/ws_moveit2/install/moveit_core/include/moveit/collision_detection/collision_matrix.h
[9.006s] -- Up-to-date: /home/w0x7ce/ws_moveit2/install/moveit_core/include/moveit/collision_detection/collision_tools.h
[9.006s] -- Up-to-date: /home/w0x7ce/ws_moveit2/install/moveit_core/include/moveit/collision_detection/collision_detector_allocator.h
[9.006s] -- Up-to-date: /home/w0x7ce/ws_moveit2/install/moveit_core/include/moveit/collision_detection/allvalid
[9.017s] -- Up-to-date: /home/w0x7ce/ws_moveit2/install/moveit_core/include/moveit/collision_detection/allvalid/collision_env_allvalid.h
[9.018s] -- Up-to-date: /home/w0x7ce/ws_moveit2/install/moveit_core/include/moveit/collision_detection/allvalid/collision_detector_allocator_allvalid.h
[9.018s] -- Up-to-date: /home/w0x7ce/ws_moveit2/install/moveit_core/include/moveit/collision_detection/collision_common.h
[9.018s] -- Up-to-date: /home/w0x7ce/ws_moveit2/install/moveit_core/include/moveit/collision_detection/test_collision_common_panda.h
[9.018s] -- Up-to-date: /home/w0x7ce/ws_moveit2/install/moveit_core/include/moveit/collision_detection/occupancy_map.h
[9.019s] -- Up-to-date: /home/w0x7ce/ws_moveit2/install/moveit_core/include/moveit/collision_detection/collision_plugin_cache.h
[9.019s] -- Up-to-date: /home/w0x7ce/ws_moveit2/install/moveit_core/include/moveit/collision_detection/collision_plugin.h
[9.019s] -- Up-to-date: /home/w0x7ce/ws_moveit2/install/moveit_core/include/moveit/collision_detection/collision_env.h
[9.019s] -- Up-to-date: /home/w0x7ce/ws_moveit2/install/moveit_core/include/moveit/collision_detection/collision_octomap_filter.h
[9.019s] -- Up-to-date: /home/w0x7ce/ws_moveit2/install/moveit_core/include/moveit_collision_detection_export.h
[9.020s] -- Up-to-date: /home/w0x7ce/ws_moveit2/install/moveit_core/include
[9.020s] -- Up-to-date: /home/w0x7ce/ws_moveit2/install/moveit_core/include/moveit
[9.021s] -- Up-to-date: /home/w0x7ce/ws_moveit2/install/moveit_core/include/moveit/collision_detection_bullet
[9.021s] -- Up-to-date: /home/w0x7ce/ws_moveit2/install/moveit_core/include/moveit/collision_detection_bullet/collision_detector_bullet_plugin_loader.h
[9.022s] -- Up-to-date: /home/w0x7ce/ws_moveit2/install/moveit_core/include/moveit/collision_detection_bullet/collision_detector_allocator_bullet.h
[9.022s] -- Up-to-date: /home/w0x7ce/ws_moveit2/install/moveit_core/include/moveit/collision_detection_bullet/bullet_integration
[9.022s] -- Up-to-date: /home/w0x7ce/ws_moveit2/install/moveit_core/include/moveit/collision_detection_bullet/bullet_integration/ros_bullet_utils.h
[9.022s] -- Up-to-date: /home/w0x7ce/ws_moveit2/install/moveit_core/include/moveit/collision_detection_bullet/bullet_integration/bullet_utils.h
[9.023s] -- Up-to-date: /home/w0x7ce/ws_moveit2/install/moveit_core/include/moveit/collision_detection_bullet/bullet_integration/contact_checker_common.h
[9.023s] -- Up-to-date: /home/w0x7ce/ws_moveit2/install/moveit_core/include/moveit/collision_detection_bullet/bullet_integration/bullet_discrete_bvh_manager.h
[9.023s] -- Up-to-date: /home/w0x7ce/ws_moveit2/install/moveit_core/include/moveit/collision_detection_bullet/bullet_integration/bullet_bvh_manager.h
[9.023s] -- Up-to-date: /home/w0x7ce/ws_moveit2/install/moveit_core/include/moveit/collision_detection_bullet/bullet_integration/bullet_cast_bvh_manager.h
[9.023s] -- Up-to-date: /home/w0x7ce/ws_moveit2/install/moveit_core/include/moveit/collision_detection_bullet/bullet_integration/basic_types.h
[9.024s] -- Up-to-date: /home/w0x7ce/ws_moveit2/install/moveit_core/include/moveit/collision_detection_bullet/collision_env_bullet.h
[9.024s] -- Up-to-date: /home/w0x7ce/ws_moveit2/install/moveit_core/include/moveit_collision_detection_bullet_export.h
[9.034s] -- Up-to-date: /home/w0x7ce/ws_moveit2/install/moveit_core/lib/libmoveit_collision_detection_bullet.so.2.5.4
[9.035s] -- Up-to-date: /home/w0x7ce/ws_moveit2/install/moveit_core/lib/libmoveit_collision_detection_bullet.so
[9.037s] -- Up-to-date: /home/w0x7ce/ws_moveit2/install/moveit_core/lib/libcollision_detector_bullet_plugin.so.2.5.4
[9.038s] -- Up-to-date: /home/w0x7ce/ws_moveit2/install/moveit_core/lib/libcollision_detector_bullet_plugin.so
[9.038s] -- Up-to-date: /home/w0x7ce/ws_moveit2/install/moveit_core/share/moveit_core/environment/library_path.sh
[9.039s] -- Up-to-date: /home/w0x7ce/ws_moveit2/install/moveit_core/share/moveit_core/environment/library_path.dsv
[9.040s] -- Up-to-date: /home/w0x7ce/ws_moveit2/install/moveit_core/include
[9.040s] -- Up-to-date: /home/w0x7ce/ws_moveit2/install/moveit_core/include/moveit
[9.040s] -- Up-to-date: /home/w0x7ce/ws_moveit2/install/moveit_core/include/moveit/collision_detection_fcl
[9.041s] -- Up-to-date: /home/w0x7ce/ws_moveit2/install/moveit_core/include/moveit/collision_detection_fcl/collision_env_fcl.h
[9.041s] -- Up-to-date: /home/w0x7ce/ws_moveit2/install/moveit_core/include/moveit/collision_detection_fcl/fcl_compat.h
[9.041s] -- Up-to-date: /home/w0x7ce/ws_moveit2/install/moveit_core/include/moveit/collision_detection_fcl/collision_common.h
[9.041s] -- Up-to-date: /home/w0x7ce/ws_moveit2/install/moveit_core/include/moveit/collision_detection_fcl/collision_detector_fcl_plugin_loader.h
[9.042s] -- Up-to-date: /home/w0x7ce/ws_moveit2/install/moveit_core/include/moveit/collision_detection_fcl/collision_detector_allocator_fcl.h
[9.042s] -- Up-to-date: /home/w0x7ce/ws_moveit2/install/moveit_core/include/moveit_collision_detection_fcl_export.h
[9.042s] -- Up-to-date: /home/w0x7ce/ws_moveit2/install/moveit_core/lib/libmoveit_butterworth_filter.so.2.5.4
[9.042s] -- Up-to-date: /home/w0x7ce/ws_moveit2/install/moveit_core/lib/libmoveit_butterworth_filter.so
[9.047s] -- Up-to-date: /home/w0x7ce/ws_moveit2/install/moveit_core/lib/libmoveit_collision_distance_field.so.2.5.4
[9.048s] -- Up-to-date: /home/w0x7ce/ws_moveit2/install/moveit_core/lib/libmoveit_collision_distance_field.so
[9.052s] -- Up-to-date: /home/w0x7ce/ws_moveit2/install/moveit_core/lib/libmoveit_collision_detection.so.2.5.4
[9.053s] -- Up-to-date: /home/w0x7ce/ws_moveit2/install/moveit_core/lib/libmoveit_collision_detection.so
[9.054s] -- Up-to-date: /home/w0x7ce/ws_moveit2/install/moveit_core/lib/libmoveit_collision_detection_fcl.so.2.5.4
[9.055s] -- Up-to-date: /home/w0x7ce/ws_moveit2/install/moveit_core/lib/libmoveit_collision_detection_fcl.so
[9.055s] -- Up-to-date: /home/w0x7ce/ws_moveit2/install/moveit_core/lib/libmoveit_collision_detection_bullet.so.2.5.4
[9.056s] -- Up-to-date: /home/w0x7ce/ws_moveit2/install/moveit_core/lib/libmoveit_collision_detection_bullet.so
[9.057s] -- Up-to-date: /home/w0x7ce/ws_moveit2/install/moveit_core/lib/libmoveit_dynamics_solver.so.2.5.4
[9.058s] -- Up-to-date: /home/w0x7ce/ws_moveit2/install/moveit_core/lib/libmoveit_dynamics_solver.so
[9.059s] -- Up-to-date: /home/w0x7ce/ws_moveit2/install/moveit_core/lib/libmoveit_constraint_samplers.so.2.5.4
[9.060s] -- Up-to-date: /home/w0x7ce/ws_moveit2/install/moveit_core/lib/libmoveit_constraint_samplers.so
[9.060s] -- Up-to-date: /home/w0x7ce/ws_moveit2/install/moveit_core/lib/libmoveit_distance_field.so.2.5.4
[9.061s] -- Up-to-date: /home/w0x7ce/ws_moveit2/install/moveit_core/lib/libmoveit_distance_field.so
[9.062s] -- Up-to-date: /home/w0x7ce/ws_moveit2/install/moveit_core/lib/libmoveit_exceptions.so.2.5.4
[9.063s] -- Up-to-date: /home/w0x7ce/ws_moveit2/install/moveit_core/lib/libmoveit_exceptions.so
[9.063s] -- Up-to-date: /home/w0x7ce/ws_moveit2/install/moveit_core/lib/libmoveit_kinematics_base.so
[9.065s] -- Up-to-date: /home/w0x7ce/ws_moveit2/install/moveit_core/lib/libmoveit_kinematic_constraints.so.2.5.4
[9.066s] -- Up-to-date: /home/w0x7ce/ws_moveit2/install/moveit_core/lib/libmoveit_kinematic_constraints.so
[9.066s] -- Up-to-date: /home/w0x7ce/ws_moveit2/install/moveit_core/lib/libmoveit_kinematics_metrics.so.2.5.4
[9.067s] -- Up-to-date: /home/w0x7ce/ws_moveit2/install/moveit_core/lib/libmoveit_kinematics_metrics.so
[9.068s] -- Up-to-date: /home/w0x7ce/ws_moveit2/install/moveit_core/lib/libmoveit_planning_interface.so.2.5.4
[9.069s] -- Up-to-date: /home/w0x7ce/ws_moveit2/install/moveit_core/lib/libmoveit_planning_interface.so
[9.078s] -- Up-to-date: /home/w0x7ce/ws_moveit2/install/moveit_core/lib/libmoveit_planning_scene.so.2.5.4
[9.080s] -- Up-to-date: /home/w0x7ce/ws_moveit2/install/moveit_core/lib/libmoveit_planning_scene.so
[9.080s] -- Up-to-date: /home/w0x7ce/ws_moveit2/install/moveit_core/lib/libmoveit_planning_request_adapter.so.2.5.4
[9.081s] -- Up-to-date: /home/w0x7ce/ws_moveit2/install/moveit_core/lib/libmoveit_planning_request_adapter.so
[9.082s] -- Up-to-date: /home/w0x7ce/ws_moveit2/install/moveit_core/lib/libmoveit_robot_model.so.2.5.4
[9.083s] -- Up-to-date: /home/w0x7ce/ws_moveit2/install/moveit_core/lib/libmoveit_robot_model.so
[9.084s] -- Up-to-date: /home/w0x7ce/ws_moveit2/install/moveit_core/lib/libmoveit_robot_state.so.2.5.4
[9.085s] -- Up-to-date: /home/w0x7ce/ws_moveit2/install/moveit_core/lib/libmoveit_robot_state.so
[9.086s] -- Up-to-date: /home/w0x7ce/ws_moveit2/install/moveit_core/lib/libmoveit_robot_trajectory.so.2.5.4
[9.087s] -- Up-to-date: /home/w0x7ce/ws_moveit2/install/moveit_core/lib/libmoveit_robot_trajectory.so
[9.088s] -- Up-to-date: /home/w0x7ce/ws_moveit2/install/moveit_core/lib/libmoveit_smoothing_base.so.2.5.4
[9.088s] -- Up-to-date: /home/w0x7ce/ws_moveit2/install/moveit_core/lib/libmoveit_smoothing_base.so
[9.090s] -- Up-to-date: /home/w0x7ce/ws_moveit2/install/moveit_core/lib/libmoveit_test_utils.so.2.5.4
[9.091s] -- Up-to-date: /home/w0x7ce/ws_moveit2/install/moveit_core/lib/libmoveit_test_utils.so
[9.091s] -- Up-to-date: /home/w0x7ce/ws_moveit2/install/moveit_core/lib/libmoveit_trajectory_processing.so.2.5.4
[9.092s] -- Up-to-date: /home/w0x7ce/ws_moveit2/install/moveit_core/lib/libmoveit_trajectory_processing.so
[9.093s] -- Up-to-date: /home/w0x7ce/ws_moveit2/install/moveit_core/lib/libmoveit_transforms.so.2.5.4
[9.093s] -- Up-to-date: /home/w0x7ce/ws_moveit2/install/moveit_core/lib/libmoveit_transforms.so
[9.094s] -- Up-to-date: /home/w0x7ce/ws_moveit2/install/moveit_core/lib/libmoveit_utils.so.2.5.4
[9.095s] -- Up-to-date: /home/w0x7ce/ws_moveit2/install/moveit_core/lib/libmoveit_utils.so
[9.095s] -- Up-to-date: /home/w0x7ce/ws_moveit2/install/moveit_core/share/moveit_core/environment/library_path.sh
[9.095s] -- Up-to-date: /home/w0x7ce/ws_moveit2/install/moveit_core/share/moveit_core/environment/library_path.dsv
[9.096s] -- Up-to-date: /home/w0x7ce/ws_moveit2/install/moveit_core/share/moveit_core/collision_detector_fcl_description.xml
[9.096s] -- Up-to-date: /home/w0x7ce/ws_moveit2/install/moveit_core/share/moveit_core/collision_detector_bullet_description.xml
[9.096s] -- Up-to-date: /home/w0x7ce/ws_moveit2/install/moveit_core/share/moveit_core/filter_plugin_butterworth.xml
[9.096s] -- Up-to-date: /home/w0x7ce/ws_moveit2/install/moveit_core/share/ament_index/resource_index/package_run_dependencies/moveit_core
[9.096s] -- Up-to-date: /home/w0x7ce/ws_moveit2/install/moveit_core/share/ament_index/resource_index/parent_prefix_path/moveit_core
[9.096s] -- Up-to-date: /home/w0x7ce/ws_moveit2/install/moveit_core/share/moveit_core/environment/ament_prefix_path.sh
[9.097s] -- Up-to-date: /home/w0x7ce/ws_moveit2/install/moveit_core/share/moveit_core/environment/ament_prefix_path.dsv
[9.097s] -- Up-to-date: /home/w0x7ce/ws_moveit2/install/moveit_core/share/moveit_core/environment/path.sh
[9.097s] -- Up-to-date: /home/w0x7ce/ws_moveit2/install/moveit_core/share/moveit_core/environment/path.dsv
[9.097s] -- Up-to-date: /home/w0x7ce/ws_moveit2/install/moveit_core/share/moveit_core/local_setup.bash
[9.097s] -- Up-to-date: /home/w0x7ce/ws_moveit2/install/moveit_core/share/moveit_core/local_setup.sh
[9.097s] -- Up-to-date: /home/w0x7ce/ws_moveit2/install/moveit_core/share/moveit_core/local_setup.zsh
[9.097s] -- Up-to-date: /home/w0x7ce/ws_moveit2/install/moveit_core/share/moveit_core/local_setup.dsv
[9.097s] -- Installing: /home/w0x7ce/ws_moveit2/install/moveit_core/share/moveit_core/package.dsv
[9.120s] -- Up-to-date: /home/w0x7ce/ws_moveit2/install/moveit_core/share/ament_index/resource_index/packages/moveit_core
[9.120s] -- Up-to-date: /home/w0x7ce/ws_moveit2/install/moveit_core/share/ament_index/resource_index/moveit_core__pluginlib__plugin/moveit_core
[9.159s] -- Up-to-date: /home/w0x7ce/ws_moveit2/install/moveit_core/share/moveit_core/cmake/export_moveit_coreExport.cmake
[9.159s] -- Up-to-date: /home/w0x7ce/ws_moveit2/install/moveit_core/share/moveit_core/cmake/export_moveit_coreExport-release.cmake
[9.160s] -- Up-to-date: /home/w0x7ce/ws_moveit2/install/moveit_core/share/moveit_core/cmake/ConfigExtras.cmake
[9.160s] -- Up-to-date: /home/w0x7ce/ws_moveit2/install/moveit_core/share/moveit_core/cmake/ament_cmake_export_targets-extras.cmake
[9.160s] -- Up-to-date: /home/w0x7ce/ws_moveit2/install/moveit_core/share/moveit_core/cmake/ament_cmake_export_dependencies-extras.cmake
[9.161s] -- Up-to-date: /home/w0x7ce/ws_moveit2/install/moveit_core/share/moveit_core/cmake/moveit_coreConfig.cmake
[9.161s] -- Up-to-date: /home/w0x7ce/ws_moveit2/install/moveit_core/share/moveit_core/cmake/moveit_coreConfig-version.cmake
[9.161s] -- Up-to-date: /home/w0x7ce/ws_moveit2/install/moveit_core/share/moveit_core/package.xml
[9.169s] Invoked command in '/home/w0x7ce/ws_moveit2/build/moveit_core' returned '0': CMAKE_PREFIX_PATH=/home/w0x7ce/ws_moveit2/install/moveit_resources_panda_moveit_config:/home/w0x7ce/ws_moveit2/install/srdfdom:/home/w0x7ce/ws_moveit2/install/moveit_resources_pr2_description:/home/w0x7ce/ws_moveit2/install/moveit_resources_panda_description:/home/w0x7ce/ws_moveit2/install/moveit_common:/home/w0x7ce/ws_moveit2/install/pilz_industrial_motion_planner_testutils:/home/w0x7ce/ws_moveit2/install/moveit_runtime:/home/w0x7ce/ws_moveit2/install/moveit2_tutorials:/home/w0x7ce/ws_moveit2/install/moveit:/home/w0x7ce/ws_moveit2/install/moveit_planners:/home/w0x7ce/ws_moveit2/install/pilz_industrial_motion_planner:/home/w0x7ce/ws_moveit2/install/moveit_visual_tools:/home/w0x7ce/ws_moveit2/install/moveit_task_constructor_visualization:/home/w0x7ce/ws_moveit2/install/moveit_task_constructor_demo:/home/w0x7ce/ws_moveit2/install/moveit_task_constructor_capabilities:/home/w0x7ce/ws_moveit2/install/moveit_task_constructor_core:/home/w0x7ce/ws_moveit2/install/moveit_ros_control_interface:/home/w0x7ce/ws_moveit2/install/moveit_plugins:/home/w0x7ce/ws_moveit2/install/moveit_simple_controller_manager:/home/w0x7ce/ws_moveit2/install/moveit_setup_assistant:/home/w0x7ce/ws_moveit2/install/moveit_setup_srdf_plugins:/home/w0x7ce/ws_moveit2/install/moveit_setup_core_plugins:/home/w0x7ce/ws_moveit2/install/moveit_setup_controllers:/home/w0x7ce/ws_moveit2/install/moveit_setup_app_plugins:/home/w0x7ce/ws_moveit2/install/moveit_setup_framework:/home/w0x7ce/ws_moveit2/install/moveit_servo:/home/w0x7ce/ws_moveit2/install/moveit_ros:/home/w0x7ce/ws_moveit2/install/moveit_ros_visualization:/home/w0x7ce/ws_moveit2/install/moveit_hybrid_planning:/home/w0x7ce/ws_moveit2/install/moveit_ros_planning_interface:/home/w0x7ce/ws_moveit2/install/moveit_ros_benchmarks:/home/w0x7ce/ws_moveit2/install/moveit_ros_warehouse:/home/w0x7ce/ws_moveit2/install/moveit_ros_robot_interaction:/home/w0x7ce/ws_moveit2/install/moveit_ros_perception:/home/w0x7ce/ws_moveit2/install/moveit_resources_prbt_pg70_support:/home/w0x7ce/ws_moveit2/install/moveit_resources_prbt_moveit_config:/home/w0x7ce/ws_moveit2/install/moveit_ros_move_group:/home/w0x7ce/ws_moveit2/install/moveit_planners_ompl:/home/w0x7ce/ws_moveit2/install/moveit_ros_planning:/home/w0x7ce/ws_moveit2/install/moveit_ros_occupancy_map_monitor:/home/w0x7ce/ws_moveit2/install/moveit_resources_prbt_ikfast_manipulator_plugin:/home/w0x7ce/ws_moveit2/install/moveit_planners_chomp:/home/w0x7ce/ws_moveit2/install/moveit_kinematics:/home/w0x7ce/ws_moveit2/install/moveit_chomp_optimizer_adapter:/home/w0x7ce/ws_moveit2/install/chomp_motion_planner:/home/w0x7ce/ws_moveit2/install/moveit_core:/home/w0x7ce/ws_moveit2/install/rviz_marker_tools:/home/w0x7ce/ws_moveit2/install/rosparam_shortcuts:/home/w0x7ce/ws_moveit2/install/moveit_task_constructor_msgs:/home/w0x7ce/ws_moveit2/install/moveit_resources_prbt_support:/home/w0x7ce/ws_moveit2/install/moveit_resources:/home/w0x7ce/ws_moveit2/install/moveit_resources_fanuc_moveit_config:/home/w0x7ce/ws_moveit2/install/moveit_resources_fanuc_description:/home/w0x7ce/ws_moveit2/install/moveit_configs_utils:/home/w0x7ce/ws_moveit2/install/launch_param_builder:/opt/ros/humble LD_LIBRARY_PATH=/home/w0x7ce/ws_moveit2/install/srdfdom/lib:/home/w0x7ce/ws_moveit2/install/pilz_industrial_motion_planner_testutils/lib:/home/w0x7ce/ws_moveit2/install/pilz_industrial_motion_planner/lib:/home/w0x7ce/ws_moveit2/install/moveit_visual_tools/lib:/home/w0x7ce/ws_moveit2/install/moveit_task_constructor_visualization/lib:/home/w0x7ce/ws_moveit2/install/moveit_task_constructor_demo/lib:/home/w0x7ce/ws_moveit2/install/moveit_task_constructor_capabilities/lib:/home/w0x7ce/ws_moveit2/install/moveit_task_constructor_core/lib:/home/w0x7ce/ws_moveit2/install/moveit_ros_control_interface/lib:/home/w0x7ce/ws_moveit2/install/moveit_simple_controller_manager/lib:/home/w0x7ce/ws_moveit2/install/moveit_setup_assistant/lib:/home/w0x7ce/ws_moveit2/install/moveit_setup_srdf_plugins/lib:/home/w0x7ce/ws_moveit2/install/moveit_setup_core_plugins/lib:/home/w0x7ce/ws_moveit2/install/moveit_setup_controllers/lib:/home/w0x7ce/ws_moveit2/install/moveit_setup_app_plugins/lib:/home/w0x7ce/ws_moveit2/install/moveit_setup_framework/lib:/home/w0x7ce/ws_moveit2/install/moveit_servo/lib:/home/w0x7ce/ws_moveit2/install/moveit_ros_visualization/lib:/home/w0x7ce/ws_moveit2/install/moveit_hybrid_planning/lib:/home/w0x7ce/ws_moveit2/install/moveit_ros_planning_interface/lib:/home/w0x7ce/ws_moveit2/install/moveit_ros_benchmarks/lib:/home/w0x7ce/ws_moveit2/install/moveit_ros_warehouse/lib:/home/w0x7ce/ws_moveit2/install/moveit_ros_robot_interaction/lib:/home/w0x7ce/ws_moveit2/install/moveit_ros_perception/lib:/home/w0x7ce/ws_moveit2/install/moveit_ros_move_group/lib:/home/w0x7ce/ws_moveit2/install/moveit_planners_ompl/lib:/home/w0x7ce/ws_moveit2/install/moveit_ros_planning/lib:/home/w0x7ce/ws_moveit2/install/moveit_ros_occupancy_map_monitor/lib:/home/w0x7ce/ws_moveit2/install/moveit_resources_prbt_ikfast_manipulator_plugin/lib:/home/w0x7ce/ws_moveit2/install/moveit_planners_chomp/lib:/home/w0x7ce/ws_moveit2/install/moveit_kinematics/lib:/home/w0x7ce/ws_moveit2/install/moveit_chomp_optimizer_adapter/lib:/home/w0x7ce/ws_moveit2/install/chomp_motion_planner/lib:/home/w0x7ce/ws_moveit2/install/moveit_core/lib:/home/w0x7ce/ws_moveit2/install/rviz_marker_tools/lib:/home/w0x7ce/ws_moveit2/install/rosparam_shortcuts/lib:/home/w0x7ce/ws_moveit2/install/moveit_task_constructor_msgs/lib:/usr/lib/x86_64-linux-gnu/gazebo-11/plugins:/opt/ros/humble/opt/rviz_ogre_vendor/lib:/opt/ros/humble/lib/x86_64-linux-gnu:/opt/ros/humble/lib /usr/bin/cmake --install /home/w0x7ce/ws_moveit2/build/moveit_core
