[0.054s] Invoking command in '/home/w0x7ce/ws_moveit2/build/pilz_industrial_motion_planner': AMENT_PREFIX_PATH=/home/w0x7ce/ws_moveit2/install/moveit_resources_prbt_pg70_support:/home/w0x7ce/ws_moveit2/install/moveit_ros_planning_interface:/home/w0x7ce/ws_moveit2/install/moveit_resources_prbt_moveit_config:/home/w0x7ce/ws_moveit2/install/moveit_ros_move_group:/home/w0x7ce/ws_moveit2/install/moveit_ros_warehouse:/home/w0x7ce/ws_moveit2/install/moveit_kinematics:/home/w0x7ce/ws_moveit2/install/moveit_ros_planning:/home/w0x7ce/ws_moveit2/install/pilz_industrial_motion_planner_testutils:/home/w0x7ce/ws_moveit2/install/moveit_ros_occupancy_map_monitor:/home/w0x7ce/ws_moveit2/install/moveit_resources_prbt_ikfast_manipulator_plugin:/home/w0x7ce/ws_moveit2/install/moveit_core:/home/w0x7ce/ws_moveit2/install/moveit_resources_panda_moveit_config:/home/w0x7ce/ws_moveit2/install/moveit_configs_utils:/home/w0x7ce/ws_moveit2/install/srdfdom:/home/w0x7ce/ws_moveit2/install/moveit_resources_prbt_support:/home/w0x7ce/ws_moveit2/install/moveit_resources_panda_description:/home/w0x7ce/ws_moveit2/install/moveit_common:/home/w0x7ce/ws_moveit2/install/launch_param_builder:${AMENT_PREFIX_PATH} CMAKE_PREFIX_PATH=/home/w0x7ce/ws_moveit2/install/moveit_resources_prbt_pg70_support:/home/w0x7ce/ws_moveit2/install/moveit_ros_planning_interface:/home/w0x7ce/ws_moveit2/install/moveit_resources_prbt_moveit_config:/home/w0x7ce/ws_moveit2/install/moveit_ros_move_group:/home/w0x7ce/ws_moveit2/install/moveit_ros_warehouse:/home/w0x7ce/ws_moveit2/install/moveit_kinematics:/home/w0x7ce/ws_moveit2/install/moveit_ros_planning:/home/w0x7ce/ws_moveit2/install/pilz_industrial_motion_planner_testutils:/home/w0x7ce/ws_moveit2/install/moveit_ros_occupancy_map_monitor:/home/w0x7ce/ws_moveit2/install/moveit_resources_prbt_ikfast_manipulator_plugin:/home/w0x7ce/ws_moveit2/install/moveit_core:/home/w0x7ce/ws_moveit2/install/moveit_resources_panda_moveit_config:/home/w0x7ce/ws_moveit2/install/srdfdom:/home/w0x7ce/ws_moveit2/install/moveit_resources_prbt_support:/home/w0x7ce/ws_moveit2/install/moveit_resources_panda_description:/home/w0x7ce/ws_moveit2/install/moveit_common:/opt/ros/humble LD_LIBRARY_PATH=/home/w0x7ce/ws_moveit2/install/moveit_ros_planning_interface/lib:/home/w0x7ce/ws_moveit2/install/moveit_ros_move_group/lib:/home/w0x7ce/ws_moveit2/install/moveit_ros_warehouse/lib:/home/w0x7ce/ws_moveit2/install/moveit_kinematics/lib:/home/w0x7ce/ws_moveit2/install/moveit_ros_planning/lib:/home/w0x7ce/ws_moveit2/install/pilz_industrial_motion_planner_testutils/lib:/home/w0x7ce/ws_moveit2/install/moveit_ros_occupancy_map_monitor/lib:/home/w0x7ce/ws_moveit2/install/moveit_resources_prbt_ikfast_manipulator_plugin/lib:/home/w0x7ce/ws_moveit2/install/moveit_core/lib:/home/w0x7ce/ws_moveit2/install/srdfdom/lib:${LD_LIBRARY_PATH} PATH=/home/w0x7ce/ws_moveit2/install/moveit_core/bin:${PATH} PYTHONPATH=/home/w0x7ce/ws_moveit2/install/moveit_configs_utils/lib/python3.10/site-packages:/home/w0x7ce/ws_moveit2/install/srdfdom/local/lib/python3.10/dist-packages:/home/w0x7ce/ws_moveit2/install/launch_param_builder/lib/python3.10/site-packages:${PYTHONPATH} /usr/bin/cmake /home/w0x7ce/ws_moveit2/src/moveit2/moveit_planners/pilz_industrial_motion_planner -DCMAKE_INSTALL_PREFIX=/home/w0x7ce/ws_moveit2/install/pilz_industrial_motion_planner
[0.152s] -- The C compiler identification is GNU 11.3.0
[0.219s] -- The CXX compiler identification is GNU 11.3.0
[0.230s] -- Detecting C compiler ABI info
[0.298s] -- Detecting C compiler ABI info - done
[0.307s] -- Check for working C compiler: /usr/bin/cc - skipped
[0.307s] -- Detecting C compile features
[0.308s] -- Detecting C compile features - done
[0.311s] -- Detecting CXX compiler ABI info
[0.396s] -- Detecting CXX compiler ABI info - done
[0.405s] -- Check for working CXX compiler: /usr/bin/c++ - skipped
[0.405s] -- Detecting CXX compile features
[0.405s] -- Detecting CXX compile features - done
[0.408s] -- Found moveit_common: 2.5.4 (/home/w0x7ce/ws_moveit2/install/moveit_common/share/moveit_common/cmake)
[0.411s] -- Found ament_cmake: 1.3.3 (/opt/ros/humble/share/ament_cmake/cmake)
[0.593s] -- Found Python3: /usr/bin/python3.10 (found version "3.10.6") found components: Interpreter 
[0.793s] -- Found libdw: /usr/lib/x86_64-linux-gnu/libdw.so  
[0.801s] -- Could NOT find libbfd (missing: LIBBFD_LIBRARY LIBBFD_INCLUDE_DIR) 
[0.801s] -- BACKWARD_HAS_UNWIND=1
[0.801s] -- BACKWARD_HAS_BACKTRACE=0
[0.801s] -- BACKWARD_HAS_BACKTRACE_SYMBOL=0
[0.801s] -- BACKWARD_HAS_DW=1
[0.801s] -- BACKWARD_HAS_BFD=0
[0.802s] -- Found Backward: /opt/ros/humble/share/backward_ros/cmake  
[0.802s] [0mpilz_industrial_motion_planner: You did not request a specific build type: Choosing 'Release' for maximum performance[0m
[0.806s] -- Found eigen3_cmake_module: 0.1.1 (/opt/ros/humble/share/eigen3_cmake_module/cmake)
[0.815s] -- Found Eigen3: TRUE (found version "3.4.0") 
[0.818s] -- Found geometry_msgs: 4.2.2 (/opt/ros/humble/share/geometry_msgs/cmake)
[0.867s] -- Found rosidl_generator_c: 3.1.4 (/opt/ros/humble/share/rosidl_generator_c/cmake)
[0.875s] -- Found rosidl_adapter: 3.1.4 (/opt/ros/humble/share/rosidl_adapter/cmake)
[0.887s] -- Found rosidl_generator_cpp: 3.1.4 (/opt/ros/humble/share/rosidl_generator_cpp/cmake)
[0.906s] -- Using all available rosidl_typesupport_c: rosidl_typesupport_fastrtps_c;rosidl_typesupport_introspection_c
[0.932s] -- Using all available rosidl_typesupport_cpp: rosidl_typesupport_fastrtps_cpp;rosidl_typesupport_introspection_cpp
[1.070s] -- Found moveit_core: 2.5.4 (/home/w0x7ce/ws_moveit2/install/moveit_core/share/moveit_core/cmake)
[1.254s] -- Found Boost: /usr/lib/x86_64-linux-gnu/cmake/Boost-1.74.0/BoostConfig.cmake (found version "1.74.0") found components: chrono date_time filesystem iostreams program_options regex serialization system thread 
[1.274s] -- Found Boost: /usr/lib/x86_64-linux-gnu/cmake/Boost-1.74.0/BoostConfig.cmake (found version "1.74.0") found components: filesystem 
[1.382s] -- Found rmw_implementation_cmake: 6.1.1 (/opt/ros/humble/share/rmw_implementation_cmake/cmake)
[1.387s] -- Found rmw_fastrtps_cpp: 6.2.2 (/opt/ros/humble/share/rmw_fastrtps_cpp/cmake)
[1.504s] -- Found OpenSSL: /usr/lib/x86_64-linux-gnu/libcrypto.so (found version "3.0.2")  
[1.533s] -- Found FastRTPS: /opt/ros/humble/include  
[1.591s] -- Using RMW implementation 'rmw_fastrtps_cpp' as default
[1.606s] -- Found Threads: TRUE  
[1.835s] -- library: /usr/lib/x86_64-linux-gnu/libcurl.so
[2.198s] -- Ensuring Eigen3 include directory is part of orocos-kdl CMake target
[3.494s] -- Found moveit_ros_move_group: 2.5.4 (/home/w0x7ce/ws_moveit2/install/moveit_ros_move_group/share/moveit_ros_move_group/cmake)
[3.499s] -- Found Boost: /usr/lib/x86_64-linux-gnu/cmake/Boost-1.74.0/BoostConfig.cmake (found version "1.74.0") found components: system filesystem date_time program_options thread 
[3.868s] -- Found Boost: /usr/lib/x86_64-linux-gnu/cmake/Boost-1.74.0/BoostConfig.cmake (found version "1.74.0") found components: system filesystem date_time program_options thread chrono 
[4.282s] -- Found moveit_ros_planning_interface: 2.5.4 (/home/w0x7ce/ws_moveit2/install/moveit_ros_planning_interface/share/moveit_ros_planning_interface/cmake)
[4.287s] -- Found Boost: /usr/lib/x86_64-linux-gnu/cmake/Boost-1.74.0/BoostConfig.cmake (found version "1.74.0") found components: date_time filesystem program_options system thread 
[4.501s] -- Found Boost: /usr/lib/x86_64-linux-gnu/cmake/Boost-1.74.0/BoostConfig.cmake (found version "1.74.0") found components: thread system filesystem regex date_time program_options 
[4.966s] -- Found tf2_eigen_kdl: 0.25.1 (/opt/ros/humble/share/tf2_eigen_kdl/cmake)
[4.972s] -- Found tf2_kdl: 0.25.1 (/opt/ros/humble/share/tf2_kdl/cmake)
[4.996s] -- Found Boost: /usr/lib/x86_64-linux-gnu/cmake/Boost-1.74.0/BoostConfig.cmake (found version "1.74.0")  
[5.122s] -- Found ament_cmake_gtest: 1.3.3 (/opt/ros/humble/share/ament_cmake_gtest/cmake)
[5.126s] -- Found ament_cmake_gmock: 1.3.3 (/opt/ros/humble/share/ament_cmake_gmock/cmake)
[5.129s] -- Found ros_testing: 0.4.0 (/opt/ros/humble/share/ros_testing/cmake)
[5.132s] -- Found launch_testing_ament_cmake: 1.0.3 (/opt/ros/humble/share/launch_testing_ament_cmake/cmake)
[5.136s] -- Found python_cmake_module: 0.10.0 (/opt/ros/humble/share/python_cmake_module/cmake)
[5.160s] -- Found PythonInterp: /usr/bin/python3 (found suitable version "3.10.6", minimum required is "3.6") 
[5.166s] -- Found PythonLibs: /usr/lib/x86_64-linux-gnu/libpython3.10.so (found suitable version "3.10.6", minimum required is "3.5") 
[5.166s] -- Using PYTHON_EXECUTABLE: /usr/bin/python3
[5.166s] -- Using PYTHON_INCLUDE_DIRS: /usr/include/python3.10
[5.166s] -- Using PYTHON_LIBRARIES: /usr/lib/x86_64-linux-gnu/libpython3.10.so
[5.194s] -- Found PythonExtra: .so  
[5.231s] -- Found moveit_resources_prbt_support: 2.5.4 (/home/w0x7ce/ws_moveit2/install/moveit_resources_prbt_support/share/moveit_resources_prbt_support/cmake)
[5.232s] -- Found moveit_resources_prbt_moveit_config: 2.5.4 (/home/w0x7ce/ws_moveit2/install/moveit_resources_prbt_moveit_config/share/moveit_resources_prbt_moveit_config/cmake)
[5.237s] -- Found Boost: /usr/lib/x86_64-linux-gnu/cmake/Boost-1.74.0/BoostConfig.cmake (found version "1.74.0") found components: thread 
[5.238s] -- Found pilz_industrial_motion_planner_testutils: 2.5.4 (/home/w0x7ce/ws_moveit2/install/pilz_industrial_motion_planner_testutils/share/pilz_industrial_motion_planner_testutils/cmake)
[5.379s] -- Found gtest sources under '/opt/ros/humble/src/gtest_vendor': C++ tests using 'Google Test' will be built
[5.427s] -- Found gmock sources under '/opt/ros/humble/src/gmock_vendor': C++ tests using 'Google Mock' will be built
[5.435s] -- Found ament_lint_auto: 0.12.4 (/opt/ros/humble/share/ament_lint_auto/cmake)
[5.638s] -- Found launch_testing_ament_cmake: 1.0.3 (/opt/ros/humble/share/launch_testing_ament_cmake/cmake)
[5.639s] -- Found python_cmake_module: 0.10.0 (/opt/ros/humble/share/python_cmake_module/cmake)
[5.667s] -- Using PYTHON_EXECUTABLE: /usr/bin/python3
[5.667s] -- Using PYTHON_INCLUDE_DIRS: /usr/include/python3.10
[5.667s] -- Using PYTHON_LIBRARIES: /usr/lib/x86_64-linux-gnu/libpython3.10.so
[5.681s] -- Added test 'cppcheck' to perform static code analysis on C / C++ code
[5.682s] -- Configured cppcheck include dirs: /home/w0x7ce/ws_moveit2/src/moveit2/moveit_planners/pilz_industrial_motion_planner/include
[5.683s] -- Configured cppcheck exclude dirs and/or files: 
[5.685s] -- Added test 'pep257' to check Python code against some of the docstring style conventions in PEP 257
[5.687s] -- Added test 'xmllint' to check XML markup files
[5.690s] -- Configuring done
[6.866s] -- Generating done
[6.877s] -- Build files have been written to: /home/w0x7ce/ws_moveit2/build/pilz_industrial_motion_planner
[6.921s] Invoked command in '/home/w0x7ce/ws_moveit2/build/pilz_industrial_motion_planner' returned '0': AMENT_PREFIX_PATH=/home/w0x7ce/ws_moveit2/install/moveit_resources_prbt_pg70_support:/home/w0x7ce/ws_moveit2/install/moveit_ros_planning_interface:/home/w0x7ce/ws_moveit2/install/moveit_resources_prbt_moveit_config:/home/w0x7ce/ws_moveit2/install/moveit_ros_move_group:/home/w0x7ce/ws_moveit2/install/moveit_ros_warehouse:/home/w0x7ce/ws_moveit2/install/moveit_kinematics:/home/w0x7ce/ws_moveit2/install/moveit_ros_planning:/home/w0x7ce/ws_moveit2/install/pilz_industrial_motion_planner_testutils:/home/w0x7ce/ws_moveit2/install/moveit_ros_occupancy_map_monitor:/home/w0x7ce/ws_moveit2/install/moveit_resources_prbt_ikfast_manipulator_plugin:/home/w0x7ce/ws_moveit2/install/moveit_core:/home/w0x7ce/ws_moveit2/install/moveit_resources_panda_moveit_config:/home/w0x7ce/ws_moveit2/install/moveit_configs_utils:/home/w0x7ce/ws_moveit2/install/srdfdom:/home/w0x7ce/ws_moveit2/install/moveit_resources_prbt_support:/home/w0x7ce/ws_moveit2/install/moveit_resources_panda_description:/home/w0x7ce/ws_moveit2/install/moveit_common:/home/w0x7ce/ws_moveit2/install/launch_param_builder:${AMENT_PREFIX_PATH} CMAKE_PREFIX_PATH=/home/w0x7ce/ws_moveit2/install/moveit_resources_prbt_pg70_support:/home/w0x7ce/ws_moveit2/install/moveit_ros_planning_interface:/home/w0x7ce/ws_moveit2/install/moveit_resources_prbt_moveit_config:/home/w0x7ce/ws_moveit2/install/moveit_ros_move_group:/home/w0x7ce/ws_moveit2/install/moveit_ros_warehouse:/home/w0x7ce/ws_moveit2/install/moveit_kinematics:/home/w0x7ce/ws_moveit2/install/moveit_ros_planning:/home/w0x7ce/ws_moveit2/install/pilz_industrial_motion_planner_testutils:/home/w0x7ce/ws_moveit2/install/moveit_ros_occupancy_map_monitor:/home/w0x7ce/ws_moveit2/install/moveit_resources_prbt_ikfast_manipulator_plugin:/home/w0x7ce/ws_moveit2/install/moveit_core:/home/w0x7ce/ws_moveit2/install/moveit_resources_panda_moveit_config:/home/w0x7ce/ws_moveit2/install/srdfdom:/home/w0x7ce/ws_moveit2/install/moveit_resources_prbt_support:/home/w0x7ce/ws_moveit2/install/moveit_resources_panda_description:/home/w0x7ce/ws_moveit2/install/moveit_common:/opt/ros/humble LD_LIBRARY_PATH=/home/w0x7ce/ws_moveit2/install/moveit_ros_planning_interface/lib:/home/w0x7ce/ws_moveit2/install/moveit_ros_move_group/lib:/home/w0x7ce/ws_moveit2/install/moveit_ros_warehouse/lib:/home/w0x7ce/ws_moveit2/install/moveit_kinematics/lib:/home/w0x7ce/ws_moveit2/install/moveit_ros_planning/lib:/home/w0x7ce/ws_moveit2/install/pilz_industrial_motion_planner_testutils/lib:/home/w0x7ce/ws_moveit2/install/moveit_ros_occupancy_map_monitor/lib:/home/w0x7ce/ws_moveit2/install/moveit_resources_prbt_ikfast_manipulator_plugin/lib:/home/w0x7ce/ws_moveit2/install/moveit_core/lib:/home/w0x7ce/ws_moveit2/install/srdfdom/lib:${LD_LIBRARY_PATH} PATH=/home/w0x7ce/ws_moveit2/install/moveit_core/bin:${PATH} PYTHONPATH=/home/w0x7ce/ws_moveit2/install/moveit_configs_utils/lib/python3.10/site-packages:/home/w0x7ce/ws_moveit2/install/srdfdom/local/lib/python3.10/dist-packages:/home/w0x7ce/ws_moveit2/install/launch_param_builder/lib/python3.10/site-packages:${PYTHONPATH} /usr/bin/cmake /home/w0x7ce/ws_moveit2/src/moveit2/moveit_planners/pilz_industrial_motion_planner -DCMAKE_INSTALL_PREFIX=/home/w0x7ce/ws_moveit2/install/pilz_industrial_motion_planner
[6.921s] Invoking command in '/home/w0x7ce/ws_moveit2/build/pilz_industrial_motion_planner': AMENT_PREFIX_PATH=/home/w0x7ce/ws_moveit2/install/moveit_resources_prbt_pg70_support:/home/w0x7ce/ws_moveit2/install/moveit_ros_planning_interface:/home/w0x7ce/ws_moveit2/install/moveit_resources_prbt_moveit_config:/home/w0x7ce/ws_moveit2/install/moveit_ros_move_group:/home/w0x7ce/ws_moveit2/install/moveit_ros_warehouse:/home/w0x7ce/ws_moveit2/install/moveit_kinematics:/home/w0x7ce/ws_moveit2/install/moveit_ros_planning:/home/w0x7ce/ws_moveit2/install/pilz_industrial_motion_planner_testutils:/home/w0x7ce/ws_moveit2/install/moveit_ros_occupancy_map_monitor:/home/w0x7ce/ws_moveit2/install/moveit_resources_prbt_ikfast_manipulator_plugin:/home/w0x7ce/ws_moveit2/install/moveit_core:/home/w0x7ce/ws_moveit2/install/moveit_resources_panda_moveit_config:/home/w0x7ce/ws_moveit2/install/moveit_configs_utils:/home/w0x7ce/ws_moveit2/install/srdfdom:/home/w0x7ce/ws_moveit2/install/moveit_resources_prbt_support:/home/w0x7ce/ws_moveit2/install/moveit_resources_panda_description:/home/w0x7ce/ws_moveit2/install/moveit_common:/home/w0x7ce/ws_moveit2/install/launch_param_builder:${AMENT_PREFIX_PATH} CMAKE_PREFIX_PATH=/home/w0x7ce/ws_moveit2/install/moveit_resources_prbt_pg70_support:/home/w0x7ce/ws_moveit2/install/moveit_ros_planning_interface:/home/w0x7ce/ws_moveit2/install/moveit_resources_prbt_moveit_config:/home/w0x7ce/ws_moveit2/install/moveit_ros_move_group:/home/w0x7ce/ws_moveit2/install/moveit_ros_warehouse:/home/w0x7ce/ws_moveit2/install/moveit_kinematics:/home/w0x7ce/ws_moveit2/install/moveit_ros_planning:/home/w0x7ce/ws_moveit2/install/pilz_industrial_motion_planner_testutils:/home/w0x7ce/ws_moveit2/install/moveit_ros_occupancy_map_monitor:/home/w0x7ce/ws_moveit2/install/moveit_resources_prbt_ikfast_manipulator_plugin:/home/w0x7ce/ws_moveit2/install/moveit_core:/home/w0x7ce/ws_moveit2/install/moveit_resources_panda_moveit_config:/home/w0x7ce/ws_moveit2/install/srdfdom:/home/w0x7ce/ws_moveit2/install/moveit_resources_prbt_support:/home/w0x7ce/ws_moveit2/install/moveit_resources_panda_description:/home/w0x7ce/ws_moveit2/install/moveit_common:/opt/ros/humble LD_LIBRARY_PATH=/home/w0x7ce/ws_moveit2/install/moveit_ros_planning_interface/lib:/home/w0x7ce/ws_moveit2/install/moveit_ros_move_group/lib:/home/w0x7ce/ws_moveit2/install/moveit_ros_warehouse/lib:/home/w0x7ce/ws_moveit2/install/moveit_kinematics/lib:/home/w0x7ce/ws_moveit2/install/moveit_ros_planning/lib:/home/w0x7ce/ws_moveit2/install/pilz_industrial_motion_planner_testutils/lib:/home/w0x7ce/ws_moveit2/install/moveit_ros_occupancy_map_monitor/lib:/home/w0x7ce/ws_moveit2/install/moveit_resources_prbt_ikfast_manipulator_plugin/lib:/home/w0x7ce/ws_moveit2/install/moveit_core/lib:/home/w0x7ce/ws_moveit2/install/srdfdom/lib:${LD_LIBRARY_PATH} PATH=/home/w0x7ce/ws_moveit2/install/moveit_core/bin:${PATH} PYTHONPATH=/home/w0x7ce/ws_moveit2/install/moveit_configs_utils/lib/python3.10/site-packages:/home/w0x7ce/ws_moveit2/install/srdfdom/local/lib/python3.10/dist-packages:/home/w0x7ce/ws_moveit2/install/launch_param_builder/lib/python3.10/site-packages:${PYTHONPATH} /usr/bin/cmake --build /home/w0x7ce/ws_moveit2/build/pilz_industrial_motion_planner -- -j4 -l4
[7.046s] [  1%] [32mBuilding CXX object gtest/CMakeFiles/gtest_main.dir/src/gtest_main.cc.o[0m
[7.051s] [  2%] [32mBuilding CXX object CMakeFiles/planning_context_loader_base.dir/src/planning_context_loader.cpp.o[0m
[7.055s] [  3%] [32mBuilding CXX object CMakeFiles/joint_limits_common.dir/src/joint_limits_aggregator.cpp.o[0m
[7.060s] [  4%] [32mBuilding CXX object CMakeFiles/trajectory_generation_common.dir/src/trajectory_functions.cpp.o[0m
[9.974s] [  6%] [32m[1mLinking CXX static library libgtest_main.a[0m
[10.204s] [  6%] Built target gtest_main
[10.229s] [  7%] [32mBuilding CXX object CMakeFiles/trajectory_generation_common.dir/src/trajectory_generator.cpp.o[0m
[33.501s] [  8%] [32m[1mLinking CXX shared library libplanning_context_loader_base.so[0m
[38.201s] [  9%] [32mBuilding CXX object CMakeFiles/joint_limits_common.dir/src/joint_limits_container.cpp.o[0m
[42.275s] [ 10%] [32mBuilding CXX object CMakeFiles/joint_limits_common.dir/src/joint_limits_validator.cpp.o[0m
[49.805s] [ 12%] [32mBuilding CXX object CMakeFiles/trajectory_generation_common.dir/src/trajectory_blender_transition_window.cpp.o[0m
[58.377s] [ 13%] [32mBuilding CXX object CMakeFiles/joint_limits_common.dir/src/limits_container.cpp.o[0m
[59.860s] [ 14%] [32mBuilding CXX object CMakeFiles/joint_limits_common.dir/src/cartesian_limit.cpp.o[0m
[59.971s] [ 15%] [32mBuilding CXX object CMakeFiles/joint_limits_common.dir/src/cartesian_limits_aggregator.cpp.o[0m
[66.937s] [ 16%] [32m[1mLinking CXX shared library libjoint_limits_common.so[0m
[68.822s] [ 16%] Built target joint_limits_common
[69.363s] [ 16%] Built target planning_context_loader_base
[71.397s] [ 18%] [32m[1mLinking CXX shared library libtrajectory_generation_common.so[0m
[71.904s] [ 18%] Built target trajectory_generation_common
[72.003s] [ 19%] [32mBuilding CXX object gmock/CMakeFiles/gmock.dir/opt/ros/humble/src/gtest_vendor/src/gtest-all.cc.o[0m
[81.239s] [ 20%] [32mBuilding CXX object gmock/CMakeFiles/gmock.dir/src/gmock-all.cc.o[0m
[84.464s] [ 21%] [32m[1mLinking CXX static library libgmock.a[0m
[84.590s] [ 21%] Built target gmock
[84.603s] [ 22%] [32mBuilding CXX object CMakeFiles/command_list_manager.dir/src/command_list_manager.cpp.o[0m
[96.340s] [ 24%] [32mBuilding CXX object CMakeFiles/command_list_manager.dir/src/plan_components_builder.cpp.o[0m
[104.332s] [ 25%] [32m[1mLinking CXX shared library libcommand_list_manager.so[0m
[104.603s] [ 25%] Built target command_list_manager
[104.620s] [ 26%] [32mBuilding CXX object CMakeFiles/pilz_industrial_motion_planner.dir/src/pilz_industrial_motion_planner.cpp.o[0m
[119.117s] [ 27%] [32m[1mLinking CXX shared library libpilz_industrial_motion_planner.so[0m
[119.387s] [ 27%] Built target pilz_industrial_motion_planner
[119.401s] [ 28%] [32mBuilding CXX object CMakeFiles/planning_context_loader_ptp.dir/src/planning_context_loader_ptp.cpp.o[0m
[128.895s] [ 30%] [32mBuilding CXX object CMakeFiles/planning_context_loader_ptp.dir/src/trajectory_generator_ptp.cpp.o[0m
[139.683s] [ 31%] [32mBuilding CXX object CMakeFiles/planning_context_loader_ptp.dir/src/velocity_profile_atrap.cpp.o[0m
[140.403s] [ 32%] [32m[1mLinking CXX shared library libplanning_context_loader_ptp.so[0m
[140.690s] [ 32%] Built target planning_context_loader_ptp
[140.707s] [ 33%] [32mBuilding CXX object CMakeFiles/planning_context_loader_lin.dir/src/planning_context_loader_lin.cpp.o[0m
[151.258s] [ 34%] [32mBuilding CXX object CMakeFiles/planning_context_loader_lin.dir/src/trajectory_generator_lin.cpp.o[0m
[161.616s] [ 36%] [32mBuilding CXX object CMakeFiles/planning_context_loader_lin.dir/src/velocity_profile_atrap.cpp.o[0m
[162.316s] [ 37%] [32m[1mLinking CXX shared library libplanning_context_loader_lin.so[0m
[162.608s] [ 37%] Built target planning_context_loader_lin
[162.622s] [ 38%] [32mBuilding CXX object CMakeFiles/planning_context_loader_circ.dir/src/planning_context_loader_circ.cpp.o[0m
[172.002s] [ 39%] [32mBuilding CXX object CMakeFiles/planning_context_loader_circ.dir/src/trajectory_generator_circ.cpp.o[0m
[183.077s] [ 40%] [32mBuilding CXX object CMakeFiles/planning_context_loader_circ.dir/src/path_circle_generator.cpp.o[0m
[184.628s] [ 42%] [32m[1mLinking CXX shared library libplanning_context_loader_circ.so[0m
[184.902s] [ 42%] Built target planning_context_loader_circ
[184.917s] [ 43%] [32mBuilding CXX object CMakeFiles/sequence_capability.dir/src/move_group_sequence_action.cpp.o[0m
[201.351s] [ 44%] [32mBuilding CXX object CMakeFiles/sequence_capability.dir/src/move_group_sequence_service.cpp.o[0m
[215.430s] [ 45%] [32m[1mLinking CXX shared library libsequence_capability.so[0m
[215.816s] [ 45%] Built target sequence_capability
[215.830s] [ 46%] [32mBuilding CXX object test/CMakeFiles/pilz_industrial_motion_planner_test_utils.dir/test_utils.cpp.o[0m
[233.394s] [ 48%] [32m[1mLinking CXX static library libpilz_industrial_motion_planner_test_utils.a[0m
[233.449s] [ 48%] Built target pilz_industrial_motion_planner_test_utils
[233.462s] [ 49%] [32mBuilding CXX object gmock/CMakeFiles/gmock_main.dir/src/gmock_main.cc.o[0m
[234.809s] [ 50%] [32m[1mLinking CXX static library libgmock_main.a[0m
[234.862s] [ 50%] Built target gmock_main
[234.874s] [ 51%] [32mBuilding CXX object gtest/CMakeFiles/gtest.dir/src/gtest-all.cc.o[0m
[243.344s] [ 53%] [32m[1mLinking CXX static library libgtest.a[0m
[243.403s] [ 53%] Built target gtest
[243.417s] [ 54%] [32mBuilding CXX object test/unit_tests/CMakeFiles/unittest_get_solver_tip_frame.dir/src/unittest_get_solver_tip_frame.cpp.o[0m
[251.214s] [ 55%] [32m[1mLinking CXX executable unittest_get_solver_tip_frame[0m
[251.495s] [ 55%] Built target unittest_get_solver_tip_frame
[251.509s] [ 56%] [32mBuilding CXX object test/unit_tests/CMakeFiles/unittest_trajectory_generator.dir/src/unittest_trajectory_generator.cpp.o[0m
[262.738s] [ 57%] [32mBuilding CXX object test/unit_tests/CMakeFiles/unittest_trajectory_generator.dir/__/__/src/trajectory_generator.cpp.o[0m
[273.756s] [ 59%] [32m[1mLinking CXX executable unittest_trajectory_generator[0m
[274.242s] [ 59%] Built target unittest_trajectory_generator
[274.264s] [ 60%] [32mBuilding CXX object test/unit_tests/CMakeFiles/unittest_trajectory_functions.dir/src/unittest_trajectory_functions.cpp.o[0m
[287.492s] [ 61%] [32m[1mLinking CXX executable unittest_trajectory_functions[0m
[287.943s] [ 61%] Built target unittest_trajectory_functions
[287.958s] [ 62%] [32mBuilding CXX object test/unit_tests/CMakeFiles/unittest_trajectory_blender_transition_window.dir/src/unittest_trajectory_blender_transition_window.cpp.o[0m
[304.211s] [ 63%] [32mBuilding CXX object test/unit_tests/CMakeFiles/unittest_trajectory_blender_transition_window.dir/__/__/src/trajectory_blender_transition_window.cpp.o[0m
[315.453s] [ 65%] [32m[1mLinking CXX executable unittest_trajectory_blender_transition_window[0m
[315.910s] [ 65%] Built target unittest_trajectory_blender_transition_window
[315.925s] [ 66%] [32mBuilding CXX object test/unit_tests/CMakeFiles/unittest_trajectory_generator_common.dir/src/unittest_trajectory_generator_common.cpp.o[0m
[336.940s] [ 67%] [32m[1mLinking CXX executable unittest_trajectory_generator_common[0m
[337.505s] [ 67%] Built target unittest_trajectory_generator_common
[337.520s] [ 68%] [32mBuilding CXX object test/unit_tests/CMakeFiles/unittest_trajectory_generator_circ.dir/src/unittest_trajectory_generator_circ.cpp.o[0m
[354.231s] [ 69%] [32m[1mLinking CXX executable unittest_trajectory_generator_circ[0m
[354.731s] [ 69%] Built target unittest_trajectory_generator_circ
[354.745s] [ 71%] [32mBuilding CXX object test/unit_tests/CMakeFiles/unittest_trajectory_generator_lin.dir/src/unittest_trajectory_generator_lin.cpp.o[0m
[368.448s] [ 72%] [32m[1mLinking CXX executable unittest_trajectory_generator_lin[0m
[368.933s] [ 72%] Built target unittest_trajectory_generator_lin
[368.948s] [ 73%] [32mBuilding CXX object test/unit_tests/CMakeFiles/unittest_trajectory_generator_ptp.dir/src/unittest_trajectory_generator_ptp.cpp.o[0m
[387.244s] [ 74%] [32m[1mLinking CXX executable unittest_trajectory_generator_ptp[0m
[387.730s] [ 74%] Built target unittest_trajectory_generator_ptp
[387.744s] [ 75%] [32mBuilding CXX object test/unit_tests/CMakeFiles/unittest_pilz_industrial_motion_planner.dir/src/unittest_pilz_industrial_motion_planner.cpp.o[0m
[405.752s] [ 77%] [32m[1mLinking CXX executable unittest_pilz_industrial_motion_planner[0m
[406.185s] [ 77%] Built target unittest_pilz_industrial_motion_planner
[406.200s] [ 78%] [32mBuilding CXX object test/unit_tests/CMakeFiles/unittest_joint_limit.dir/src/unittest_joint_limit.cpp.o[0m
[411.426s] [ 79%] [32m[1mLinking CXX executable unittest_joint_limit[0m
[411.745s] [ 79%] Built target unittest_joint_limit
[411.759s] [ 80%] [32mBuilding CXX object test/unit_tests/CMakeFiles/unittest_joint_limits_aggregator.dir/src/unittest_joint_limits_aggregator.cpp.o[0m
[420.803s] [ 81%] [32m[1mLinking CXX executable unittest_joint_limits_aggregator[0m
[421.180s] [ 81%] Built target unittest_joint_limits_aggregator
[421.196s] [ 83%] [32mBuilding CXX object test/unit_tests/CMakeFiles/unittest_joint_limits_container.dir/src/unittest_joint_limits_container.cpp.o[0m
[423.152s] [ 84%] [32m[1mLinking CXX executable unittest_joint_limits_container[0m
[423.428s] [ 84%] Built target unittest_joint_limits_container
[423.445s] [ 85%] [32mBuilding CXX object test/unit_tests/CMakeFiles/unittest_joint_limits_validator.dir/src/unittest_joint_limits_validator.cpp.o[0m
[425.839s] [ 86%] [32m[1mLinking CXX executable unittest_joint_limits_validator[0m
[426.100s] [ 86%] Built target unittest_joint_limits_validator
[426.114s] [ 87%] [32mBuilding CXX object test/unit_tests/CMakeFiles/unittest_cartesian_limits_aggregator.dir/src/unittest_cartesian_limits_aggregator.cpp.o[0m
[430.395s] [ 89%] [32m[1mLinking CXX executable unittest_cartesian_limits_aggregator[0m
[430.724s] [ 89%] Built target unittest_cartesian_limits_aggregator
[430.741s] [ 90%] [32mBuilding CXX object test/unit_tests/CMakeFiles/unittest_planning_context_loaders.dir/src/unittest_planning_context_loaders.cpp.o[0m
[447.706s] [ 91%] [32m[1mLinking CXX executable unittest_planning_context_loaders[0m
[448.163s] [ 91%] Built target unittest_planning_context_loaders
[448.178s] [ 92%] [32mBuilding CXX object test/unit_tests/CMakeFiles/unittest_planning_context.dir/src/unittest_planning_context.cpp.o[0m
[465.153s] [ 93%] [32m[1mLinking CXX executable unittest_planning_context[0m
[465.618s] [ 93%] Built target unittest_planning_context
[465.633s] [ 95%] [32mBuilding CXX object test/unit_tests/CMakeFiles/unittest_velocity_profile_atrap.dir/src/unittest_velocity_profile_atrap.cpp.o[0m
[469.334s] [ 96%] [32mBuilding CXX object test/unit_tests/CMakeFiles/unittest_velocity_profile_atrap.dir/__/__/src/velocity_profile_atrap.cpp.o[0m
[470.068s] [ 97%] [32m[1mLinking CXX executable unittest_velocity_profile_atrap[0m
[470.341s] [ 97%] Built target unittest_velocity_profile_atrap
[470.356s] [ 98%] [32mBuilding CXX object test/unit_tests/CMakeFiles/unittest_pilz_industrial_motion_planner_direct.dir/src/unittest_pilz_industrial_motion_planner_direct.cpp.o[0m
[484.995s] [100%] [32m[1mLinking CXX executable unittest_pilz_industrial_motion_planner_direct[0m
[485.361s] [100%] Built target unittest_pilz_industrial_motion_planner_direct
[485.369s] Invoked command in '/home/w0x7ce/ws_moveit2/build/pilz_industrial_motion_planner' returned '0': AMENT_PREFIX_PATH=/home/w0x7ce/ws_moveit2/install/moveit_resources_prbt_pg70_support:/home/w0x7ce/ws_moveit2/install/moveit_ros_planning_interface:/home/w0x7ce/ws_moveit2/install/moveit_resources_prbt_moveit_config:/home/w0x7ce/ws_moveit2/install/moveit_ros_move_group:/home/w0x7ce/ws_moveit2/install/moveit_ros_warehouse:/home/w0x7ce/ws_moveit2/install/moveit_kinematics:/home/w0x7ce/ws_moveit2/install/moveit_ros_planning:/home/w0x7ce/ws_moveit2/install/pilz_industrial_motion_planner_testutils:/home/w0x7ce/ws_moveit2/install/moveit_ros_occupancy_map_monitor:/home/w0x7ce/ws_moveit2/install/moveit_resources_prbt_ikfast_manipulator_plugin:/home/w0x7ce/ws_moveit2/install/moveit_core:/home/w0x7ce/ws_moveit2/install/moveit_resources_panda_moveit_config:/home/w0x7ce/ws_moveit2/install/moveit_configs_utils:/home/w0x7ce/ws_moveit2/install/srdfdom:/home/w0x7ce/ws_moveit2/install/moveit_resources_prbt_support:/home/w0x7ce/ws_moveit2/install/moveit_resources_panda_description:/home/w0x7ce/ws_moveit2/install/moveit_common:/home/w0x7ce/ws_moveit2/install/launch_param_builder:${AMENT_PREFIX_PATH} CMAKE_PREFIX_PATH=/home/w0x7ce/ws_moveit2/install/moveit_resources_prbt_pg70_support:/home/w0x7ce/ws_moveit2/install/moveit_ros_planning_interface:/home/w0x7ce/ws_moveit2/install/moveit_resources_prbt_moveit_config:/home/w0x7ce/ws_moveit2/install/moveit_ros_move_group:/home/w0x7ce/ws_moveit2/install/moveit_ros_warehouse:/home/w0x7ce/ws_moveit2/install/moveit_kinematics:/home/w0x7ce/ws_moveit2/install/moveit_ros_planning:/home/w0x7ce/ws_moveit2/install/pilz_industrial_motion_planner_testutils:/home/w0x7ce/ws_moveit2/install/moveit_ros_occupancy_map_monitor:/home/w0x7ce/ws_moveit2/install/moveit_resources_prbt_ikfast_manipulator_plugin:/home/w0x7ce/ws_moveit2/install/moveit_core:/home/w0x7ce/ws_moveit2/install/moveit_resources_panda_moveit_config:/home/w0x7ce/ws_moveit2/install/srdfdom:/home/w0x7ce/ws_moveit2/install/moveit_resources_prbt_support:/home/w0x7ce/ws_moveit2/install/moveit_resources_panda_description:/home/w0x7ce/ws_moveit2/install/moveit_common:/opt/ros/humble LD_LIBRARY_PATH=/home/w0x7ce/ws_moveit2/install/moveit_ros_planning_interface/lib:/home/w0x7ce/ws_moveit2/install/moveit_ros_move_group/lib:/home/w0x7ce/ws_moveit2/install/moveit_ros_warehouse/lib:/home/w0x7ce/ws_moveit2/install/moveit_kinematics/lib:/home/w0x7ce/ws_moveit2/install/moveit_ros_planning/lib:/home/w0x7ce/ws_moveit2/install/pilz_industrial_motion_planner_testutils/lib:/home/w0x7ce/ws_moveit2/install/moveit_ros_occupancy_map_monitor/lib:/home/w0x7ce/ws_moveit2/install/moveit_resources_prbt_ikfast_manipulator_plugin/lib:/home/w0x7ce/ws_moveit2/install/moveit_core/lib:/home/w0x7ce/ws_moveit2/install/srdfdom/lib:${LD_LIBRARY_PATH} PATH=/home/w0x7ce/ws_moveit2/install/moveit_core/bin:${PATH} PYTHONPATH=/home/w0x7ce/ws_moveit2/install/moveit_configs_utils/lib/python3.10/site-packages:/home/w0x7ce/ws_moveit2/install/srdfdom/local/lib/python3.10/dist-packages:/home/w0x7ce/ws_moveit2/install/launch_param_builder/lib/python3.10/site-packages:${PYTHONPATH} /usr/bin/cmake --build /home/w0x7ce/ws_moveit2/build/pilz_industrial_motion_planner -- -j4 -l4
[485.488s] Invoking command in '/home/w0x7ce/ws_moveit2/build/pilz_industrial_motion_planner': AMENT_PREFIX_PATH=/home/w0x7ce/ws_moveit2/install/moveit_resources_prbt_pg70_support:/home/w0x7ce/ws_moveit2/install/moveit_ros_planning_interface:/home/w0x7ce/ws_moveit2/install/moveit_resources_prbt_moveit_config:/home/w0x7ce/ws_moveit2/install/moveit_ros_move_group:/home/w0x7ce/ws_moveit2/install/moveit_ros_warehouse:/home/w0x7ce/ws_moveit2/install/moveit_kinematics:/home/w0x7ce/ws_moveit2/install/moveit_ros_planning:/home/w0x7ce/ws_moveit2/install/pilz_industrial_motion_planner_testutils:/home/w0x7ce/ws_moveit2/install/moveit_ros_occupancy_map_monitor:/home/w0x7ce/ws_moveit2/install/moveit_resources_prbt_ikfast_manipulator_plugin:/home/w0x7ce/ws_moveit2/install/moveit_core:/home/w0x7ce/ws_moveit2/install/moveit_resources_panda_moveit_config:/home/w0x7ce/ws_moveit2/install/moveit_configs_utils:/home/w0x7ce/ws_moveit2/install/srdfdom:/home/w0x7ce/ws_moveit2/install/moveit_resources_prbt_support:/home/w0x7ce/ws_moveit2/install/moveit_resources_panda_description:/home/w0x7ce/ws_moveit2/install/moveit_common:/home/w0x7ce/ws_moveit2/install/launch_param_builder:${AMENT_PREFIX_PATH} CMAKE_PREFIX_PATH=/home/w0x7ce/ws_moveit2/install/moveit_resources_prbt_pg70_support:/home/w0x7ce/ws_moveit2/install/moveit_ros_planning_interface:/home/w0x7ce/ws_moveit2/install/moveit_resources_prbt_moveit_config:/home/w0x7ce/ws_moveit2/install/moveit_ros_move_group:/home/w0x7ce/ws_moveit2/install/moveit_ros_warehouse:/home/w0x7ce/ws_moveit2/install/moveit_kinematics:/home/w0x7ce/ws_moveit2/install/moveit_ros_planning:/home/w0x7ce/ws_moveit2/install/pilz_industrial_motion_planner_testutils:/home/w0x7ce/ws_moveit2/install/moveit_ros_occupancy_map_monitor:/home/w0x7ce/ws_moveit2/install/moveit_resources_prbt_ikfast_manipulator_plugin:/home/w0x7ce/ws_moveit2/install/moveit_core:/home/w0x7ce/ws_moveit2/install/moveit_resources_panda_moveit_config:/home/w0x7ce/ws_moveit2/install/srdfdom:/home/w0x7ce/ws_moveit2/install/moveit_resources_prbt_support:/home/w0x7ce/ws_moveit2/install/moveit_resources_panda_description:/home/w0x7ce/ws_moveit2/install/moveit_common:/opt/ros/humble LD_LIBRARY_PATH=/home/w0x7ce/ws_moveit2/install/moveit_ros_planning_interface/lib:/home/w0x7ce/ws_moveit2/install/moveit_ros_move_group/lib:/home/w0x7ce/ws_moveit2/install/moveit_ros_warehouse/lib:/home/w0x7ce/ws_moveit2/install/moveit_kinematics/lib:/home/w0x7ce/ws_moveit2/install/moveit_ros_planning/lib:/home/w0x7ce/ws_moveit2/install/pilz_industrial_motion_planner_testutils/lib:/home/w0x7ce/ws_moveit2/install/moveit_ros_occupancy_map_monitor/lib:/home/w0x7ce/ws_moveit2/install/moveit_resources_prbt_ikfast_manipulator_plugin/lib:/home/w0x7ce/ws_moveit2/install/moveit_core/lib:/home/w0x7ce/ws_moveit2/install/srdfdom/lib:${LD_LIBRARY_PATH} PATH=/home/w0x7ce/ws_moveit2/install/moveit_core/bin:${PATH} PYTHONPATH=/home/w0x7ce/ws_moveit2/install/moveit_configs_utils/lib/python3.10/site-packages:/home/w0x7ce/ws_moveit2/install/srdfdom/local/lib/python3.10/dist-packages:/home/w0x7ce/ws_moveit2/install/launch_param_builder/lib/python3.10/site-packages:${PYTHONPATH} /usr/bin/cmake --install /home/w0x7ce/ws_moveit2/build/pilz_industrial_motion_planner
[485.493s] -- Install configuration: "Release"
[485.493s] -- Installing: /home/w0x7ce/ws_moveit2/install/pilz_industrial_motion_planner/share/pilz_industrial_motion_planner/plugins/pilz_industrial_motion_planner_plugin_description.xml
[485.512s] -- Installing: /home/w0x7ce/ws_moveit2/install/pilz_industrial_motion_planner/share/pilz_industrial_motion_planner/plugins/sequence_capability_plugin_description.xml
[485.513s] -- Installing: /home/w0x7ce/ws_moveit2/install/pilz_industrial_motion_planner/share/pilz_industrial_motion_planner/plugins/planning_context_plugin_description.xml
[485.513s] -- Installing: /home/w0x7ce/ws_moveit2/install/pilz_industrial_motion_planner/lib/libpilz_industrial_motion_planner.so
[485.514s] -- Set runtime path of "/home/w0x7ce/ws_moveit2/install/pilz_industrial_motion_planner/lib/libpilz_industrial_motion_planner.so" to ""
[485.514s] -- Installing: /home/w0x7ce/ws_moveit2/install/pilz_industrial_motion_planner/lib/libjoint_limits_common.so
[485.515s] -- Set runtime path of "/home/w0x7ce/ws_moveit2/install/pilz_industrial_motion_planner/lib/libjoint_limits_common.so" to ""
[485.515s] -- Installing: /home/w0x7ce/ws_moveit2/install/pilz_industrial_motion_planner/lib/libplanning_context_loader_base.so
[485.515s] -- Set runtime path of "/home/w0x7ce/ws_moveit2/install/pilz_industrial_motion_planner/lib/libplanning_context_loader_base.so" to ""
[485.515s] -- Installing: /home/w0x7ce/ws_moveit2/install/pilz_industrial_motion_planner/lib/libplanning_context_loader_ptp.so
[485.516s] -- Set runtime path of "/home/w0x7ce/ws_moveit2/install/pilz_industrial_motion_planner/lib/libplanning_context_loader_ptp.so" to ""
[485.516s] -- Installing: /home/w0x7ce/ws_moveit2/install/pilz_industrial_motion_planner/lib/libplanning_context_loader_lin.so
[485.517s] -- Set runtime path of "/home/w0x7ce/ws_moveit2/install/pilz_industrial_motion_planner/lib/libplanning_context_loader_lin.so" to ""
[485.517s] -- Installing: /home/w0x7ce/ws_moveit2/install/pilz_industrial_motion_planner/lib/libplanning_context_loader_circ.so
[485.518s] -- Set runtime path of "/home/w0x7ce/ws_moveit2/install/pilz_industrial_motion_planner/lib/libplanning_context_loader_circ.so" to ""
[485.518s] -- Installing: /home/w0x7ce/ws_moveit2/install/pilz_industrial_motion_planner/lib/libcommand_list_manager.so
[485.519s] -- Set runtime path of "/home/w0x7ce/ws_moveit2/install/pilz_industrial_motion_planner/lib/libcommand_list_manager.so" to ""
[485.519s] -- Installing: /home/w0x7ce/ws_moveit2/install/pilz_industrial_motion_planner/lib/libsequence_capability.so
[485.520s] -- Set runtime path of "/home/w0x7ce/ws_moveit2/install/pilz_industrial_motion_planner/lib/libsequence_capability.so" to ""
[485.520s] -- Installing: /home/w0x7ce/ws_moveit2/install/pilz_industrial_motion_planner/lib/libtrajectory_generation_common.so
[485.521s] -- Set runtime path of "/home/w0x7ce/ws_moveit2/install/pilz_industrial_motion_planner/lib/libtrajectory_generation_common.so" to ""
[485.521s] -- Installing: /home/w0x7ce/ws_moveit2/install/pilz_industrial_motion_planner/include
[485.521s] -- Installing: /home/w0x7ce/ws_moveit2/install/pilz_industrial_motion_planner/include/joint_limits_copy
[485.521s] -- Installing: /home/w0x7ce/ws_moveit2/install/pilz_industrial_motion_planner/include/joint_limits_copy/joint_limits_rosparam.hpp
[485.521s] -- Installing: /home/w0x7ce/ws_moveit2/install/pilz_industrial_motion_planner/include/joint_limits_copy/joint_limits.hpp
[485.521s] -- Installing: /home/w0x7ce/ws_moveit2/install/pilz_industrial_motion_planner/include/pilz_industrial_motion_planner
[485.521s] -- Installing: /home/w0x7ce/ws_moveit2/install/pilz_industrial_motion_planner/include/pilz_industrial_motion_planner/planning_context_ptp.h
[485.521s] -- Installing: /home/w0x7ce/ws_moveit2/install/pilz_industrial_motion_planner/include/pilz_industrial_motion_planner/planning_context_circ.h
[485.521s] -- Installing: /home/w0x7ce/ws_moveit2/install/pilz_industrial_motion_planner/include/pilz_industrial_motion_planner/command_list_manager.h
[485.521s] -- Installing: /home/w0x7ce/ws_moveit2/install/pilz_industrial_motion_planner/include/pilz_industrial_motion_planner/cartesian_trajectory_point.h
[485.521s] -- Installing: /home/w0x7ce/ws_moveit2/install/pilz_industrial_motion_planner/include/pilz_industrial_motion_planner/trajectory_functions.h
[485.521s] -- Installing: /home/w0x7ce/ws_moveit2/install/pilz_industrial_motion_planner/include/pilz_industrial_motion_planner/trajectory_generator.h
[485.522s] -- Installing: /home/w0x7ce/ws_moveit2/install/pilz_industrial_motion_planner/include/pilz_industrial_motion_planner/joint_limits_extension.h
[485.522s] -- Installing: /home/w0x7ce/ws_moveit2/install/pilz_industrial_motion_planner/include/pilz_industrial_motion_planner/joint_limits_interface_extension.h
[485.522s] -- Installing: /home/w0x7ce/ws_moveit2/install/pilz_industrial_motion_planner/include/pilz_industrial_motion_planner/cartesian_trajectory.h
[485.522s] -- Installing: /home/w0x7ce/ws_moveit2/install/pilz_industrial_motion_planner/include/pilz_industrial_motion_planner/tip_frame_getter.h
[485.522s] -- Installing: /home/w0x7ce/ws_moveit2/install/pilz_industrial_motion_planner/include/pilz_industrial_motion_planner/capability_names.h
[485.522s] -- Installing: /home/w0x7ce/ws_moveit2/install/pilz_industrial_motion_planner/include/pilz_industrial_motion_planner/trajectory_blend_response.h
[485.522s] -- Installing: /home/w0x7ce/ws_moveit2/install/pilz_industrial_motion_planner/include/pilz_industrial_motion_planner/joint_limits_aggregator.h
[485.522s] -- Installing: /home/w0x7ce/ws_moveit2/install/pilz_industrial_motion_planner/include/pilz_industrial_motion_planner/planning_context_loader_circ.h
[485.522s] -- Installing: /home/w0x7ce/ws_moveit2/install/pilz_industrial_motion_planner/include/pilz_industrial_motion_planner/trajectory_blender_transition_window.h
[485.522s] -- Installing: /home/w0x7ce/ws_moveit2/install/pilz_industrial_motion_planner/include/pilz_industrial_motion_planner/trajectory_generator_ptp.h
[485.522s] -- Installing: /home/w0x7ce/ws_moveit2/install/pilz_industrial_motion_planner/include/pilz_industrial_motion_planner/cartesian_limits_aggregator.h
[485.523s] -- Installing: /home/w0x7ce/ws_moveit2/install/pilz_industrial_motion_planner/include/pilz_industrial_motion_planner/move_group_sequence_service.h
[485.523s] -- Installing: /home/w0x7ce/ws_moveit2/install/pilz_industrial_motion_planner/include/pilz_industrial_motion_planner/pilz_industrial_motion_planner.h
[485.523s] -- Installing: /home/w0x7ce/ws_moveit2/install/pilz_industrial_motion_planner/include/pilz_industrial_motion_planner/planning_context_loader.h
[485.523s] -- Installing: /home/w0x7ce/ws_moveit2/install/pilz_industrial_motion_planner/include/pilz_industrial_motion_planner/planning_context_loader_ptp.h
[485.523s] -- Installing: /home/w0x7ce/ws_moveit2/install/pilz_industrial_motion_planner/include/pilz_industrial_motion_planner/planning_exceptions.h
[485.523s] -- Installing: /home/w0x7ce/ws_moveit2/install/pilz_industrial_motion_planner/include/pilz_industrial_motion_planner/plan_components_builder.h
[485.523s] -- Installing: /home/w0x7ce/ws_moveit2/install/pilz_industrial_motion_planner/include/pilz_industrial_motion_planner/path_circle_generator.h
[485.523s] -- Installing: /home/w0x7ce/ws_moveit2/install/pilz_industrial_motion_planner/include/pilz_industrial_motion_planner/trajectory_generator_circ.h
[485.523s] -- Installing: /home/w0x7ce/ws_moveit2/install/pilz_industrial_motion_planner/include/pilz_industrial_motion_planner/trajectory_generation_exceptions.h
[485.523s] -- Installing: /home/w0x7ce/ws_moveit2/install/pilz_industrial_motion_planner/include/pilz_industrial_motion_planner/planning_context_base.h
[485.524s] -- Installing: /home/w0x7ce/ws_moveit2/install/pilz_industrial_motion_planner/include/pilz_industrial_motion_planner/joint_limits_container.h
[485.524s] -- Installing: /home/w0x7ce/ws_moveit2/install/pilz_industrial_motion_planner/include/pilz_industrial_motion_planner/trajectory_blend_request.h
[485.524s] -- Installing: /home/w0x7ce/ws_moveit2/install/pilz_industrial_motion_planner/include/pilz_industrial_motion_planner/limits_container.h
[485.524s] -- Installing: /home/w0x7ce/ws_moveit2/install/pilz_industrial_motion_planner/include/pilz_industrial_motion_planner/joint_limits_validator.h
[485.524s] -- Installing: /home/w0x7ce/ws_moveit2/install/pilz_industrial_motion_planner/include/pilz_industrial_motion_planner/move_group_sequence_action.h
[485.524s] -- Installing: /home/w0x7ce/ws_moveit2/install/pilz_industrial_motion_planner/include/pilz_industrial_motion_planner/planning_context_loader_lin.h
[485.524s] -- Installing: /home/w0x7ce/ws_moveit2/install/pilz_industrial_motion_planner/include/pilz_industrial_motion_planner/velocity_profile_atrap.h
[485.524s] -- Installing: /home/w0x7ce/ws_moveit2/install/pilz_industrial_motion_planner/include/pilz_industrial_motion_planner/trajectory_generator_lin.h
[485.524s] -- Installing: /home/w0x7ce/ws_moveit2/install/pilz_industrial_motion_planner/include/pilz_industrial_motion_planner/cartesian_limit.h
[485.524s] -- Installing: /home/w0x7ce/ws_moveit2/install/pilz_industrial_motion_planner/include/pilz_industrial_motion_planner/planning_context_lin.h
[485.524s] -- Installing: /home/w0x7ce/ws_moveit2/install/pilz_industrial_motion_planner/include/pilz_industrial_motion_planner/trajectory_blender.h
[485.525s] -- Installing: /home/w0x7ce/ws_moveit2/install/pilz_industrial_motion_planner/share/pilz_industrial_motion_planner/environment/library_path.sh
[485.525s] -- Installing: /home/w0x7ce/ws_moveit2/install/pilz_industrial_motion_planner/share/pilz_industrial_motion_planner/environment/library_path.dsv
[485.528s] -- Installing: /home/w0x7ce/ws_moveit2/install/pilz_industrial_motion_planner/lib/pilz_industrial_motion_planner/unittest_pilz_industrial_motion_planner_direct
[485.529s] -- Set runtime path of "/home/w0x7ce/ws_moveit2/install/pilz_industrial_motion_planner/lib/pilz_industrial_motion_planner/unittest_pilz_industrial_motion_planner_direct" to ""
[485.529s] -- Installing: /home/w0x7ce/ws_moveit2/install/pilz_industrial_motion_planner/lib/pilz_industrial_motion_planner/unittest_velocity_profile_atrap
[485.530s] -- Set runtime path of "/home/w0x7ce/ws_moveit2/install/pilz_industrial_motion_planner/lib/pilz_industrial_motion_planner/unittest_velocity_profile_atrap" to ""
[485.530s] -- Installing: /home/w0x7ce/ws_moveit2/install/pilz_industrial_motion_planner/lib/pilz_industrial_motion_planner/unittest_trajectory_generator
[485.532s] -- Set runtime path of "/home/w0x7ce/ws_moveit2/install/pilz_industrial_motion_planner/lib/pilz_industrial_motion_planner/unittest_trajectory_generator" to ""
[485.532s] -- Installing: /home/w0x7ce/ws_moveit2/install/pilz_industrial_motion_planner/lib/pilz_industrial_motion_planner/unittest_trajectory_functions
[485.533s] -- Set runtime path of "/home/w0x7ce/ws_moveit2/install/pilz_industrial_motion_planner/lib/pilz_industrial_motion_planner/unittest_trajectory_functions" to ""
[485.533s] -- Installing: /home/w0x7ce/ws_moveit2/install/pilz_industrial_motion_planner/lib/pilz_industrial_motion_planner/unittest_trajectory_blender_transition_window
[485.535s] -- Set runtime path of "/home/w0x7ce/ws_moveit2/install/pilz_industrial_motion_planner/lib/pilz_industrial_motion_planner/unittest_trajectory_blender_transition_window" to ""
[485.535s] -- Installing: /home/w0x7ce/ws_moveit2/install/pilz_industrial_motion_planner/lib/pilz_industrial_motion_planner/unittest_trajectory_generator_common
[485.537s] -- Set runtime path of "/home/w0x7ce/ws_moveit2/install/pilz_industrial_motion_planner/lib/pilz_industrial_motion_planner/unittest_trajectory_generator_common" to ""
[485.537s] -- Installing: /home/w0x7ce/ws_moveit2/install/pilz_industrial_motion_planner/lib/pilz_industrial_motion_planner/unittest_trajectory_generator_circ
[485.539s] -- Set runtime path of "/home/w0x7ce/ws_moveit2/install/pilz_industrial_motion_planner/lib/pilz_industrial_motion_planner/unittest_trajectory_generator_circ" to ""
[485.539s] -- Installing: /home/w0x7ce/ws_moveit2/install/pilz_industrial_motion_planner/lib/pilz_industrial_motion_planner/unittest_trajectory_generator_lin
[485.541s] -- Set runtime path of "/home/w0x7ce/ws_moveit2/install/pilz_industrial_motion_planner/lib/pilz_industrial_motion_planner/unittest_trajectory_generator_lin" to ""
[485.541s] -- Installing: /home/w0x7ce/ws_moveit2/install/pilz_industrial_motion_planner/lib/pilz_industrial_motion_planner/unittest_trajectory_generator_ptp
[485.545s] -- Set runtime path of "/home/w0x7ce/ws_moveit2/install/pilz_industrial_motion_planner/lib/pilz_industrial_motion_planner/unittest_trajectory_generator_ptp" to ""
[485.545s] -- Installing: /home/w0x7ce/ws_moveit2/install/pilz_industrial_motion_planner/lib/pilz_industrial_motion_planner/unittest_pilz_industrial_motion_planner
[485.546s] -- Set runtime path of "/home/w0x7ce/ws_moveit2/install/pilz_industrial_motion_planner/lib/pilz_industrial_motion_planner/unittest_pilz_industrial_motion_planner" to ""
[485.546s] -- Installing: /home/w0x7ce/ws_moveit2/install/pilz_industrial_motion_planner/lib/pilz_industrial_motion_planner/unittest_joint_limit
[485.547s] -- Set runtime path of "/home/w0x7ce/ws_moveit2/install/pilz_industrial_motion_planner/lib/pilz_industrial_motion_planner/unittest_joint_limit" to ""
[485.548s] -- Installing: /home/w0x7ce/ws_moveit2/install/pilz_industrial_motion_planner/lib/pilz_industrial_motion_planner/unittest_joint_limits_aggregator
[485.549s] -- Set runtime path of "/home/w0x7ce/ws_moveit2/install/pilz_industrial_motion_planner/lib/pilz_industrial_motion_planner/unittest_joint_limits_aggregator" to ""
[485.549s] -- Installing: /home/w0x7ce/ws_moveit2/install/pilz_industrial_motion_planner/lib/pilz_industrial_motion_planner/unittest_joint_limits_container
[485.550s] -- Set runtime path of "/home/w0x7ce/ws_moveit2/install/pilz_industrial_motion_planner/lib/pilz_industrial_motion_planner/unittest_joint_limits_container" to ""
[485.550s] -- Installing: /home/w0x7ce/ws_moveit2/install/pilz_industrial_motion_planner/lib/pilz_industrial_motion_planner/unittest_joint_limits_validator
[485.551s] -- Set runtime path of "/home/w0x7ce/ws_moveit2/install/pilz_industrial_motion_planner/lib/pilz_industrial_motion_planner/unittest_joint_limits_validator" to ""
[485.552s] -- Installing: /home/w0x7ce/ws_moveit2/install/pilz_industrial_motion_planner/lib/pilz_industrial_motion_planner/unittest_cartesian_limits_aggregator
[485.553s] -- Set runtime path of "/home/w0x7ce/ws_moveit2/install/pilz_industrial_motion_planner/lib/pilz_industrial_motion_planner/unittest_cartesian_limits_aggregator" to ""
[485.553s] -- Installing: /home/w0x7ce/ws_moveit2/install/pilz_industrial_motion_planner/lib/pilz_industrial_motion_planner/unittest_planning_context_loaders
[485.555s] -- Set runtime path of "/home/w0x7ce/ws_moveit2/install/pilz_industrial_motion_planner/lib/pilz_industrial_motion_planner/unittest_planning_context_loaders" to ""
[485.555s] -- Installing: /home/w0x7ce/ws_moveit2/install/pilz_industrial_motion_planner/lib/pilz_industrial_motion_planner/unittest_planning_context
[485.557s] -- Set runtime path of "/home/w0x7ce/ws_moveit2/install/pilz_industrial_motion_planner/lib/pilz_industrial_motion_planner/unittest_planning_context" to ""
[485.557s] -- Installing: /home/w0x7ce/ws_moveit2/install/pilz_industrial_motion_planner/lib/pilz_industrial_motion_planner/unittest_get_solver_tip_frame
[485.558s] -- Set runtime path of "/home/w0x7ce/ws_moveit2/install/pilz_industrial_motion_planner/lib/pilz_industrial_motion_planner/unittest_get_solver_tip_frame" to ""
[485.559s] -- Installing: /home/w0x7ce/ws_moveit2/install/pilz_industrial_motion_planner/share/pilz_industrial_motion_planner/config
[485.559s] -- Installing: /home/w0x7ce/ws_moveit2/install/pilz_industrial_motion_planner/share/pilz_industrial_motion_planner/config/unittest_trajectory_blender_transition_window.yaml
[485.566s] -- Installing: /home/w0x7ce/ws_moveit2/install/pilz_industrial_motion_planner/share/pilz_industrial_motion_planner/config/unittest_cartesian_limits_aggregator.yaml
[485.567s] -- Installing: /home/w0x7ce/ws_moveit2/install/pilz_industrial_motion_planner/share/pilz_industrial_motion_planner/config/unittest_trajectory_generator_common.yaml
[485.567s] -- Installing: /home/w0x7ce/ws_moveit2/install/pilz_industrial_motion_planner/share/pilz_industrial_motion_planner/config/unittest_trajectory_functions.yaml
[485.567s] -- Installing: /home/w0x7ce/ws_moveit2/install/pilz_industrial_motion_planner/share/pilz_industrial_motion_planner/config/unittest_trajectory_generator_circ.yaml
[485.567s] -- Installing: /home/w0x7ce/ws_moveit2/install/pilz_industrial_motion_planner/share/pilz_industrial_motion_planner/config/unittest_trajectory_generator_lin.yaml
[485.567s] -- Installing: /home/w0x7ce/ws_moveit2/install/pilz_industrial_motion_planner/share/pilz_industrial_motion_planner/config/unittest_trajectory_generator_ptp.yaml
[485.567s] -- Installing: /home/w0x7ce/ws_moveit2/install/pilz_industrial_motion_planner/share/pilz_industrial_motion_planner/config/unittest_joint_limit_config.yaml
[485.567s] -- Installing: /home/w0x7ce/ws_moveit2/install/pilz_industrial_motion_planner/share/pilz_industrial_motion_planner/config/unittest_joint_limits_aggregator.yaml
[485.567s] -- Installing: /home/w0x7ce/ws_moveit2/install/pilz_industrial_motion_planner/share/pilz_industrial_motion_planner/launch
[485.568s] -- Installing: /home/w0x7ce/ws_moveit2/install/pilz_industrial_motion_planner/share/pilz_industrial_motion_planner/launch/unittest_planning_context.test.py
[485.568s] -- Installing: /home/w0x7ce/ws_moveit2/install/pilz_industrial_motion_planner/share/pilz_industrial_motion_planner/launch/unittest_joint_limits_aggregator.test.py
[485.568s] -- Installing: /home/w0x7ce/ws_moveit2/install/pilz_industrial_motion_planner/share/pilz_industrial_motion_planner/launch/unittest_trajectory_generator_ptp.test.py
[485.568s] -- Installing: /home/w0x7ce/ws_moveit2/install/pilz_industrial_motion_planner/share/pilz_industrial_motion_planner/launch/unittest_pilz_industrial_motion_planner.test.py
[485.568s] -- Installing: /home/w0x7ce/ws_moveit2/install/pilz_industrial_motion_planner/share/pilz_industrial_motion_planner/launch/unittest_trajectory_functions.test.py
[485.568s] -- Installing: /home/w0x7ce/ws_moveit2/install/pilz_industrial_motion_planner/share/pilz_industrial_motion_planner/launch/unittest_cartesian_limits_aggregator.test.py
[485.569s] -- Installing: /home/w0x7ce/ws_moveit2/install/pilz_industrial_motion_planner/share/pilz_industrial_motion_planner/launch/unittest_trajectory_generator_lin.test.py
[485.569s] -- Installing: /home/w0x7ce/ws_moveit2/install/pilz_industrial_motion_planner/share/pilz_industrial_motion_planner/launch/common_parameters.py
[485.569s] -- Installing: /home/w0x7ce/ws_moveit2/install/pilz_industrial_motion_planner/share/pilz_industrial_motion_planner/launch/unittest_trajectory_generator_common.test.py
[485.569s] -- Installing: /home/w0x7ce/ws_moveit2/install/pilz_industrial_motion_planner/share/pilz_industrial_motion_planner/launch/unittest_planning_context_loaders.test.py
[485.569s] -- Installing: /home/w0x7ce/ws_moveit2/install/pilz_industrial_motion_planner/share/pilz_industrial_motion_planner/launch/unittest_joint_limit.test.py
[485.569s] -- Installing: /home/w0x7ce/ws_moveit2/install/pilz_industrial_motion_planner/share/pilz_industrial_motion_planner/launch/unittest_trajectory_blender_transition_window.test.py
[485.569s] -- Installing: /home/w0x7ce/ws_moveit2/install/pilz_industrial_motion_planner/share/pilz_industrial_motion_planner/launch/unittest_trajectory_generator_circ.test.py
[485.570s] -- Installing: /home/w0x7ce/ws_moveit2/install/pilz_industrial_motion_planner/share/pilz_industrial_motion_planner/test_data
[485.570s] -- Installing: /home/w0x7ce/ws_moveit2/install/pilz_industrial_motion_planner/share/pilz_industrial_motion_planner/test_data/concept_testdata.png
[485.578s] -- Installing: /home/w0x7ce/ws_moveit2/install/pilz_industrial_motion_planner/share/pilz_industrial_motion_planner/test_data/frankaemika_panda
[485.579s] -- Installing: /home/w0x7ce/ws_moveit2/install/pilz_industrial_motion_planner/share/pilz_industrial_motion_planner/test_data/frankaemika_panda/testdata_sequence.xml
[485.584s] -- Installing: /home/w0x7ce/ws_moveit2/install/pilz_industrial_motion_planner/share/pilz_industrial_motion_planner/test_data/prbt
[485.584s] -- Installing: /home/w0x7ce/ws_moveit2/install/pilz_industrial_motion_planner/share/pilz_industrial_motion_planner/test_data/prbt/testdata_deprecated.xml
[485.584s] -- Installing: /home/w0x7ce/ws_moveit2/install/pilz_industrial_motion_planner/share/pilz_industrial_motion_planner/test_data/prbt/testdata_sequence.xml
[485.585s] -- Installing: /home/w0x7ce/ws_moveit2/install/pilz_industrial_motion_planner/share/pilz_industrial_motion_planner/test_data/prbt/testdata_with_gripper.xml
[485.585s] -- Installing: /home/w0x7ce/ws_moveit2/install/pilz_industrial_motion_planner/share/pilz_industrial_motion_planner/test_data/testpoints.py
[485.602s] -- Installing: /home/w0x7ce/ws_moveit2/install/pilz_industrial_motion_planner/share/pilz_industrial_motion_planner/test_data/concept_testdata.odp
[485.602s] -- Installing: /home/w0x7ce/ws_moveit2/install/pilz_industrial_motion_planner/share/ament_index/resource_index/package_run_dependencies/pilz_industrial_motion_planner
[485.602s] -- Installing: /home/w0x7ce/ws_moveit2/install/pilz_industrial_motion_planner/share/ament_index/resource_index/parent_prefix_path/pilz_industrial_motion_planner
[485.603s] -- Installing: /home/w0x7ce/ws_moveit2/install/pilz_industrial_motion_planner/share/pilz_industrial_motion_planner/environment/ament_prefix_path.sh
[485.603s] -- Installing: /home/w0x7ce/ws_moveit2/install/pilz_industrial_motion_planner/share/pilz_industrial_motion_planner/environment/ament_prefix_path.dsv
[485.603s] -- Installing: /home/w0x7ce/ws_moveit2/install/pilz_industrial_motion_planner/share/pilz_industrial_motion_planner/environment/path.sh
[485.603s] -- Installing: /home/w0x7ce/ws_moveit2/install/pilz_industrial_motion_planner/share/pilz_industrial_motion_planner/environment/path.dsv
[485.603s] -- Installing: /home/w0x7ce/ws_moveit2/install/pilz_industrial_motion_planner/share/pilz_industrial_motion_planner/local_setup.bash
[485.604s] -- Installing: /home/w0x7ce/ws_moveit2/install/pilz_industrial_motion_planner/share/pilz_industrial_motion_planner/local_setup.sh
[485.604s] -- Installing: /home/w0x7ce/ws_moveit2/install/pilz_industrial_motion_planner/share/pilz_industrial_motion_planner/local_setup.zsh
[485.604s] -- Installing: /home/w0x7ce/ws_moveit2/install/pilz_industrial_motion_planner/share/pilz_industrial_motion_planner/local_setup.dsv
[485.604s] -- Installing: /home/w0x7ce/ws_moveit2/install/pilz_industrial_motion_planner/share/pilz_industrial_motion_planner/package.dsv
[485.605s] -- Installing: /home/w0x7ce/ws_moveit2/install/pilz_industrial_motion_planner/share/ament_index/resource_index/packages/pilz_industrial_motion_planner
[485.605s] -- Installing: /home/w0x7ce/ws_moveit2/install/pilz_industrial_motion_planner/share/ament_index/resource_index/moveit_core__pluginlib__plugin/pilz_industrial_motion_planner
[485.605s] -- Installing: /home/w0x7ce/ws_moveit2/install/pilz_industrial_motion_planner/share/ament_index/resource_index/moveit_ros_move_group__pluginlib__plugin/pilz_industrial_motion_planner
[485.606s] -- Installing: /home/w0x7ce/ws_moveit2/install/pilz_industrial_motion_planner/share/ament_index/resource_index/pilz_industrial_motion_planner__pluginlib__plugin/pilz_industrial_motion_planner
[485.606s] -- Installing: /home/w0x7ce/ws_moveit2/install/pilz_industrial_motion_planner/share/pilz_industrial_motion_planner/cmake/pilz_industrial_motion_plannerTargetsExport.cmake
[485.606s] -- Installing: /home/w0x7ce/ws_moveit2/install/pilz_industrial_motion_planner/share/pilz_industrial_motion_planner/cmake/pilz_industrial_motion_plannerTargetsExport-release.cmake
[485.607s] -- Installing: /home/w0x7ce/ws_moveit2/install/pilz_industrial_motion_planner/share/pilz_industrial_motion_planner/cmake/ament_cmake_export_include_directories-extras.cmake
[485.607s] -- Installing: /home/w0x7ce/ws_moveit2/install/pilz_industrial_motion_planner/share/pilz_industrial_motion_planner/cmake/ament_cmake_export_targets-extras.cmake
[485.607s] -- Installing: /home/w0x7ce/ws_moveit2/install/pilz_industrial_motion_planner/share/pilz_industrial_motion_planner/cmake/ament_cmake_export_dependencies-extras.cmake
[485.607s] -- Installing: /home/w0x7ce/ws_moveit2/install/pilz_industrial_motion_planner/share/pilz_industrial_motion_planner/cmake/pilz_industrial_motion_plannerConfig.cmake
[485.608s] -- Installing: /home/w0x7ce/ws_moveit2/install/pilz_industrial_motion_planner/share/pilz_industrial_motion_planner/cmake/pilz_industrial_motion_plannerConfig-version.cmake
[485.608s] -- Installing: /home/w0x7ce/ws_moveit2/install/pilz_industrial_motion_planner/share/pilz_industrial_motion_planner/package.xml
[485.618s] Invoked command in '/home/w0x7ce/ws_moveit2/build/pilz_industrial_motion_planner' returned '0': AMENT_PREFIX_PATH=/home/w0x7ce/ws_moveit2/install/moveit_resources_prbt_pg70_support:/home/w0x7ce/ws_moveit2/install/moveit_ros_planning_interface:/home/w0x7ce/ws_moveit2/install/moveit_resources_prbt_moveit_config:/home/w0x7ce/ws_moveit2/install/moveit_ros_move_group:/home/w0x7ce/ws_moveit2/install/moveit_ros_warehouse:/home/w0x7ce/ws_moveit2/install/moveit_kinematics:/home/w0x7ce/ws_moveit2/install/moveit_ros_planning:/home/w0x7ce/ws_moveit2/install/pilz_industrial_motion_planner_testutils:/home/w0x7ce/ws_moveit2/install/moveit_ros_occupancy_map_monitor:/home/w0x7ce/ws_moveit2/install/moveit_resources_prbt_ikfast_manipulator_plugin:/home/w0x7ce/ws_moveit2/install/moveit_core:/home/w0x7ce/ws_moveit2/install/moveit_resources_panda_moveit_config:/home/w0x7ce/ws_moveit2/install/moveit_configs_utils:/home/w0x7ce/ws_moveit2/install/srdfdom:/home/w0x7ce/ws_moveit2/install/moveit_resources_prbt_support:/home/w0x7ce/ws_moveit2/install/moveit_resources_panda_description:/home/w0x7ce/ws_moveit2/install/moveit_common:/home/w0x7ce/ws_moveit2/install/launch_param_builder:${AMENT_PREFIX_PATH} CMAKE_PREFIX_PATH=/home/w0x7ce/ws_moveit2/install/moveit_resources_prbt_pg70_support:/home/w0x7ce/ws_moveit2/install/moveit_ros_planning_interface:/home/w0x7ce/ws_moveit2/install/moveit_resources_prbt_moveit_config:/home/w0x7ce/ws_moveit2/install/moveit_ros_move_group:/home/w0x7ce/ws_moveit2/install/moveit_ros_warehouse:/home/w0x7ce/ws_moveit2/install/moveit_kinematics:/home/w0x7ce/ws_moveit2/install/moveit_ros_planning:/home/w0x7ce/ws_moveit2/install/pilz_industrial_motion_planner_testutils:/home/w0x7ce/ws_moveit2/install/moveit_ros_occupancy_map_monitor:/home/w0x7ce/ws_moveit2/install/moveit_resources_prbt_ikfast_manipulator_plugin:/home/w0x7ce/ws_moveit2/install/moveit_core:/home/w0x7ce/ws_moveit2/install/moveit_resources_panda_moveit_config:/home/w0x7ce/ws_moveit2/install/srdfdom:/home/w0x7ce/ws_moveit2/install/moveit_resources_prbt_support:/home/w0x7ce/ws_moveit2/install/moveit_resources_panda_description:/home/w0x7ce/ws_moveit2/install/moveit_common:/opt/ros/humble LD_LIBRARY_PATH=/home/w0x7ce/ws_moveit2/install/moveit_ros_planning_interface/lib:/home/w0x7ce/ws_moveit2/install/moveit_ros_move_group/lib:/home/w0x7ce/ws_moveit2/install/moveit_ros_warehouse/lib:/home/w0x7ce/ws_moveit2/install/moveit_kinematics/lib:/home/w0x7ce/ws_moveit2/install/moveit_ros_planning/lib:/home/w0x7ce/ws_moveit2/install/pilz_industrial_motion_planner_testutils/lib:/home/w0x7ce/ws_moveit2/install/moveit_ros_occupancy_map_monitor/lib:/home/w0x7ce/ws_moveit2/install/moveit_resources_prbt_ikfast_manipulator_plugin/lib:/home/w0x7ce/ws_moveit2/install/moveit_core/lib:/home/w0x7ce/ws_moveit2/install/srdfdom/lib:${LD_LIBRARY_PATH} PATH=/home/w0x7ce/ws_moveit2/install/moveit_core/bin:${PATH} PYTHONPATH=/home/w0x7ce/ws_moveit2/install/moveit_configs_utils/lib/python3.10/site-packages:/home/w0x7ce/ws_moveit2/install/srdfdom/local/lib/python3.10/dist-packages:/home/w0x7ce/ws_moveit2/install/launch_param_builder/lib/python3.10/site-packages:${PYTHONPATH} /usr/bin/cmake --install /home/w0x7ce/ws_moveit2/build/pilz_industrial_motion_planner
