[0.020s] Invoking command in '/home/w0x7ce/ws_moveit2/build/moveit_simple_controller_manager': AMENT_PREFIX_PATH=/home/w0x7ce/ws_moveit2/install/moveit_core:/home/w0x7ce/ws_moveit2/install/srdfdom:/home/w0x7ce/ws_moveit2/install/moveit_common:${AMENT_PREFIX_PATH} CMAKE_PREFIX_PATH=/home/w0x7ce/ws_moveit2/install/moveit_core:/home/w0x7ce/ws_moveit2/install/srdfdom:/home/w0x7ce/ws_moveit2/install/moveit_common:/opt/ros/humble LD_LIBRARY_PATH=/home/w0x7ce/ws_moveit2/install/moveit_core/lib:/home/w0x7ce/ws_moveit2/install/srdfdom/lib:${LD_LIBRARY_PATH} PATH=/home/w0x7ce/ws_moveit2/install/moveit_core/bin:${PATH} PYTHONPATH=/home/w0x7ce/ws_moveit2/install/srdfdom/local/lib/python3.10/dist-packages:${PYTHONPATH} /usr/bin/cmake /home/w0x7ce/ws_moveit2/src/moveit2/moveit_plugins/moveit_simple_controller_manager -DCMAKE_INSTALL_PREFIX=/home/w0x7ce/ws_moveit2/install/moveit_simple_controller_manager
[0.071s] -- The C compiler identification is GNU 11.3.0
[0.136s] -- The CXX compiler identification is GNU 11.3.0
[0.147s] -- Detecting C compiler ABI info
[0.219s] -- Detecting C compiler ABI info - done
[0.222s] -- Check for working C compiler: /usr/bin/cc - skipped
[0.222s] -- Detecting C compile features
[0.222s] -- Detecting C compile features - done
[0.226s] -- Detecting CXX compiler ABI info
[0.311s] -- Detecting CXX compiler ABI info - done
[0.318s] -- Check for working CXX compiler: /usr/bin/c++ - skipped
[0.319s] -- Detecting CXX compile features
[0.319s] -- Detecting CXX compile features - done
[0.321s] -- Found moveit_common: 2.5.4 (/home/w0x7ce/ws_moveit2/install/moveit_common/share/moveit_common/cmake)
[0.323s] -- Found ament_cmake: 1.3.3 (/opt/ros/humble/share/ament_cmake/cmake)
[0.566s] -- Found Python3: /usr/bin/python3.10 (found version "3.10.6") found components: Interpreter 
[0.744s] -- Found libdw: /usr/lib/x86_64-linux-gnu/libdw.so  
[0.745s] -- Could NOT find libbfd (missing: LIBBFD_LIBRARY LIBBFD_INCLUDE_DIR) 
[0.745s] -- BACKWARD_HAS_UNWIND=1
[0.745s] -- BACKWARD_HAS_BACKTRACE=0
[0.745s] -- BACKWARD_HAS_BACKTRACE_SYMBOL=0
[0.745s] -- BACKWARD_HAS_DW=1
[0.745s] -- BACKWARD_HAS_BFD=0
[0.745s] -- Found Backward: /opt/ros/humble/share/backward_ros/cmake  
[0.746s] [0mmoveit_simple_controller_manager: You did not request a specific build type: Choosing 'Release' for maximum performance[0m
[0.747s] -- Found moveit_core: 2.5.4 (/home/w0x7ce/ws_moveit2/install/moveit_core/share/moveit_core/cmake)
[0.878s] -- Found Boost: /usr/lib/x86_64-linux-gnu/cmake/Boost-1.74.0/BoostConfig.cmake (found version "1.74.0") found components: chrono date_time filesystem iostreams program_options regex serialization system thread 
[0.896s] -- Found Boost: /usr/lib/x86_64-linux-gnu/cmake/Boost-1.74.0/BoostConfig.cmake (found version "1.74.0") found components: filesystem 
[0.955s] -- Found rosidl_generator_c: 3.1.4 (/opt/ros/humble/share/rosidl_generator_c/cmake)
[0.960s] -- Found rosidl_adapter: 3.1.4 (/opt/ros/humble/share/rosidl_adapter/cmake)
[0.970s] -- Found rosidl_generator_cpp: 3.1.4 (/opt/ros/humble/share/rosidl_generator_cpp/cmake)
[0.985s] -- Using all available rosidl_typesupport_c: rosidl_typesupport_fastrtps_c;rosidl_typesupport_introspection_c
[1.007s] -- Using all available rosidl_typesupport_cpp: rosidl_typesupport_fastrtps_cpp;rosidl_typesupport_introspection_cpp
[1.266s] -- Found rmw_implementation_cmake: 6.1.1 (/opt/ros/humble/share/rmw_implementation_cmake/cmake)
[1.269s] -- Found rmw_fastrtps_cpp: 6.2.2 (/opt/ros/humble/share/rmw_fastrtps_cpp/cmake)
[1.381s] -- Found OpenSSL: /usr/lib/x86_64-linux-gnu/libcrypto.so (found version "3.0.2")  
[1.408s] -- Found FastRTPS: /opt/ros/humble/include  
[1.460s] -- Using RMW implementation 'rmw_fastrtps_cpp' as default
[1.471s] -- Found Threads: TRUE  
[1.695s] -- library: /usr/lib/x86_64-linux-gnu/libcurl.so
[2.053s] -- Found Eigen3: TRUE (found version "3.4.0") 
[2.053s] -- Ensuring Eigen3 include directory is part of orocos-kdl CMake target
[3.392s] -- Found control_msgs: 4.1.0 (/opt/ros/humble/share/control_msgs/cmake)
[3.823s] -- Found Boost: /usr/lib/x86_64-linux-gnu/cmake/Boost-1.74.0/BoostConfig.cmake (found version "1.74.0") found components: thread 
[3.840s] -- Found ament_lint_auto: 0.12.4 (/opt/ros/humble/share/ament_lint_auto/cmake)
[3.874s] -- Added test 'cppcheck' to perform static code analysis on C / C++ code
[3.875s] -- Configured cppcheck include dirs: /home/w0x7ce/ws_moveit2/src/moveit2/moveit_plugins/moveit_simple_controller_manager/include
[3.875s] -- Configured cppcheck exclude dirs and/or files: 
[3.876s] -- Added test 'lint_cmake' to check CMake code style
[3.877s] -- Added test 'xmllint' to check XML markup files
[3.882s] -- Configuring done
[3.946s] -- Generating done
[3.958s] -- Build files have been written to: /home/w0x7ce/ws_moveit2/build/moveit_simple_controller_manager
[3.981s] Invoked command in '/home/w0x7ce/ws_moveit2/build/moveit_simple_controller_manager' returned '0': AMENT_PREFIX_PATH=/home/w0x7ce/ws_moveit2/install/moveit_core:/home/w0x7ce/ws_moveit2/install/srdfdom:/home/w0x7ce/ws_moveit2/install/moveit_common:${AMENT_PREFIX_PATH} CMAKE_PREFIX_PATH=/home/w0x7ce/ws_moveit2/install/moveit_core:/home/w0x7ce/ws_moveit2/install/srdfdom:/home/w0x7ce/ws_moveit2/install/moveit_common:/opt/ros/humble LD_LIBRARY_PATH=/home/w0x7ce/ws_moveit2/install/moveit_core/lib:/home/w0x7ce/ws_moveit2/install/srdfdom/lib:${LD_LIBRARY_PATH} PATH=/home/w0x7ce/ws_moveit2/install/moveit_core/bin:${PATH} PYTHONPATH=/home/w0x7ce/ws_moveit2/install/srdfdom/local/lib/python3.10/dist-packages:${PYTHONPATH} /usr/bin/cmake /home/w0x7ce/ws_moveit2/src/moveit2/moveit_plugins/moveit_simple_controller_manager -DCMAKE_INSTALL_PREFIX=/home/w0x7ce/ws_moveit2/install/moveit_simple_controller_manager
[3.982s] Invoking command in '/home/w0x7ce/ws_moveit2/build/moveit_simple_controller_manager': AMENT_PREFIX_PATH=/home/w0x7ce/ws_moveit2/install/moveit_core:/home/w0x7ce/ws_moveit2/install/srdfdom:/home/w0x7ce/ws_moveit2/install/moveit_common:${AMENT_PREFIX_PATH} CMAKE_PREFIX_PATH=/home/w0x7ce/ws_moveit2/install/moveit_core:/home/w0x7ce/ws_moveit2/install/srdfdom:/home/w0x7ce/ws_moveit2/install/moveit_common:/opt/ros/humble LD_LIBRARY_PATH=/home/w0x7ce/ws_moveit2/install/moveit_core/lib:/home/w0x7ce/ws_moveit2/install/srdfdom/lib:${LD_LIBRARY_PATH} PATH=/home/w0x7ce/ws_moveit2/install/moveit_core/bin:${PATH} PYTHONPATH=/home/w0x7ce/ws_moveit2/install/srdfdom/local/lib/python3.10/dist-packages:${PYTHONPATH} /usr/bin/cmake --build /home/w0x7ce/ws_moveit2/build/moveit_simple_controller_manager -- -j4 -l4
[4.130s] [ 33%] [32mBuilding CXX object CMakeFiles/moveit_simple_controller_manager.dir/src/moveit_simple_controller_manager.cpp.o[0m
[4.150s] [ 66%] [32mBuilding CXX object CMakeFiles/moveit_simple_controller_manager.dir/src/follow_joint_trajectory_controller_handle.cpp.o[0m
[27.906s] [100%] [32m[1mLinking CXX shared library libmoveit_simple_controller_manager.so[0m
[28.453s] [100%] Built target moveit_simple_controller_manager
[28.466s] Invoked command in '/home/w0x7ce/ws_moveit2/build/moveit_simple_controller_manager' returned '0': AMENT_PREFIX_PATH=/home/w0x7ce/ws_moveit2/install/moveit_core:/home/w0x7ce/ws_moveit2/install/srdfdom:/home/w0x7ce/ws_moveit2/install/moveit_common:${AMENT_PREFIX_PATH} CMAKE_PREFIX_PATH=/home/w0x7ce/ws_moveit2/install/moveit_core:/home/w0x7ce/ws_moveit2/install/srdfdom:/home/w0x7ce/ws_moveit2/install/moveit_common:/opt/ros/humble LD_LIBRARY_PATH=/home/w0x7ce/ws_moveit2/install/moveit_core/lib:/home/w0x7ce/ws_moveit2/install/srdfdom/lib:${LD_LIBRARY_PATH} PATH=/home/w0x7ce/ws_moveit2/install/moveit_core/bin:${PATH} PYTHONPATH=/home/w0x7ce/ws_moveit2/install/srdfdom/local/lib/python3.10/dist-packages:${PYTHONPATH} /usr/bin/cmake --build /home/w0x7ce/ws_moveit2/build/moveit_simple_controller_manager -- -j4 -l4
[28.747s] Invoking command in '/home/w0x7ce/ws_moveit2/build/moveit_simple_controller_manager': AMENT_PREFIX_PATH=/home/w0x7ce/ws_moveit2/install/moveit_core:/home/w0x7ce/ws_moveit2/install/srdfdom:/home/w0x7ce/ws_moveit2/install/moveit_common:${AMENT_PREFIX_PATH} CMAKE_PREFIX_PATH=/home/w0x7ce/ws_moveit2/install/moveit_core:/home/w0x7ce/ws_moveit2/install/srdfdom:/home/w0x7ce/ws_moveit2/install/moveit_common:/opt/ros/humble LD_LIBRARY_PATH=/home/w0x7ce/ws_moveit2/install/moveit_core/lib:/home/w0x7ce/ws_moveit2/install/srdfdom/lib:${LD_LIBRARY_PATH} PATH=/home/w0x7ce/ws_moveit2/install/moveit_core/bin:${PATH} PYTHONPATH=/home/w0x7ce/ws_moveit2/install/srdfdom/local/lib/python3.10/dist-packages:${PYTHONPATH} /usr/bin/cmake --install /home/w0x7ce/ws_moveit2/build/moveit_simple_controller_manager
[28.764s] -- Install configuration: "Release"
[28.764s] -- Installing: /home/w0x7ce/ws_moveit2/install/moveit_simple_controller_manager/lib/libmoveit_simple_controller_manager.so.2.5.4
[28.764s] -- Set runtime path of "/home/w0x7ce/ws_moveit2/install/moveit_simple_controller_manager/lib/libmoveit_simple_controller_manager.so.2.5.4" to ""
[28.764s] -- Installing: /home/w0x7ce/ws_moveit2/install/moveit_simple_controller_manager/lib/libmoveit_simple_controller_manager.so
[28.764s] -- Installing: /home/w0x7ce/ws_moveit2/install/moveit_simple_controller_manager/include
[28.764s] -- Installing: /home/w0x7ce/ws_moveit2/install/moveit_simple_controller_manager/include/moveit_simple_controller_manager
[28.764s] -- Installing: /home/w0x7ce/ws_moveit2/install/moveit_simple_controller_manager/include/moveit_simple_controller_manager/empty_controller_handle.h
[28.773s] -- Installing: /home/w0x7ce/ws_moveit2/install/moveit_simple_controller_manager/include/moveit_simple_controller_manager/gripper_controller_handle.h
[28.773s] -- Installing: /home/w0x7ce/ws_moveit2/install/moveit_simple_controller_manager/include/moveit_simple_controller_manager/follow_joint_trajectory_controller_handle.h
[28.773s] -- Installing: /home/w0x7ce/ws_moveit2/install/moveit_simple_controller_manager/include/moveit_simple_controller_manager/action_based_controller_handle.h
[28.773s] -- Installing: /home/w0x7ce/ws_moveit2/install/moveit_simple_controller_manager/share/moveit_simple_controller_manager/environment/library_path.sh
[28.773s] -- Installing: /home/w0x7ce/ws_moveit2/install/moveit_simple_controller_manager/share/moveit_simple_controller_manager/environment/library_path.dsv
[28.773s] -- Installing: /home/w0x7ce/ws_moveit2/install/moveit_simple_controller_manager/share/moveit_simple_controller_manager/moveit_simple_controller_manager_plugin_description.xml
[28.775s] -- Installing: /home/w0x7ce/ws_moveit2/install/moveit_simple_controller_manager/share/ament_index/resource_index/package_run_dependencies/moveit_simple_controller_manager
[28.775s] -- Installing: /home/w0x7ce/ws_moveit2/install/moveit_simple_controller_manager/share/ament_index/resource_index/parent_prefix_path/moveit_simple_controller_manager
[28.775s] -- Installing: /home/w0x7ce/ws_moveit2/install/moveit_simple_controller_manager/share/moveit_simple_controller_manager/environment/ament_prefix_path.sh
[28.775s] -- Installing: /home/w0x7ce/ws_moveit2/install/moveit_simple_controller_manager/share/moveit_simple_controller_manager/environment/ament_prefix_path.dsv
[28.775s] -- Installing: /home/w0x7ce/ws_moveit2/install/moveit_simple_controller_manager/share/moveit_simple_controller_manager/environment/path.sh
[28.775s] -- Installing: /home/w0x7ce/ws_moveit2/install/moveit_simple_controller_manager/share/moveit_simple_controller_manager/environment/path.dsv
[28.776s] -- Installing: /home/w0x7ce/ws_moveit2/install/moveit_simple_controller_manager/share/moveit_simple_controller_manager/local_setup.bash
[28.776s] -- Installing: /home/w0x7ce/ws_moveit2/install/moveit_simple_controller_manager/share/moveit_simple_controller_manager/local_setup.sh
[28.776s] -- Installing: /home/w0x7ce/ws_moveit2/install/moveit_simple_controller_manager/share/moveit_simple_controller_manager/local_setup.zsh
[28.776s] -- Installing: /home/w0x7ce/ws_moveit2/install/moveit_simple_controller_manager/share/moveit_simple_controller_manager/local_setup.dsv
[28.776s] -- Installing: /home/w0x7ce/ws_moveit2/install/moveit_simple_controller_manager/share/moveit_simple_controller_manager/package.dsv
[28.776s] -- Installing: /home/w0x7ce/ws_moveit2/install/moveit_simple_controller_manager/share/ament_index/resource_index/packages/moveit_simple_controller_manager
[28.776s] -- Installing: /home/w0x7ce/ws_moveit2/install/moveit_simple_controller_manager/share/ament_index/resource_index/moveit_core__pluginlib__plugin/moveit_simple_controller_manager
[28.777s] -- Installing: /home/w0x7ce/ws_moveit2/install/moveit_simple_controller_manager/share/moveit_simple_controller_manager/cmake/export_moveit_simple_controller_managerExport.cmake
[28.777s] -- Installing: /home/w0x7ce/ws_moveit2/install/moveit_simple_controller_manager/share/moveit_simple_controller_manager/cmake/export_moveit_simple_controller_managerExport-release.cmake
[28.777s] -- Installing: /home/w0x7ce/ws_moveit2/install/moveit_simple_controller_manager/share/moveit_simple_controller_manager/cmake/ConfigExtras.cmake
[28.777s] -- Installing: /home/w0x7ce/ws_moveit2/install/moveit_simple_controller_manager/share/moveit_simple_controller_manager/cmake/ament_cmake_export_targets-extras.cmake
[28.777s] -- Installing: /home/w0x7ce/ws_moveit2/install/moveit_simple_controller_manager/share/moveit_simple_controller_manager/cmake/ament_cmake_export_dependencies-extras.cmake
[28.777s] -- Installing: /home/w0x7ce/ws_moveit2/install/moveit_simple_controller_manager/share/moveit_simple_controller_manager/cmake/moveit_simple_controller_managerConfig.cmake
[28.777s] -- Installing: /home/w0x7ce/ws_moveit2/install/moveit_simple_controller_manager/share/moveit_simple_controller_manager/cmake/moveit_simple_controller_managerConfig-version.cmake
[28.777s] -- Installing: /home/w0x7ce/ws_moveit2/install/moveit_simple_controller_manager/share/moveit_simple_controller_manager/package.xml
[28.783s] Invoked command in '/home/w0x7ce/ws_moveit2/build/moveit_simple_controller_manager' returned '0': AMENT_PREFIX_PATH=/home/w0x7ce/ws_moveit2/install/moveit_core:/home/w0x7ce/ws_moveit2/install/srdfdom:/home/w0x7ce/ws_moveit2/install/moveit_common:${AMENT_PREFIX_PATH} CMAKE_PREFIX_PATH=/home/w0x7ce/ws_moveit2/install/moveit_core:/home/w0x7ce/ws_moveit2/install/srdfdom:/home/w0x7ce/ws_moveit2/install/moveit_common:/opt/ros/humble LD_LIBRARY_PATH=/home/w0x7ce/ws_moveit2/install/moveit_core/lib:/home/w0x7ce/ws_moveit2/install/srdfdom/lib:${LD_LIBRARY_PATH} PATH=/home/w0x7ce/ws_moveit2/install/moveit_core/bin:${PATH} PYTHONPATH=/home/w0x7ce/ws_moveit2/install/srdfdom/local/lib/python3.10/dist-packages:${PYTHONPATH} /usr/bin/cmake --install /home/w0x7ce/ws_moveit2/build/moveit_simple_controller_manager
