[1.010s] Invoking command in '/home/w0x7ce/ws_moveit2/src/launch_param_builder': PYTHONPATH=/home/w0x7ce/ws_moveit2/build/launch_param_builder/prefix_override:/home/w0x7ce/ws_moveit2/install/launch_param_builder/lib/python3.10/site-packages:${PYTHONPATH} /usr/bin/python3 setup.py egg_info --egg-base ../../build/launch_param_builder build --build-base /home/w0x7ce/ws_moveit2/build/launch_param_builder/build install --record /home/w0x7ce/ws_moveit2/build/launch_param_builder/install.log --single-version-externally-managed
[1.360s] running egg_info
[1.362s] writing ../../build/launch_param_builder/launch_param_builder.egg-info/PKG-INFO
[1.362s] writing dependency_links to ../../build/launch_param_builder/launch_param_builder.egg-info/dependency_links.txt
[1.362s] writing entry points to ../../build/launch_param_builder/launch_param_builder.egg-info/entry_points.txt
[1.362s] writing requirements to ../../build/launch_param_builder/launch_param_builder.egg-info/requires.txt
[1.362s] writing top-level names to ../../build/launch_param_builder/launch_param_builder.egg-info/top_level.txt
[1.364s] reading manifest file '../../build/launch_param_builder/launch_param_builder.egg-info/SOURCES.txt'
[1.364s] adding license file 'LICENSE'
[1.365s] writing manifest file '../../build/launch_param_builder/launch_param_builder.egg-info/SOURCES.txt'
[1.365s] running build
[1.366s] running build_py
[1.366s] running install
[1.367s] /usr/lib/python3/dist-packages/setuptools/command/install.py:34: SetuptoolsDeprecationWarning: setup.py install is deprecated. Use build and pip and other standards-based tools.
[1.367s]   warnings.warn(
[1.368s] running install_lib
[1.369s] running install_data
[1.371s] running install_egg_info
[1.373s] removing '/home/w0x7ce/ws_moveit2/install/launch_param_builder/lib/python3.10/site-packages/launch_param_builder-0.1.1-py3.10.egg-info' (and everything under it)
[1.380s] Copying ../../build/launch_param_builder/launch_param_builder.egg-info to /home/w0x7ce/ws_moveit2/install/launch_param_builder/lib/python3.10/site-packages/launch_param_builder-0.1.1-py3.10.egg-info
[1.381s] running install_scripts
[1.415s] writing list of installed files to '/home/w0x7ce/ws_moveit2/build/launch_param_builder/install.log'
[1.459s] Invoked command in '/home/w0x7ce/ws_moveit2/src/launch_param_builder' returned '0': PYTHONPATH=/home/w0x7ce/ws_moveit2/build/launch_param_builder/prefix_override:/home/w0x7ce/ws_moveit2/install/launch_param_builder/lib/python3.10/site-packages:${PYTHONPATH} /usr/bin/python3 setup.py egg_info --egg-base ../../build/launch_param_builder build --build-base /home/w0x7ce/ws_moveit2/build/launch_param_builder/build install --record /home/w0x7ce/ws_moveit2/build/launch_param_builder/install.log --single-version-externally-managed
