[7.485s] Invoking command in '/home/w0x7ce/ws_moveit2/src/launch_param_builder': PYTHONPATH=/home/w0x7ce/ws_moveit2/build/launch_param_builder/prefix_override:/home/w0x7ce/ws_moveit2/install/launch_param_builder/lib/python3.10/site-packages:${PYTHONPATH} /usr/bin/python3 setup.py egg_info --egg-base ../../build/launch_param_builder build --build-base /home/w0x7ce/ws_moveit2/build/launch_param_builder/build install --record /home/w0x7ce/ws_moveit2/build/launch_param_builder/install.log --single-version-externally-managed
[7.764s] running egg_info
[7.765s] writing ../../build/launch_param_builder/launch_param_builder.egg-info/PKG-INFO
[8.074s] writing dependency_links to ../../build/launch_param_builder/launch_param_builder.egg-info/dependency_links.txt
[8.074s] writing entry points to ../../build/launch_param_builder/launch_param_builder.egg-info/entry_points.txt
[8.074s] writing requirements to ../../build/launch_param_builder/launch_param_builder.egg-info/requires.txt
[8.075s] writing top-level names to ../../build/launch_param_builder/launch_param_builder.egg-info/top_level.txt
[8.252s] reading manifest file '../../build/launch_param_builder/launch_param_builder.egg-info/SOURCES.txt'
[8.277s] adding license file 'LICENSE'
[8.279s] writing manifest file '../../build/launch_param_builder/launch_param_builder.egg-info/SOURCES.txt'
[8.280s] running build
[8.280s] running build_py
[9.781s] running install
[9.972s] /usr/lib/python3/dist-packages/setuptools/command/install.py:34: SetuptoolsDeprecationWarning: setup.py install is deprecated. Use build and pip and other standards-based tools.
[9.972s]   warnings.warn(
[9.973s] running install_lib
[9.978s] running install_data
[10.634s] running install_egg_info
[10.640s] removing '/home/w0x7ce/ws_moveit2/install/launch_param_builder/lib/python3.10/site-packages/launch_param_builder-0.1.1-py3.10.egg-info' (and everything under it)
[10.852s] Copying ../../build/launch_param_builder/launch_param_builder.egg-info to /home/w0x7ce/ws_moveit2/install/launch_param_builder/lib/python3.10/site-packages/launch_param_builder-0.1.1-py3.10.egg-info
[11.319s] running install_scripts
[11.369s] writing list of installed files to '/home/w0x7ce/ws_moveit2/build/launch_param_builder/install.log'
[11.400s] Invoked command in '/home/w0x7ce/ws_moveit2/src/launch_param_builder' returned '0': PYTHONPATH=/home/w0x7ce/ws_moveit2/build/launch_param_builder/prefix_override:/home/w0x7ce/ws_moveit2/install/launch_param_builder/lib/python3.10/site-packages:${PYTHONPATH} /usr/bin/python3 setup.py egg_info --egg-base ../../build/launch_param_builder build --build-base /home/w0x7ce/ws_moveit2/build/launch_param_builder/build install --record /home/w0x7ce/ws_moveit2/build/launch_param_builder/install.log --single-version-externally-managed
