[0.010s] Invoking command in '/home/w0x7ce/ws_moveit2/build/moveit_resources_prbt_support': CMAKE_PREFIX_PATH=/opt/ros/humble /usr/bin/cmake /home/w0x7ce/ws_moveit2/src/moveit2/moveit_planners/test_configs/prbt_support -DCMAKE_INSTALL_PREFIX=/home/w0x7ce/ws_moveit2/install/moveit_resources_prbt_support
[0.093s] -- The C compiler identification is GNU 11.3.0
[0.165s] -- The CXX compiler identification is GNU 11.3.0
[0.175s] -- Detecting C compiler ABI info
[0.241s] -- Detecting C compiler ABI info - done
[0.250s] -- Check for working C compiler: /usr/bin/cc - skipped
[0.251s] -- Detecting C compile features
[0.251s] -- Detecting C compile features - done
[0.254s] -- Detecting CXX compiler ABI info
[0.342s] -- Detecting CXX compiler ABI info - done
[0.352s] -- Check for working CXX compiler: /usr/bin/c++ - skipped
[0.352s] -- Detecting CXX compile features
[0.353s] -- Detecting CXX compile features - done
[0.356s] -- Found ament_cmake: 1.3.3 (/opt/ros/humble/share/ament_cmake/cmake)
[0.544s] -- Found Python3: /usr/bin/python3.10 (found version "3.10.6") found components: Interpreter 
[0.712s] -- Configuring done
[0.715s] -- Generating done
[0.715s] -- Build files have been written to: /home/w0x7ce/ws_moveit2/build/moveit_resources_prbt_support
[0.730s] Invoked command in '/home/w0x7ce/ws_moveit2/build/moveit_resources_prbt_support' returned '0': CMAKE_PREFIX_PATH=/opt/ros/humble /usr/bin/cmake /home/w0x7ce/ws_moveit2/src/moveit2/moveit_planners/test_configs/prbt_support -DCMAKE_INSTALL_PREFIX=/home/w0x7ce/ws_moveit2/install/moveit_resources_prbt_support
[0.731s] Invoking command in '/home/w0x7ce/ws_moveit2/build/moveit_resources_prbt_support': CMAKE_PREFIX_PATH=/opt/ros/humble /usr/bin/cmake --build /home/w0x7ce/ws_moveit2/build/moveit_resources_prbt_support -- -j4 -l4
[0.756s] Invoked command in '/home/w0x7ce/ws_moveit2/build/moveit_resources_prbt_support' returned '0': CMAKE_PREFIX_PATH=/opt/ros/humble /usr/bin/cmake --build /home/w0x7ce/ws_moveit2/build/moveit_resources_prbt_support -- -j4 -l4
[0.826s] Invoking command in '/home/w0x7ce/ws_moveit2/build/moveit_resources_prbt_support': CMAKE_PREFIX_PATH=/opt/ros/humble /usr/bin/cmake --install /home/w0x7ce/ws_moveit2/build/moveit_resources_prbt_support
[0.837s] -- Install configuration: ""
[0.837s] -- Installing: /home/w0x7ce/ws_moveit2/install/moveit_resources_prbt_support/share/ament_index/resource_index/package_run_dependencies/moveit_resources_prbt_support
[0.837s] -- Installing: /home/w0x7ce/ws_moveit2/install/moveit_resources_prbt_support/share/ament_index/resource_index/parent_prefix_path/moveit_resources_prbt_support
[0.837s] -- Installing: /home/w0x7ce/ws_moveit2/install/moveit_resources_prbt_support/share/moveit_resources_prbt_support/environment/ament_prefix_path.sh
[0.838s] -- Installing: /home/w0x7ce/ws_moveit2/install/moveit_resources_prbt_support/share/moveit_resources_prbt_support/environment/ament_prefix_path.dsv
[0.838s] -- Installing: /home/w0x7ce/ws_moveit2/install/moveit_resources_prbt_support/share/moveit_resources_prbt_support/environment/path.sh
[0.838s] -- Installing: /home/w0x7ce/ws_moveit2/install/moveit_resources_prbt_support/share/moveit_resources_prbt_support/environment/path.dsv
[0.838s] -- Installing: /home/w0x7ce/ws_moveit2/install/moveit_resources_prbt_support/share/moveit_resources_prbt_support/local_setup.bash
[0.838s] -- Installing: /home/w0x7ce/ws_moveit2/install/moveit_resources_prbt_support/share/moveit_resources_prbt_support/local_setup.sh
[0.838s] -- Installing: /home/w0x7ce/ws_moveit2/install/moveit_resources_prbt_support/share/moveit_resources_prbt_support/local_setup.zsh
[0.838s] -- Installing: /home/w0x7ce/ws_moveit2/install/moveit_resources_prbt_support/share/moveit_resources_prbt_support/local_setup.dsv
[0.838s] -- Installing: /home/w0x7ce/ws_moveit2/install/moveit_resources_prbt_support/share/moveit_resources_prbt_support/package.dsv
[0.838s] -- Installing: /home/w0x7ce/ws_moveit2/install/moveit_resources_prbt_support/share/ament_index/resource_index/packages/moveit_resources_prbt_support
[0.838s] -- Installing: /home/w0x7ce/ws_moveit2/install/moveit_resources_prbt_support/share/moveit_resources_prbt_support/cmake/moveit_resources_prbt_supportConfig.cmake
[0.838s] -- Installing: /home/w0x7ce/ws_moveit2/install/moveit_resources_prbt_support/share/moveit_resources_prbt_support/cmake/moveit_resources_prbt_supportConfig-version.cmake
[0.838s] -- Installing: /home/w0x7ce/ws_moveit2/install/moveit_resources_prbt_support/share/moveit_resources_prbt_support/package.xml
[0.838s] -- Installing: /home/w0x7ce/ws_moveit2/install/moveit_resources_prbt_support/share/moveit_resources_prbt_support/urdf
[0.838s] -- Installing: /home/w0x7ce/ws_moveit2/install/moveit_resources_prbt_support/share/moveit_resources_prbt_support/urdf/prbt.xacro
[0.838s] -- Installing: /home/w0x7ce/ws_moveit2/install/moveit_resources_prbt_support/share/moveit_resources_prbt_support/urdf/prbt.ros2_control.xacro
[0.838s] -- Installing: /home/w0x7ce/ws_moveit2/install/moveit_resources_prbt_support/share/moveit_resources_prbt_support/urdf/prbt_macro.xacro
[0.838s] -- Installing: /home/w0x7ce/ws_moveit2/install/moveit_resources_prbt_support/share/moveit_resources_prbt_support/urdf/simple_gripper_brackets.urdf.xacro
[0.839s] -- Installing: /home/w0x7ce/ws_moveit2/install/moveit_resources_prbt_support/share/moveit_resources_prbt_support/meshes
[0.839s] -- Installing: /home/w0x7ce/ws_moveit2/install/moveit_resources_prbt_support/share/moveit_resources_prbt_support/meshes/link_5.stl
[0.839s] -- Installing: /home/w0x7ce/ws_moveit2/install/moveit_resources_prbt_support/share/moveit_resources_prbt_support/meshes/link_3.dae
[0.839s] -- Installing: /home/w0x7ce/ws_moveit2/install/moveit_resources_prbt_support/share/moveit_resources_prbt_support/meshes/flange.stl
[0.839s] -- Installing: /home/w0x7ce/ws_moveit2/install/moveit_resources_prbt_support/share/moveit_resources_prbt_support/meshes/link_4.stl
[0.839s] -- Installing: /home/w0x7ce/ws_moveit2/install/moveit_resources_prbt_support/share/moveit_resources_prbt_support/meshes/link_4.dae
[0.839s] -- Installing: /home/w0x7ce/ws_moveit2/install/moveit_resources_prbt_support/share/moveit_resources_prbt_support/meshes/flange.dae
[0.839s] -- Installing: /home/w0x7ce/ws_moveit2/install/moveit_resources_prbt_support/share/moveit_resources_prbt_support/meshes/foot.stl
[0.839s] -- Installing: /home/w0x7ce/ws_moveit2/install/moveit_resources_prbt_support/share/moveit_resources_prbt_support/meshes/link_2.stl
[0.839s] -- Installing: /home/w0x7ce/ws_moveit2/install/moveit_resources_prbt_support/share/moveit_resources_prbt_support/meshes/link_1.stl
[0.839s] -- Installing: /home/w0x7ce/ws_moveit2/install/moveit_resources_prbt_support/share/moveit_resources_prbt_support/meshes/link_5.dae
[0.839s] -- Installing: /home/w0x7ce/ws_moveit2/install/moveit_resources_prbt_support/share/moveit_resources_prbt_support/meshes/link_1.dae
[0.839s] -- Installing: /home/w0x7ce/ws_moveit2/install/moveit_resources_prbt_support/share/moveit_resources_prbt_support/meshes/link_2.dae
[0.840s] -- Installing: /home/w0x7ce/ws_moveit2/install/moveit_resources_prbt_support/share/moveit_resources_prbt_support/meshes/link_3.stl
[0.840s] -- Installing: /home/w0x7ce/ws_moveit2/install/moveit_resources_prbt_support/share/moveit_resources_prbt_support/meshes/foot.dae
[0.841s] -- Installing: /home/w0x7ce/ws_moveit2/install/moveit_resources_prbt_support/share/moveit_resources_prbt_support/config
[0.842s] -- Installing: /home/w0x7ce/ws_moveit2/install/moveit_resources_prbt_support/share/moveit_resources_prbt_support/config/prbt_0_1.dcf
[0.842s] -- Installing: /home/w0x7ce/ws_moveit2/install/moveit_resources_prbt_support/share/moveit_resources_prbt_support/config/manipulator_controller.yaml
[0.842s] -- Installing: /home/w0x7ce/ws_moveit2/install/moveit_resources_prbt_support/share/moveit_resources_prbt_support/config/manipulator_driver.yaml
[0.849s] Invoked command in '/home/w0x7ce/ws_moveit2/build/moveit_resources_prbt_support' returned '0': CMAKE_PREFIX_PATH=/opt/ros/humble /usr/bin/cmake --install /home/w0x7ce/ws_moveit2/build/moveit_resources_prbt_support
