[0.077s] Invoking command in '/home/w0x7ce/ws_moveit2/build/moveit_resources_panda_description': CMAKE_PREFIX_PATH=/opt/ros/humble /usr/bin/cmake /home/w0x7ce/ws_moveit2/src/moveit_resources/panda_description -DCMAKE_INSTALL_PREFIX=/home/w0x7ce/ws_moveit2/install/moveit_resources_panda_description
[0.132s] -- The C compiler identification is GNU 11.3.0
[0.214s] -- The CXX compiler identification is GNU 11.3.0
[0.224s] -- Detecting C compiler ABI info
[0.307s] -- Detecting C compiler ABI info - done
[0.315s] -- Check for working C compiler: /usr/bin/cc - skipped
[0.315s] -- Detecting C compile features
[0.315s] -- Detecting C compile features - done
[0.319s] -- Detecting CXX compiler ABI info
[0.393s] -- Detecting CXX compiler ABI info - done
[0.403s] -- Check for working CXX compiler: /usr/bin/c++ - skipped
[0.403s] -- Detecting CXX compile features
[0.404s] -- Detecting CXX compile features - done
[0.405s] -- Found ament_cmake: 1.3.3 (/opt/ros/humble/share/ament_cmake/cmake)
[0.982s] -- Found Python3: /usr/bin/python3.10 (found version "3.10.6") found components: Interpreter 
[1.175s] -- Configuring done
[1.177s] -- Generating done
[1.178s] -- Build files have been written to: /home/w0x7ce/ws_moveit2/build/moveit_resources_panda_description
[1.183s] Invoked command in '/home/w0x7ce/ws_moveit2/build/moveit_resources_panda_description' returned '0': CMAKE_PREFIX_PATH=/opt/ros/humble /usr/bin/cmake /home/w0x7ce/ws_moveit2/src/moveit_resources/panda_description -DCMAKE_INSTALL_PREFIX=/home/w0x7ce/ws_moveit2/install/moveit_resources_panda_description
[1.184s] Invoking command in '/home/w0x7ce/ws_moveit2/build/moveit_resources_panda_description': CMAKE_PREFIX_PATH=/opt/ros/humble /usr/bin/cmake --build /home/w0x7ce/ws_moveit2/build/moveit_resources_panda_description -- -j4 -l4
[1.205s] Invoked command in '/home/w0x7ce/ws_moveit2/build/moveit_resources_panda_description' returned '0': CMAKE_PREFIX_PATH=/opt/ros/humble /usr/bin/cmake --build /home/w0x7ce/ws_moveit2/build/moveit_resources_panda_description -- -j4 -l4
[1.229s] Invoking command in '/home/w0x7ce/ws_moveit2/build/moveit_resources_panda_description': CMAKE_PREFIX_PATH=/opt/ros/humble /usr/bin/cmake --install /home/w0x7ce/ws_moveit2/build/moveit_resources_panda_description
[1.231s] -- Install configuration: ""
[1.232s] -- Installing: /home/w0x7ce/ws_moveit2/install/moveit_resources_panda_description/share/ament_index/resource_index/package_run_dependencies/moveit_resources_panda_description
[1.232s] -- Installing: /home/w0x7ce/ws_moveit2/install/moveit_resources_panda_description/share/ament_index/resource_index/parent_prefix_path/moveit_resources_panda_description
[1.232s] -- Installing: /home/w0x7ce/ws_moveit2/install/moveit_resources_panda_description/share/moveit_resources_panda_description/environment/ament_prefix_path.sh
[1.232s] -- Installing: /home/w0x7ce/ws_moveit2/install/moveit_resources_panda_description/share/moveit_resources_panda_description/environment/ament_prefix_path.dsv
[1.232s] -- Installing: /home/w0x7ce/ws_moveit2/install/moveit_resources_panda_description/share/moveit_resources_panda_description/environment/path.sh
[1.232s] -- Installing: /home/w0x7ce/ws_moveit2/install/moveit_resources_panda_description/share/moveit_resources_panda_description/environment/path.dsv
[1.233s] -- Installing: /home/w0x7ce/ws_moveit2/install/moveit_resources_panda_description/share/moveit_resources_panda_description/local_setup.bash
[1.233s] -- Installing: /home/w0x7ce/ws_moveit2/install/moveit_resources_panda_description/share/moveit_resources_panda_description/local_setup.sh
[1.233s] -- Installing: /home/w0x7ce/ws_moveit2/install/moveit_resources_panda_description/share/moveit_resources_panda_description/local_setup.zsh
[1.233s] -- Installing: /home/w0x7ce/ws_moveit2/install/moveit_resources_panda_description/share/moveit_resources_panda_description/local_setup.dsv
[1.233s] -- Installing: /home/w0x7ce/ws_moveit2/install/moveit_resources_panda_description/share/moveit_resources_panda_description/package.dsv
[1.233s] -- Installing: /home/w0x7ce/ws_moveit2/install/moveit_resources_panda_description/share/ament_index/resource_index/packages/moveit_resources_panda_description
[1.233s] -- Installing: /home/w0x7ce/ws_moveit2/install/moveit_resources_panda_description/share/moveit_resources_panda_description/cmake/moveit_resources_panda_descriptionConfig.cmake
[1.233s] -- Installing: /home/w0x7ce/ws_moveit2/install/moveit_resources_panda_description/share/moveit_resources_panda_description/cmake/moveit_resources_panda_descriptionConfig-version.cmake
[1.234s] -- Installing: /home/w0x7ce/ws_moveit2/install/moveit_resources_panda_description/share/moveit_resources_panda_description/package.xml
[1.235s] -- Installing: /home/w0x7ce/ws_moveit2/install/moveit_resources_panda_description/share/moveit_resources_panda_description/meshes
[1.235s] -- Installing: /home/w0x7ce/ws_moveit2/install/moveit_resources_panda_description/share/moveit_resources_panda_description/meshes/visual
[1.235s] -- Installing: /home/w0x7ce/ws_moveit2/install/moveit_resources_panda_description/share/moveit_resources_panda_description/meshes/visual/link3.dae
[1.235s] -- Installing: /home/w0x7ce/ws_moveit2/install/moveit_resources_panda_description/share/moveit_resources_panda_description/meshes/visual/finger.dae
[1.235s] -- Installing: /home/w0x7ce/ws_moveit2/install/moveit_resources_panda_description/share/moveit_resources_panda_description/meshes/visual/link5.dae
[1.237s] -- Installing: /home/w0x7ce/ws_moveit2/install/moveit_resources_panda_description/share/moveit_resources_panda_description/meshes/visual/link7.dae
[1.238s] -- Installing: /home/w0x7ce/ws_moveit2/install/moveit_resources_panda_description/share/moveit_resources_panda_description/meshes/visual/link2.dae
[1.239s] -- Installing: /home/w0x7ce/ws_moveit2/install/moveit_resources_panda_description/share/moveit_resources_panda_description/meshes/visual/link1.dae
[1.241s] -- Installing: /home/w0x7ce/ws_moveit2/install/moveit_resources_panda_description/share/moveit_resources_panda_description/meshes/visual/link4.dae
[1.242s] -- Installing: /home/w0x7ce/ws_moveit2/install/moveit_resources_panda_description/share/moveit_resources_panda_description/meshes/visual/hand.dae
[1.242s] -- Installing: /home/w0x7ce/ws_moveit2/install/moveit_resources_panda_description/share/moveit_resources_panda_description/meshes/visual/link0.dae
[1.245s] -- Installing: /home/w0x7ce/ws_moveit2/install/moveit_resources_panda_description/share/moveit_resources_panda_description/meshes/visual/link6.dae
[1.248s] -- Installing: /home/w0x7ce/ws_moveit2/install/moveit_resources_panda_description/share/moveit_resources_panda_description/meshes/collision
[1.248s] -- Installing: /home/w0x7ce/ws_moveit2/install/moveit_resources_panda_description/share/moveit_resources_panda_description/meshes/collision/link0.stl
[1.248s] -- Installing: /home/w0x7ce/ws_moveit2/install/moveit_resources_panda_description/share/moveit_resources_panda_description/meshes/collision/link1.stl
[1.248s] -- Installing: /home/w0x7ce/ws_moveit2/install/moveit_resources_panda_description/share/moveit_resources_panda_description/meshes/collision/link6.stl
[1.248s] -- Installing: /home/w0x7ce/ws_moveit2/install/moveit_resources_panda_description/share/moveit_resources_panda_description/meshes/collision/link3.stl
[1.248s] -- Installing: /home/w0x7ce/ws_moveit2/install/moveit_resources_panda_description/share/moveit_resources_panda_description/meshes/collision/hand.stl
[1.248s] -- Installing: /home/w0x7ce/ws_moveit2/install/moveit_resources_panda_description/share/moveit_resources_panda_description/meshes/collision/link7.stl
[1.249s] -- Installing: /home/w0x7ce/ws_moveit2/install/moveit_resources_panda_description/share/moveit_resources_panda_description/meshes/collision/finger.stl
[1.249s] -- Installing: /home/w0x7ce/ws_moveit2/install/moveit_resources_panda_description/share/moveit_resources_panda_description/meshes/collision/link5.stl
[1.249s] -- Installing: /home/w0x7ce/ws_moveit2/install/moveit_resources_panda_description/share/moveit_resources_panda_description/meshes/collision/link4.stl
[1.249s] -- Installing: /home/w0x7ce/ws_moveit2/install/moveit_resources_panda_description/share/moveit_resources_panda_description/meshes/collision/link2.stl
[1.249s] -- Installing: /home/w0x7ce/ws_moveit2/install/moveit_resources_panda_description/share/moveit_resources_panda_description/urdf
[1.249s] -- Installing: /home/w0x7ce/ws_moveit2/install/moveit_resources_panda_description/share/moveit_resources_panda_description/urdf/panda.urdf
[1.252s] Invoked command in '/home/w0x7ce/ws_moveit2/build/moveit_resources_panda_description' returned '0': CMAKE_PREFIX_PATH=/opt/ros/humble /usr/bin/cmake --install /home/w0x7ce/ws_moveit2/build/moveit_resources_panda_description
