-- The C compiler identification is GNU 11.3.0
-- The CXX compiler identification is GNU 11.3.0
-- Detecting C compiler ABI info
-- Detecting C compiler ABI info - done
-- Check for working C compiler: /usr/bin/cc - skipped
-- Detecting C compile features
-- Detecting C compile features - done
-- Detecting CXX compiler ABI info
-- Detecting CXX compiler ABI info - done
-- Check for working CXX compiler: /usr/bin/c++ - skipped
-- Detecting CXX compile features
-- Detecting CXX compile features - done
-- Found ament_cmake: 1.3.3 (/opt/ros/humble/share/ament_cmake/cmake)
-- Found Python3: /usr/bin/python3.10 (found version "3.10.6") found components: Interpreter 
-- Found Boost: /usr/lib/x86_64-linux-gnu/cmake/Boost-1.74.0/BoostConfig.cmake (found version "1.74.0")  
-- Found geometry_msgs: 4.2.2 (/opt/ros/humble/share/geometry_msgs/cmake)
-- Found rosidl_generator_c: 3.1.4 (/opt/ros/humble/share/rosidl_generator_c/cmake)
-- Found rosidl_adapter: 3.1.4 (/opt/ros/humble/share/rosidl_adapter/cmake)
-- Found rosidl_generator_cpp: 3.1.4 (/opt/ros/humble/share/rosidl_generator_cpp/cmake)
-- Using all available rosidl_typesupport_c: rosidl_typesupport_fastrtps_c;rosidl_typesupport_introspection_c
-- Using all available rosidl_typesupport_cpp: rosidl_typesupport_fastrtps_cpp;rosidl_typesupport_introspection_cpp
-- Found moveit_core: 2.5.4 (/home/w0x7ce/ws_moveit2/install/moveit_core/share/moveit_core/cmake)
-- Found Boost: /usr/lib/x86_64-linux-gnu/cmake/Boost-1.74.0/BoostConfig.cmake (found version "1.74.0") found components: chrono date_time filesystem iostreams program_options regex serialization system thread 
-- Found Boost: /usr/lib/x86_64-linux-gnu/cmake/Boost-1.74.0/BoostConfig.cmake (found version "1.74.0") found components: filesystem 
-- Found rmw_implementation_cmake: 6.1.1 (/opt/ros/humble/share/rmw_implementation_cmake/cmake)
-- Found rmw_fastrtps_cpp: 6.2.2 (/opt/ros/humble/share/rmw_fastrtps_cpp/cmake)
-- Found OpenSSL: /usr/lib/x86_64-linux-gnu/libcrypto.so (found version "3.0.2")  
-- Found FastRTPS: /opt/ros/humble/include  
-- Using RMW implementation 'rmw_fastrtps_cpp' as default
-- Found Threads: TRUE  
-- library: /usr/lib/x86_64-linux-gnu/libcurl.so
-- Found Eigen3: TRUE (found version "3.4.0") 
-- Ensuring Eigen3 include directory is part of orocos-kdl CMake target
-- Found moveit_ros_planning: 2.5.4 (/home/w0x7ce/ws_moveit2/install/moveit_ros_planning/share/moveit_ros_planning/cmake)
-- Found Boost: /usr/lib/x86_64-linux-gnu/cmake/Boost-1.74.0/BoostConfig.cmake (found version "1.74.0") found components: system filesystem date_time program_options thread chrono 
-- Found moveit_ros_planning_interface: 2.5.4 (/home/w0x7ce/ws_moveit2/install/moveit_ros_planning_interface/share/moveit_ros_planning_interface/cmake)
-- Found Boost: /usr/lib/x86_64-linux-gnu/cmake/Boost-1.74.0/BoostConfig.cmake (found version "1.74.0") found components: date_time filesystem program_options system thread 
-- Found Boost: /usr/lib/x86_64-linux-gnu/cmake/Boost-1.74.0/BoostConfig.cmake (found version "1.74.0") found components: thread system filesystem regex date_time program_options 
-- Found Boost: /usr/lib/x86_64-linux-gnu/cmake/Boost-1.74.0/BoostConfig.cmake (found version "1.74.0") found components: system filesystem date_time program_options thread 
-- Found moveit_task_constructor_msgs: 0.0.0 (/home/w0x7ce/ws_moveit2/install/moveit_task_constructor_msgs/share/moveit_task_constructor_msgs/cmake)
-- Found rviz_marker_tools: 0.0.0 (/home/w0x7ce/ws_moveit2/install/rviz_marker_tools/share/rviz_marker_tools/cmake)
-- Found ament_cmake_gtest: 1.3.3 (/opt/ros/humble/share/ament_cmake_gtest/cmake)
-- Found ament_cmake_gmock: 1.3.3 (/opt/ros/humble/share/ament_cmake_gmock/cmake)
-- Found launch_testing_ament_cmake: 1.0.3 (/opt/ros/humble/share/launch_testing_ament_cmake/cmake)
-- Found python_cmake_module: 0.10.0 (/opt/ros/humble/share/python_cmake_module/cmake)
-- Found PythonInterp: /usr/bin/python3 (found suitable version "3.10.6", minimum required is "3.6") 
-- Found PythonLibs: /usr/lib/x86_64-linux-gnu/libpython3.10.so (found suitable version "3.10.6", minimum required is "3.5") 
-- Using PYTHON_EXECUTABLE: /usr/bin/python3
-- Using PYTHON_INCLUDE_DIRS: /usr/include/python3.10
-- Using PYTHON_LIBRARIES: /usr/lib/x86_64-linux-gnu/libpython3.10.so
-- Found PythonExtra: .so  
-- Found gtest sources under '/opt/ros/humble/src/gtest_vendor': C++ tests using 'Google Test' will be built
-- Found gmock sources under '/opt/ros/humble/src/gmock_vendor': C++ tests using 'Google Mock' will be built
-- Configuring done
-- Generating done
-- Build files have been written to: /home/w0x7ce/ws_moveit2/build/moveit_task_constructor_core
[  1%] [32mBuilding CXX object src/CMakeFiles/moveit_task_constructor_core.dir/container.cpp.o[0m
[  2%] [32mBuilding CXX object gtest/CMakeFiles/gtest_main.dir/src/gtest_main.cc.o[0m
[  4%] [32mBuilding CXX object gtest/CMakeFiles/gtest.dir/src/gtest-all.cc.o[0m
[  5%] [32mBuilding CXX object gmock/CMakeFiles/gmock_main.dir/src/gmock_main.cc.o[0m
[  6%] [32m[1mLinking CXX static library libgtest_main.a[0m
[  6%] Built target gtest_main
[  8%] [32mBuilding CXX object gmock/CMakeFiles/gmock.dir/opt/ros/humble/src/gtest_vendor/src/gtest-all.cc.o[0m
[  9%] [32m[1mLinking CXX static library libgmock_main.a[0m
[  9%] Built target gmock_main
[ 10%] [32mBuilding CXX object gmock/CMakeFiles/gmock.dir/src/gmock-all.cc.o[0m
[ 12%] [32m[1mLinking CXX static library libgtest.a[0m
[ 12%] Built target gtest
[ 13%] [32m[1mLinking CXX static library libgmock.a[0m
[ 13%] Built target gmock
[ 14%] [32mBuilding CXX object src/CMakeFiles/moveit_task_constructor_core.dir/marker_tools.cpp.o[0m
[ 16%] [32mBuilding CXX object src/CMakeFiles/moveit_task_constructor_core.dir/merge.cpp.o[0m
[ 17%] [32mBuilding CXX object src/CMakeFiles/moveit_task_constructor_core.dir/properties.cpp.o[0m
[ 18%] [32mBuilding CXX object src/CMakeFiles/moveit_task_constructor_core.dir/stage.cpp.o[0m
[ 20%] [32mBuilding CXX object src/CMakeFiles/moveit_task_constructor_core.dir/storage.cpp.o[0m
[ 21%] [32mBuilding CXX object src/CMakeFiles/moveit_task_constructor_core.dir/task.cpp.o[0m
[ 22%] [32mBuilding CXX object src/CMakeFiles/moveit_task_constructor_core.dir/utils.cpp.o[0m
[ 24%] [32mBuilding CXX object src/CMakeFiles/moveit_task_constructor_core.dir/solvers/planner_interface.cpp.o[0m
[ 25%] [32mBuilding CXX object src/CMakeFiles/moveit_task_constructor_core.dir/solvers/cartesian_path.cpp.o[0m
[ 26%] [32mBuilding CXX object src/CMakeFiles/moveit_task_constructor_core.dir/solvers/pipeline_planner.cpp.o[0m
[ 28%] [32mBuilding CXX object src/CMakeFiles/moveit_task_constructor_core.dir/solvers/joint_interpolation.cpp.o[0m
[ 29%] [32mBuilding CXX object src/CMakeFiles/moveit_task_constructor_core.dir/introspection.cpp.o[0m
[ 30%] [32mBuilding CXX object src/CMakeFiles/moveit_task_constructor_core.dir/cost_terms.cpp.o[0m
[ 32%] [32m[1mLinking CXX shared library libmoveit_task_constructor_core.so[0m
[ 32%] Built target moveit_task_constructor_core
[ 33%] [32mBuilding CXX object src/stages/CMakeFiles/moveit_task_constructor_core_stages.dir/modify_planning_scene.cpp.o[0m
[ 34%] [32mBuilding CXX object src/stages/CMakeFiles/moveit_task_constructor_core_stages.dir/current_state.cpp.o[0m
[ 36%] [32mBuilding CXX object src/stages/CMakeFiles/moveit_task_constructor_core_stages.dir/fixed_state.cpp.o[0m
[ 37%] [32mBuilding CXX object src/stages/CMakeFiles/moveit_task_constructor_core_stages.dir/fixed_cartesian_poses.cpp.o[0m
[ 38%] [32mBuilding CXX object src/stages/CMakeFiles/moveit_task_constructor_core_stages.dir/generate_pose.cpp.o[0m
[ 40%] [32mBuilding CXX object src/stages/CMakeFiles/moveit_task_constructor_core_stages.dir/generate_grasp_pose.cpp.o[0m
[ 41%] [32mBuilding CXX object src/stages/CMakeFiles/moveit_task_constructor_core_stages.dir/generate_place_pose.cpp.o[0m
[ 42%] [32mBuilding CXX object src/stages/CMakeFiles/moveit_task_constructor_core_stages.dir/compute_ik.cpp.o[0m
[ 44%] [32mBuilding CXX object src/stages/CMakeFiles/moveit_task_constructor_core_stages.dir/passthrough.cpp.o[0m
[ 45%] [32mBuilding CXX object src/stages/CMakeFiles/moveit_task_constructor_core_stages.dir/predicate_filter.cpp.o[0m
[ 46%] [32mBuilding CXX object src/stages/CMakeFiles/moveit_task_constructor_core_stages.dir/connect.cpp.o[0m
[ 48%] [32mBuilding CXX object src/stages/CMakeFiles/moveit_task_constructor_core_stages.dir/move_to.cpp.o[0m
[ 49%] [32mBuilding CXX object src/stages/CMakeFiles/moveit_task_constructor_core_stages.dir/move_relative.cpp.o[0m
[ 50%] [32mBuilding CXX object src/stages/CMakeFiles/moveit_task_constructor_core_stages.dir/simple_grasp.cpp.o[0m
[ 52%] [32mBuilding CXX object src/stages/CMakeFiles/moveit_task_constructor_core_stages.dir/pick.cpp.o[0m
[ 53%] [32mBuilding CXX object src/stages/CMakeFiles/moveit_task_constructor_core_stages.dir/fix_collision_objects.cpp.o[0m
[ 54%] [32m[1mLinking CXX shared library libmoveit_task_constructor_core_stages.so[0m
[ 54%] Built target moveit_task_constructor_core_stages
[ 56%] [32mBuilding CXX object test/CMakeFiles/gtest_utils.dir/gtest_value_printers.cpp.o[0m
[ 57%] [32mBuilding CXX object test/CMakeFiles/gtest_utils.dir/models.cpp.o[0m
[ 58%] [32mBuilding CXX object test/CMakeFiles/gtest_utils.dir/stage_mockups.cpp.o[0m
[ 60%] [32m[1mLinking CXX shared library libgtest_utils.so[0m
[ 60%] Built target gtest_utils
[ 61%] [32mBuilding CXX object test/CMakeFiles/pick_pr2.dir/pick_pr2.cpp.o[0m
[ 62%] [32m[1mLinking CXX executable pick_pr2[0m
[ 62%] Built target pick_pr2
[ 64%] [32mBuilding CXX object test/CMakeFiles/pick_pa10.dir/pick_pa10.cpp.o[0m
[ 65%] [32m[1mLinking CXX executable pick_pa10[0m
[ 65%] Built target pick_pa10
[ 66%] [32mBuilding CXX object test/CMakeFiles/moveit_task_constructor_core-test-stage.dir/test_stage.cpp.o[0m
[ 68%] [32m[1mLinking CXX executable moveit_task_constructor_core-test-stage[0m
[ 68%] Built target moveit_task_constructor_core-test-stage
[ 69%] [32mBuilding CXX object test/CMakeFiles/moveit_task_constructor_core-test-container.dir/test_container.cpp.o[0m
[ 70%] [32m[1mLinking CXX executable moveit_task_constructor_core-test-container[0m
[ 70%] Built target moveit_task_constructor_core-test-container
[ 72%] [32mBuilding CXX object test/CMakeFiles/moveit_task_constructor_core-test-serial.dir/test_serial.cpp.o[0m
[ 73%] [32m[1mLinking CXX executable moveit_task_constructor_core-test-serial[0m
[ 73%] Built target moveit_task_constructor_core-test-serial
[ 74%] [32mBuilding CXX object test/CMakeFiles/moveit_task_constructor_core-test-pruning.dir/test_pruning.cpp.o[0m
[ 76%] [32m[1mLinking CXX executable moveit_task_constructor_core-test-pruning[0m
[ 76%] Built target moveit_task_constructor_core-test-pruning
[ 77%] [32mBuilding CXX object test/CMakeFiles/moveit_task_constructor_core-test-properties.dir/test_properties.cpp.o[0m
[ 78%] [32m[1mLinking CXX executable moveit_task_constructor_core-test-properties[0m
[ 78%] Built target moveit_task_constructor_core-test-properties
[ 80%] [32mBuilding CXX object test/CMakeFiles/moveit_task_constructor_core-test-cost-terms.dir/test_cost_terms.cpp.o[0m
[ 81%] [32m[1mLinking CXX executable moveit_task_constructor_core-test-cost-terms[0m
[ 81%] Built target moveit_task_constructor_core-test-cost-terms
[ 82%] [32mBuilding CXX object test/CMakeFiles/moveit_task_constructor_core-test-fallback.dir/test_fallback.cpp.o[0m
[ 84%] [32m[1mLinking CXX executable moveit_task_constructor_core-test-fallback[0m
[ 84%] Built target moveit_task_constructor_core-test-fallback
[ 85%] [32mBuilding CXX object test/CMakeFiles/moveit_task_constructor_core-test-cost-queue.dir/test_cost_queue.cpp.o[0m
[ 86%] [32m[1mLinking CXX executable moveit_task_constructor_core-test-cost-queue[0m
[ 86%] Built target moveit_task_constructor_core-test-cost-queue
[ 88%] [32mBuilding CXX object test/CMakeFiles/moveit_task_constructor_core-test-interface-state.dir/test_interface_state.cpp.o[0m
[ 89%] [32mBuilding CXX object test/CMakeFiles/moveit_task_constructor_core-test-move-to.dir/test_move_to.cpp.o[0m
[ 90%] [32mBuilding CXX object test/CMakeFiles/pick_ur5.dir/pick_ur5.cpp.o[0m
[ 92%] [32m[1mLinking CXX executable moveit_task_constructor_core-test-interface-state[0m
[ 92%] Built target moveit_task_constructor_core-test-interface-state
[ 93%] [32m[1mLinking CXX executable pick_ur5[0m
[ 94%] [32m[1mLinking CXX executable moveit_task_constructor_core-test-move-to[0m
[ 94%] Built target pick_ur5
[ 94%] Built target moveit_task_constructor_core-test-move-to
[ 96%] [32mBuilding CXX object test/CMakeFiles/moveit_task_constructor_core-test-move-relative.dir/test_move_relative.cpp.o[0m
[ 97%] [32m[1mLinking CXX executable moveit_task_constructor_core-test-move-relative[0m
[ 97%] Built target moveit_task_constructor_core-test-move-relative
[ 98%] [32mBuilding CXX object src/stages/CMakeFiles/moveit_task_constructor_core_stage_plugins.dir/plugins.cpp.o[0m
[100%] [32m[1mLinking CXX shared library libmoveit_task_constructor_core_stage_plugins.so[0m
[100%] Built target moveit_task_constructor_core_stage_plugins
-- Install configuration: ""
-- Installing: /home/w0x7ce/ws_moveit2/install/moveit_task_constructor_core/include
-- Installing: /home/w0x7ce/ws_moveit2/install/moveit_task_constructor_core/include/moveit
-- Installing: /home/w0x7ce/ws_moveit2/install/moveit_task_constructor_core/include/moveit/task_constructor
-- Installing: /home/w0x7ce/ws_moveit2/install/moveit_task_constructor_core/include/moveit/task_constructor/marker_tools.h
-- Installing: /home/w0x7ce/ws_moveit2/install/moveit_task_constructor_core/include/moveit/task_constructor/type_traits.h
-- Installing: /home/w0x7ce/ws_moveit2/install/moveit_task_constructor_core/include/moveit/task_constructor/stages
-- Installing: /home/w0x7ce/ws_moveit2/install/moveit_task_constructor_core/include/moveit/task_constructor/stages/predicate_filter.h
-- Installing: /home/w0x7ce/ws_moveit2/install/moveit_task_constructor_core/include/moveit/task_constructor/stages/generate_place_pose.h
-- Installing: /home/w0x7ce/ws_moveit2/install/moveit_task_constructor_core/include/moveit/task_constructor/stages/fixed_cartesian_poses.h
-- Installing: /home/w0x7ce/ws_moveit2/install/moveit_task_constructor_core/include/moveit/task_constructor/stages/modify_planning_scene.h
-- Installing: /home/w0x7ce/ws_moveit2/install/moveit_task_constructor_core/include/moveit/task_constructor/stages/move_to.h
-- Installing: /home/w0x7ce/ws_moveit2/install/moveit_task_constructor_core/include/moveit/task_constructor/stages/passthrough.h
-- Installing: /home/w0x7ce/ws_moveit2/install/moveit_task_constructor_core/include/moveit/task_constructor/stages/move_relative.h
-- Installing: /home/w0x7ce/ws_moveit2/install/moveit_task_constructor_core/include/moveit/task_constructor/stages/generate_pose.h
-- Installing: /home/w0x7ce/ws_moveit2/install/moveit_task_constructor_core/include/moveit/task_constructor/stages/current_state.h
-- Installing: /home/w0x7ce/ws_moveit2/install/moveit_task_constructor_core/include/moveit/task_constructor/stages/fixed_state.h
-- Installing: /home/w0x7ce/ws_moveit2/install/moveit_task_constructor_core/include/moveit/task_constructor/stages/fix_collision_objects.h
-- Installing: /home/w0x7ce/ws_moveit2/install/moveit_task_constructor_core/include/moveit/task_constructor/stages/simple_grasp.h
-- Installing: /home/w0x7ce/ws_moveit2/install/moveit_task_constructor_core/include/moveit/task_constructor/stages/generate_grasp_pose.h
-- Installing: /home/w0x7ce/ws_moveit2/install/moveit_task_constructor_core/include/moveit/task_constructor/stages/connect.h
-- Installing: /home/w0x7ce/ws_moveit2/install/moveit_task_constructor_core/include/moveit/task_constructor/stages/pick.h
-- Installing: /home/w0x7ce/ws_moveit2/install/moveit_task_constructor_core/include/moveit/task_constructor/stages/compute_ik.h
-- Installing: /home/w0x7ce/ws_moveit2/install/moveit_task_constructor_core/include/moveit/task_constructor/stage.h
-- Installing: /home/w0x7ce/ws_moveit2/install/moveit_task_constructor_core/include/moveit/task_constructor/utils.h
-- Installing: /home/w0x7ce/ws_moveit2/install/moveit_task_constructor_core/include/moveit/task_constructor/solvers.h
-- Installing: /home/w0x7ce/ws_moveit2/install/moveit_task_constructor_core/include/moveit/task_constructor/solvers
-- Installing: /home/w0x7ce/ws_moveit2/install/moveit_task_constructor_core/include/moveit/task_constructor/solvers/joint_interpolation.h
-- Installing: /home/w0x7ce/ws_moveit2/install/moveit_task_constructor_core/include/moveit/task_constructor/solvers/cartesian_path.h
-- Installing: /home/w0x7ce/ws_moveit2/install/moveit_task_constructor_core/include/moveit/task_constructor/solvers/planner_interface.h
-- Installing: /home/w0x7ce/ws_moveit2/install/moveit_task_constructor_core/include/moveit/task_constructor/solvers/pipeline_planner.h
-- Installing: /home/w0x7ce/ws_moveit2/install/moveit_task_constructor_core/include/moveit/task_constructor/merge.h
-- Installing: /home/w0x7ce/ws_moveit2/install/moveit_task_constructor_core/include/moveit/task_constructor/storage.h
-- Installing: /home/w0x7ce/ws_moveit2/install/moveit_task_constructor_core/include/moveit/task_constructor/cost_terms.h
-- Installing: /home/w0x7ce/ws_moveit2/install/moveit_task_constructor_core/include/moveit/task_constructor/moveit_compat.h
-- Installing: /home/w0x7ce/ws_moveit2/install/moveit_task_constructor_core/include/moveit/task_constructor/stages.h
-- Installing: /home/w0x7ce/ws_moveit2/install/moveit_task_constructor_core/include/moveit/task_constructor/container.h
-- Installing: /home/w0x7ce/ws_moveit2/install/moveit_task_constructor_core/include/moveit/task_constructor/properties.h
-- Installing: /home/w0x7ce/ws_moveit2/install/moveit_task_constructor_core/include/moveit/task_constructor/introspection.h
-- Installing: /home/w0x7ce/ws_moveit2/install/moveit_task_constructor_core/include/moveit/task_constructor/task.h
-- Installing: /home/w0x7ce/ws_moveit2/install/moveit_task_constructor_core/include/moveit/task_constructor/cost_queue.h
-- Installing: /home/w0x7ce/ws_moveit2/install/moveit_task_constructor_core/share/moveit_task_constructor_core/motion_planning_stages_plugin_description.xml
-- Installing: /home/w0x7ce/ws_moveit2/install/moveit_task_constructor_core/share/moveit_task_constructor_core/environment/library_path.sh
-- Installing: /home/w0x7ce/ws_moveit2/install/moveit_task_constructor_core/share/moveit_task_constructor_core/environment/library_path.dsv
-- Installing: /home/w0x7ce/ws_moveit2/install/moveit_task_constructor_core/share/ament_index/resource_index/package_run_dependencies/moveit_task_constructor_core
-- Installing: /home/w0x7ce/ws_moveit2/install/moveit_task_constructor_core/share/ament_index/resource_index/parent_prefix_path/moveit_task_constructor_core
-- Installing: /home/w0x7ce/ws_moveit2/install/moveit_task_constructor_core/share/moveit_task_constructor_core/environment/ament_prefix_path.sh
-- Installing: /home/w0x7ce/ws_moveit2/install/moveit_task_constructor_core/share/moveit_task_constructor_core/environment/ament_prefix_path.dsv
-- Installing: /home/w0x7ce/ws_moveit2/install/moveit_task_constructor_core/share/moveit_task_constructor_core/environment/path.sh
-- Installing: /home/w0x7ce/ws_moveit2/install/moveit_task_constructor_core/share/moveit_task_constructor_core/environment/path.dsv
-- Installing: /home/w0x7ce/ws_moveit2/install/moveit_task_constructor_core/share/moveit_task_constructor_core/local_setup.bash
-- Installing: /home/w0x7ce/ws_moveit2/install/moveit_task_constructor_core/share/moveit_task_constructor_core/local_setup.sh
-- Installing: /home/w0x7ce/ws_moveit2/install/moveit_task_constructor_core/share/moveit_task_constructor_core/local_setup.zsh
-- Installing: /home/w0x7ce/ws_moveit2/install/moveit_task_constructor_core/share/moveit_task_constructor_core/local_setup.dsv
-- Installing: /home/w0x7ce/ws_moveit2/install/moveit_task_constructor_core/share/moveit_task_constructor_core/package.dsv
-- Installing: /home/w0x7ce/ws_moveit2/install/moveit_task_constructor_core/share/ament_index/resource_index/packages/moveit_task_constructor_core
-- Installing: /home/w0x7ce/ws_moveit2/install/moveit_task_constructor_core/share/ament_index/resource_index/moveit_task_constructor_core__pluginlib__plugin/moveit_task_constructor_core
-- Installing: /home/w0x7ce/ws_moveit2/install/moveit_task_constructor_core/share/moveit_task_constructor_core/cmake/ament_cmake_export_include_directories-extras.cmake
-- Installing: /home/w0x7ce/ws_moveit2/install/moveit_task_constructor_core/share/moveit_task_constructor_core/cmake/ament_cmake_export_libraries-extras.cmake
-- Installing: /home/w0x7ce/ws_moveit2/install/moveit_task_constructor_core/share/moveit_task_constructor_core/cmake/ament_cmake_export_dependencies-extras.cmake
-- Installing: /home/w0x7ce/ws_moveit2/install/moveit_task_constructor_core/share/moveit_task_constructor_core/cmake/moveit_task_constructor_coreConfig.cmake
-- Installing: /home/w0x7ce/ws_moveit2/install/moveit_task_constructor_core/share/moveit_task_constructor_core/cmake/moveit_task_constructor_coreConfig-version.cmake
-- Installing: /home/w0x7ce/ws_moveit2/install/moveit_task_constructor_core/share/moveit_task_constructor_core/package.xml
-- Installing: /home/w0x7ce/ws_moveit2/install/moveit_task_constructor_core/lib/libmoveit_task_constructor_core.so
-- Set runtime path of "/home/w0x7ce/ws_moveit2/install/moveit_task_constructor_core/lib/libmoveit_task_constructor_core.so" to ""
-- Installing: /home/w0x7ce/ws_moveit2/install/moveit_task_constructor_core/lib/libmoveit_task_constructor_core_stages.so
-- Set runtime path of "/home/w0x7ce/ws_moveit2/install/moveit_task_constructor_core/lib/libmoveit_task_constructor_core_stages.so" to ""
-- Installing: /home/w0x7ce/ws_moveit2/install/moveit_task_constructor_core/lib/libmoveit_task_constructor_core_stage_plugins.so
-- Set runtime path of "/home/w0x7ce/ws_moveit2/install/moveit_task_constructor_core/lib/libmoveit_task_constructor_core_stage_plugins.so" to ""
