[0.015s] Invoking command in '/home/w0x7ce/ws_moveit2/build/moveit_core': AMENT_PREFIX_PATH=/home/w0x7ce/ws_moveit2/install/moveit_resources_panda_moveit_config:/home/w0x7ce/ws_moveit2/install/srdfdom:/home/w0x7ce/ws_moveit2/install/moveit_resources_pr2_description:/home/w0x7ce/ws_moveit2/install/moveit_resources_panda_description:/home/w0x7ce/ws_moveit2/install/moveit_common:${AMENT_PREFIX_PATH} CMAKE_PREFIX_PATH=/home/w0x7ce/ws_moveit2/install/moveit_resources_panda_moveit_config:/home/w0x7ce/ws_moveit2/install/srdfdom:/home/w0x7ce/ws_moveit2/install/moveit_resources_pr2_description:/home/w0x7ce/ws_moveit2/install/moveit_resources_panda_description:/home/w0x7ce/ws_moveit2/install/moveit_common:/opt/ros/humble LD_LIBRARY_PATH=/home/w0x7ce/ws_moveit2/install/srdfdom/lib:${LD_LIBRARY_PATH} PYTHONPATH=/home/w0x7ce/ws_moveit2/install/srdfdom/local/lib/python3.10/dist-packages:${PYTHONPATH} /usr/bin/cmake /home/w0x7ce/ws_moveit2/src/moveit2/moveit_core -DCMAKE_INSTALL_PREFIX=/home/w0x7ce/ws_moveit2/install/moveit_core
[0.079s] -- The CXX compiler identification is GNU 11.3.0
[0.089s] -- Detecting CXX compiler ABI info
[0.158s] -- Detecting CXX compiler ABI info - done
[0.169s] -- Check for working CXX compiler: /usr/bin/c++ - skipped
[0.169s] -- Detecting CXX compile features
[0.169s] -- Detecting CXX compile features - done
[0.170s] -- Found moveit_common: 2.5.4 (/home/w0x7ce/ws_moveit2/install/moveit_common/share/moveit_common/cmake)
[0.173s] -- Found ament_cmake: 1.3.3 (/opt/ros/humble/share/ament_cmake/cmake)
[0.389s] -- Found Python3: /usr/bin/python3.10 (found version "3.10.6") found components: Interpreter 
[0.595s] -- Found libdw: /usr/lib/x86_64-linux-gnu/libdw.so  
[0.603s] -- Could NOT find libbfd (missing: LIBBFD_LIBRARY LIBBFD_INCLUDE_DIR) 
[0.604s] -- BACKWARD_HAS_UNWIND=1
[0.604s] -- BACKWARD_HAS_BACKTRACE=0
[0.604s] -- BACKWARD_HAS_BACKTRACE_SYMBOL=0
[0.604s] -- BACKWARD_HAS_DW=1
[0.604s] -- BACKWARD_HAS_BFD=0
[0.605s] -- Found Backward: /opt/ros/humble/share/backward_ros/cmake  
[0.605s] [0mmoveit_core: You did not request a specific build type: Choosing 'Release' for maximum performance[0m
[0.608s] -- Found rclcpp: 16.0.2 (/opt/ros/humble/share/rclcpp/cmake)
[0.671s] -- Found rosidl_generator_c: 3.1.4 (/opt/ros/humble/share/rosidl_generator_c/cmake)
[0.678s] -- Found rosidl_adapter: 3.1.4 (/opt/ros/humble/share/rosidl_adapter/cmake)
[0.692s] -- Found rosidl_generator_cpp: 3.1.4 (/opt/ros/humble/share/rosidl_generator_cpp/cmake)
[0.712s] -- Using all available rosidl_typesupport_c: rosidl_typesupport_fastrtps_c;rosidl_typesupport_introspection_c
[0.739s] -- Using all available rosidl_typesupport_cpp: rosidl_typesupport_fastrtps_cpp;rosidl_typesupport_introspection_cpp
[0.836s] -- Found rmw_implementation_cmake: 6.1.1 (/opt/ros/humble/share/rmw_implementation_cmake/cmake)
[0.839s] -- Found rmw_fastrtps_cpp: 6.2.2 (/opt/ros/humble/share/rmw_fastrtps_cpp/cmake)
[1.085s] -- Found OpenSSL: /usr/lib/x86_64-linux-gnu/libcrypto.so (found version "3.0.2")  
[1.122s] -- Found FastRTPS: /opt/ros/humble/include  
[1.177s] -- Using RMW implementation 'rmw_fastrtps_cpp' as default
[1.190s] -- Performing Test CMAKE_HAVE_LIBC_PTHREAD
[1.517s] -- Performing Test CMAKE_HAVE_LIBC_PTHREAD - Success
[1.519s] -- Found Threads: TRUE  
[1.714s] -- Found eigen3_cmake_module: 0.1.1 (/opt/ros/humble/share/eigen3_cmake_module/cmake)
[1.723s] -- Found Eigen3: TRUE (found version "3.4.0") 
[1.727s] -- Found PkgConfig: /usr/bin/pkg-config (found version "0.29.2") 
[1.728s] -- Checking for module 'fcl>=0.5.0'
[1.861s] --   Found fcl, version 0.7.0
[2.069s] -- Found Bullet: /usr/lib/x86_64-linux-gnu/libBulletDynamics.so (Required is at least version "2.87") 
[2.093s] -- Found angles: 1.15.0 (/opt/ros/humble/share/angles/cmake)
[2.122s] -- Found urdf: 2.6.0 (/opt/ros/humble/share/urdf/cmake)
[2.189s] -- Found tf2_eigen: 0.25.1 (/opt/ros/humble/share/tf2_eigen/cmake)
[3.294s] -- Found tf2_kdl: 0.25.1 (/opt/ros/humble/share/tf2_kdl/cmake)
[3.327s] -- Ensuring Eigen3 include directory is part of orocos-kdl CMake target
[3.359s] -- Found tf2_geometry_msgs: 0.25.1 (/opt/ros/humble/share/tf2_geometry_msgs/cmake)
[3.387s] -- Found eigen_stl_containers: 1.0.0 (/opt/ros/humble/share/eigen_stl_containers/cmake)
[3.391s] -- Found geometric_shapes: 2.1.3 (/opt/ros/humble/share/geometric_shapes/cmake)
[3.460s] -- Found Boost: /usr/lib/x86_64-linux-gnu/cmake/Boost-1.74.0/BoostConfig.cmake (found version "1.74.0") found components: filesystem 
[3.914s] -- library: /usr/lib/x86_64-linux-gnu/libcurl.so
[4.985s] -- Found kdl_parser: 2.6.3 (/opt/ros/humble/share/kdl_parser/cmake)
[4.988s] -- Found moveit_msgs: 2.2.1 (/opt/ros/humble/share/moveit_msgs/cmake)
[6.769s] -- Found srdfdom: 2.0.4 (/home/w0x7ce/ws_moveit2/install/srdfdom/share/srdfdom/cmake)
[6.792s] -- Found common_interfaces: 4.2.2 (/opt/ros/humble/share/common_interfaces/cmake)
[6.920s] -- Found Boost: /usr/lib/x86_64-linux-gnu/cmake/Boost-1.74.0/BoostConfig.cmake (found version "1.74.0") found components: chrono date_time filesystem iostreams program_options regex serialization system thread 
[6.922s] --  *** Building MoveIt 2.5.4-Alpha ***
[6.953s] -- Performing Test COMPILER_HAS_HIDDEN_VISIBILITY
[7.275s] -- Performing Test COMPILER_HAS_HIDDEN_VISIBILITY - Success
[7.276s] -- Performing Test COMPILER_HAS_HIDDEN_INLINE_VISIBILITY
[7.629s] -- Performing Test COMPILER_HAS_HIDDEN_INLINE_VISIBILITY - Success
[7.630s] -- Performing Test COMPILER_HAS_DEPRECATED_ATTR
[8.024s] -- Performing Test COMPILER_HAS_DEPRECATED_ATTR - Success
[8.029s] -- Found ament_cmake_gtest: 1.3.3 (/opt/ros/humble/share/ament_cmake_gtest/cmake)
[8.033s] -- Found gtest sources under '/opt/ros/humble/src/gtest_vendor': C++ tests using 'Google Test' will be built
[8.206s] -- The C compiler identification is GNU 11.3.0
[8.227s] -- Detecting C compiler ABI info
[8.429s] -- Detecting C compiler ABI info - done
[8.448s] -- Check for working C compiler: /usr/bin/cc - skipped
[8.448s] -- Detecting C compile features
[8.448s] -- Detecting C compile features - done
[8.456s] -- Found ament_cmake_gmock: 1.3.3 (/opt/ros/humble/share/ament_cmake_gmock/cmake)
[8.461s] -- Found gmock sources under '/opt/ros/humble/src/gmock_vendor': C++ tests using 'Google Mock' will be built
[8.466s] -- Found ament_cmake_gtest: 1.3.3 (/opt/ros/humble/share/ament_cmake_gtest/cmake)
[8.467s] -- Found gtest sources under '/opt/ros/humble/src/gtest_vendor': C++ tests using 'Google Test' will be built
[8.479s] -- Found ament_cmake_gtest: 1.3.3 (/opt/ros/humble/share/ament_cmake_gtest/cmake)
[8.481s] -- Found gtest sources under '/opt/ros/humble/src/gtest_vendor': C++ tests using 'Google Test' will be built
[8.513s] -- Found ament_cmake_gtest: 1.3.3 (/opt/ros/humble/share/ament_cmake_gtest/cmake)
[8.514s] -- Found gtest sources under '/opt/ros/humble/src/gtest_vendor': C++ tests using 'Google Test' will be built
[8.535s] -- Found ament_lint_auto: 0.12.4 (/opt/ros/humble/share/ament_lint_auto/cmake)
[8.537s] -- Found ament_cmake_gtest: 1.3.3 (/opt/ros/humble/share/ament_cmake_gtest/cmake)
[8.538s] -- Found gtest sources under '/opt/ros/humble/src/gtest_vendor': C++ tests using 'Google Test' will be built
[8.562s] -- Found ament_cmake_gtest: 1.3.3 (/opt/ros/humble/share/ament_cmake_gtest/cmake)
[8.563s] -- Found gtest sources under '/opt/ros/humble/src/gtest_vendor': C++ tests using 'Google Test' will be built
[8.578s] -- Found ament_cmake_gtest: 1.3.3 (/opt/ros/humble/share/ament_cmake_gtest/cmake)
[8.579s] -- Found gtest sources under '/opt/ros/humble/src/gtest_vendor': C++ tests using 'Google Test' will be built
[8.593s] -- Found ament_cmake_gtest: 1.3.3 (/opt/ros/humble/share/ament_cmake_gtest/cmake)
[8.596s] -- Found gtest sources under '/opt/ros/humble/src/gtest_vendor': C++ tests using 'Google Test' will be built
[8.616s] -- Found gtest sources under '/opt/ros/humble/src/gtest_vendor': C++ tests using 'Google Test' will be built
[8.630s] -- Found gtest sources under '/opt/ros/humble/src/gtest_vendor': C++ tests using 'Google Test' will be built
[8.648s] -- Found ament_cmake_gtest: 1.3.3 (/opt/ros/humble/share/ament_cmake_gtest/cmake)
[8.650s] -- Found gtest sources under '/opt/ros/humble/src/gtest_vendor': C++ tests using 'Google Test' will be built
[8.714s] -- Found gtest sources under '/opt/ros/humble/src/gtest_vendor': C++ tests using 'Google Test' will be built
[8.735s] -- Found gtest sources under '/opt/ros/humble/src/gtest_vendor': C++ tests using 'Google Test' will be built
[8.755s] -- Found gtest sources under '/opt/ros/humble/src/gtest_vendor': C++ tests using 'Google Test' will be built
[8.767s] -- Found ament_lint_auto: 0.12.4 (/opt/ros/humble/share/ament_lint_auto/cmake)
[8.859s] -- Added test 'cppcheck' to perform static code analysis on C / C++ code
[8.864s] -- Configured cppcheck include dirs: /home/w0x7ce/ws_moveit2/src/moveit2/moveit_core/exceptions/include;/home/w0x7ce/ws_moveit2/src/moveit2/moveit_core/collision_detection/include;/home/w0x7ce/ws_moveit2/src/moveit2/moveit_core/collision_detection_fcl/include;/home/w0x7ce/ws_moveit2/src/moveit2/moveit_core/collision_detection_bullet/include;/home/w0x7ce/ws_moveit2/src/moveit2/moveit_core/constraint_samplers/include;/home/w0x7ce/ws_moveit2/src/moveit2/moveit_core/controller_manager/include;/home/w0x7ce/ws_moveit2/src/moveit2/moveit_core/distance_field/include;/home/w0x7ce/ws_moveit2/src/moveit2/moveit_core/collision_distance_field/include;/home/w0x7ce/ws_moveit2/src/moveit2/moveit_core/dynamics_solver/include;/home/w0x7ce/ws_moveit2/src/moveit2/moveit_core/kinematics_base/include;/home/w0x7ce/ws_moveit2/src/moveit2/moveit_core/kinematics_metrics/include;/home/w0x7ce/ws_moveit2/src/moveit2/moveit_core/robot_model/include;/home/w0x7ce/ws_moveit2/src/moveit2/moveit_core/transforms/include;/home/w0x7ce/ws_moveit2/src/moveit2/moveit_core/robot_state/include;/home/w0x7ce/ws_moveit2/src/moveit2/moveit_core/robot_trajectory/include;/home/w0x7ce/ws_moveit2/src/moveit2/moveit_core/kinematic_constraints/include;/home/w0x7ce/ws_moveit2/src/moveit2/moveit_core/macros/include;/home/w0x7ce/ws_moveit2/src/moveit2/moveit_core/online_signal_smoothing/include;/home/w0x7ce/ws_moveit2/src/moveit2/moveit_core/planning_interface/include;/home/w0x7ce/ws_moveit2/src/moveit2/moveit_core/planning_request_adapter/include;/home/w0x7ce/ws_moveit2/src/moveit2/moveit_core/planning_scene/include;/home/w0x7ce/ws_moveit2/src/moveit2/moveit_core/sensor_manager/include;/home/w0x7ce/ws_moveit2/src/moveit2/moveit_core/trajectory_processing/include;/home/w0x7ce/ws_moveit2/src/moveit2/moveit_core/utils/include
[8.864s] -- Configured cppcheck exclude dirs and/or files: 
[8.872s] -- Added test 'pep257' to check Python code against some of the docstring style conventions in PEP 257
[8.879s] -- Added test 'xmllint' to check XML markup files
[8.890s] -- Configuring done
[11.054s] -- Generating done
[11.063s] -- Build files have been written to: /home/w0x7ce/ws_moveit2/build/moveit_core
[11.110s] Invoked command in '/home/w0x7ce/ws_moveit2/build/moveit_core' returned '0': AMENT_PREFIX_PATH=/home/w0x7ce/ws_moveit2/install/moveit_resources_panda_moveit_config:/home/w0x7ce/ws_moveit2/install/srdfdom:/home/w0x7ce/ws_moveit2/install/moveit_resources_pr2_description:/home/w0x7ce/ws_moveit2/install/moveit_resources_panda_description:/home/w0x7ce/ws_moveit2/install/moveit_common:${AMENT_PREFIX_PATH} CMAKE_PREFIX_PATH=/home/w0x7ce/ws_moveit2/install/moveit_resources_panda_moveit_config:/home/w0x7ce/ws_moveit2/install/srdfdom:/home/w0x7ce/ws_moveit2/install/moveit_resources_pr2_description:/home/w0x7ce/ws_moveit2/install/moveit_resources_panda_description:/home/w0x7ce/ws_moveit2/install/moveit_common:/opt/ros/humble LD_LIBRARY_PATH=/home/w0x7ce/ws_moveit2/install/srdfdom/lib:${LD_LIBRARY_PATH} PYTHONPATH=/home/w0x7ce/ws_moveit2/install/srdfdom/local/lib/python3.10/dist-packages:${PYTHONPATH} /usr/bin/cmake /home/w0x7ce/ws_moveit2/src/moveit2/moveit_core -DCMAKE_INSTALL_PREFIX=/home/w0x7ce/ws_moveit2/install/moveit_core
[11.111s] Invoking command in '/home/w0x7ce/ws_moveit2/build/moveit_core': AMENT_PREFIX_PATH=/home/w0x7ce/ws_moveit2/install/moveit_resources_panda_moveit_config:/home/w0x7ce/ws_moveit2/install/srdfdom:/home/w0x7ce/ws_moveit2/install/moveit_resources_pr2_description:/home/w0x7ce/ws_moveit2/install/moveit_resources_panda_description:/home/w0x7ce/ws_moveit2/install/moveit_common:${AMENT_PREFIX_PATH} CMAKE_PREFIX_PATH=/home/w0x7ce/ws_moveit2/install/moveit_resources_panda_moveit_config:/home/w0x7ce/ws_moveit2/install/srdfdom:/home/w0x7ce/ws_moveit2/install/moveit_resources_pr2_description:/home/w0x7ce/ws_moveit2/install/moveit_resources_panda_description:/home/w0x7ce/ws_moveit2/install/moveit_common:/opt/ros/humble LD_LIBRARY_PATH=/home/w0x7ce/ws_moveit2/install/srdfdom/lib:${LD_LIBRARY_PATH} PYTHONPATH=/home/w0x7ce/ws_moveit2/install/srdfdom/local/lib/python3.10/dist-packages:${PYTHONPATH} /usr/bin/cmake --build /home/w0x7ce/ws_moveit2/build/moveit_core -- -j4 -l4
[11.267s] [  1%] [32mBuilding CXX object exceptions/CMakeFiles/moveit_exceptions.dir/src/exceptions.cpp.o[0m
[11.295s] [  1%] [32mBuilding CXX object transforms/CMakeFiles/moveit_transforms.dir/src/transforms.cpp.o[0m
[11.296s] [  2%] [32mBuilding CXX object kinematics_base/CMakeFiles/moveit_kinematics_base.dir/src/kinematics_base.cpp.o[0m
[11.309s] [  2%] [32mBuilding CXX object distance_field/CMakeFiles/moveit_distance_field.dir/src/distance_field.cpp.o[0m
[13.278s] [  2%] [32m[1mLinking CXX shared library libmoveit_exceptions.so[0m
[13.684s] [  2%] Built target moveit_exceptions
[13.774s] [  2%] [32mBuilding CXX object utils/CMakeFiles/moveit_utils.dir/src/lexical_casts.cpp.o[0m
[15.425s] [  3%] [32mBuilding CXX object utils/CMakeFiles/moveit_utils.dir/src/message_checks.cpp.o[0m
[18.599s] [  4%] [32mBuilding CXX object utils/CMakeFiles/moveit_utils.dir/src/rclcpp_utils.cpp.o[0m
[19.406s] [  4%] [32m[1mLinking CXX shared library libmoveit_utils.so[0m
[21.426s] [  4%] Built target moveit_utils
[23.327s] [  4%] [32m[1mLinking CXX shared library libmoveit_kinematics_base.so[0m
[23.686s] [  4%] Built target moveit_kinematics_base
[25.478s] [  5%] [32m[1mLinking CXX shared library libmoveit_transforms.so[0m
[25.838s] [  5%] Built target moveit_transforms
[26.484s] [  6%] [32mBuilding CXX object distance_field/CMakeFiles/moveit_distance_field.dir/src/find_internal_points.cpp.o[0m
[27.965s] [  6%] [32mBuilding CXX object distance_field/CMakeFiles/moveit_distance_field.dir/src/propagation_distance_field.cpp.o[0m
[35.033s] [  7%] [32m[1mLinking CXX shared library libmoveit_distance_field.so[0m
[35.243s] [  7%] Built target moveit_distance_field
[35.272s] [  7%] [32mBuilding CXX object gmock/CMakeFiles/gmock.dir/opt/ros/humble/src/gtest_vendor/src/gtest-all.cc.o[0m
[37.270s] [  7%] [32mBuilding CXX object gmock/CMakeFiles/gmock_main.dir/src/gmock_main.cc.o[0m
[38.484s] [  8%] [32m[1mLinking CXX static library libgmock_main.a[0m
[38.530s] [  8%] Built target gmock_main
[39.541s] [  8%] [32mBuilding CXX object online_signal_smoothing/CMakeFiles/moveit_smoothing_base.dir/src/smoothing_base_class.cpp.o[0m
[40.550s] [  9%] [32mBuilding CXX object gtest/CMakeFiles/gtest_main.dir/src/gtest_main.cc.o[0m
[41.507s] [  9%] [32m[1mLinking CXX static library libgtest_main.a[0m
[41.555s] [  9%] Built target gtest_main
[41.559s] [  9%] [32mBuilding CXX object gtest/CMakeFiles/gtest.dir/src/gtest-all.cc.o[0m
[41.565s] [ 10%] [32mBuilding CXX object version/CMakeFiles/moveit_version.dir/version.cpp.o[0m
[41.622s] [ 10%] [32m[1mLinking CXX executable moveit_version[0m
[41.709s] [ 10%] Built target moveit_version
[41.722s] [ 10%] [32mBuilding CXX object robot_model/CMakeFiles/moveit_robot_model.dir/src/aabb.cpp.o[0m
[42.407s] [ 11%] [32m[1mLinking CXX shared library libmoveit_smoothing_base.so[0m
[42.580s] [ 11%] Built target moveit_smoothing_base
[42.586s] [ 12%] [32mBuilding CXX object gmock/CMakeFiles/gmock.dir/src/gmock-all.cc.o[0m
[44.211s] [ 13%] [32mBuilding CXX object robot_model/CMakeFiles/moveit_robot_model.dir/src/fixed_joint_model.cpp.o[0m
[44.526s] [ 14%] [32mBuilding CXX object robot_model/CMakeFiles/moveit_robot_model.dir/src/floating_joint_model.cpp.o[0m
[45.817s] [ 15%] [32m[1mLinking CXX static library libgmock.a[0m
[45.873s] [ 15%] Built target gmock
[45.876s] [ 15%] [32mBuilding CXX object robot_model/CMakeFiles/moveit_robot_model.dir/src/joint_model.cpp.o[0m
[46.063s] [ 16%] [32mBuilding CXX object robot_model/CMakeFiles/moveit_robot_model.dir/src/joint_model_group.cpp.o[0m
[48.290s] [ 16%] [32mBuilding CXX object robot_model/CMakeFiles/moveit_robot_model.dir/src/link_model.cpp.o[0m
[48.805s] [ 17%] [32mBuilding CXX object robot_model/CMakeFiles/moveit_robot_model.dir/src/planar_joint_model.cpp.o[0m
[49.465s] [ 18%] [32m[1mLinking CXX static library libgtest.a[0m
[49.518s] [ 18%] Built target gtest
[49.530s] [ 19%] [32mBuilding CXX object distance_field/CMakeFiles/test_voxel_grid.dir/test/test_voxel_grid.cpp.o[0m
[52.120s] [ 20%] [32mBuilding CXX object robot_model/CMakeFiles/moveit_robot_model.dir/src/prismatic_joint_model.cpp.o[0m
[52.320s] [ 20%] [32mBuilding CXX object robot_model/CMakeFiles/moveit_robot_model.dir/src/revolute_joint_model.cpp.o[0m
[53.950s] [ 21%] [32mBuilding CXX object robot_model/CMakeFiles/moveit_robot_model.dir/src/robot_model.cpp.o[0m
[54.009s] [ 21%] [32mBuilding CXX object distance_field/CMakeFiles/test_distance_field.dir/test/test_distance_field.cpp.o[0m
[54.260s] [ 21%] [32m[1mLinking CXX executable test_voxel_grid[0m
[54.397s] [ 21%] Built target test_voxel_grid
[54.408s] [ 21%] [32mBuilding CXX object transforms/CMakeFiles/test_transforms.dir/test/test_transforms.cpp.o[0m
[57.493s] [ 22%] [32m[1mLinking CXX executable test_transforms[0m
[57.645s] [ 22%] Built target test_transforms
[63.273s] [ 22%] [32m[1mLinking CXX shared library libmoveit_robot_model.so[0m
[63.451s] [ 22%] Built target moveit_robot_model
[63.463s] [ 23%] [32mBuilding CXX object robot_state/CMakeFiles/moveit_robot_state.dir/src/attached_body.cpp.o[0m
[63.463s] [ 23%] [32mBuilding CXX object utils/CMakeFiles/moveit_test_utils.dir/src/robot_model_test_utils.cpp.o[0m
[63.647s] [ 24%] [32m[1mLinking CXX executable test_distance_field[0m
[63.881s] [ 24%] Built target test_distance_field
[63.885s] [ 25%] [32mBuilding CXX object robot_state/CMakeFiles/moveit_robot_state.dir/src/conversions.cpp.o[0m
[63.893s] [ 26%] [32mBuilding CXX object online_signal_smoothing/CMakeFiles/moveit_butterworth_filter.dir/src/butterworth_filter.cpp.o[0m
[66.944s] [ 26%] [32mBuilding CXX object robot_state/CMakeFiles/moveit_robot_state.dir/src/robot_state.cpp.o[0m
[70.289s] [ 26%] [32m[1mLinking CXX shared library libmoveit_butterworth_filter.so[0m
[70.473s] [ 26%] Built target moveit_butterworth_filter
[70.487s] [ 27%] [32mBuilding CXX object online_signal_smoothing/CMakeFiles/test_butterworth_filter.dir/test/test_butterworth_filter.cpp.o[0m
[73.167s] [ 28%] [32m[1mLinking CXX shared library libmoveit_test_utils.so[0m
[73.365s] [ 28%] Built target moveit_test_utils
[73.377s] [ 29%] [32mBuilding CXX object robot_model/CMakeFiles/test_robot_model.dir/test/test.cpp.o[0m
[74.176s] [ 30%] [32mBuilding CXX object robot_state/CMakeFiles/moveit_robot_state.dir/src/cartesian_interpolator.cpp.o[0m
[78.188s] [ 31%] [32m[1mLinking CXX executable test_butterworth_filter[0m
[78.377s] [ 31%] Built target test_butterworth_filter
[79.422s] [ 31%] [32m[1mLinking CXX executable test_robot_model[0m
[79.719s] [ 31%] Built target test_robot_model
[89.710s] [ 31%] [32m[1mLinking CXX shared library libmoveit_robot_state.so[0m
[89.870s] [ 31%] Built target moveit_robot_state
[89.881s] [ 34%] [32mBuilding CXX object robot_trajectory/CMakeFiles/moveit_robot_trajectory.dir/src/robot_trajectory.cpp.o[0m
[89.881s] [ 34%] [32mBuilding CXX object collision_detection/CMakeFiles/moveit_collision_detection.dir/src/allvalid/collision_env_allvalid.cpp.o[0m
[89.881s] [ 34%] [32mBuilding CXX object dynamics_solver/CMakeFiles/moveit_dynamics_solver.dir/src/dynamics_solver.cpp.o[0m
[89.882s] [ 35%] [32mBuilding CXX object kinematics_metrics/CMakeFiles/moveit_kinematics_metrics.dir/src/kinematics_metrics.cpp.o[0m
[95.662s] [ 36%] [32mBuilding CXX object collision_detection/CMakeFiles/moveit_collision_detection.dir/src/collision_common.cpp.o[0m
[96.368s] [ 36%] [32m[1mLinking CXX shared library libmoveit_dynamics_solver.so[0m
[96.544s] [ 36%] Built target moveit_dynamics_solver
[96.561s] [ 37%] [32mBuilding CXX object robot_state/CMakeFiles/test_robot_state.dir/test/robot_state_test.cpp.o[0m
[99.252s] [ 38%] [32m[1mLinking CXX shared library libmoveit_robot_trajectory.so[0m
[99.433s] [ 38%] Built target moveit_robot_trajectory
[99.444s] [ 38%] [32mBuilding CXX object robot_state/CMakeFiles/test_robot_state_benchmark.dir/test/robot_state_benchmark.cpp.o[0m
[101.068s] [ 38%] [32mBuilding CXX object collision_detection/CMakeFiles/moveit_collision_detection.dir/src/collision_matrix.cpp.o[0m
[107.096s] [ 39%] [32m[1mLinking CXX executable test_robot_state[0m
[107.142s] [ 40%] [32m[1mLinking CXX executable test_robot_state_benchmark[0m
[107.438s] [ 40%] Built target test_robot_state_benchmark
[107.449s] [ 40%] [32mBuilding CXX object robot_state/CMakeFiles/test_robot_state_complex.dir/test/test_kinematic_complex.cpp.o[0m
[107.474s] [ 40%] Built target test_robot_state
[107.486s] [ 41%] [32mBuilding CXX object robot_state/CMakeFiles/test_aabb.dir/test/test_aabb.cpp.o[0m
[107.499s] [ 42%] [32mBuilding CXX object collision_detection/CMakeFiles/moveit_collision_detection.dir/src/collision_octomap_filter.cpp.o[0m
[109.748s] [ 43%] [32m[1mLinking CXX shared library libmoveit_kinematics_metrics.so[0m
[109.932s] [ 43%] Built target moveit_kinematics_metrics
[109.936s] [ 43%] [32mBuilding CXX object collision_detection/CMakeFiles/moveit_collision_detection.dir/src/collision_tools.cpp.o[0m
[113.435s] [ 44%] [32mBuilding CXX object collision_detection/CMakeFiles/moveit_collision_detection.dir/src/world.cpp.o[0m
[116.508s] [ 45%] [32m[1mLinking CXX executable test_robot_state_complex[0m
[116.810s] [ 46%] [32m[1mLinking CXX executable test_aabb[0m
[116.850s] [ 46%] Built target test_robot_state_complex
[116.862s] [ 46%] [32mBuilding CXX object robot_state/CMakeFiles/test_cartesian_interpolator.dir/test/test_cartesian_interpolator.cpp.o[0m
[117.132s] [ 46%] Built target test_aabb
[117.145s] [ 47%] [32mBuilding CXX object robot_trajectory/CMakeFiles/test_robot_trajectory.dir/test/test_robot_trajectory.cpp.o[0m
[117.546s] [ 48%] [32mBuilding CXX object collision_detection/CMakeFiles/moveit_collision_detection.dir/src/world_diff.cpp.o[0m
[117.690s] [ 48%] [32mBuilding CXX object collision_detection/CMakeFiles/moveit_collision_detection.dir/src/collision_env.cpp.o[0m
[120.028s] [ 49%] [32mBuilding CXX object collision_detection/CMakeFiles/moveit_collision_detection.dir/src/collision_plugin_cache.cpp.o[0m
[123.326s] [ 50%] [32m[1mLinking CXX executable test_cartesian_interpolator[0m
[123.657s] [ 50%] Built target test_cartesian_interpolator
[123.671s] [ 51%] [32mBuilding CXX object trajectory_processing/CMakeFiles/moveit_trajectory_processing.dir/src/iterative_time_parameterization.cpp.o[0m
[123.789s] [ 51%] [32mBuilding CXX object trajectory_processing/CMakeFiles/moveit_trajectory_processing.dir/src/iterative_spline_parameterization.cpp.o[0m
[126.044s] [ 51%] [32m[1mLinking CXX executable test_robot_trajectory[0m
[126.357s] [ 51%] Built target test_robot_trajectory
[126.369s] [ 51%] [32mBuilding CXX object planning_interface/CMakeFiles/moveit_planning_interface.dir/src/planning_interface.cpp.o[0m
[131.443s] [ 52%] [32mBuilding CXX object planning_interface/CMakeFiles/moveit_planning_interface.dir/src/planning_response.cpp.o[0m
[131.716s] [ 53%] [32mBuilding CXX object trajectory_processing/CMakeFiles/moveit_trajectory_processing.dir/src/ruckig_traj_smoothing.cpp.o[0m
[133.924s] [ 53%] [32m[1mLinking CXX shared library libmoveit_collision_detection.so[0m
[134.132s] [ 53%] Built target moveit_collision_detection
[134.144s] [ 54%] [32mBuilding CXX object collision_detection_fcl/CMakeFiles/moveit_collision_detection_fcl.dir/src/collision_common.cpp.o[0m
[135.747s] [ 54%] [32mBuilding CXX object collision_detection_fcl/CMakeFiles/moveit_collision_detection_fcl.dir/src/collision_env_fcl.cpp.o[0m
[138.297s] [ 54%] [32m[1mLinking CXX shared library libmoveit_planning_interface.so[0m
[138.454s] [ 54%] Built target moveit_planning_interface
[138.466s] [ 55%] [32mBuilding CXX object collision_detection/CMakeFiles/test_world.dir/test/test_world.cpp.o[0m
[142.022s] [ 55%] [32mBuilding CXX object trajectory_processing/CMakeFiles/moveit_trajectory_processing.dir/src/trajectory_tools.cpp.o[0m
[142.911s] [ 56%] [32mBuilding CXX object trajectory_processing/CMakeFiles/moveit_trajectory_processing.dir/src/time_optimal_trajectory_generation.cpp.o[0m
[143.894s] [ 57%] [32mBuilding CXX object collision_detection/CMakeFiles/test_world_diff.dir/test/test_world_diff.cpp.o[0m
[144.135s] [ 58%] [32m[1mLinking CXX shared library libmoveit_collision_detection_fcl.so[0m
[144.390s] [ 58%] Built target moveit_collision_detection_fcl
[144.401s] [ 58%] [32mBuilding CXX object collision_detection/CMakeFiles/test_all_valid.dir/test/test_all_valid.cpp.o[0m
[144.801s] [ 58%] [32m[1mLinking CXX executable test_world[0m
[145.062s] [ 58%] Built target test_world
[145.074s] [ 59%] [32mBuilding CXX object collision_detection_bullet/CMakeFiles/moveit_collision_detection_bullet.dir/src/bullet_integration/bullet_utils.cpp.o[0m
[149.057s] [ 60%] [32m[1mLinking CXX executable test_world_diff[0m
[149.321s] [ 60%] Built target test_world_diff
[149.332s] [ 61%] [32mBuilding CXX object collision_detection_fcl/CMakeFiles/test_fcl_collision_env.dir/test/test_fcl_env.cpp.o[0m
[151.277s] [ 62%] [32m[1mLinking CXX executable test_all_valid[0m
[151.555s] [ 62%] Built target test_all_valid
[151.567s] [ 63%] [32mBuilding CXX object collision_detection_fcl/CMakeFiles/test_fcl_collision_detection.dir/test/test_fcl_collision_detection_pr2.cpp.o[0m
[152.278s] [ 64%] [32m[1mLinking CXX shared library libmoveit_trajectory_processing.so[0m
[152.482s] [ 64%] Built target moveit_trajectory_processing
[152.497s] [ 65%] [32mBuilding CXX object collision_detection_fcl/CMakeFiles/test_fcl_collision_detection_panda.dir/test/test_fcl_collision_detection_panda.cpp.o[0m
[153.964s] [ 66%] [32mBuilding CXX object collision_detection_bullet/CMakeFiles/moveit_collision_detection_bullet.dir/src/bullet_integration/bullet_discrete_bvh_manager.cpp.o[0m
[159.124s] [ 67%] [32m[1mLinking CXX executable test_fcl_collision_env[0m
[159.476s] [ 67%] Built target test_fcl_collision_env
[159.488s] [ 68%] [32mBuilding CXX object kinematic_constraints/CMakeFiles/moveit_kinematic_constraints.dir/src/kinematic_constraint.cpp.o[0m
[159.767s] [ 68%] [32mBuilding CXX object collision_detection_bullet/CMakeFiles/moveit_collision_detection_bullet.dir/src/bullet_integration/bullet_cast_bvh_manager.cpp.o[0m
[162.900s] [ 68%] [32m[1mLinking CXX executable test_fcl_collision_detection[0m
[163.252s] [ 68%] Built target test_fcl_collision_detection
[163.256s] [ 69%] [32mBuilding CXX object kinematic_constraints/CMakeFiles/moveit_kinematic_constraints.dir/src/utils.cpp.o[0m
[163.673s] [ 69%] [32m[1mLinking CXX executable test_fcl_collision_detection_panda[0m
[163.984s] [ 69%] Built target test_fcl_collision_detection_panda
[163.996s] [ 69%] [32mBuilding CXX object trajectory_processing/CMakeFiles/test_time_parameterization.dir/test/test_time_parameterization.cpp.o[0m
[166.209s] [ 70%] [32mBuilding CXX object collision_detection_bullet/CMakeFiles/moveit_collision_detection_bullet.dir/src/collision_env_bullet.cpp.o[0m
[172.363s] [ 71%] [32m[1mLinking CXX executable test_time_parameterization[0m
[172.676s] [ 71%] Built target test_time_parameterization
[172.689s] [ 72%] [32mBuilding CXX object trajectory_processing/CMakeFiles/test_time_optimal_trajectory_generation.dir/test/test_time_optimal_trajectory_generation.cpp.o[0m
[174.392s] [ 73%] [32mBuilding CXX object trajectory_processing/CMakeFiles/test_ruckig_traj_smoothing.dir/test/test_ruckig_traj_smoothing.cpp.o[0m
[174.544s] [ 73%] [32m[1mLinking CXX shared library libmoveit_kinematic_constraints.so[0m
[174.752s] [ 73%] Built target moveit_kinematic_constraints
[174.764s] [ 73%] [32mBuilding CXX object planning_scene/CMakeFiles/moveit_planning_scene.dir/src/planning_scene.cpp.o[0m
[174.883s] [ 73%] [32mBuilding CXX object collision_detection_bullet/CMakeFiles/moveit_collision_detection_bullet.dir/src/bullet_integration/bullet_bvh_manager.cpp.o[0m
[181.105s] [ 74%] [32mBuilding CXX object collision_detection_bullet/CMakeFiles/moveit_collision_detection_bullet.dir/src/bullet_integration/contact_checker_common.cpp.o[0m
[182.770s] [ 74%] [32m[1mLinking CXX executable test_ruckig_traj_smoothing[0m
[182.819s] [ 75%] [32m[1mLinking CXX executable test_time_optimal_trajectory_generation[0m
[183.096s] [ 75%] Built target test_ruckig_traj_smoothing
[183.108s] [ 75%] [32mBuilding CXX object kinematic_constraints/CMakeFiles/test_constraints.dir/test/test_constraints.cpp.o[0m
[183.145s] [ 75%] Built target test_time_optimal_trajectory_generation
[183.156s] [ 75%] [32mBuilding CXX object kinematic_constraints/CMakeFiles/test_orientation_constraints.dir/test/test_orientation_constraints.cpp.o[0m
[186.984s] [ 76%] [32mBuilding CXX object collision_detection_bullet/CMakeFiles/moveit_collision_detection_bullet.dir/src/bullet_integration/ros_bullet_utils.cpp.o[0m
[193.452s] [ 76%] [32m[1mLinking CXX shared library libmoveit_collision_detection_bullet.so[0m
[193.691s] [ 77%] [32m[1mLinking CXX executable test_orientation_constraints[0m
[193.741s] [ 77%] Built target moveit_collision_detection_bullet
[193.754s] [ 77%] [32mBuilding CXX object collision_detection_bullet/CMakeFiles/test_bullet_collision_detection.dir/test/test_bullet_collision_detection_pr2.cpp.o[0m
[194.007s] [ 77%] Built target test_orientation_constraints
[194.019s] [ 78%] [32mBuilding CXX object collision_detection_bullet/CMakeFiles/test_bullet_collision_detection_panda.dir/test/test_bullet_collision_detection_panda.cpp.o[0m
[194.403s] [ 79%] [32m[1mLinking CXX shared library libmoveit_planning_scene.so[0m
[194.621s] [ 79%] Built target moveit_planning_scene
[194.633s] [ 80%] [32mBuilding CXX object collision_detection_bullet/CMakeFiles/test_bullet_continuous_collision_checking.dir/test/test_bullet_continuous_collision_checking.cpp.o[0m
[196.128s] [ 81%] [32m[1mLinking CXX executable test_constraints[0m
[196.444s] [ 81%] Built target test_constraints
[202.867s] [ 81%] [32m[1mLinking CXX executable test_bullet_collision_detection_panda[0m
[203.178s] [ 81%] Built target test_bullet_collision_detection_panda
[204.426s] [ 82%] [32m[1mLinking CXX executable test_bullet_collision_detection[0m
[204.743s] [ 82%] Built target test_bullet_collision_detection
[205.416s] [ 82%] [32m[1mLinking CXX executable test_bullet_continuous_collision_checking[0m
[205.708s] [ 82%] Built target test_bullet_continuous_collision_checking
[205.715s] [ 83%] [32mBuilding CXX object constraint_samplers/CMakeFiles/moveit_constraint_samplers.dir/src/constraint_sampler.cpp.o[0m
[205.718s] [ 84%] [32mBuilding CXX object collision_distance_field/CMakeFiles/moveit_collision_distance_field.dir/src/collision_distance_field_types.cpp.o[0m
[206.727s] [ 85%] [32mBuilding CXX object planning_request_adapter/CMakeFiles/moveit_planning_request_adapter.dir/src/planning_request_adapter.cpp.o[0m
[207.734s] [ 85%] [32mBuilding CXX object collision_detection_fcl/CMakeFiles/collision_detector_fcl_plugin.dir/src/collision_detector_fcl_plugin_loader.cpp.o[0m
[212.601s] [ 85%] [32mBuilding CXX object collision_distance_field/CMakeFiles/moveit_collision_distance_field.dir/src/collision_common_distance_field.cpp.o[0m
[212.865s] [ 85%] [32mBuilding CXX object constraint_samplers/CMakeFiles/moveit_constraint_samplers.dir/src/constraint_sampler_manager.cpp.o[0m
[214.214s] [ 86%] [32m[1mLinking CXX shared library libmoveit_planning_request_adapter.so[0m
[214.387s] [ 86%] Built target moveit_planning_request_adapter
[214.399s] [ 87%] [32mBuilding CXX object planning_scene/CMakeFiles/test_planning_scene.dir/test/test_planning_scene.cpp.o[0m
[217.274s] [ 88%] [32m[1mLinking CXX shared library libcollision_detector_fcl_plugin.so[0m
[217.450s] [ 88%] Built target collision_detector_fcl_plugin
[217.464s] [ 89%] [32mBuilding CXX object planning_scene/CMakeFiles/test_collision_objects.dir/test/test_collision_objects.cpp.o[0m
[222.022s] [ 90%] [32mBuilding CXX object collision_distance_field/CMakeFiles/moveit_collision_distance_field.dir/src/collision_env_distance_field.cpp.o[0m
[222.435s] [ 91%] [32mBuilding CXX object constraint_samplers/CMakeFiles/moveit_constraint_samplers.dir/src/constraint_sampler_tools.cpp.o[0m
[229.961s] [ 91%] [32m[1mLinking CXX executable test_planning_scene[0m
[230.059s] [ 91%] [32mBuilding CXX object constraint_samplers/CMakeFiles/moveit_constraint_samplers.dir/src/default_constraint_samplers.cpp.o[0m
[230.353s] [ 91%] Built target test_planning_scene
[230.365s] [ 91%] [32mBuilding CXX object planning_scene/CMakeFiles/test_multi_threaded.dir/test/test_multi_threaded.cpp.o[0m
[230.379s] [ 91%] [32m[1mLinking CXX executable test_collision_objects[0m
[230.694s] [ 91%] Built target test_collision_objects
[230.705s] [ 91%] [32mBuilding CXX object collision_detection_bullet/CMakeFiles/collision_detector_bullet_plugin.dir/src/collision_detector_bullet_plugin_loader.cpp.o[0m
[237.384s] [ 91%] [32mBuilding CXX object collision_distance_field/CMakeFiles/moveit_collision_distance_field.dir/src/collision_env_hybrid.cpp.o[0m
[239.200s] [ 92%] [32m[1mLinking CXX shared library libcollision_detector_bullet_plugin.so[0m
[239.369s] [ 92%] Built target collision_detector_bullet_plugin
[239.374s] [ 93%] [32mBuilding CXX object constraint_samplers/CMakeFiles/moveit_constraint_samplers.dir/src/union_constraint_sampler.cpp.o[0m
[239.727s] [ 94%] [32m[1mLinking CXX executable test_multi_threaded[0m
[240.085s] [ 94%] Built target test_multi_threaded
[246.400s] [ 95%] [32m[1mLinking CXX shared library libmoveit_collision_distance_field.so[0m
[246.603s] [ 95%] Built target moveit_collision_distance_field
[246.614s] [ 95%] [32mBuilding CXX object collision_distance_field/CMakeFiles/test_collision_distance_field.dir/test/test_collision_distance_field.cpp.o[0m
[246.725s] [ 96%] [32m[1mLinking CXX shared library libmoveit_constraint_samplers.so[0m
[246.895s] [ 96%] Built target moveit_constraint_samplers
[246.905s] [ 97%] [32mBuilding CXX object constraint_samplers/CMakeFiles/test_constraint_samplers.dir/test/test_constraint_samplers.cpp.o[0m
[246.906s] [ 97%] [32mBuilding CXX object constraint_samplers/CMakeFiles/test_constraint_samplers.dir/test/pr2_arm_kinematics_plugin.cpp.o[0m
[253.814s] [ 98%] [32mBuilding CXX object constraint_samplers/CMakeFiles/test_constraint_samplers.dir/test/pr2_arm_ik.cpp.o[0m
[257.849s] [ 99%] [32m[1mLinking CXX executable test_collision_distance_field[0m
[258.170s] [ 99%] Built target test_collision_distance_field
[261.329s] [100%] [32m[1mLinking CXX executable test_constraint_samplers[0m
[261.657s] [100%] Built target test_constraint_samplers
[261.664s] Invoked command in '/home/w0x7ce/ws_moveit2/build/moveit_core' returned '0': AMENT_PREFIX_PATH=/home/w0x7ce/ws_moveit2/install/moveit_resources_panda_moveit_config:/home/w0x7ce/ws_moveit2/install/srdfdom:/home/w0x7ce/ws_moveit2/install/moveit_resources_pr2_description:/home/w0x7ce/ws_moveit2/install/moveit_resources_panda_description:/home/w0x7ce/ws_moveit2/install/moveit_common:${AMENT_PREFIX_PATH} CMAKE_PREFIX_PATH=/home/w0x7ce/ws_moveit2/install/moveit_resources_panda_moveit_config:/home/w0x7ce/ws_moveit2/install/srdfdom:/home/w0x7ce/ws_moveit2/install/moveit_resources_pr2_description:/home/w0x7ce/ws_moveit2/install/moveit_resources_panda_description:/home/w0x7ce/ws_moveit2/install/moveit_common:/opt/ros/humble LD_LIBRARY_PATH=/home/w0x7ce/ws_moveit2/install/srdfdom/lib:${LD_LIBRARY_PATH} PYTHONPATH=/home/w0x7ce/ws_moveit2/install/srdfdom/local/lib/python3.10/dist-packages:${PYTHONPATH} /usr/bin/cmake --build /home/w0x7ce/ws_moveit2/build/moveit_core -- -j4 -l4
[261.721s] Invoking command in '/home/w0x7ce/ws_moveit2/build/moveit_core': AMENT_PREFIX_PATH=/home/w0x7ce/ws_moveit2/install/moveit_resources_panda_moveit_config:/home/w0x7ce/ws_moveit2/install/srdfdom:/home/w0x7ce/ws_moveit2/install/moveit_resources_pr2_description:/home/w0x7ce/ws_moveit2/install/moveit_resources_panda_description:/home/w0x7ce/ws_moveit2/install/moveit_common:${AMENT_PREFIX_PATH} CMAKE_PREFIX_PATH=/home/w0x7ce/ws_moveit2/install/moveit_resources_panda_moveit_config:/home/w0x7ce/ws_moveit2/install/srdfdom:/home/w0x7ce/ws_moveit2/install/moveit_resources_pr2_description:/home/w0x7ce/ws_moveit2/install/moveit_resources_panda_description:/home/w0x7ce/ws_moveit2/install/moveit_common:/opt/ros/humble LD_LIBRARY_PATH=/home/w0x7ce/ws_moveit2/install/srdfdom/lib:${LD_LIBRARY_PATH} PYTHONPATH=/home/w0x7ce/ws_moveit2/install/srdfdom/local/lib/python3.10/dist-packages:${PYTHONPATH} /usr/bin/cmake --install /home/w0x7ce/ws_moveit2/build/moveit_core
[261.724s] -- Install configuration: "Release"
[261.724s] -- Installing: /home/w0x7ce/ws_moveit2/install/moveit_core/include/moveit/version.h
[261.724s] -- Up-to-date: /home/w0x7ce/ws_moveit2/install/moveit_core/include
[261.724s] -- Up-to-date: /home/w0x7ce/ws_moveit2/install/moveit_core/include/moveit
[261.725s] -- Installing: /home/w0x7ce/ws_moveit2/install/moveit_core/include/moveit/collision_distance_field
[261.725s] -- Installing: /home/w0x7ce/ws_moveit2/install/moveit_core/include/moveit/collision_distance_field/collision_distance_field_types.h
[261.725s] -- Installing: /home/w0x7ce/ws_moveit2/install/moveit_core/include/moveit/collision_distance_field/collision_common_distance_field.h
[261.725s] -- Installing: /home/w0x7ce/ws_moveit2/install/moveit_core/include/moveit/collision_distance_field/collision_env_hybrid.h
[261.725s] -- Installing: /home/w0x7ce/ws_moveit2/install/moveit_core/include/moveit/collision_distance_field/collision_detector_allocator_distance_field.h
[261.725s] -- Installing: /home/w0x7ce/ws_moveit2/install/moveit_core/include/moveit/collision_distance_field/collision_detector_allocator_hybrid.h
[261.725s] -- Installing: /home/w0x7ce/ws_moveit2/install/moveit_core/include/moveit/collision_distance_field/collision_env_distance_field.h
[261.725s] -- Installing: /home/w0x7ce/ws_moveit2/install/moveit_core/include/moveit_collision_distance_field_export.h
[261.725s] -- Up-to-date: /home/w0x7ce/ws_moveit2/install/moveit_core/include
[261.725s] -- Up-to-date: /home/w0x7ce/ws_moveit2/install/moveit_core/include/moveit
[261.726s] -- Installing: /home/w0x7ce/ws_moveit2/install/moveit_core/include/moveit/constraint_samplers
[261.726s] -- Installing: /home/w0x7ce/ws_moveit2/install/moveit_core/include/moveit/constraint_samplers/constraint_sampler_manager.h
[261.726s] -- Installing: /home/w0x7ce/ws_moveit2/install/moveit_core/include/moveit/constraint_samplers/union_constraint_sampler.h
[261.726s] -- Installing: /home/w0x7ce/ws_moveit2/install/moveit_core/include/moveit/constraint_samplers/constraint_sampler_tools.h
[261.726s] -- Installing: /home/w0x7ce/ws_moveit2/install/moveit_core/include/moveit/constraint_samplers/constraint_sampler_allocator.h
[261.726s] -- Installing: /home/w0x7ce/ws_moveit2/install/moveit_core/include/moveit/constraint_samplers/default_constraint_samplers.h
[261.726s] -- Installing: /home/w0x7ce/ws_moveit2/install/moveit_core/include/moveit/constraint_samplers/constraint_sampler.h
[261.726s] -- Up-to-date: /home/w0x7ce/ws_moveit2/install/moveit_core/include
[261.726s] -- Up-to-date: /home/w0x7ce/ws_moveit2/install/moveit_core/include/moveit
[261.726s] -- Installing: /home/w0x7ce/ws_moveit2/install/moveit_core/include/moveit/controller_manager
[261.727s] -- Installing: /home/w0x7ce/ws_moveit2/install/moveit_core/include/moveit/controller_manager/controller_manager.h
[261.727s] -- Up-to-date: /home/w0x7ce/ws_moveit2/install/moveit_core/include
[261.727s] -- Up-to-date: /home/w0x7ce/ws_moveit2/install/moveit_core/include/moveit
[261.727s] -- Installing: /home/w0x7ce/ws_moveit2/install/moveit_core/include/moveit/distance_field
[261.727s] -- Installing: /home/w0x7ce/ws_moveit2/install/moveit_core/include/moveit/distance_field/voxel_grid.h
[261.727s] -- Installing: /home/w0x7ce/ws_moveit2/install/moveit_core/include/moveit/distance_field/distance_field.h
[261.727s] -- Installing: /home/w0x7ce/ws_moveit2/install/moveit_core/include/moveit/distance_field/find_internal_points.h
[261.727s] -- Installing: /home/w0x7ce/ws_moveit2/install/moveit_core/include/moveit/distance_field/propagation_distance_field.h
[261.728s] -- Up-to-date: /home/w0x7ce/ws_moveit2/install/moveit_core/include
[261.728s] -- Up-to-date: /home/w0x7ce/ws_moveit2/install/moveit_core/include/moveit
[261.728s] -- Installing: /home/w0x7ce/ws_moveit2/install/moveit_core/include/moveit/dynamics_solver
[261.728s] -- Installing: /home/w0x7ce/ws_moveit2/install/moveit_core/include/moveit/dynamics_solver/dynamics_solver.h
[261.728s] -- Up-to-date: /home/w0x7ce/ws_moveit2/install/moveit_core/include
[261.728s] -- Up-to-date: /home/w0x7ce/ws_moveit2/install/moveit_core/include/moveit
[261.728s] -- Installing: /home/w0x7ce/ws_moveit2/install/moveit_core/include/moveit/exceptions
[261.728s] -- Installing: /home/w0x7ce/ws_moveit2/install/moveit_core/include/moveit/exceptions/exceptions.h
[261.728s] -- Up-to-date: /home/w0x7ce/ws_moveit2/install/moveit_core/include
[261.728s] -- Up-to-date: /home/w0x7ce/ws_moveit2/install/moveit_core/include/moveit
[261.728s] -- Installing: /home/w0x7ce/ws_moveit2/install/moveit_core/include/moveit/kinematics_base
[261.728s] -- Installing: /home/w0x7ce/ws_moveit2/install/moveit_core/include/moveit/kinematics_base/kinematics_base.h
[261.729s] -- Installing: /home/w0x7ce/ws_moveit2/install/moveit_core/include/moveit_kinematics_base_export.h
[261.729s] -- Up-to-date: /home/w0x7ce/ws_moveit2/install/moveit_core/include
[261.729s] -- Up-to-date: /home/w0x7ce/ws_moveit2/install/moveit_core/include/moveit
[261.729s] -- Installing: /home/w0x7ce/ws_moveit2/install/moveit_core/include/moveit/kinematic_constraints
[261.729s] -- Installing: /home/w0x7ce/ws_moveit2/install/moveit_core/include/moveit/kinematic_constraints/utils.h
[261.729s] -- Installing: /home/w0x7ce/ws_moveit2/install/moveit_core/include/moveit/kinematic_constraints/kinematic_constraint.h
[261.729s] -- Up-to-date: /home/w0x7ce/ws_moveit2/install/moveit_core/include
[261.729s] -- Up-to-date: /home/w0x7ce/ws_moveit2/install/moveit_core/include/moveit
[261.729s] -- Installing: /home/w0x7ce/ws_moveit2/install/moveit_core/include/moveit/kinematics_metrics
[261.729s] -- Installing: /home/w0x7ce/ws_moveit2/install/moveit_core/include/moveit/kinematics_metrics/kinematics_metrics.h
[261.730s] -- Up-to-date: /home/w0x7ce/ws_moveit2/install/moveit_core/include
[261.730s] -- Up-to-date: /home/w0x7ce/ws_moveit2/install/moveit_core/include/moveit
[261.730s] -- Installing: /home/w0x7ce/ws_moveit2/install/moveit_core/include/moveit/macros
[261.730s] -- Installing: /home/w0x7ce/ws_moveit2/install/moveit_core/include/moveit/macros/declare_ptr.h
[261.730s] -- Installing: /home/w0x7ce/ws_moveit2/install/moveit_core/include/moveit/macros/console_colors.h
[261.730s] -- Installing: /home/w0x7ce/ws_moveit2/install/moveit_core/include/moveit/macros/deprecation.h
[261.730s] -- Installing: /home/w0x7ce/ws_moveit2/install/moveit_core/include/moveit/macros/class_forward.h
[261.730s] -- Up-to-date: /home/w0x7ce/ws_moveit2/install/moveit_core/include
[261.730s] -- Up-to-date: /home/w0x7ce/ws_moveit2/install/moveit_core/include/moveit
[261.730s] -- Installing: /home/w0x7ce/ws_moveit2/install/moveit_core/include/moveit/online_signal_smoothing
[261.730s] -- Installing: /home/w0x7ce/ws_moveit2/install/moveit_core/include/moveit/online_signal_smoothing/butterworth_filter.h
[261.730s] -- Installing: /home/w0x7ce/ws_moveit2/install/moveit_core/include/moveit/online_signal_smoothing/smoothing_base_class.h
[261.731s] -- Installing: /home/w0x7ce/ws_moveit2/install/moveit_core/include/moveit_smoothing_base_export.h
[261.731s] -- Installing: /home/w0x7ce/ws_moveit2/install/moveit_core/include/moveit_butterworth_filter_export.h
[261.731s] -- Up-to-date: /home/w0x7ce/ws_moveit2/install/moveit_core/include
[261.731s] -- Up-to-date: /home/w0x7ce/ws_moveit2/install/moveit_core/include/moveit
[261.731s] -- Installing: /home/w0x7ce/ws_moveit2/install/moveit_core/include/moveit/planning_interface
[261.731s] -- Installing: /home/w0x7ce/ws_moveit2/install/moveit_core/include/moveit/planning_interface/planning_request.h
[261.731s] -- Installing: /home/w0x7ce/ws_moveit2/install/moveit_core/include/moveit/planning_interface/planning_response.h
[261.731s] -- Installing: /home/w0x7ce/ws_moveit2/install/moveit_core/include/moveit/planning_interface/planning_interface.h
[261.731s] -- Up-to-date: /home/w0x7ce/ws_moveit2/install/moveit_core/include
[261.732s] -- Up-to-date: /home/w0x7ce/ws_moveit2/install/moveit_core/include/moveit
[261.732s] -- Installing: /home/w0x7ce/ws_moveit2/install/moveit_core/include/moveit/planning_request_adapter
[261.732s] -- Installing: /home/w0x7ce/ws_moveit2/install/moveit_core/include/moveit/planning_request_adapter/planning_request_adapter.h
[261.732s] -- Up-to-date: /home/w0x7ce/ws_moveit2/install/moveit_core/include
[261.732s] -- Up-to-date: /home/w0x7ce/ws_moveit2/install/moveit_core/include/moveit
[261.732s] -- Installing: /home/w0x7ce/ws_moveit2/install/moveit_core/include/moveit/planning_scene
[261.732s] -- Installing: /home/w0x7ce/ws_moveit2/install/moveit_core/include/moveit/planning_scene/planning_scene.h
[261.732s] -- Installing: /home/w0x7ce/ws_moveit2/install/moveit_core/include/moveit_planning_scene_export.h
[261.732s] -- Up-to-date: /home/w0x7ce/ws_moveit2/install/moveit_core/include
[261.732s] -- Up-to-date: /home/w0x7ce/ws_moveit2/install/moveit_core/include/moveit
[261.733s] -- Installing: /home/w0x7ce/ws_moveit2/install/moveit_core/include/moveit/robot_model
[261.733s] -- Installing: /home/w0x7ce/ws_moveit2/install/moveit_core/include/moveit/robot_model/floating_joint_model.h
[261.733s] -- Installing: /home/w0x7ce/ws_moveit2/install/moveit_core/include/moveit/robot_model/planar_joint_model.h
[261.733s] -- Installing: /home/w0x7ce/ws_moveit2/install/moveit_core/include/moveit/robot_model/aabb.h
[261.733s] -- Installing: /home/w0x7ce/ws_moveit2/install/moveit_core/include/moveit/robot_model/robot_model.h
[261.733s] -- Installing: /home/w0x7ce/ws_moveit2/install/moveit_core/include/moveit/robot_model/joint_model_group.h
[261.733s] -- Installing: /home/w0x7ce/ws_moveit2/install/moveit_core/include/moveit/robot_model/link_model.h
[261.733s] -- Installing: /home/w0x7ce/ws_moveit2/install/moveit_core/include/moveit/robot_model/fixed_joint_model.h
[261.733s] -- Installing: /home/w0x7ce/ws_moveit2/install/moveit_core/include/moveit/robot_model/joint_model.h
[261.733s] -- Installing: /home/w0x7ce/ws_moveit2/install/moveit_core/include/moveit/robot_model/revolute_joint_model.h
[261.733s] -- Installing: /home/w0x7ce/ws_moveit2/install/moveit_core/include/moveit/robot_model/prismatic_joint_model.h
[261.734s] -- Up-to-date: /home/w0x7ce/ws_moveit2/install/moveit_core/include
[261.734s] -- Up-to-date: /home/w0x7ce/ws_moveit2/install/moveit_core/include/moveit
[261.734s] -- Installing: /home/w0x7ce/ws_moveit2/install/moveit_core/include/moveit/robot_state
[261.734s] -- Installing: /home/w0x7ce/ws_moveit2/install/moveit_core/include/moveit/robot_state/attached_body.h
[261.734s] -- Installing: /home/w0x7ce/ws_moveit2/install/moveit_core/include/moveit/robot_state/robot_state.h
[261.734s] -- Installing: /home/w0x7ce/ws_moveit2/install/moveit_core/include/moveit/robot_state/conversions.h
[261.734s] -- Installing: /home/w0x7ce/ws_moveit2/install/moveit_core/include/moveit/robot_state/cartesian_interpolator.h
[261.734s] -- Up-to-date: /home/w0x7ce/ws_moveit2/install/moveit_core/include
[261.734s] -- Up-to-date: /home/w0x7ce/ws_moveit2/install/moveit_core/include/moveit
[261.735s] -- Installing: /home/w0x7ce/ws_moveit2/install/moveit_core/include/moveit/robot_trajectory
[261.735s] -- Installing: /home/w0x7ce/ws_moveit2/install/moveit_core/include/moveit/robot_trajectory/robot_trajectory.h
[261.735s] -- Up-to-date: /home/w0x7ce/ws_moveit2/install/moveit_core/include
[261.735s] -- Up-to-date: /home/w0x7ce/ws_moveit2/install/moveit_core/include/moveit
[261.735s] -- Installing: /home/w0x7ce/ws_moveit2/install/moveit_core/include/moveit/sensor_manager
[261.735s] -- Installing: /home/w0x7ce/ws_moveit2/install/moveit_core/include/moveit/sensor_manager/sensor_manager.h
[261.735s] -- Up-to-date: /home/w0x7ce/ws_moveit2/install/moveit_core/include
[261.735s] -- Up-to-date: /home/w0x7ce/ws_moveit2/install/moveit_core/include/moveit
[261.735s] -- Installing: /home/w0x7ce/ws_moveit2/install/moveit_core/include/moveit/trajectory_processing
[261.756s] -- Installing: /home/w0x7ce/ws_moveit2/install/moveit_core/include/moveit/trajectory_processing/iterative_spline_parameterization.h
[261.756s] -- Installing: /home/w0x7ce/ws_moveit2/install/moveit_core/include/moveit/trajectory_processing/trajectory_tools.h
[261.756s] -- Installing: /home/w0x7ce/ws_moveit2/install/moveit_core/include/moveit/trajectory_processing/ruckig_traj_smoothing.h
[261.756s] -- Installing: /home/w0x7ce/ws_moveit2/install/moveit_core/include/moveit/trajectory_processing/time_parameterization.h
[261.756s] -- Installing: /home/w0x7ce/ws_moveit2/install/moveit_core/include/moveit/trajectory_processing/iterative_time_parameterization.h
[261.756s] -- Installing: /home/w0x7ce/ws_moveit2/install/moveit_core/include/moveit/trajectory_processing/time_optimal_trajectory_generation.h
[261.757s] -- Up-to-date: /home/w0x7ce/ws_moveit2/install/moveit_core/include
[261.757s] -- Up-to-date: /home/w0x7ce/ws_moveit2/install/moveit_core/include/moveit
[261.757s] -- Installing: /home/w0x7ce/ws_moveit2/install/moveit_core/include/moveit/transforms
[261.757s] -- Installing: /home/w0x7ce/ws_moveit2/install/moveit_core/include/moveit/transforms/transforms.h
[261.757s] -- Up-to-date: /home/w0x7ce/ws_moveit2/install/moveit_core/include
[261.757s] -- Up-to-date: /home/w0x7ce/ws_moveit2/install/moveit_core/include/moveit
[261.757s] -- Installing: /home/w0x7ce/ws_moveit2/install/moveit_core/include/moveit/utils
[261.757s] -- Installing: /home/w0x7ce/ws_moveit2/install/moveit_core/include/moveit/utils/rclcpp_utils.h
[261.757s] -- Installing: /home/w0x7ce/ws_moveit2/install/moveit_core/include/moveit/utils/robot_model_test_utils.h
[261.757s] -- Installing: /home/w0x7ce/ws_moveit2/install/moveit_core/include/moveit/utils/message_checks.h
[261.757s] -- Installing: /home/w0x7ce/ws_moveit2/install/moveit_core/include/moveit/utils/lexical_casts.h
[261.757s] -- Installing: /home/w0x7ce/ws_moveit2/install/moveit_core/include/moveit/utils/moveit_error_code.h
[261.758s] -- Installing: /home/w0x7ce/ws_moveit2/install/moveit_core/bin/moveit_version
[261.758s] -- Up-to-date: /home/w0x7ce/ws_moveit2/install/moveit_core/include
[261.758s] -- Up-to-date: /home/w0x7ce/ws_moveit2/install/moveit_core/include/moveit
[261.758s] -- Installing: /home/w0x7ce/ws_moveit2/install/moveit_core/include/moveit/collision_detection
[261.758s] -- Installing: /home/w0x7ce/ws_moveit2/install/moveit_core/include/moveit/collision_detection/test_collision_common_pr2.h
[261.758s] -- Installing: /home/w0x7ce/ws_moveit2/install/moveit_core/include/moveit/collision_detection/world.h
[261.758s] -- Installing: /home/w0x7ce/ws_moveit2/install/moveit_core/include/moveit/collision_detection/world_diff.h
[261.758s] -- Installing: /home/w0x7ce/ws_moveit2/install/moveit_core/include/moveit/collision_detection/collision_matrix.h
[261.758s] -- Installing: /home/w0x7ce/ws_moveit2/install/moveit_core/include/moveit/collision_detection/collision_tools.h
[261.758s] -- Installing: /home/w0x7ce/ws_moveit2/install/moveit_core/include/moveit/collision_detection/collision_detector_allocator.h
[261.759s] -- Installing: /home/w0x7ce/ws_moveit2/install/moveit_core/include/moveit/collision_detection/allvalid
[261.759s] -- Installing: /home/w0x7ce/ws_moveit2/install/moveit_core/include/moveit/collision_detection/allvalid/collision_env_allvalid.h
[261.759s] -- Installing: /home/w0x7ce/ws_moveit2/install/moveit_core/include/moveit/collision_detection/allvalid/collision_detector_allocator_allvalid.h
[261.759s] -- Installing: /home/w0x7ce/ws_moveit2/install/moveit_core/include/moveit/collision_detection/collision_common.h
[261.759s] -- Installing: /home/w0x7ce/ws_moveit2/install/moveit_core/include/moveit/collision_detection/test_collision_common_panda.h
[261.759s] -- Installing: /home/w0x7ce/ws_moveit2/install/moveit_core/include/moveit/collision_detection/occupancy_map.h
[261.759s] -- Installing: /home/w0x7ce/ws_moveit2/install/moveit_core/include/moveit/collision_detection/collision_plugin_cache.h
[261.759s] -- Installing: /home/w0x7ce/ws_moveit2/install/moveit_core/include/moveit/collision_detection/collision_plugin.h
[261.759s] -- Installing: /home/w0x7ce/ws_moveit2/install/moveit_core/include/moveit/collision_detection/collision_env.h
[261.759s] -- Installing: /home/w0x7ce/ws_moveit2/install/moveit_core/include/moveit/collision_detection/collision_octomap_filter.h
[261.760s] -- Installing: /home/w0x7ce/ws_moveit2/install/moveit_core/include/moveit_collision_detection_export.h
[261.760s] -- Up-to-date: /home/w0x7ce/ws_moveit2/install/moveit_core/include
[261.760s] -- Up-to-date: /home/w0x7ce/ws_moveit2/install/moveit_core/include/moveit
[261.760s] -- Installing: /home/w0x7ce/ws_moveit2/install/moveit_core/include/moveit/collision_detection_bullet
[261.760s] -- Installing: /home/w0x7ce/ws_moveit2/install/moveit_core/include/moveit/collision_detection_bullet/collision_detector_bullet_plugin_loader.h
[261.760s] -- Installing: /home/w0x7ce/ws_moveit2/install/moveit_core/include/moveit/collision_detection_bullet/collision_detector_allocator_bullet.h
[261.760s] -- Installing: /home/w0x7ce/ws_moveit2/install/moveit_core/include/moveit/collision_detection_bullet/bullet_integration
[261.760s] -- Installing: /home/w0x7ce/ws_moveit2/install/moveit_core/include/moveit/collision_detection_bullet/bullet_integration/ros_bullet_utils.h
[261.760s] -- Installing: /home/w0x7ce/ws_moveit2/install/moveit_core/include/moveit/collision_detection_bullet/bullet_integration/bullet_utils.h
[261.760s] -- Installing: /home/w0x7ce/ws_moveit2/install/moveit_core/include/moveit/collision_detection_bullet/bullet_integration/contact_checker_common.h
[261.760s] -- Installing: /home/w0x7ce/ws_moveit2/install/moveit_core/include/moveit/collision_detection_bullet/bullet_integration/bullet_discrete_bvh_manager.h
[261.761s] -- Installing: /home/w0x7ce/ws_moveit2/install/moveit_core/include/moveit/collision_detection_bullet/bullet_integration/bullet_bvh_manager.h
[261.761s] -- Installing: /home/w0x7ce/ws_moveit2/install/moveit_core/include/moveit/collision_detection_bullet/bullet_integration/bullet_cast_bvh_manager.h
[261.761s] -- Installing: /home/w0x7ce/ws_moveit2/install/moveit_core/include/moveit/collision_detection_bullet/bullet_integration/basic_types.h
[261.761s] -- Installing: /home/w0x7ce/ws_moveit2/install/moveit_core/include/moveit/collision_detection_bullet/collision_env_bullet.h
[261.761s] -- Installing: /home/w0x7ce/ws_moveit2/install/moveit_core/include/moveit_collision_detection_bullet_export.h
[261.761s] -- Installing: /home/w0x7ce/ws_moveit2/install/moveit_core/lib/libmoveit_collision_detection_bullet.so.2.5.4
[261.762s] -- Set runtime path of "/home/w0x7ce/ws_moveit2/install/moveit_core/lib/libmoveit_collision_detection_bullet.so.2.5.4" to ""
[261.762s] -- Installing: /home/w0x7ce/ws_moveit2/install/moveit_core/lib/libmoveit_collision_detection_bullet.so
[261.762s] -- Installing: /home/w0x7ce/ws_moveit2/install/moveit_core/lib/libcollision_detector_bullet_plugin.so.2.5.4
[261.763s] -- Set runtime path of "/home/w0x7ce/ws_moveit2/install/moveit_core/lib/libcollision_detector_bullet_plugin.so.2.5.4" to ""
[261.763s] -- Installing: /home/w0x7ce/ws_moveit2/install/moveit_core/lib/libcollision_detector_bullet_plugin.so
[261.763s] -- Installing: /home/w0x7ce/ws_moveit2/install/moveit_core/share/moveit_core/environment/library_path.sh
[261.763s] -- Installing: /home/w0x7ce/ws_moveit2/install/moveit_core/share/moveit_core/environment/library_path.dsv
[261.763s] -- Up-to-date: /home/w0x7ce/ws_moveit2/install/moveit_core/include
[261.763s] -- Up-to-date: /home/w0x7ce/ws_moveit2/install/moveit_core/include/moveit
[261.763s] -- Installing: /home/w0x7ce/ws_moveit2/install/moveit_core/include/moveit/collision_detection_fcl
[261.763s] -- Installing: /home/w0x7ce/ws_moveit2/install/moveit_core/include/moveit/collision_detection_fcl/collision_env_fcl.h
[261.763s] -- Installing: /home/w0x7ce/ws_moveit2/install/moveit_core/include/moveit/collision_detection_fcl/fcl_compat.h
[261.763s] -- Installing: /home/w0x7ce/ws_moveit2/install/moveit_core/include/moveit/collision_detection_fcl/collision_common.h
[261.764s] -- Installing: /home/w0x7ce/ws_moveit2/install/moveit_core/include/moveit/collision_detection_fcl/collision_detector_fcl_plugin_loader.h
[261.764s] -- Installing: /home/w0x7ce/ws_moveit2/install/moveit_core/include/moveit/collision_detection_fcl/collision_detector_allocator_fcl.h
[261.764s] -- Installing: /home/w0x7ce/ws_moveit2/install/moveit_core/include/moveit_collision_detection_fcl_export.h
[261.764s] -- Installing: /home/w0x7ce/ws_moveit2/install/moveit_core/lib/libmoveit_butterworth_filter.so.2.5.4
[261.764s] -- Set runtime path of "/home/w0x7ce/ws_moveit2/install/moveit_core/lib/libmoveit_butterworth_filter.so.2.5.4" to ""
[261.764s] -- Installing: /home/w0x7ce/ws_moveit2/install/moveit_core/lib/libmoveit_butterworth_filter.so
[261.765s] -- Installing: /home/w0x7ce/ws_moveit2/install/moveit_core/lib/libmoveit_collision_distance_field.so.2.5.4
[261.765s] -- Set runtime path of "/home/w0x7ce/ws_moveit2/install/moveit_core/lib/libmoveit_collision_distance_field.so.2.5.4" to ""
[261.766s] -- Installing: /home/w0x7ce/ws_moveit2/install/moveit_core/lib/libmoveit_collision_distance_field.so
[261.766s] -- Installing: /home/w0x7ce/ws_moveit2/install/moveit_core/lib/libmoveit_collision_detection.so.2.5.4
[261.767s] -- Set runtime path of "/home/w0x7ce/ws_moveit2/install/moveit_core/lib/libmoveit_collision_detection.so.2.5.4" to ""
[261.767s] -- Installing: /home/w0x7ce/ws_moveit2/install/moveit_core/lib/libmoveit_collision_detection.so
[261.767s] -- Installing: /home/w0x7ce/ws_moveit2/install/moveit_core/lib/libmoveit_collision_detection_fcl.so.2.5.4
[261.767s] -- Set runtime path of "/home/w0x7ce/ws_moveit2/install/moveit_core/lib/libmoveit_collision_detection_fcl.so.2.5.4" to ""
[261.767s] -- Installing: /home/w0x7ce/ws_moveit2/install/moveit_core/lib/libmoveit_collision_detection_fcl.so
[261.768s] -- Up-to-date: /home/w0x7ce/ws_moveit2/install/moveit_core/lib/libmoveit_collision_detection_bullet.so.2.5.4
[261.768s] -- Up-to-date: /home/w0x7ce/ws_moveit2/install/moveit_core/lib/libmoveit_collision_detection_bullet.so
[261.768s] -- Installing: /home/w0x7ce/ws_moveit2/install/moveit_core/lib/libmoveit_dynamics_solver.so.2.5.4
[261.768s] -- Set runtime path of "/home/w0x7ce/ws_moveit2/install/moveit_core/lib/libmoveit_dynamics_solver.so.2.5.4" to ""
[261.768s] -- Installing: /home/w0x7ce/ws_moveit2/install/moveit_core/lib/libmoveit_dynamics_solver.so
[261.769s] -- Installing: /home/w0x7ce/ws_moveit2/install/moveit_core/lib/libmoveit_constraint_samplers.so.2.5.4
[261.769s] -- Set runtime path of "/home/w0x7ce/ws_moveit2/install/moveit_core/lib/libmoveit_constraint_samplers.so.2.5.4" to ""
[261.769s] -- Installing: /home/w0x7ce/ws_moveit2/install/moveit_core/lib/libmoveit_constraint_samplers.so
[261.769s] -- Installing: /home/w0x7ce/ws_moveit2/install/moveit_core/lib/libmoveit_distance_field.so.2.5.4
[261.770s] -- Set runtime path of "/home/w0x7ce/ws_moveit2/install/moveit_core/lib/libmoveit_distance_field.so.2.5.4" to ""
[261.770s] -- Installing: /home/w0x7ce/ws_moveit2/install/moveit_core/lib/libmoveit_distance_field.so
[261.770s] -- Installing: /home/w0x7ce/ws_moveit2/install/moveit_core/lib/libmoveit_exceptions.so.2.5.4
[261.771s] -- Set runtime path of "/home/w0x7ce/ws_moveit2/install/moveit_core/lib/libmoveit_exceptions.so.2.5.4" to ""
[261.771s] -- Installing: /home/w0x7ce/ws_moveit2/install/moveit_core/lib/libmoveit_exceptions.so
[261.771s] -- Installing: /home/w0x7ce/ws_moveit2/install/moveit_core/lib/libmoveit_kinematics_base.so
[261.771s] -- Set runtime path of "/home/w0x7ce/ws_moveit2/install/moveit_core/lib/libmoveit_kinematics_base.so" to ""
[261.771s] -- Installing: /home/w0x7ce/ws_moveit2/install/moveit_core/lib/libmoveit_kinematic_constraints.so.2.5.4
[261.772s] -- Set runtime path of "/home/w0x7ce/ws_moveit2/install/moveit_core/lib/libmoveit_kinematic_constraints.so.2.5.4" to ""
[261.772s] -- Installing: /home/w0x7ce/ws_moveit2/install/moveit_core/lib/libmoveit_kinematic_constraints.so
[261.772s] -- Installing: /home/w0x7ce/ws_moveit2/install/moveit_core/lib/libmoveit_kinematics_metrics.so.2.5.4
[261.773s] -- Set runtime path of "/home/w0x7ce/ws_moveit2/install/moveit_core/lib/libmoveit_kinematics_metrics.so.2.5.4" to ""
[261.773s] -- Installing: /home/w0x7ce/ws_moveit2/install/moveit_core/lib/libmoveit_kinematics_metrics.so
[261.773s] -- Installing: /home/w0x7ce/ws_moveit2/install/moveit_core/lib/libmoveit_planning_interface.so.2.5.4
[261.773s] -- Set runtime path of "/home/w0x7ce/ws_moveit2/install/moveit_core/lib/libmoveit_planning_interface.so.2.5.4" to ""
[261.773s] -- Installing: /home/w0x7ce/ws_moveit2/install/moveit_core/lib/libmoveit_planning_interface.so
[261.773s] -- Installing: /home/w0x7ce/ws_moveit2/install/moveit_core/lib/libmoveit_planning_scene.so.2.5.4
[261.774s] -- Set runtime path of "/home/w0x7ce/ws_moveit2/install/moveit_core/lib/libmoveit_planning_scene.so.2.5.4" to ""
[261.774s] -- Installing: /home/w0x7ce/ws_moveit2/install/moveit_core/lib/libmoveit_planning_scene.so
[261.775s] -- Installing: /home/w0x7ce/ws_moveit2/install/moveit_core/lib/libmoveit_planning_request_adapter.so.2.5.4
[261.775s] -- Set runtime path of "/home/w0x7ce/ws_moveit2/install/moveit_core/lib/libmoveit_planning_request_adapter.so.2.5.4" to ""
[261.775s] -- Installing: /home/w0x7ce/ws_moveit2/install/moveit_core/lib/libmoveit_planning_request_adapter.so
[261.775s] -- Installing: /home/w0x7ce/ws_moveit2/install/moveit_core/lib/libmoveit_robot_model.so.2.5.4
[261.776s] -- Set runtime path of "/home/w0x7ce/ws_moveit2/install/moveit_core/lib/libmoveit_robot_model.so.2.5.4" to ""
[261.776s] -- Installing: /home/w0x7ce/ws_moveit2/install/moveit_core/lib/libmoveit_robot_model.so
[261.776s] -- Installing: /home/w0x7ce/ws_moveit2/install/moveit_core/lib/libmoveit_robot_state.so.2.5.4
[261.777s] -- Set runtime path of "/home/w0x7ce/ws_moveit2/install/moveit_core/lib/libmoveit_robot_state.so.2.5.4" to ""
[261.777s] -- Installing: /home/w0x7ce/ws_moveit2/install/moveit_core/lib/libmoveit_robot_state.so
[261.777s] -- Installing: /home/w0x7ce/ws_moveit2/install/moveit_core/lib/libmoveit_robot_trajectory.so.2.5.4
[261.778s] -- Set runtime path of "/home/w0x7ce/ws_moveit2/install/moveit_core/lib/libmoveit_robot_trajectory.so.2.5.4" to ""
[261.778s] -- Installing: /home/w0x7ce/ws_moveit2/install/moveit_core/lib/libmoveit_robot_trajectory.so
[261.778s] -- Installing: /home/w0x7ce/ws_moveit2/install/moveit_core/lib/libmoveit_smoothing_base.so.2.5.4
[261.778s] -- Set runtime path of "/home/w0x7ce/ws_moveit2/install/moveit_core/lib/libmoveit_smoothing_base.so.2.5.4" to ""
[261.778s] -- Installing: /home/w0x7ce/ws_moveit2/install/moveit_core/lib/libmoveit_smoothing_base.so
[261.778s] -- Installing: /home/w0x7ce/ws_moveit2/install/moveit_core/lib/libmoveit_test_utils.so.2.5.4
[261.779s] -- Set runtime path of "/home/w0x7ce/ws_moveit2/install/moveit_core/lib/libmoveit_test_utils.so.2.5.4" to ""
[261.779s] -- Installing: /home/w0x7ce/ws_moveit2/install/moveit_core/lib/libmoveit_test_utils.so
[261.779s] -- Installing: /home/w0x7ce/ws_moveit2/install/moveit_core/lib/libmoveit_trajectory_processing.so.2.5.4
[261.780s] -- Set runtime path of "/home/w0x7ce/ws_moveit2/install/moveit_core/lib/libmoveit_trajectory_processing.so.2.5.4" to ""
[261.780s] -- Installing: /home/w0x7ce/ws_moveit2/install/moveit_core/lib/libmoveit_trajectory_processing.so
[261.780s] -- Installing: /home/w0x7ce/ws_moveit2/install/moveit_core/lib/libmoveit_transforms.so.2.5.4
[261.781s] -- Set runtime path of "/home/w0x7ce/ws_moveit2/install/moveit_core/lib/libmoveit_transforms.so.2.5.4" to ""
[261.781s] -- Installing: /home/w0x7ce/ws_moveit2/install/moveit_core/lib/libmoveit_transforms.so
[261.781s] -- Installing: /home/w0x7ce/ws_moveit2/install/moveit_core/lib/libmoveit_utils.so.2.5.4
[261.781s] -- Set runtime path of "/home/w0x7ce/ws_moveit2/install/moveit_core/lib/libmoveit_utils.so.2.5.4" to ""
[261.781s] -- Installing: /home/w0x7ce/ws_moveit2/install/moveit_core/lib/libmoveit_utils.so
[261.781s] -- Up-to-date: /home/w0x7ce/ws_moveit2/install/moveit_core/share/moveit_core/environment/library_path.sh
[261.781s] -- Up-to-date: /home/w0x7ce/ws_moveit2/install/moveit_core/share/moveit_core/environment/library_path.dsv
[261.781s] -- Installing: /home/w0x7ce/ws_moveit2/install/moveit_core/share/moveit_core/collision_detector_fcl_description.xml
[261.781s] -- Installing: /home/w0x7ce/ws_moveit2/install/moveit_core/share/moveit_core/collision_detector_bullet_description.xml
[261.781s] -- Installing: /home/w0x7ce/ws_moveit2/install/moveit_core/share/moveit_core/filter_plugin_butterworth.xml
[261.782s] -- Installing: /home/w0x7ce/ws_moveit2/install/moveit_core/share/ament_index/resource_index/package_run_dependencies/moveit_core
[261.782s] -- Installing: /home/w0x7ce/ws_moveit2/install/moveit_core/share/ament_index/resource_index/parent_prefix_path/moveit_core
[261.782s] -- Installing: /home/w0x7ce/ws_moveit2/install/moveit_core/share/moveit_core/environment/ament_prefix_path.sh
[261.782s] -- Installing: /home/w0x7ce/ws_moveit2/install/moveit_core/share/moveit_core/environment/ament_prefix_path.dsv
[261.782s] -- Installing: /home/w0x7ce/ws_moveit2/install/moveit_core/share/moveit_core/environment/path.sh
[261.782s] -- Installing: /home/w0x7ce/ws_moveit2/install/moveit_core/share/moveit_core/environment/path.dsv
[261.782s] -- Installing: /home/w0x7ce/ws_moveit2/install/moveit_core/share/moveit_core/local_setup.bash
[261.782s] -- Installing: /home/w0x7ce/ws_moveit2/install/moveit_core/share/moveit_core/local_setup.sh
[261.783s] -- Installing: /home/w0x7ce/ws_moveit2/install/moveit_core/share/moveit_core/local_setup.zsh
[261.783s] -- Installing: /home/w0x7ce/ws_moveit2/install/moveit_core/share/moveit_core/local_setup.dsv
[261.783s] -- Installing: /home/w0x7ce/ws_moveit2/install/moveit_core/share/moveit_core/package.dsv
[261.783s] -- Installing: /home/w0x7ce/ws_moveit2/install/moveit_core/share/ament_index/resource_index/packages/moveit_core
[261.783s] -- Installing: /home/w0x7ce/ws_moveit2/install/moveit_core/share/ament_index/resource_index/moveit_core__pluginlib__plugin/moveit_core
[261.783s] -- Installing: /home/w0x7ce/ws_moveit2/install/moveit_core/share/moveit_core/cmake/export_moveit_coreExport.cmake
[261.783s] -- Installing: /home/w0x7ce/ws_moveit2/install/moveit_core/share/moveit_core/cmake/export_moveit_coreExport-release.cmake
[261.784s] -- Installing: /home/w0x7ce/ws_moveit2/install/moveit_core/share/moveit_core/cmake/ConfigExtras.cmake
[261.784s] -- Installing: /home/w0x7ce/ws_moveit2/install/moveit_core/share/moveit_core/cmake/ament_cmake_export_targets-extras.cmake
[261.784s] -- Installing: /home/w0x7ce/ws_moveit2/install/moveit_core/share/moveit_core/cmake/ament_cmake_export_dependencies-extras.cmake
[261.784s] -- Installing: /home/w0x7ce/ws_moveit2/install/moveit_core/share/moveit_core/cmake/moveit_coreConfig.cmake
[261.784s] -- Installing: /home/w0x7ce/ws_moveit2/install/moveit_core/share/moveit_core/cmake/moveit_coreConfig-version.cmake
[261.784s] -- Installing: /home/w0x7ce/ws_moveit2/install/moveit_core/share/moveit_core/package.xml
[261.788s] Invoked command in '/home/w0x7ce/ws_moveit2/build/moveit_core' returned '0': AMENT_PREFIX_PATH=/home/w0x7ce/ws_moveit2/install/moveit_resources_panda_moveit_config:/home/w0x7ce/ws_moveit2/install/srdfdom:/home/w0x7ce/ws_moveit2/install/moveit_resources_pr2_description:/home/w0x7ce/ws_moveit2/install/moveit_resources_panda_description:/home/w0x7ce/ws_moveit2/install/moveit_common:${AMENT_PREFIX_PATH} CMAKE_PREFIX_PATH=/home/w0x7ce/ws_moveit2/install/moveit_resources_panda_moveit_config:/home/w0x7ce/ws_moveit2/install/srdfdom:/home/w0x7ce/ws_moveit2/install/moveit_resources_pr2_description:/home/w0x7ce/ws_moveit2/install/moveit_resources_panda_description:/home/w0x7ce/ws_moveit2/install/moveit_common:/opt/ros/humble LD_LIBRARY_PATH=/home/w0x7ce/ws_moveit2/install/srdfdom/lib:${LD_LIBRARY_PATH} PYTHONPATH=/home/w0x7ce/ws_moveit2/install/srdfdom/local/lib/python3.10/dist-packages:${PYTHONPATH} /usr/bin/cmake --install /home/w0x7ce/ws_moveit2/build/moveit_core
