[0.407s] Invoking command in '/home/w0x7ce/ws_moveit2/build/rosparam_shortcuts': CMAKE_PREFIX_PATH=${CMAKE_PREFIX_PATH}:/home/w0x7ce/ws_moveit2/install/moveit_configs_utils:/home/w0x7ce/ws_moveit2/install/launch_param_builder:/opt/ros/humble /usr/bin/cmake --build /home/w0x7ce/ws_moveit2/build/rosparam_shortcuts -- -j4 -l4
[1.310s] [ 15%] Built target gtest_main
[1.314s] [ 30%] Built target gtest
[1.370s] [ 53%] Built target rosparam_shortcuts
[1.507s] [ 69%] Built target rosparam_shortcuts_example
[1.554s] [ 84%] Built target rosparam_shortcuts_node_parameters_example
[1.565s] [100%] Built target test_node_parameters
[1.613s] Invoked command in '/home/w0x7ce/ws_moveit2/build/rosparam_shortcuts' returned '0': CMAKE_PREFIX_PATH=${CMAKE_PREFIX_PATH}:/home/w0x7ce/ws_moveit2/install/moveit_configs_utils:/home/w0x7ce/ws_moveit2/install/launch_param_builder:/opt/ros/humble /usr/bin/cmake --build /home/w0x7ce/ws_moveit2/build/rosparam_shortcuts -- -j4 -l4
[1.684s] Invoking command in '/home/w0x7ce/ws_moveit2/build/rosparam_shortcuts': CMAKE_PREFIX_PATH=${CMAKE_PREFIX_PATH}:/home/w0x7ce/ws_moveit2/install/moveit_configs_utils:/home/w0x7ce/ws_moveit2/install/launch_param_builder:/opt/ros/humble /usr/bin/cmake --install /home/w0x7ce/ws_moveit2/build/rosparam_shortcuts
[1.713s] -- Install configuration: ""
[1.762s] -- Up-to-date: /home/w0x7ce/ws_moveit2/install/rosparam_shortcuts/lib/librosparam_shortcuts.so
[1.815s] -- Up-to-date: /home/w0x7ce/ws_moveit2/install/rosparam_shortcuts/lib/rosparam_shortcuts/example
[1.832s] -- Up-to-date: /home/w0x7ce/ws_moveit2/install/rosparam_shortcuts/lib/rosparam_shortcuts/node_parameters_example
[1.832s] -- Up-to-date: /home/w0x7ce/ws_moveit2/install/rosparam_shortcuts/include
[1.837s] -- Up-to-date: /home/w0x7ce/ws_moveit2/install/rosparam_shortcuts/include/rosparam_shortcuts
[1.872s] -- Up-to-date: /home/w0x7ce/ws_moveit2/install/rosparam_shortcuts/include/rosparam_shortcuts/rosparam_shortcuts.h
[1.872s] -- Up-to-date: /home/w0x7ce/ws_moveit2/install/rosparam_shortcuts/include/rosparam_shortcuts/node_parameters.h
[1.872s] -- Up-to-date: /home/w0x7ce/ws_moveit2/install/rosparam_shortcuts/share/rosparam_shortcuts/launch
[1.903s] -- Up-to-date: /home/w0x7ce/ws_moveit2/install/rosparam_shortcuts/share/rosparam_shortcuts/launch/example.launch.py
[1.903s] -- Up-to-date: /home/w0x7ce/ws_moveit2/install/rosparam_shortcuts/share/rosparam_shortcuts/config
[1.919s] -- Up-to-date: /home/w0x7ce/ws_moveit2/install/rosparam_shortcuts/share/rosparam_shortcuts/config/example.yaml
[1.920s] -- Up-to-date: /home/w0x7ce/ws_moveit2/install/rosparam_shortcuts/share/rosparam_shortcuts/environment/library_path.sh
[1.920s] -- Up-to-date: /home/w0x7ce/ws_moveit2/install/rosparam_shortcuts/share/rosparam_shortcuts/environment/library_path.dsv
[1.944s] -- Up-to-date: /home/w0x7ce/ws_moveit2/install/rosparam_shortcuts/share/ament_index/resource_index/package_run_dependencies/rosparam_shortcuts
[1.966s] -- Up-to-date: /home/w0x7ce/ws_moveit2/install/rosparam_shortcuts/share/ament_index/resource_index/parent_prefix_path/rosparam_shortcuts
[1.966s] -- Up-to-date: /home/w0x7ce/ws_moveit2/install/rosparam_shortcuts/share/rosparam_shortcuts/environment/ament_prefix_path.sh
[1.966s] -- Up-to-date: /home/w0x7ce/ws_moveit2/install/rosparam_shortcuts/share/rosparam_shortcuts/environment/ament_prefix_path.dsv
[1.966s] -- Up-to-date: /home/w0x7ce/ws_moveit2/install/rosparam_shortcuts/share/rosparam_shortcuts/environment/path.sh
[1.966s] -- Up-to-date: /home/w0x7ce/ws_moveit2/install/rosparam_shortcuts/share/rosparam_shortcuts/environment/path.dsv
[1.966s] -- Up-to-date: /home/w0x7ce/ws_moveit2/install/rosparam_shortcuts/share/rosparam_shortcuts/local_setup.bash
[1.966s] -- Up-to-date: /home/w0x7ce/ws_moveit2/install/rosparam_shortcuts/share/rosparam_shortcuts/local_setup.sh
[1.966s] -- Up-to-date: /home/w0x7ce/ws_moveit2/install/rosparam_shortcuts/share/rosparam_shortcuts/local_setup.zsh
[1.966s] -- Up-to-date: /home/w0x7ce/ws_moveit2/install/rosparam_shortcuts/share/rosparam_shortcuts/local_setup.dsv
[1.967s] -- Installing: /home/w0x7ce/ws_moveit2/install/rosparam_shortcuts/share/rosparam_shortcuts/package.dsv
[1.987s] -- Up-to-date: /home/w0x7ce/ws_moveit2/install/rosparam_shortcuts/share/ament_index/resource_index/packages/rosparam_shortcuts
[2.173s] -- Up-to-date: /home/w0x7ce/ws_moveit2/install/rosparam_shortcuts/share/rosparam_shortcuts/cmake/export_rosparam_shortcutsExport.cmake
[2.173s] -- Up-to-date: /home/w0x7ce/ws_moveit2/install/rosparam_shortcuts/share/rosparam_shortcuts/cmake/export_rosparam_shortcutsExport-noconfig.cmake
[2.173s] -- Up-to-date: /home/w0x7ce/ws_moveit2/install/rosparam_shortcuts/share/rosparam_shortcuts/cmake/ament_cmake_export_targets-extras.cmake
[2.173s] -- Up-to-date: /home/w0x7ce/ws_moveit2/install/rosparam_shortcuts/share/rosparam_shortcuts/cmake/ament_cmake_export_dependencies-extras.cmake
[2.173s] -- Up-to-date: /home/w0x7ce/ws_moveit2/install/rosparam_shortcuts/share/rosparam_shortcuts/cmake/rosparam_shortcutsConfig.cmake
[2.173s] -- Up-to-date: /home/w0x7ce/ws_moveit2/install/rosparam_shortcuts/share/rosparam_shortcuts/cmake/rosparam_shortcutsConfig-version.cmake
[2.173s] -- Up-to-date: /home/w0x7ce/ws_moveit2/install/rosparam_shortcuts/share/rosparam_shortcuts/package.xml
[2.177s] Invoked command in '/home/w0x7ce/ws_moveit2/build/rosparam_shortcuts' returned '0': CMAKE_PREFIX_PATH=${CMAKE_PREFIX_PATH}:/home/w0x7ce/ws_moveit2/install/moveit_configs_utils:/home/w0x7ce/ws_moveit2/install/launch_param_builder:/opt/ros/humble /usr/bin/cmake --install /home/w0x7ce/ws_moveit2/build/rosparam_shortcuts
