[0.045s] Invoking command in '/home/w0x7ce/ws_moveit2/build/rosparam_shortcuts': CMAKE_PREFIX_PATH=${CMAKE_PREFIX_PATH}:/home/w0x7ce/ws_moveit2/install/moveit_configs_utils:/home/w0x7ce/ws_moveit2/install/launch_param_builder:/opt/ros/humble /usr/bin/cmake --build /home/w0x7ce/ws_moveit2/build/rosparam_shortcuts -- -j4 -l4
[0.113s] [ 23%] Built target rosparam_shortcuts
[0.115s] [ 38%] Built target gtest
[0.131s] [ 53%] Built target gtest_main
[0.183s] [ 69%] Built target rosparam_shortcuts_example
[0.184s] [ 84%] Built target rosparam_shortcuts_node_parameters_example
[0.201s] [100%] Built target test_node_parameters
[0.226s] Invoked command in '/home/w0x7ce/ws_moveit2/build/rosparam_shortcuts' returned '0': CMAKE_PREFIX_PATH=${CMAKE_PREFIX_PATH}:/home/w0x7ce/ws_moveit2/install/moveit_configs_utils:/home/w0x7ce/ws_moveit2/install/launch_param_builder:/opt/ros/humble /usr/bin/cmake --build /home/w0x7ce/ws_moveit2/build/rosparam_shortcuts -- -j4 -l4
[0.631s] Invoking command in '/home/w0x7ce/ws_moveit2/build/rosparam_shortcuts': CMAKE_PREFIX_PATH=${CMAKE_PREFIX_PATH}:/home/w0x7ce/ws_moveit2/install/moveit_configs_utils:/home/w0x7ce/ws_moveit2/install/launch_param_builder:/opt/ros/humble /usr/bin/cmake --install /home/w0x7ce/ws_moveit2/build/rosparam_shortcuts
[0.636s] -- Install configuration: ""
[0.637s] -- Up-to-date: /home/w0x7ce/ws_moveit2/install/rosparam_shortcuts/lib/librosparam_shortcuts.so
[0.637s] -- Up-to-date: /home/w0x7ce/ws_moveit2/install/rosparam_shortcuts/lib/rosparam_shortcuts/example
[0.637s] -- Up-to-date: /home/w0x7ce/ws_moveit2/install/rosparam_shortcuts/lib/rosparam_shortcuts/node_parameters_example
[0.638s] -- Up-to-date: /home/w0x7ce/ws_moveit2/install/rosparam_shortcuts/include
[0.638s] -- Up-to-date: /home/w0x7ce/ws_moveit2/install/rosparam_shortcuts/include/rosparam_shortcuts
[0.638s] -- Up-to-date: /home/w0x7ce/ws_moveit2/install/rosparam_shortcuts/include/rosparam_shortcuts/rosparam_shortcuts.h
[0.638s] -- Up-to-date: /home/w0x7ce/ws_moveit2/install/rosparam_shortcuts/include/rosparam_shortcuts/node_parameters.h
[0.638s] -- Up-to-date: /home/w0x7ce/ws_moveit2/install/rosparam_shortcuts/share/rosparam_shortcuts/launch
[0.638s] -- Up-to-date: /home/w0x7ce/ws_moveit2/install/rosparam_shortcuts/share/rosparam_shortcuts/launch/example.launch.py
[0.638s] -- Up-to-date: /home/w0x7ce/ws_moveit2/install/rosparam_shortcuts/share/rosparam_shortcuts/config
[0.638s] -- Up-to-date: /home/w0x7ce/ws_moveit2/install/rosparam_shortcuts/share/rosparam_shortcuts/config/example.yaml
[0.638s] -- Up-to-date: /home/w0x7ce/ws_moveit2/install/rosparam_shortcuts/share/rosparam_shortcuts/environment/library_path.sh
[0.638s] -- Up-to-date: /home/w0x7ce/ws_moveit2/install/rosparam_shortcuts/share/rosparam_shortcuts/environment/library_path.dsv
[0.638s] -- Up-to-date: /home/w0x7ce/ws_moveit2/install/rosparam_shortcuts/share/ament_index/resource_index/package_run_dependencies/rosparam_shortcuts
[0.638s] -- Up-to-date: /home/w0x7ce/ws_moveit2/install/rosparam_shortcuts/share/ament_index/resource_index/parent_prefix_path/rosparam_shortcuts
[0.638s] -- Up-to-date: /home/w0x7ce/ws_moveit2/install/rosparam_shortcuts/share/rosparam_shortcuts/environment/ament_prefix_path.sh
[0.639s] -- Up-to-date: /home/w0x7ce/ws_moveit2/install/rosparam_shortcuts/share/rosparam_shortcuts/environment/ament_prefix_path.dsv
[0.639s] -- Up-to-date: /home/w0x7ce/ws_moveit2/install/rosparam_shortcuts/share/rosparam_shortcuts/environment/path.sh
[0.639s] -- Up-to-date: /home/w0x7ce/ws_moveit2/install/rosparam_shortcuts/share/rosparam_shortcuts/environment/path.dsv
[0.639s] -- Up-to-date: /home/w0x7ce/ws_moveit2/install/rosparam_shortcuts/share/rosparam_shortcuts/local_setup.bash
[0.639s] -- Up-to-date: /home/w0x7ce/ws_moveit2/install/rosparam_shortcuts/share/rosparam_shortcuts/local_setup.sh
[0.639s] -- Up-to-date: /home/w0x7ce/ws_moveit2/install/rosparam_shortcuts/share/rosparam_shortcuts/local_setup.zsh
[0.639s] -- Up-to-date: /home/w0x7ce/ws_moveit2/install/rosparam_shortcuts/share/rosparam_shortcuts/local_setup.dsv
[0.639s] -- Installing: /home/w0x7ce/ws_moveit2/install/rosparam_shortcuts/share/rosparam_shortcuts/package.dsv
[0.639s] -- Up-to-date: /home/w0x7ce/ws_moveit2/install/rosparam_shortcuts/share/ament_index/resource_index/packages/rosparam_shortcuts
[0.639s] -- Up-to-date: /home/w0x7ce/ws_moveit2/install/rosparam_shortcuts/share/rosparam_shortcuts/cmake/export_rosparam_shortcutsExport.cmake
[0.639s] -- Up-to-date: /home/w0x7ce/ws_moveit2/install/rosparam_shortcuts/share/rosparam_shortcuts/cmake/export_rosparam_shortcutsExport-noconfig.cmake
[0.639s] -- Up-to-date: /home/w0x7ce/ws_moveit2/install/rosparam_shortcuts/share/rosparam_shortcuts/cmake/ament_cmake_export_targets-extras.cmake
[0.639s] -- Up-to-date: /home/w0x7ce/ws_moveit2/install/rosparam_shortcuts/share/rosparam_shortcuts/cmake/ament_cmake_export_dependencies-extras.cmake
[0.640s] -- Up-to-date: /home/w0x7ce/ws_moveit2/install/rosparam_shortcuts/share/rosparam_shortcuts/cmake/rosparam_shortcutsConfig.cmake
[0.640s] -- Up-to-date: /home/w0x7ce/ws_moveit2/install/rosparam_shortcuts/share/rosparam_shortcuts/cmake/rosparam_shortcutsConfig-version.cmake
[0.640s] -- Up-to-date: /home/w0x7ce/ws_moveit2/install/rosparam_shortcuts/share/rosparam_shortcuts/package.xml
[0.649s] Invoked command in '/home/w0x7ce/ws_moveit2/build/rosparam_shortcuts' returned '0': CMAKE_PREFIX_PATH=${CMAKE_PREFIX_PATH}:/home/w0x7ce/ws_moveit2/install/moveit_configs_utils:/home/w0x7ce/ws_moveit2/install/launch_param_builder:/opt/ros/humble /usr/bin/cmake --install /home/w0x7ce/ws_moveit2/build/rosparam_shortcuts
